[0.010s] Invoking command in '/home/vyom/cognipilot/electrode/build/electrode': CMAKE_PREFIX_PATH=/opt/ros/humble /usr/bin/cmake --build /home/vyom/cognipilot/electrode/build/electrode -- -j8 -l8
[0.050s] Invoked command in '/home/vyom/cognipilot/electrode/build/electrode' returned '0': CMAKE_PREFIX_PATH=/opt/ros/humble /usr/bin/cmake --build /home/vyom/cognipilot/electrode/build/electrode -- -j8 -l8
[0.085s] Invoking command in '/home/vyom/cognipilot/electrode/build/electrode': CMAKE_PREFIX_PATH=/opt/ros/humble /usr/bin/cmake --install /home/vyom/cognipilot/electrode/build/electrode
[0.092s] -- Install configuration: ""
[0.092s] -- Execute custom install script
[0.092s] -- Up-to-date symlink: /home/vyom/cognipilot/electrode/install/electrode/share/electrode/launch/electrode.launch.py
[0.092s] -- Up-to-date symlink: /home/vyom/cognipilot/electrode/install/electrode/share/electrode/config/b3rb.rviz
[0.092s] -- Up-to-date symlink: /home/vyom/cognipilot/electrode/install/electrode/share/electrode/config/elm4s.rviz
[0.093s] -- Up-to-date symlink: /home/vyom/cognipilot/electrode/install/electrode/share/electrode/config/melms.rviz
[0.093s] -- Up-to-date symlink: /home/vyom/cognipilot/electrode/install/electrode/share/ament_index/resource_index/package_run_dependencies/electrode
[0.093s] -- Up-to-date symlink: /home/vyom/cognipilot/electrode/install/electrode/share/ament_index/resource_index/parent_prefix_path/electrode
[0.093s] -- Up-to-date symlink: /home/vyom/cognipilot/electrode/install/electrode/share/electrode/environment/ament_prefix_path.sh
[0.093s] -- Up-to-date symlink: /home/vyom/cognipilot/electrode/install/electrode/share/electrode/environment/ament_prefix_path.dsv
[0.093s] -- Up-to-date symlink: /home/vyom/cognipilot/electrode/install/electrode/share/electrode/environment/path.sh
[0.093s] -- Up-to-date symlink: /home/vyom/cognipilot/electrode/install/electrode/share/electrode/environment/path.dsv
[0.094s] -- Up-to-date symlink: /home/vyom/cognipilot/electrode/install/electrode/share/electrode/local_setup.bash
[0.094s] -- Up-to-date symlink: /home/vyom/cognipilot/electrode/install/electrode/share/electrode/local_setup.sh
[0.094s] -- Up-to-date symlink: /home/vyom/cognipilot/electrode/install/electrode/share/electrode/local_setup.zsh
[0.094s] -- Up-to-date symlink: /home/vyom/cognipilot/electrode/install/electrode/share/electrode/local_setup.dsv
[0.094s] -- Symlinking: /home/vyom/cognipilot/electrode/install/electrode/share/electrode/package.dsv
[0.103s] -- Up-to-date symlink: /home/vyom/cognipilot/electrode/install/electrode/share/ament_index/resource_index/packages/electrode
[0.103s] -- Up-to-date symlink: /home/vyom/cognipilot/electrode/install/electrode/share/electrode/cmake/electrodeConfig.cmake
[0.103s] -- Up-to-date symlink: /home/vyom/cognipilot/electrode/install/electrode/share/electrode/cmake/electrodeConfig-version.cmake
[0.103s] -- Up-to-date symlink: /home/vyom/cognipilot/electrode/install/electrode/share/electrode/package.xml
[0.105s] Invoked command in '/home/vyom/cognipilot/electrode/build/electrode' returned '0': CMAKE_PREFIX_PATH=/opt/ros/humble /usr/bin/cmake --install /home/vyom/cognipilot/electrode/build/electrode
