[4.202s] Invoking command in '/home/vyom/cognipilot/cranium/build/b3rb_ros_line_follower': CMAKE_PREFIX_PATH=/home/vyom/cognipilot/cranium/install/synapse_msgs:/home/vyom/cognipilot/cranium/install/synapse_ros:/home/vyom/cognipilot/cranium/install/synapse_gz:/home/vyom/cognipilot/cranium/install/synapse_tinyframe:/home/vyom/cognipilot/cranium/install/synapse_protobuf:/home/vyom/cognipilot/cranium/install/corti:/home/vyom/cognipilot/cranium/install/dream_world:/home/vyom/cognipilot/cranium/install/cerebri_bringup:/home/vyom/cognipilot/cranium/install/b3rb_simulator:/home/vyom/cognipilot/cranium/install/b3rb_desktop:/home/vyom/cognipilot/cranium/install/b3rb_rviz:/home/vyom/cognipilot/cranium/install/b3rb_nav2:/home/vyom/cognipilot/cranium/install/b3rb_gz_resource:/home/vyom/cognipilot/cranium/install/b3rb_gz_bringup:/home/vyom/cognipilot/cranium/install/b3rb_description:/home/vyom/cognipilot/electrode/install/electrode LD_LIBRARY_PATH=/home/vyom/cognipilot/cranium/install/synapse_msgs/lib:/home/vyom/cognipilot/cranium/install/synapse_tinyframe/lib:/home/vyom/cognipilot/cranium/install/synapse_protobuf/lib:/opt/ros/humble/opt/rviz_ogre_vendor/lib:/opt/ros/humble/lib/x86_64-linux-gnu:/opt/ros/humble/lib PYTHONPATH=/home/vyom/cognipilot/cranium/build/b3rb_ros_line_follower/prefix_override:/usr/lib/python3/dist-packages/colcon_core/task/python/colcon_distutils_commands:/home/vyom/cognipilot/cranium/install/b3rb_ros_line_follower/lib/python3.10/site-packages:${PYTHONPATH} /usr/bin/python3 -W ignore:setup.py install is deprecated setup.py develop --editable --build-directory /home/vyom/cognipilot/cranium/build/b3rb_ros_line_follower/build --no-deps symlink_data --force
[5.235s] running develop
[5.916s] running egg_info
[5.916s] writing b3rb_ros_line_follower.egg-info/PKG-INFO
[5.917s] writing dependency_links to b3rb_ros_line_follower.egg-info/dependency_links.txt
[5.918s] writing entry points to b3rb_ros_line_follower.egg-info/entry_points.txt
[5.918s] writing requirements to b3rb_ros_line_follower.egg-info/requires.txt
[5.918s] writing top-level names to b3rb_ros_line_follower.egg-info/top_level.txt
[5.927s] reading manifest file 'b3rb_ros_line_follower.egg-info/SOURCES.txt'
[5.930s] writing manifest file 'b3rb_ros_line_follower.egg-info/SOURCES.txt'
[6.117s] running build_ext
[6.120s] Creating /home/vyom/cognipilot/cranium/install/b3rb_ros_line_follower/lib/python3.10/site-packages/b3rb-ros-line-follower.egg-link (link to .)
[6.126s] Installing detect script to /home/vyom/cognipilot/cranium/install/b3rb_ros_line_follower/lib/b3rb_ros_line_follower
[6.127s] Installing runner script to /home/vyom/cognipilot/cranium/install/b3rb_ros_line_follower/lib/b3rb_ros_line_follower
[6.127s] Installing vectors script to /home/vyom/cognipilot/cranium/install/b3rb_ros_line_follower/lib/b3rb_ros_line_follower
[6.128s] 
[6.129s] Installed /home/vyom/cognipilot/cranium/build/b3rb_ros_line_follower
[6.129s] running symlink_data
[6.130s] symbolically linking /home/vyom/cognipilot/cranium/build/b3rb_ros_line_follower/resource/b3rb_ros_line_follower -> /home/vyom/cognipilot/cranium/install/b3rb_ros_line_follower/share/ament_index/resource_index/packages
[6.130s] symbolically linking /home/vyom/cognipilot/cranium/build/b3rb_ros_line_follower/package.xml -> /home/vyom/cognipilot/cranium/install/b3rb_ros_line_follower/share/b3rb_ros_line_follower
[6.130s] symbolically linking /home/vyom/cognipilot/cranium/build/b3rb_ros_line_follower/package.xml -> /home/vyom/cognipilot/cranium/install/b3rb_ros_line_follower/share/b3rb_ros_line_follower
[6.289s] Invoked command in '/home/vyom/cognipilot/cranium/build/b3rb_ros_line_follower' returned '0': CMAKE_PREFIX_PATH=/home/vyom/cognipilot/cranium/install/synapse_msgs:/home/vyom/cognipilot/cranium/install/synapse_ros:/home/vyom/cognipilot/cranium/install/synapse_gz:/home/vyom/cognipilot/cranium/install/synapse_tinyframe:/home/vyom/cognipilot/cranium/install/synapse_protobuf:/home/vyom/cognipilot/cranium/install/corti:/home/vyom/cognipilot/cranium/install/dream_world:/home/vyom/cognipilot/cranium/install/cerebri_bringup:/home/vyom/cognipilot/cranium/install/b3rb_simulator:/home/vyom/cognipilot/cranium/install/b3rb_desktop:/home/vyom/cognipilot/cranium/install/b3rb_rviz:/home/vyom/cognipilot/cranium/install/b3rb_nav2:/home/vyom/cognipilot/cranium/install/b3rb_gz_resource:/home/vyom/cognipilot/cranium/install/b3rb_gz_bringup:/home/vyom/cognipilot/cranium/install/b3rb_description:/home/vyom/cognipilot/electrode/install/electrode LD_LIBRARY_PATH=/home/vyom/cognipilot/cranium/install/synapse_msgs/lib:/home/vyom/cognipilot/cranium/install/synapse_tinyframe/lib:/home/vyom/cognipilot/cranium/install/synapse_protobuf/lib:/opt/ros/humble/opt/rviz_ogre_vendor/lib:/opt/ros/humble/lib/x86_64-linux-gnu:/opt/ros/humble/lib PYTHONPATH=/home/vyom/cognipilot/cranium/build/b3rb_ros_line_follower/prefix_override:/usr/lib/python3/dist-packages/colcon_core/task/python/colcon_distutils_commands:/home/vyom/cognipilot/cranium/install/b3rb_ros_line_follower/lib/python3.10/site-packages:${PYTHONPATH} /usr/bin/python3 -W ignore:setup.py install is deprecated setup.py develop --editable --build-directory /home/vyom/cognipilot/cranium/build/b3rb_ros_line_follower/build --no-deps symlink_data --force
