[0.041s] Invoking command in '/home/vyom/cognipilot/cranium/build/b3rb_rviz': CMAKE_PREFIX_PATH=${CMAKE_PREFIX_PATH}:/opt/ros/humble /usr/bin/cmake --build /home/vyom/cognipilot/cranium/build/b3rb_rviz -- -j8 -l8
[0.113s] Invoked command in '/home/vyom/cognipilot/cranium/build/b3rb_rviz' returned '0': CMAKE_PREFIX_PATH=${CMAKE_PREFIX_PATH}:/opt/ros/humble /usr/bin/cmake --build /home/vyom/cognipilot/cranium/build/b3rb_rviz -- -j8 -l8
[0.170s] Invoking command in '/home/vyom/cognipilot/cranium/build/b3rb_rviz': CMAKE_PREFIX_PATH=${CMAKE_PREFIX_PATH}:/opt/ros/humble /usr/bin/cmake --install /home/vyom/cognipilot/cranium/build/b3rb_rviz
[0.185s] -- Install configuration: ""
[0.186s] -- Execute custom install script
[0.188s] -- Up-to-date symlink: /home/vyom/cognipilot/cranium/install/b3rb_rviz/share/b3rb_rviz/rviz/nav2/robot.rviz
[0.189s] -- Up-to-date symlink: /home/vyom/cognipilot/cranium/install/b3rb_rviz/share/b3rb_rviz/launch/view_robot.launch.py
[0.190s] -- Up-to-date symlink: /home/vyom/cognipilot/cranium/install/b3rb_rviz/share/ament_index/resource_index/package_run_dependencies/b3rb_rviz
[0.191s] -- Up-to-date symlink: /home/vyom/cognipilot/cranium/install/b3rb_rviz/share/ament_index/resource_index/parent_prefix_path/b3rb_rviz
[0.192s] -- Up-to-date symlink: /home/vyom/cognipilot/cranium/install/b3rb_rviz/share/b3rb_rviz/environment/ament_prefix_path.sh
[0.193s] -- Up-to-date symlink: /home/vyom/cognipilot/cranium/install/b3rb_rviz/share/b3rb_rviz/environment/ament_prefix_path.dsv
[0.195s] -- Up-to-date symlink: /home/vyom/cognipilot/cranium/install/b3rb_rviz/share/b3rb_rviz/environment/path.sh
[0.195s] -- Up-to-date symlink: /home/vyom/cognipilot/cranium/install/b3rb_rviz/share/b3rb_rviz/environment/path.dsv
[0.195s] -- Up-to-date symlink: /home/vyom/cognipilot/cranium/install/b3rb_rviz/share/b3rb_rviz/local_setup.bash
[0.195s] -- Up-to-date symlink: /home/vyom/cognipilot/cranium/install/b3rb_rviz/share/b3rb_rviz/local_setup.sh
[0.196s] -- Up-to-date symlink: /home/vyom/cognipilot/cranium/install/b3rb_rviz/share/b3rb_rviz/local_setup.zsh
[0.197s] -- Up-to-date symlink: /home/vyom/cognipilot/cranium/install/b3rb_rviz/share/b3rb_rviz/local_setup.dsv
[0.197s] -- Symlinking: /home/vyom/cognipilot/cranium/install/b3rb_rviz/share/b3rb_rviz/package.dsv
[0.233s] -- Up-to-date symlink: /home/vyom/cognipilot/cranium/install/b3rb_rviz/share/ament_index/resource_index/packages/b3rb_rviz
[0.233s] -- Up-to-date symlink: /home/vyom/cognipilot/cranium/install/b3rb_rviz/share/b3rb_rviz/cmake/b3rb_rvizConfig.cmake
[0.234s] -- Up-to-date symlink: /home/vyom/cognipilot/cranium/install/b3rb_rviz/share/b3rb_rviz/cmake/b3rb_rvizConfig-version.cmake
[0.234s] -- Up-to-date symlink: /home/vyom/cognipilot/cranium/install/b3rb_rviz/share/b3rb_rviz/package.xml
[0.242s] Invoked command in '/home/vyom/cognipilot/cranium/build/b3rb_rviz' returned '0': CMAKE_PREFIX_PATH=${CMAKE_PREFIX_PATH}:/opt/ros/humble /usr/bin/cmake --install /home/vyom/cognipilot/cranium/build/b3rb_rviz
