[0.043s] Invoking command in '/home/vyom/cognipilot/cranium/build/b3rb_description': CMAKE_PREFIX_PATH=/opt/ros/humble /usr/bin/cmake --build /home/vyom/cognipilot/cranium/build/b3rb_description -- -j8 -l8
[0.128s] Invoked command in '/home/vyom/cognipilot/cranium/build/b3rb_description' returned '0': CMAKE_PREFIX_PATH=/opt/ros/humble /usr/bin/cmake --build /home/vyom/cognipilot/cranium/build/b3rb_description -- -j8 -l8
[0.256s] Invoking command in '/home/vyom/cognipilot/cranium/build/b3rb_description': CMAKE_PREFIX_PATH=/opt/ros/humble /usr/bin/cmake --install /home/vyom/cognipilot/cranium/build/b3rb_description
[0.326s] -- Install configuration: ""
[0.326s] -- Execute custom install script
[0.326s] -- Up-to-date symlink: /home/vyom/cognipilot/cranium/install/b3rb_description/share/b3rb_description/launch/robot_description.launch.py
[0.326s] -- Up-to-date symlink: /home/vyom/cognipilot/cranium/install/b3rb_description/share/b3rb_description/meshes/STL27L.dae
[0.326s] -- Up-to-date symlink: /home/vyom/cognipilot/cranium/install/b3rb_description/share/b3rb_description/meshes/b3rb.dae
[0.327s] -- Up-to-date symlink: /home/vyom/cognipilot/cranium/install/b3rb_description/share/b3rb_description/meshes/wheel.dae
[0.327s] -- Up-to-date symlink: /home/vyom/cognipilot/cranium/install/b3rb_description/share/b3rb_description/urdf/b3rb.urdf
[0.328s] -- Up-to-date symlink: /home/vyom/cognipilot/cranium/install/b3rb_description/share/ament_index/resource_index/package_run_dependencies/b3rb_description
[0.328s] -- Up-to-date symlink: /home/vyom/cognipilot/cranium/install/b3rb_description/share/ament_index/resource_index/parent_prefix_path/b3rb_description
[0.331s] -- Up-to-date symlink: /home/vyom/cognipilot/cranium/install/b3rb_description/share/b3rb_description/environment/ament_prefix_path.sh
[0.332s] -- Up-to-date symlink: /home/vyom/cognipilot/cranium/install/b3rb_description/share/b3rb_description/environment/ament_prefix_path.dsv
[0.332s] -- Up-to-date symlink: /home/vyom/cognipilot/cranium/install/b3rb_description/share/b3rb_description/environment/path.sh
[0.332s] -- Up-to-date symlink: /home/vyom/cognipilot/cranium/install/b3rb_description/share/b3rb_description/environment/path.dsv
[0.332s] -- Up-to-date symlink: /home/vyom/cognipilot/cranium/install/b3rb_description/share/b3rb_description/local_setup.bash
[0.332s] -- Up-to-date symlink: /home/vyom/cognipilot/cranium/install/b3rb_description/share/b3rb_description/local_setup.sh
[0.332s] -- Up-to-date symlink: /home/vyom/cognipilot/cranium/install/b3rb_description/share/b3rb_description/local_setup.zsh
[0.332s] -- Up-to-date symlink: /home/vyom/cognipilot/cranium/install/b3rb_description/share/b3rb_description/local_setup.dsv
[0.333s] -- Symlinking: /home/vyom/cognipilot/cranium/install/b3rb_description/share/b3rb_description/package.dsv
[0.333s] -- Up-to-date symlink: /home/vyom/cognipilot/cranium/install/b3rb_description/share/ament_index/resource_index/packages/b3rb_description
[0.333s] -- Up-to-date symlink: /home/vyom/cognipilot/cranium/install/b3rb_description/share/b3rb_description/cmake/b3rb_descriptionConfig.cmake
[0.333s] -- Up-to-date symlink: /home/vyom/cognipilot/cranium/install/b3rb_description/share/b3rb_description/cmake/b3rb_descriptionConfig-version.cmake
[0.333s] -- Up-to-date symlink: /home/vyom/cognipilot/cranium/install/b3rb_description/share/b3rb_description/package.xml
[0.363s] Invoked command in '/home/vyom/cognipilot/cranium/build/b3rb_description' returned '0': CMAKE_PREFIX_PATH=/opt/ros/humble /usr/bin/cmake --install /home/vyom/cognipilot/cranium/build/b3rb_description
