[0.038s] Invoking command in '/home/vyom/cognipilot/cranium/build/cerebri_bringup': CMAKE_PREFIX_PATH=/opt/ros/humble /usr/bin/cmake /home/vyom/cognipilot/cranium/src/cerebri_bringup -DAMENT_CMAKE_SYMLINK_INSTALL=1 -DCMAKE_INSTALL_PREFIX=/home/vyom/cognipilot/cranium/install/cerebri_bringup
[0.157s] -- The C compiler identification is GNU 11.4.0
[0.243s] -- The CXX compiler identification is GNU 11.4.0
[0.261s] -- Detecting C compiler ABI info
[0.370s] -- Detecting C compiler ABI info - done
[0.380s] -- Check for working C compiler: /usr/bin/cc - skipped
[0.381s] -- Detecting C compile features
[0.383s] -- Detecting C compile features - done
[0.388s] -- Detecting CXX compiler ABI info
[0.658s] -- Detecting CXX compiler ABI info - done
[0.665s] -- Check for working CXX compiler: /usr/bin/c++ - skipped
[0.667s] -- Detecting CXX compile features
[0.668s] -- Detecting CXX compile features - done
[0.673s] -- Found ament_cmake: 1.3.9 (/opt/ros/humble/share/ament_cmake/cmake)
[1.335s] -- Found Python3: /usr/bin/python3 (found version "3.10.12") found components: Interpreter 
[1.577s] -- Override CMake install command with custom implementation using symlinks instead of copying resources
[1.635s] -- Found ament_lint_auto: 0.12.11 (/opt/ros/humble/share/ament_lint_auto/cmake)
[1.898s] -- Added test 'copyright' to check source files copyright and LICENSE
[1.906s] -- Added test 'flake8' to check Python code syntax and style conventions
[1.908s] -- Added test 'lint_cmake' to check CMake code style
[1.910s] -- Added test 'pep257' to check Python code against some of the docstring style conventions in PEP 257
[1.915s] -- Added test 'xmllint' to check XML markup files
[1.918s] -- Configuring done
[1.923s] -- Generating done
[1.925s] -- Build files have been written to: /home/vyom/cognipilot/cranium/build/cerebri_bringup
[1.933s] Invoked command in '/home/vyom/cognipilot/cranium/build/cerebri_bringup' returned '0': CMAKE_PREFIX_PATH=/opt/ros/humble /usr/bin/cmake /home/vyom/cognipilot/cranium/src/cerebri_bringup -DAMENT_CMAKE_SYMLINK_INSTALL=1 -DCMAKE_INSTALL_PREFIX=/home/vyom/cognipilot/cranium/install/cerebri_bringup
[1.935s] Invoking command in '/home/vyom/cognipilot/cranium/build/cerebri_bringup': CMAKE_PREFIX_PATH=/opt/ros/humble /usr/bin/cmake --build /home/vyom/cognipilot/cranium/build/cerebri_bringup -- -j8 -l8
[2.074s] Invoked command in '/home/vyom/cognipilot/cranium/build/cerebri_bringup' returned '0': CMAKE_PREFIX_PATH=/opt/ros/humble /usr/bin/cmake --build /home/vyom/cognipilot/cranium/build/cerebri_bringup -- -j8 -l8
[2.342s] Invoking command in '/home/vyom/cognipilot/cranium/build/cerebri_bringup': CMAKE_PREFIX_PATH=/opt/ros/humble /usr/bin/cmake --install /home/vyom/cognipilot/cranium/build/cerebri_bringup
[2.401s] -- Install configuration: ""
[2.401s] -- Execute custom install script
[2.401s] -- Symlinking: /home/vyom/cognipilot/cranium/install/cerebri_bringup/share/cerebri_bringup/launch/cerebri.launch.py
[2.414s] -- Symlinking: /home/vyom/cognipilot/cranium/install/cerebri_bringup/share/ament_index/resource_index/package_run_dependencies/cerebri_bringup
[2.428s] -- Symlinking: /home/vyom/cognipilot/cranium/install/cerebri_bringup/share/ament_index/resource_index/parent_prefix_path/cerebri_bringup
[2.450s] -- Symlinking: /home/vyom/cognipilot/cranium/install/cerebri_bringup/share/cerebri_bringup/environment/ament_prefix_path.sh
[2.503s] -- Symlinking: /home/vyom/cognipilot/cranium/install/cerebri_bringup/share/cerebri_bringup/environment/ament_prefix_path.dsv
[2.517s] -- Symlinking: /home/vyom/cognipilot/cranium/install/cerebri_bringup/share/cerebri_bringup/environment/path.sh
[2.532s] -- Symlinking: /home/vyom/cognipilot/cranium/install/cerebri_bringup/share/cerebri_bringup/environment/path.dsv
[2.575s] -- Symlinking: /home/vyom/cognipilot/cranium/install/cerebri_bringup/share/cerebri_bringup/local_setup.bash
[2.609s] -- Symlinking: /home/vyom/cognipilot/cranium/install/cerebri_bringup/share/cerebri_bringup/local_setup.sh
[2.643s] -- Symlinking: /home/vyom/cognipilot/cranium/install/cerebri_bringup/share/cerebri_bringup/local_setup.zsh
[2.691s] -- Symlinking: /home/vyom/cognipilot/cranium/install/cerebri_bringup/share/cerebri_bringup/local_setup.dsv
[2.765s] -- Symlinking: /home/vyom/cognipilot/cranium/install/cerebri_bringup/share/cerebri_bringup/package.dsv
[2.775s] -- Symlinking: /home/vyom/cognipilot/cranium/install/cerebri_bringup/share/ament_index/resource_index/packages/cerebri_bringup
[2.819s] -- Symlinking: /home/vyom/cognipilot/cranium/install/cerebri_bringup/share/cerebri_bringup/cmake/cerebri_bringupConfig.cmake
[2.841s] -- Symlinking: /home/vyom/cognipilot/cranium/install/cerebri_bringup/share/cerebri_bringup/cmake/cerebri_bringupConfig-version.cmake
[2.855s] -- Symlinking: /home/vyom/cognipilot/cranium/install/cerebri_bringup/share/cerebri_bringup/package.xml
[2.878s] Invoked command in '/home/vyom/cognipilot/cranium/build/cerebri_bringup' returned '0': CMAKE_PREFIX_PATH=/opt/ros/humble /usr/bin/cmake --install /home/vyom/cognipilot/cranium/build/cerebri_bringup
