[0.050s] Invoking command in '/home/vyom/cognipilot/cranium/build/synapse_msgs': CMAKE_PREFIX_PATH=${CMAKE_PREFIX_PATH}:/home/vyom/cognipilot/cranium/install/nxp_cup_vision:/opt/ros/humble /usr/bin/cmake /home/vyom/cognipilot/cranium/src/synapse_msgs -DCMAKE_INSTALL_PREFIX=/home/vyom/cognipilot/cranium/install/synapse_msgs
[0.092s] -- Found ament_cmake: 1.3.9 (/opt/ros/humble/share/ament_cmake/cmake)
[0.406s] -- Override CMake install command with custom implementation using symlinks instead of copying resources
[0.428s] -- Found rosidl_default_generators: 1.2.0 (/opt/ros/humble/share/rosidl_default_generators/cmake)
[0.437s] -- Using all available rosidl_typesupport_c: rosidl_typesupport_fastrtps_c;rosidl_typesupport_introspection_c
[0.446s] -- Found rosidl_adapter: 3.1.5 (/opt/ros/humble/share/rosidl_adapter/cmake)
[0.532s] -- Using all available rosidl_typesupport_cpp: rosidl_typesupport_fastrtps_cpp;rosidl_typesupport_introspection_cpp
[0.642s] -- Found std_msgs: 4.2.4 (/opt/ros/humble/share/std_msgs/cmake)
[0.762s] -- Found geometry_msgs: 4.2.4 (/opt/ros/humble/share/geometry_msgs/cmake)
[1.459s] -- Found ament_cmake_cppcheck: 0.12.11 (/opt/ros/humble/share/ament_cmake_cppcheck/cmake)
[1.461s] -- Found ament_cmake_cpplint: 0.12.11 (/opt/ros/humble/share/ament_cmake_cpplint/cmake)
[1.462s] -- Found ament_cmake_uncrustify: 0.12.11 (/opt/ros/humble/share/ament_cmake_uncrustify/cmake)
[1.464s] -- Found ament_cmake_ros: 0.10.0 (/opt/ros/humble/share/ament_cmake_ros/cmake)
[1.845s] -- Using all available rosidl_typesupport_c: rosidl_typesupport_fastrtps_c;rosidl_typesupport_introspection_c
[2.313s] -- Using all available rosidl_typesupport_cpp: rosidl_typesupport_fastrtps_cpp;rosidl_typesupport_introspection_cpp
[2.352s] -- Found python_cmake_module: 0.10.0 (/opt/ros/humble/share/python_cmake_module/cmake)
[2.387s] -- Using PYTHON_EXECUTABLE: /usr/bin/python3
[2.388s] -- Using PYTHON_INCLUDE_DIRS: /usr/include/python3.10
[2.388s] -- Using PYTHON_LIBRARIES: /usr/lib/x86_64-linux-gnu/libpython3.10.so
[2.450s] -- Found ament_cmake_flake8: 0.12.11 (/opt/ros/humble/share/ament_cmake_flake8/cmake)
[2.451s] -- Found ament_cmake_pep257: 0.12.11 (/opt/ros/humble/share/ament_cmake_pep257/cmake)
[2.465s] -- Configuring done
[2.529s] -- Generating done
[2.533s] -- Build files have been written to: /home/vyom/cognipilot/cranium/build/synapse_msgs
[2.544s] Invoked command in '/home/vyom/cognipilot/cranium/build/synapse_msgs' returned '0': CMAKE_PREFIX_PATH=${CMAKE_PREFIX_PATH}:/home/vyom/cognipilot/cranium/install/nxp_cup_vision:/opt/ros/humble /usr/bin/cmake /home/vyom/cognipilot/cranium/src/synapse_msgs -DCMAKE_INSTALL_PREFIX=/home/vyom/cognipilot/cranium/install/synapse_msgs
[2.545s] Invoking command in '/home/vyom/cognipilot/cranium/build/synapse_msgs': CMAKE_PREFIX_PATH=${CMAKE_PREFIX_PATH}:/home/vyom/cognipilot/cranium/install/nxp_cup_vision:/opt/ros/humble /usr/bin/cmake --build /home/vyom/cognipilot/cranium/build/synapse_msgs -- -j8 -l8
[2.597s] [  1%] Generating C code for ROS interfaces
[2.609s] [  3%] Generating C++ code for ROS interfaces
[2.617s] [  3%] Built target ament_cmake_python_symlink_synapse_msgs
[2.951s] running egg_info
[2.952s] writing synapse_msgs.egg-info/PKG-INFO
[2.953s] writing dependency_links to synapse_msgs.egg-info/dependency_links.txt
[2.953s] writing top-level names to synapse_msgs.egg-info/top_level.txt
[2.957s] reading manifest file 'synapse_msgs.egg-info/SOURCES.txt'
[2.958s] writing manifest file 'synapse_msgs.egg-info/SOURCES.txt'
[2.993s] [  3%] Built target ament_cmake_python_build_synapse_msgs_egg
[3.356s] [  3%] Built target synapse_msgs__cpp
[3.374s] [  6%] Generating C++ type support dispatch for ROS interfaces
[3.375s] [  6%] Generating C++ introspection for ROS interfaces
[3.378s] [  7%] Generating C++ type support for eProsima Fast-RTPS
[3.406s] Consolidate compiler generated dependencies of target synapse_msgs__rosidl_generator_c
[3.422s] [  9%] Building C object CMakeFiles/synapse_msgs__rosidl_generator_c.dir/rosidl_generator_c/synapse_msgs/msg/detail/bezier_curve__functions.c.o
[3.423s] [ 11%] Building C object CMakeFiles/synapse_msgs__rosidl_generator_c.dir/rosidl_generator_c/synapse_msgs/msg/detail/bezier_trajectory__functions.c.o
[3.424s] [ 12%] Building C object CMakeFiles/synapse_msgs__rosidl_generator_c.dir/rosidl_generator_c/synapse_msgs/msg/detail/edge_vectors__functions.c.o
[3.424s] [ 14%] Building C object CMakeFiles/synapse_msgs__rosidl_generator_c.dir/rosidl_generator_c/synapse_msgs/msg/detail/status__functions.c.o
[3.425s] [ 15%] Building C object CMakeFiles/synapse_msgs__rosidl_generator_c.dir/rosidl_generator_c/synapse_msgs/msg/detail/traffic_status__functions.c.o
[3.539s] [ 17%] Linking C shared library libsynapse_msgs__rosidl_generator_c.so
[3.591s] [ 17%] Built target synapse_msgs__rosidl_generator_c
[3.604s] [ 19%] Generating C type support for eProsima Fast-RTPS
[3.609s] [ 22%] Generating C introspection for ROS interfaces
[3.610s] [ 22%] Generating C type support dispatch for ROS interfaces
[4.022s] Consolidate compiler generated dependencies of target synapse_msgs__rosidl_typesupport_cpp
[4.041s] [ 25%] Building CXX object CMakeFiles/synapse_msgs__rosidl_typesupport_cpp.dir/rosidl_typesupport_cpp/synapse_msgs/msg/status__type_support.cpp.o
[4.042s] [ 25%] Building CXX object CMakeFiles/synapse_msgs__rosidl_typesupport_cpp.dir/rosidl_typesupport_cpp/synapse_msgs/msg/bezier_trajectory__type_support.cpp.o
[4.042s] [ 26%] Building CXX object CMakeFiles/synapse_msgs__rosidl_typesupport_cpp.dir/rosidl_typesupport_cpp/synapse_msgs/msg/bezier_curve__type_support.cpp.o
[4.216s] Consolidate compiler generated dependencies of target synapse_msgs__rosidl_typesupport_fastrtps_cpp
[4.240s] [ 28%] Building CXX object CMakeFiles/synapse_msgs__rosidl_typesupport_fastrtps_cpp.dir/rosidl_typesupport_fastrtps_cpp/synapse_msgs/msg/detail/dds_fastrtps/bezier_curve__type_support.cpp.o
[4.616s] Consolidate compiler generated dependencies of target synapse_msgs__rosidl_typesupport_introspection_cpp
[4.626s] Consolidate compiler generated dependencies of target synapse_msgs__rosidl_typesupport_c
[4.640s] [ 30%] Building CXX object CMakeFiles/synapse_msgs__rosidl_typesupport_introspection_cpp.dir/rosidl_typesupport_introspection_cpp/synapse_msgs/msg/detail/bezier_curve__type_support.cpp.o
[4.646s] [ 31%] Building CXX object CMakeFiles/synapse_msgs__rosidl_typesupport_c.dir/rosidl_typesupport_c/synapse_msgs/msg/bezier_curve__type_support.cpp.o
[4.648s] [ 33%] Building CXX object CMakeFiles/synapse_msgs__rosidl_typesupport_introspection_cpp.dir/rosidl_typesupport_introspection_cpp/synapse_msgs/msg/detail/bezier_trajectory__type_support.cpp.o
[4.649s] [ 34%] Building CXX object CMakeFiles/synapse_msgs__rosidl_typesupport_fastrtps_cpp.dir/rosidl_typesupport_fastrtps_cpp/synapse_msgs/msg/detail/dds_fastrtps/bezier_trajectory__type_support.cpp.o
[4.664s] [ 36%] Building CXX object CMakeFiles/synapse_msgs__rosidl_typesupport_cpp.dir/rosidl_typesupport_cpp/synapse_msgs/msg/edge_vectors__type_support.cpp.o
[4.701s] [ 38%] Building CXX object CMakeFiles/synapse_msgs__rosidl_typesupport_c.dir/rosidl_typesupport_c/synapse_msgs/msg/bezier_trajectory__type_support.cpp.o
[4.759s] [ 39%] Building CXX object CMakeFiles/synapse_msgs__rosidl_typesupport_c.dir/rosidl_typesupport_c/synapse_msgs/msg/status__type_support.cpp.o
[4.817s] [ 41%] Building CXX object CMakeFiles/synapse_msgs__rosidl_typesupport_c.dir/rosidl_typesupport_c/synapse_msgs/msg/edge_vectors__type_support.cpp.o
[4.874s] [ 42%] Building CXX object CMakeFiles/synapse_msgs__rosidl_typesupport_c.dir/rosidl_typesupport_c/synapse_msgs/msg/traffic_status__type_support.cpp.o
[4.919s] Consolidate compiler generated dependencies of target synapse_msgs__rosidl_typesupport_introspection_c
[4.941s] [ 44%] Linking CXX shared library libsynapse_msgs__rosidl_typesupport_c.so
[4.942s] [ 46%] Building C object CMakeFiles/synapse_msgs__rosidl_typesupport_introspection_c.dir/rosidl_typesupport_introspection_c/synapse_msgs/msg/detail/bezier_curve__type_support.c.o
[4.964s] Consolidate compiler generated dependencies of target synapse_msgs__rosidl_typesupport_fastrtps_c
[4.986s] [ 47%] Building CXX object CMakeFiles/synapse_msgs__rosidl_typesupport_fastrtps_c.dir/rosidl_typesupport_fastrtps_c/synapse_msgs/msg/detail/bezier_curve__type_support_c.cpp.o
[5.028s] [ 47%] Built target synapse_msgs__rosidl_typesupport_c
[5.043s] [ 49%] Building CXX object CMakeFiles/synapse_msgs__rosidl_typesupport_cpp.dir/rosidl_typesupport_cpp/synapse_msgs/msg/traffic_status__type_support.cpp.o
[5.050s] [ 50%] Building C object CMakeFiles/synapse_msgs__rosidl_typesupport_introspection_c.dir/rosidl_typesupport_introspection_c/synapse_msgs/msg/detail/bezier_trajectory__type_support.c.o
[5.130s] [ 52%] Building C object CMakeFiles/synapse_msgs__rosidl_typesupport_introspection_c.dir/rosidl_typesupport_introspection_c/synapse_msgs/msg/detail/status__type_support.c.o
[5.197s] [ 53%] Building CXX object CMakeFiles/synapse_msgs__rosidl_typesupport_introspection_cpp.dir/rosidl_typesupport_introspection_cpp/synapse_msgs/msg/detail/status__type_support.cpp.o
[5.211s] [ 55%] Building C object CMakeFiles/synapse_msgs__rosidl_typesupport_introspection_c.dir/rosidl_typesupport_introspection_c/synapse_msgs/msg/detail/edge_vectors__type_support.c.o
[5.232s] [ 57%] Building C object CMakeFiles/synapse_msgs__rosidl_typesupport_introspection_c.dir/rosidl_typesupport_introspection_c/synapse_msgs/msg/detail/traffic_status__type_support.c.o
[5.291s] [ 58%] Building CXX object CMakeFiles/synapse_msgs__rosidl_typesupport_fastrtps_cpp.dir/rosidl_typesupport_fastrtps_cpp/synapse_msgs/msg/detail/dds_fastrtps/status__type_support.cpp.o
[5.298s] [ 60%] Linking C shared library libsynapse_msgs__rosidl_typesupport_introspection_c.so
[5.365s] [ 60%] Built target synapse_msgs__rosidl_typesupport_introspection_c
[5.382s] [ 61%] Building CXX object CMakeFiles/synapse_msgs__rosidl_typesupport_fastrtps_cpp.dir/rosidl_typesupport_fastrtps_cpp/synapse_msgs/msg/detail/dds_fastrtps/edge_vectors__type_support.cpp.o
[5.496s] [ 63%] Building CXX object CMakeFiles/synapse_msgs__rosidl_typesupport_introspection_cpp.dir/rosidl_typesupport_introspection_cpp/synapse_msgs/msg/detail/edge_vectors__type_support.cpp.o
[5.613s] [ 65%] Linking CXX shared library libsynapse_msgs__rosidl_typesupport_cpp.so
[5.623s] [ 66%] Building CXX object CMakeFiles/synapse_msgs__rosidl_typesupport_fastrtps_cpp.dir/rosidl_typesupport_fastrtps_cpp/synapse_msgs/msg/detail/dds_fastrtps/traffic_status__type_support.cpp.o
[5.633s] [ 68%] Building CXX object CMakeFiles/synapse_msgs__rosidl_typesupport_introspection_cpp.dir/rosidl_typesupport_introspection_cpp/synapse_msgs/msg/detail/traffic_status__type_support.cpp.o
[5.697s] [ 68%] Built target synapse_msgs__rosidl_typesupport_cpp
[5.713s] [ 69%] Building CXX object CMakeFiles/synapse_msgs__rosidl_typesupport_fastrtps_c.dir/rosidl_typesupport_fastrtps_c/synapse_msgs/msg/detail/bezier_trajectory__type_support_c.cpp.o
[5.732s] [ 71%] Building CXX object CMakeFiles/synapse_msgs__rosidl_typesupport_fastrtps_c.dir/rosidl_typesupport_fastrtps_c/synapse_msgs/msg/detail/status__type_support_c.cpp.o
[6.016s] [ 73%] Building CXX object CMakeFiles/synapse_msgs__rosidl_typesupport_fastrtps_c.dir/rosidl_typesupport_fastrtps_c/synapse_msgs/msg/detail/edge_vectors__type_support_c.cpp.o
[6.152s] [ 74%] Building CXX object CMakeFiles/synapse_msgs__rosidl_typesupport_fastrtps_c.dir/rosidl_typesupport_fastrtps_c/synapse_msgs/msg/detail/traffic_status__type_support_c.cpp.o
[6.377s] [ 76%] Linking CXX shared library libsynapse_msgs__rosidl_typesupport_fastrtps_cpp.so
[6.442s] [ 77%] Linking CXX shared library libsynapse_msgs__rosidl_typesupport_introspection_cpp.so
[6.499s] [ 77%] Built target synapse_msgs__rosidl_typesupport_fastrtps_cpp
[6.556s] [ 77%] Built target synapse_msgs__rosidl_typesupport_introspection_cpp
[6.654s] [ 79%] Linking CXX shared library libsynapse_msgs__rosidl_typesupport_fastrtps_c.so
[6.731s] [ 79%] Built target synapse_msgs__rosidl_typesupport_fastrtps_c
[6.751s] [ 79%] Built target synapse_msgs
[6.775s] [ 80%] Generating Python code for ROS interfaces
[7.631s] [ 80%] Built target synapse_msgs__py
[7.645s] Consolidate compiler generated dependencies of target synapse_msgs__rosidl_generator_py
[7.659s] [ 82%] Building C object CMakeFiles/synapse_msgs__rosidl_generator_py.dir/rosidl_generator_py/synapse_msgs/msg/_bezier_curve_s.c.o
[7.660s] [ 84%] Building C object CMakeFiles/synapse_msgs__rosidl_generator_py.dir/rosidl_generator_py/synapse_msgs/msg/_status_s.c.o
[7.660s] [ 85%] Building C object CMakeFiles/synapse_msgs__rosidl_generator_py.dir/rosidl_generator_py/synapse_msgs/msg/_traffic_status_s.c.o
[7.663s] [ 87%] Building C object CMakeFiles/synapse_msgs__rosidl_generator_py.dir/rosidl_generator_py/synapse_msgs/msg/_bezier_trajectory_s.c.o
[7.663s] [ 88%] Building C object CMakeFiles/synapse_msgs__rosidl_generator_py.dir/rosidl_generator_py/synapse_msgs/msg/_edge_vectors_s.c.o
[7.834s] [ 90%] Linking C shared library rosidl_generator_py/synapse_msgs/libsynapse_msgs__rosidl_generator_py.so
[7.885s] [ 90%] Built target synapse_msgs__rosidl_generator_py
[7.899s] Consolidate compiler generated dependencies of target synapse_msgs__rosidl_typesupport_introspection_c__pyext
[7.899s] Consolidate compiler generated dependencies of target synapse_msgs__rosidl_typesupport_c__pyext
[7.899s] Consolidate compiler generated dependencies of target synapse_msgs__rosidl_typesupport_fastrtps_c__pyext
[7.912s] [ 95%] Building C object CMakeFiles/synapse_msgs__rosidl_typesupport_fastrtps_c__pyext.dir/rosidl_generator_py/synapse_msgs/_synapse_msgs_s.ep.rosidl_typesupport_fastrtps_c.c.o
[7.912s] [ 95%] Building C object CMakeFiles/synapse_msgs__rosidl_typesupport_c__pyext.dir/rosidl_generator_py/synapse_msgs/_synapse_msgs_s.ep.rosidl_typesupport_c.c.o
[7.912s] [ 95%] Building C object CMakeFiles/synapse_msgs__rosidl_typesupport_introspection_c__pyext.dir/rosidl_generator_py/synapse_msgs/_synapse_msgs_s.ep.rosidl_typesupport_introspection_c.c.o
[8.035s] [100%] Linking C shared library rosidl_generator_py/synapse_msgs/synapse_msgs_s__rosidl_typesupport_introspection_c.cpython-310-x86_64-linux-gnu.so
[8.035s] [100%] Linking C shared library rosidl_generator_py/synapse_msgs/synapse_msgs_s__rosidl_typesupport_fastrtps_c.cpython-310-x86_64-linux-gnu.so
[8.036s] [100%] Linking C shared library rosidl_generator_py/synapse_msgs/synapse_msgs_s__rosidl_typesupport_c.cpython-310-x86_64-linux-gnu.so
[8.080s] [100%] Built target synapse_msgs__rosidl_typesupport_introspection_c__pyext
[8.081s] [100%] Built target synapse_msgs__rosidl_typesupport_fastrtps_c__pyext
[8.081s] [100%] Built target synapse_msgs__rosidl_typesupport_c__pyext
[8.093s] Invoked command in '/home/vyom/cognipilot/cranium/build/synapse_msgs' returned '0': CMAKE_PREFIX_PATH=${CMAKE_PREFIX_PATH}:/home/vyom/cognipilot/cranium/install/nxp_cup_vision:/opt/ros/humble /usr/bin/cmake --build /home/vyom/cognipilot/cranium/build/synapse_msgs -- -j8 -l8
[8.341s] Invoking command in '/home/vyom/cognipilot/cranium/build/synapse_msgs': CMAKE_PREFIX_PATH=${CMAKE_PREFIX_PATH}:/home/vyom/cognipilot/cranium/install/nxp_cup_vision:/opt/ros/humble /usr/bin/cmake --install /home/vyom/cognipilot/cranium/build/synapse_msgs
[8.355s] -- Install configuration: ""
[8.356s] -- Execute custom install script
[8.362s] -- Up-to-date symlink: /home/vyom/cognipilot/cranium/install/synapse_msgs/share/ament_index/resource_index/rosidl_interfaces/synapse_msgs
[8.364s] -- Up-to-date symlink: /home/vyom/cognipilot/cranium/install/synapse_msgs/include/synapse_msgs/synapse_msgs/msg/bezier_curve.h
[8.364s] -- Up-to-date symlink: /home/vyom/cognipilot/cranium/install/synapse_msgs/include/synapse_msgs/synapse_msgs/msg/bezier_trajectory.h
[8.365s] -- Up-to-date symlink: /home/vyom/cognipilot/cranium/install/synapse_msgs/include/synapse_msgs/synapse_msgs/msg/detail/bezier_curve__functions.h
[8.365s] -- Up-to-date symlink: /home/vyom/cognipilot/cranium/install/synapse_msgs/include/synapse_msgs/synapse_msgs/msg/detail/bezier_curve__struct.h
[8.365s] -- Up-to-date symlink: /home/vyom/cognipilot/cranium/install/synapse_msgs/include/synapse_msgs/synapse_msgs/msg/detail/bezier_curve__type_support.h
[8.365s] -- Up-to-date symlink: /home/vyom/cognipilot/cranium/install/synapse_msgs/include/synapse_msgs/synapse_msgs/msg/detail/bezier_trajectory__functions.h
[8.366s] -- Up-to-date symlink: /home/vyom/cognipilot/cranium/install/synapse_msgs/include/synapse_msgs/synapse_msgs/msg/detail/bezier_trajectory__struct.h
[8.366s] -- Up-to-date symlink: /home/vyom/cognipilot/cranium/install/synapse_msgs/include/synapse_msgs/synapse_msgs/msg/detail/bezier_trajectory__type_support.h
[8.366s] -- Symlinking: /home/vyom/cognipilot/cranium/install/synapse_msgs/include/synapse_msgs/synapse_msgs/msg/detail/edge_vectors__functions.h
[8.380s] -- Symlinking: /home/vyom/cognipilot/cranium/install/synapse_msgs/include/synapse_msgs/synapse_msgs/msg/detail/edge_vectors__struct.h
[8.394s] -- Symlinking: /home/vyom/cognipilot/cranium/install/synapse_msgs/include/synapse_msgs/synapse_msgs/msg/detail/edge_vectors__type_support.h
[8.408s] -- Up-to-date symlink: /home/vyom/cognipilot/cranium/install/synapse_msgs/include/synapse_msgs/synapse_msgs/msg/detail/pixy_vector__functions.h
[8.408s] -- Up-to-date symlink: /home/vyom/cognipilot/cranium/install/synapse_msgs/include/synapse_msgs/synapse_msgs/msg/detail/pixy_vector__struct.h
[8.408s] -- Up-to-date symlink: /home/vyom/cognipilot/cranium/install/synapse_msgs/include/synapse_msgs/synapse_msgs/msg/detail/pixy_vector__type_support.h
[8.409s] -- Up-to-date symlink: /home/vyom/cognipilot/cranium/install/synapse_msgs/include/synapse_msgs/synapse_msgs/msg/detail/status__functions.h
[8.409s] -- Up-to-date symlink: /home/vyom/cognipilot/cranium/install/synapse_msgs/include/synapse_msgs/synapse_msgs/msg/detail/status__struct.h
[8.409s] -- Up-to-date symlink: /home/vyom/cognipilot/cranium/install/synapse_msgs/include/synapse_msgs/synapse_msgs/msg/detail/status__type_support.h
[8.409s] -- Symlinking: /home/vyom/cognipilot/cranium/install/synapse_msgs/include/synapse_msgs/synapse_msgs/msg/detail/traffic_status__functions.h
[8.421s] -- Symlinking: /home/vyom/cognipilot/cranium/install/synapse_msgs/include/synapse_msgs/synapse_msgs/msg/detail/traffic_status__struct.h
[8.432s] -- Symlinking: /home/vyom/cognipilot/cranium/install/synapse_msgs/include/synapse_msgs/synapse_msgs/msg/detail/traffic_status__type_support.h
[8.442s] -- Symlinking: /home/vyom/cognipilot/cranium/install/synapse_msgs/include/synapse_msgs/synapse_msgs/msg/edge_vectors.h
[8.451s] -- Up-to-date symlink: /home/vyom/cognipilot/cranium/install/synapse_msgs/include/synapse_msgs/synapse_msgs/msg/pixy_vector.h
[8.452s] -- Up-to-date symlink: /home/vyom/cognipilot/cranium/install/synapse_msgs/include/synapse_msgs/synapse_msgs/msg/rosidl_generator_c__visibility_control.h
[8.452s] -- Up-to-date symlink: /home/vyom/cognipilot/cranium/install/synapse_msgs/include/synapse_msgs/synapse_msgs/msg/status.h
[8.452s] -- Symlinking: /home/vyom/cognipilot/cranium/install/synapse_msgs/include/synapse_msgs/synapse_msgs/msg/traffic_status.h
[8.462s] -- Up-to-date symlink: /home/vyom/cognipilot/cranium/install/synapse_msgs/share/synapse_msgs/environment/library_path.sh
[8.462s] -- Up-to-date symlink: /home/vyom/cognipilot/cranium/install/synapse_msgs/share/synapse_msgs/environment/library_path.dsv
[8.463s] -- Up-to-date symlink: /home/vyom/cognipilot/cranium/install/synapse_msgs/include/synapse_msgs/synapse_msgs/msg/detail/bezier_curve__rosidl_typesupport_fastrtps_c.h
[8.463s] -- Up-to-date symlink: /home/vyom/cognipilot/cranium/install/synapse_msgs/include/synapse_msgs/synapse_msgs/msg/detail/bezier_trajectory__rosidl_typesupport_fastrtps_c.h
[8.463s] -- Symlinking: /home/vyom/cognipilot/cranium/install/synapse_msgs/include/synapse_msgs/synapse_msgs/msg/detail/edge_vectors__rosidl_typesupport_fastrtps_c.h
[8.472s] -- Up-to-date symlink: /home/vyom/cognipilot/cranium/install/synapse_msgs/include/synapse_msgs/synapse_msgs/msg/detail/pixy_vector__rosidl_typesupport_fastrtps_c.h
[8.472s] -- Up-to-date symlink: /home/vyom/cognipilot/cranium/install/synapse_msgs/include/synapse_msgs/synapse_msgs/msg/detail/status__rosidl_typesupport_fastrtps_c.h
[8.472s] -- Symlinking: /home/vyom/cognipilot/cranium/install/synapse_msgs/include/synapse_msgs/synapse_msgs/msg/detail/traffic_status__rosidl_typesupport_fastrtps_c.h
[8.481s] -- Up-to-date symlink: /home/vyom/cognipilot/cranium/install/synapse_msgs/include/synapse_msgs/synapse_msgs/msg/rosidl_typesupport_fastrtps_c__visibility_control.h
[8.482s] -- Up-to-date symlink: /home/vyom/cognipilot/cranium/install/synapse_msgs/include/synapse_msgs/synapse_msgs/msg/detail/bezier_curve__rosidl_typesupport_introspection_c.h
[8.482s] -- Up-to-date symlink: /home/vyom/cognipilot/cranium/install/synapse_msgs/include/synapse_msgs/synapse_msgs/msg/detail/bezier_trajectory__rosidl_typesupport_introspection_c.h
[8.482s] -- Symlinking: /home/vyom/cognipilot/cranium/install/synapse_msgs/include/synapse_msgs/synapse_msgs/msg/detail/edge_vectors__rosidl_typesupport_introspection_c.h
[8.490s] -- Up-to-date symlink: /home/vyom/cognipilot/cranium/install/synapse_msgs/include/synapse_msgs/synapse_msgs/msg/detail/pixy_vector__rosidl_typesupport_introspection_c.h
[8.491s] -- Up-to-date symlink: /home/vyom/cognipilot/cranium/install/synapse_msgs/include/synapse_msgs/synapse_msgs/msg/detail/status__rosidl_typesupport_introspection_c.h
[8.491s] -- Symlinking: /home/vyom/cognipilot/cranium/install/synapse_msgs/include/synapse_msgs/synapse_msgs/msg/detail/traffic_status__rosidl_typesupport_introspection_c.h
[8.500s] -- Up-to-date symlink: /home/vyom/cognipilot/cranium/install/synapse_msgs/include/synapse_msgs/synapse_msgs/msg/rosidl_typesupport_introspection_c__visibility_control.h
[8.501s] -- Up-to-date symlink: /home/vyom/cognipilot/cranium/install/synapse_msgs/include/synapse_msgs/synapse_msgs/msg/bezier_curve.hpp
[8.501s] -- Up-to-date symlink: /home/vyom/cognipilot/cranium/install/synapse_msgs/include/synapse_msgs/synapse_msgs/msg/bezier_trajectory.hpp
[8.501s] -- Up-to-date symlink: /home/vyom/cognipilot/cranium/install/synapse_msgs/include/synapse_msgs/synapse_msgs/msg/detail/bezier_curve__builder.hpp
[8.501s] -- Up-to-date symlink: /home/vyom/cognipilot/cranium/install/synapse_msgs/include/synapse_msgs/synapse_msgs/msg/detail/bezier_curve__struct.hpp
[8.502s] -- Up-to-date symlink: /home/vyom/cognipilot/cranium/install/synapse_msgs/include/synapse_msgs/synapse_msgs/msg/detail/bezier_curve__traits.hpp
[8.502s] -- Up-to-date symlink: /home/vyom/cognipilot/cranium/install/synapse_msgs/include/synapse_msgs/synapse_msgs/msg/detail/bezier_trajectory__builder.hpp
[8.502s] -- Up-to-date symlink: /home/vyom/cognipilot/cranium/install/synapse_msgs/include/synapse_msgs/synapse_msgs/msg/detail/bezier_trajectory__struct.hpp
[8.502s] -- Up-to-date symlink: /home/vyom/cognipilot/cranium/install/synapse_msgs/include/synapse_msgs/synapse_msgs/msg/detail/bezier_trajectory__traits.hpp
[8.502s] -- Symlinking: /home/vyom/cognipilot/cranium/install/synapse_msgs/include/synapse_msgs/synapse_msgs/msg/detail/edge_vectors__builder.hpp
[8.513s] -- Symlinking: /home/vyom/cognipilot/cranium/install/synapse_msgs/include/synapse_msgs/synapse_msgs/msg/detail/edge_vectors__struct.hpp
[8.523s] -- Symlinking: /home/vyom/cognipilot/cranium/install/synapse_msgs/include/synapse_msgs/synapse_msgs/msg/detail/edge_vectors__traits.hpp
[8.533s] -- Up-to-date symlink: /home/vyom/cognipilot/cranium/install/synapse_msgs/include/synapse_msgs/synapse_msgs/msg/detail/pixy_vector__builder.hpp
[8.533s] -- Up-to-date symlink: /home/vyom/cognipilot/cranium/install/synapse_msgs/include/synapse_msgs/synapse_msgs/msg/detail/pixy_vector__struct.hpp
[8.533s] -- Up-to-date symlink: /home/vyom/cognipilot/cranium/install/synapse_msgs/include/synapse_msgs/synapse_msgs/msg/detail/pixy_vector__traits.hpp
[8.534s] -- Up-to-date symlink: /home/vyom/cognipilot/cranium/install/synapse_msgs/include/synapse_msgs/synapse_msgs/msg/detail/status__builder.hpp
[8.534s] -- Up-to-date symlink: /home/vyom/cognipilot/cranium/install/synapse_msgs/include/synapse_msgs/synapse_msgs/msg/detail/status__struct.hpp
[8.534s] -- Up-to-date symlink: /home/vyom/cognipilot/cranium/install/synapse_msgs/include/synapse_msgs/synapse_msgs/msg/detail/status__traits.hpp
[8.534s] -- Symlinking: /home/vyom/cognipilot/cranium/install/synapse_msgs/include/synapse_msgs/synapse_msgs/msg/detail/traffic_status__builder.hpp
[8.544s] -- Symlinking: /home/vyom/cognipilot/cranium/install/synapse_msgs/include/synapse_msgs/synapse_msgs/msg/detail/traffic_status__struct.hpp
[8.554s] -- Symlinking: /home/vyom/cognipilot/cranium/install/synapse_msgs/include/synapse_msgs/synapse_msgs/msg/detail/traffic_status__traits.hpp
[8.565s] -- Symlinking: /home/vyom/cognipilot/cranium/install/synapse_msgs/include/synapse_msgs/synapse_msgs/msg/edge_vectors.hpp
[8.579s] -- Up-to-date symlink: /home/vyom/cognipilot/cranium/install/synapse_msgs/include/synapse_msgs/synapse_msgs/msg/pixy_vector.hpp
[8.580s] -- Up-to-date symlink: /home/vyom/cognipilot/cranium/install/synapse_msgs/include/synapse_msgs/synapse_msgs/msg/status.hpp
[8.580s] -- Symlinking: /home/vyom/cognipilot/cranium/install/synapse_msgs/include/synapse_msgs/synapse_msgs/msg/traffic_status.hpp
[8.592s] -- Up-to-date symlink: /home/vyom/cognipilot/cranium/install/synapse_msgs/include/synapse_msgs/synapse_msgs/msg/detail/bezier_curve__rosidl_typesupport_fastrtps_cpp.hpp
[8.592s] -- Up-to-date symlink: /home/vyom/cognipilot/cranium/install/synapse_msgs/include/synapse_msgs/synapse_msgs/msg/detail/bezier_trajectory__rosidl_typesupport_fastrtps_cpp.hpp
[8.592s] -- Symlinking: /home/vyom/cognipilot/cranium/install/synapse_msgs/include/synapse_msgs/synapse_msgs/msg/detail/edge_vectors__rosidl_typesupport_fastrtps_cpp.hpp
[8.602s] -- Up-to-date symlink: /home/vyom/cognipilot/cranium/install/synapse_msgs/include/synapse_msgs/synapse_msgs/msg/detail/pixy_vector__rosidl_typesupport_fastrtps_cpp.hpp
[8.602s] -- Up-to-date symlink: /home/vyom/cognipilot/cranium/install/synapse_msgs/include/synapse_msgs/synapse_msgs/msg/detail/status__rosidl_typesupport_fastrtps_cpp.hpp
[8.602s] -- Symlinking: /home/vyom/cognipilot/cranium/install/synapse_msgs/include/synapse_msgs/synapse_msgs/msg/detail/traffic_status__rosidl_typesupport_fastrtps_cpp.hpp
[8.611s] -- Up-to-date symlink: /home/vyom/cognipilot/cranium/install/synapse_msgs/include/synapse_msgs/synapse_msgs/msg/rosidl_typesupport_fastrtps_cpp__visibility_control.h
[8.612s] -- Up-to-date symlink: /home/vyom/cognipilot/cranium/install/synapse_msgs/include/synapse_msgs/synapse_msgs/msg/detail/bezier_curve__rosidl_typesupport_introspection_cpp.hpp
[8.612s] -- Up-to-date symlink: /home/vyom/cognipilot/cranium/install/synapse_msgs/include/synapse_msgs/synapse_msgs/msg/detail/bezier_trajectory__rosidl_typesupport_introspection_cpp.hpp
[8.612s] -- Symlinking: /home/vyom/cognipilot/cranium/install/synapse_msgs/include/synapse_msgs/synapse_msgs/msg/detail/edge_vectors__rosidl_typesupport_introspection_cpp.hpp
[8.627s] -- Up-to-date symlink: /home/vyom/cognipilot/cranium/install/synapse_msgs/include/synapse_msgs/synapse_msgs/msg/detail/pixy_vector__rosidl_typesupport_introspection_cpp.hpp
[8.627s] -- Up-to-date symlink: /home/vyom/cognipilot/cranium/install/synapse_msgs/include/synapse_msgs/synapse_msgs/msg/detail/status__rosidl_typesupport_introspection_cpp.hpp
[8.628s] -- Symlinking: /home/vyom/cognipilot/cranium/install/synapse_msgs/include/synapse_msgs/synapse_msgs/msg/detail/traffic_status__rosidl_typesupport_introspection_cpp.hpp
[8.639s] -- Up-to-date symlink: /home/vyom/cognipilot/cranium/install/synapse_msgs/share/synapse_msgs/environment/pythonpath.sh
[8.640s] -- Up-to-date symlink: /home/vyom/cognipilot/cranium/install/synapse_msgs/share/synapse_msgs/environment/pythonpath.dsv
[8.640s] -- Up-to-date symlink: /home/vyom/cognipilot/cranium/install/synapse_msgs/local/lib/python3.10/dist-packages/synapse_msgs-0.0.1-py3.10.egg-info/PKG-INFO
[8.640s] -- Up-to-date symlink: /home/vyom/cognipilot/cranium/install/synapse_msgs/local/lib/python3.10/dist-packages/synapse_msgs-0.0.1-py3.10.egg-info/SOURCES.txt
[8.640s] -- Up-to-date symlink: /home/vyom/cognipilot/cranium/install/synapse_msgs/local/lib/python3.10/dist-packages/synapse_msgs-0.0.1-py3.10.egg-info/dependency_links.txt
[8.640s] -- Up-to-date symlink: /home/vyom/cognipilot/cranium/install/synapse_msgs/local/lib/python3.10/dist-packages/synapse_msgs-0.0.1-py3.10.egg-info/top_level.txt
[8.641s] -- Up-to-date symlink: /home/vyom/cognipilot/cranium/install/synapse_msgs/local/lib/python3.10/dist-packages/synapse_msgs/__init__.py
[8.641s] -- Up-to-date symlink: /home/vyom/cognipilot/cranium/install/synapse_msgs/local/lib/python3.10/dist-packages/synapse_msgs/_synapse_msgs_s.ep.rosidl_typesupport_c.c
[8.641s] -- Up-to-date symlink: /home/vyom/cognipilot/cranium/install/synapse_msgs/local/lib/python3.10/dist-packages/synapse_msgs/_synapse_msgs_s.ep.rosidl_typesupport_fastrtps_c.c
[8.642s] -- Up-to-date symlink: /home/vyom/cognipilot/cranium/install/synapse_msgs/local/lib/python3.10/dist-packages/synapse_msgs/_synapse_msgs_s.ep.rosidl_typesupport_introspection_c.c
[8.642s] -- Up-to-date symlink: /home/vyom/cognipilot/cranium/install/synapse_msgs/local/lib/python3.10/dist-packages/synapse_msgs/libsynapse_msgs__rosidl_generator_py.so
[8.642s] -- Up-to-date symlink: /home/vyom/cognipilot/cranium/install/synapse_msgs/local/lib/python3.10/dist-packages/synapse_msgs/msg/__init__.py
[8.642s] -- Up-to-date symlink: /home/vyom/cognipilot/cranium/install/synapse_msgs/local/lib/python3.10/dist-packages/synapse_msgs/msg/_bezier_curve.py
[8.642s] -- Up-to-date symlink: /home/vyom/cognipilot/cranium/install/synapse_msgs/local/lib/python3.10/dist-packages/synapse_msgs/msg/_bezier_curve_s.c
[8.643s] -- Up-to-date symlink: /home/vyom/cognipilot/cranium/install/synapse_msgs/local/lib/python3.10/dist-packages/synapse_msgs/msg/_bezier_trajectory.py
[8.643s] -- Up-to-date symlink: /home/vyom/cognipilot/cranium/install/synapse_msgs/local/lib/python3.10/dist-packages/synapse_msgs/msg/_bezier_trajectory_s.c
[8.643s] -- Symlinking: /home/vyom/cognipilot/cranium/install/synapse_msgs/local/lib/python3.10/dist-packages/synapse_msgs/msg/_edge_vectors.py
[8.652s] -- Symlinking: /home/vyom/cognipilot/cranium/install/synapse_msgs/local/lib/python3.10/dist-packages/synapse_msgs/msg/_edge_vectors_s.c
[8.660s] -- Up-to-date symlink: /home/vyom/cognipilot/cranium/install/synapse_msgs/local/lib/python3.10/dist-packages/synapse_msgs/msg/_pixy_vector.py
[8.660s] -- Up-to-date symlink: /home/vyom/cognipilot/cranium/install/synapse_msgs/local/lib/python3.10/dist-packages/synapse_msgs/msg/_pixy_vector_s.c
[8.660s] -- Up-to-date symlink: /home/vyom/cognipilot/cranium/install/synapse_msgs/local/lib/python3.10/dist-packages/synapse_msgs/msg/_status.py
[8.660s] -- Up-to-date symlink: /home/vyom/cognipilot/cranium/install/synapse_msgs/local/lib/python3.10/dist-packages/synapse_msgs/msg/_status_s.c
[8.661s] -- Symlinking: /home/vyom/cognipilot/cranium/install/synapse_msgs/local/lib/python3.10/dist-packages/synapse_msgs/msg/_traffic_status.py
[8.669s] -- Symlinking: /home/vyom/cognipilot/cranium/install/synapse_msgs/local/lib/python3.10/dist-packages/synapse_msgs/msg/_traffic_status_s.c
[8.678s] -- Up-to-date symlink: /home/vyom/cognipilot/cranium/install/synapse_msgs/local/lib/python3.10/dist-packages/synapse_msgs/synapse_msgs_s__rosidl_typesupport_c.cpython-310-x86_64-linux-gnu.so
[8.678s] -- Up-to-date symlink: /home/vyom/cognipilot/cranium/install/synapse_msgs/local/lib/python3.10/dist-packages/synapse_msgs/synapse_msgs_s__rosidl_typesupport_fastrtps_c.cpython-310-x86_64-linux-gnu.so
[8.678s] -- Up-to-date symlink: /home/vyom/cognipilot/cranium/install/synapse_msgs/local/lib/python3.10/dist-packages/synapse_msgs/synapse_msgs_s__rosidl_typesupport_introspection_c.cpython-310-x86_64-linux-gnu.so
[8.678s] -- Up-to-date symlink: /home/vyom/cognipilot/cranium/install/synapse_msgs/local/lib/python3.10/dist-packages/synapse_msgs/synapse_msgs_s__rosidl_typesupport_fastrtps_c.cpython-310-x86_64-linux-gnu.so
[8.678s] -- Up-to-date symlink: /home/vyom/cognipilot/cranium/install/synapse_msgs/local/lib/python3.10/dist-packages/synapse_msgs/synapse_msgs_s__rosidl_typesupport_introspection_c.cpython-310-x86_64-linux-gnu.so
[8.678s] -- Up-to-date symlink: /home/vyom/cognipilot/cranium/install/synapse_msgs/local/lib/python3.10/dist-packages/synapse_msgs/synapse_msgs_s__rosidl_typesupport_c.cpython-310-x86_64-linux-gnu.so
[8.679s] -- Up-to-date symlink: /home/vyom/cognipilot/cranium/install/synapse_msgs/share/synapse_msgs/msg/BezierCurve.idl
[8.679s] -- Up-to-date symlink: /home/vyom/cognipilot/cranium/install/synapse_msgs/share/synapse_msgs/msg/BezierTrajectory.idl
[8.680s] -- Up-to-date symlink: /home/vyom/cognipilot/cranium/install/synapse_msgs/share/synapse_msgs/msg/Status.idl
[8.680s] -- Symlinking: /home/vyom/cognipilot/cranium/install/synapse_msgs/share/synapse_msgs/msg/EdgeVectors.idl
[8.690s] -- Symlinking: /home/vyom/cognipilot/cranium/install/synapse_msgs/share/synapse_msgs/msg/TrafficStatus.idl
[8.699s] -- Up-to-date symlink: /home/vyom/cognipilot/cranium/install/synapse_msgs/share/synapse_msgs/msg/BezierCurve.msg
[8.699s] -- Up-to-date symlink: /home/vyom/cognipilot/cranium/install/synapse_msgs/share/synapse_msgs/msg/BezierTrajectory.msg
[8.699s] -- Up-to-date symlink: /home/vyom/cognipilot/cranium/install/synapse_msgs/share/synapse_msgs/msg/Status.msg
[8.699s] -- Symlinking: /home/vyom/cognipilot/cranium/install/synapse_msgs/share/synapse_msgs/msg/EdgeVectors.msg
[8.708s] -- Symlinking: /home/vyom/cognipilot/cranium/install/synapse_msgs/share/synapse_msgs/msg/TrafficStatus.msg
[8.716s] -- Up-to-date symlink: /home/vyom/cognipilot/cranium/install/synapse_msgs/share/ament_index/resource_index/package_run_dependencies/synapse_msgs
[8.716s] -- Up-to-date symlink: /home/vyom/cognipilot/cranium/install/synapse_msgs/share/ament_index/resource_index/parent_prefix_path/synapse_msgs
[8.716s] -- Up-to-date symlink: /home/vyom/cognipilot/cranium/install/synapse_msgs/share/synapse_msgs/environment/ament_prefix_path.sh
[8.716s] -- Up-to-date symlink: /home/vyom/cognipilot/cranium/install/synapse_msgs/share/synapse_msgs/environment/ament_prefix_path.dsv
[8.717s] -- Up-to-date symlink: /home/vyom/cognipilot/cranium/install/synapse_msgs/share/synapse_msgs/environment/path.sh
[8.717s] -- Up-to-date symlink: /home/vyom/cognipilot/cranium/install/synapse_msgs/share/synapse_msgs/environment/path.dsv
[8.717s] -- Up-to-date symlink: /home/vyom/cognipilot/cranium/install/synapse_msgs/share/synapse_msgs/local_setup.bash
[8.717s] -- Up-to-date symlink: /home/vyom/cognipilot/cranium/install/synapse_msgs/share/synapse_msgs/local_setup.sh
[8.718s] -- Up-to-date symlink: /home/vyom/cognipilot/cranium/install/synapse_msgs/share/synapse_msgs/local_setup.zsh
[8.718s] -- Up-to-date symlink: /home/vyom/cognipilot/cranium/install/synapse_msgs/share/synapse_msgs/local_setup.dsv
[8.718s] -- Symlinking: /home/vyom/cognipilot/cranium/install/synapse_msgs/share/synapse_msgs/package.dsv
[8.729s] -- Up-to-date symlink: /home/vyom/cognipilot/cranium/install/synapse_msgs/share/ament_index/resource_index/packages/synapse_msgs
[8.729s] -- Up-to-date symlink: /home/vyom/cognipilot/cranium/install/synapse_msgs/share/synapse_msgs/cmake/rosidl_cmake-extras.cmake
[8.729s] -- Up-to-date symlink: /home/vyom/cognipilot/cranium/install/synapse_msgs/share/synapse_msgs/cmake/ament_cmake_export_dependencies-extras.cmake
[8.730s] -- Up-to-date symlink: /home/vyom/cognipilot/cranium/install/synapse_msgs/share/synapse_msgs/cmake/ament_cmake_export_include_directories-extras.cmake
[8.730s] -- Up-to-date symlink: /home/vyom/cognipilot/cranium/install/synapse_msgs/share/synapse_msgs/cmake/ament_cmake_export_libraries-extras.cmake
[8.730s] -- Up-to-date symlink: /home/vyom/cognipilot/cranium/install/synapse_msgs/share/synapse_msgs/cmake/ament_cmake_export_targets-extras.cmake
[8.730s] -- Up-to-date symlink: /home/vyom/cognipilot/cranium/install/synapse_msgs/share/synapse_msgs/cmake/rosidl_cmake_export_typesupport_targets-extras.cmake
[8.731s] -- Up-to-date symlink: /home/vyom/cognipilot/cranium/install/synapse_msgs/share/synapse_msgs/cmake/rosidl_cmake_export_typesupport_libraries-extras.cmake
[8.731s] -- Up-to-date symlink: /home/vyom/cognipilot/cranium/install/synapse_msgs/share/synapse_msgs/cmake/synapse_msgsConfig.cmake
[8.731s] -- Up-to-date symlink: /home/vyom/cognipilot/cranium/install/synapse_msgs/share/synapse_msgs/cmake/synapse_msgsConfig-version.cmake
[8.731s] -- Up-to-date symlink: /home/vyom/cognipilot/cranium/install/synapse_msgs/share/synapse_msgs/package.xml
[8.732s] -- Installing: /home/vyom/cognipilot/cranium/install/synapse_msgs/lib/libsynapse_msgs__rosidl_generator_c.so
[8.732s] -- Set runtime path of "/home/vyom/cognipilot/cranium/install/synapse_msgs/lib/libsynapse_msgs__rosidl_generator_c.so" to ""
[8.732s] -- Installing: /home/vyom/cognipilot/cranium/install/synapse_msgs/lib/libsynapse_msgs__rosidl_typesupport_fastrtps_c.so
[8.733s] -- Set runtime path of "/home/vyom/cognipilot/cranium/install/synapse_msgs/lib/libsynapse_msgs__rosidl_typesupport_fastrtps_c.so" to ""
[8.733s] -- Installing: /home/vyom/cognipilot/cranium/install/synapse_msgs/lib/libsynapse_msgs__rosidl_typesupport_introspection_c.so
[8.734s] -- Set runtime path of "/home/vyom/cognipilot/cranium/install/synapse_msgs/lib/libsynapse_msgs__rosidl_typesupport_introspection_c.so" to ""
[8.734s] -- Installing: /home/vyom/cognipilot/cranium/install/synapse_msgs/lib/libsynapse_msgs__rosidl_typesupport_c.so
[8.734s] -- Set runtime path of "/home/vyom/cognipilot/cranium/install/synapse_msgs/lib/libsynapse_msgs__rosidl_typesupport_c.so" to ""
[8.735s] -- Installing: /home/vyom/cognipilot/cranium/install/synapse_msgs/lib/libsynapse_msgs__rosidl_typesupport_fastrtps_cpp.so
[8.735s] -- Set runtime path of "/home/vyom/cognipilot/cranium/install/synapse_msgs/lib/libsynapse_msgs__rosidl_typesupport_fastrtps_cpp.so" to ""
[8.736s] -- Installing: /home/vyom/cognipilot/cranium/install/synapse_msgs/lib/libsynapse_msgs__rosidl_typesupport_introspection_cpp.so
[8.736s] -- Set runtime path of "/home/vyom/cognipilot/cranium/install/synapse_msgs/lib/libsynapse_msgs__rosidl_typesupport_introspection_cpp.so" to ""
[8.737s] -- Installing: /home/vyom/cognipilot/cranium/install/synapse_msgs/lib/libsynapse_msgs__rosidl_typesupport_cpp.so
[8.737s] -- Set runtime path of "/home/vyom/cognipilot/cranium/install/synapse_msgs/lib/libsynapse_msgs__rosidl_typesupport_cpp.so" to ""
[8.779s] Listing '/home/vyom/cognipilot/cranium/install/synapse_msgs/local/lib/python3.10/dist-packages/synapse_msgs'...
[8.779s] Compiling '/home/vyom/cognipilot/cranium/install/synapse_msgs/local/lib/python3.10/dist-packages/synapse_msgs/__init__.py'...
[8.779s] Listing '/home/vyom/cognipilot/cranium/install/synapse_msgs/local/lib/python3.10/dist-packages/synapse_msgs/msg'...
[8.779s] Compiling '/home/vyom/cognipilot/cranium/install/synapse_msgs/local/lib/python3.10/dist-packages/synapse_msgs/msg/__init__.py'...
[8.779s] Compiling '/home/vyom/cognipilot/cranium/install/synapse_msgs/local/lib/python3.10/dist-packages/synapse_msgs/msg/_bezier_curve.py'...
[8.779s] Compiling '/home/vyom/cognipilot/cranium/install/synapse_msgs/local/lib/python3.10/dist-packages/synapse_msgs/msg/_bezier_trajectory.py'...
[8.779s] Compiling '/home/vyom/cognipilot/cranium/install/synapse_msgs/local/lib/python3.10/dist-packages/synapse_msgs/msg/_edge_vectors.py'...
[8.779s] Compiling '/home/vyom/cognipilot/cranium/install/synapse_msgs/local/lib/python3.10/dist-packages/synapse_msgs/msg/_status.py'...
[8.779s] Compiling '/home/vyom/cognipilot/cranium/install/synapse_msgs/local/lib/python3.10/dist-packages/synapse_msgs/msg/_traffic_status.py'...
[8.784s] -- Installing: /home/vyom/cognipilot/cranium/install/synapse_msgs/lib/libsynapse_msgs__rosidl_generator_py.so
[8.785s] -- Set runtime path of "/home/vyom/cognipilot/cranium/install/synapse_msgs/lib/libsynapse_msgs__rosidl_generator_py.so" to ""
[8.785s] -- Old export file "/home/vyom/cognipilot/cranium/install/synapse_msgs/share/synapse_msgs/cmake/export_synapse_msgs__rosidl_generator_cExport.cmake" will be replaced.  Removing files [/home/vyom/cognipilot/cranium/install/synapse_msgs/share/synapse_msgs/cmake/export_synapse_msgs__rosidl_generator_cExport-noconfig.cmake].
[8.785s] -- Installing: /home/vyom/cognipilot/cranium/install/synapse_msgs/share/synapse_msgs/cmake/export_synapse_msgs__rosidl_generator_cExport.cmake
[8.785s] -- Installing: /home/vyom/cognipilot/cranium/install/synapse_msgs/share/synapse_msgs/cmake/export_synapse_msgs__rosidl_generator_cExport-noconfig.cmake
[8.785s] -- Old export file "/home/vyom/cognipilot/cranium/install/synapse_msgs/share/synapse_msgs/cmake/export_synapse_msgs__rosidl_typesupport_fastrtps_cExport.cmake" will be replaced.  Removing files [/home/vyom/cognipilot/cranium/install/synapse_msgs/share/synapse_msgs/cmake/export_synapse_msgs__rosidl_typesupport_fastrtps_cExport-noconfig.cmake].
[8.785s] -- Installing: /home/vyom/cognipilot/cranium/install/synapse_msgs/share/synapse_msgs/cmake/export_synapse_msgs__rosidl_typesupport_fastrtps_cExport.cmake
[8.785s] -- Installing: /home/vyom/cognipilot/cranium/install/synapse_msgs/share/synapse_msgs/cmake/export_synapse_msgs__rosidl_typesupport_fastrtps_cExport-noconfig.cmake
[8.786s] -- Old export file "/home/vyom/cognipilot/cranium/install/synapse_msgs/share/synapse_msgs/cmake/synapse_msgs__rosidl_typesupport_introspection_cExport.cmake" will be replaced.  Removing files [/home/vyom/cognipilot/cranium/install/synapse_msgs/share/synapse_msgs/cmake/synapse_msgs__rosidl_typesupport_introspection_cExport-noconfig.cmake].
[8.786s] -- Installing: /home/vyom/cognipilot/cranium/install/synapse_msgs/share/synapse_msgs/cmake/synapse_msgs__rosidl_typesupport_introspection_cExport.cmake
[8.786s] -- Installing: /home/vyom/cognipilot/cranium/install/synapse_msgs/share/synapse_msgs/cmake/synapse_msgs__rosidl_typesupport_introspection_cExport-noconfig.cmake
[8.786s] -- Old export file "/home/vyom/cognipilot/cranium/install/synapse_msgs/share/synapse_msgs/cmake/synapse_msgs__rosidl_typesupport_cExport.cmake" will be replaced.  Removing files [/home/vyom/cognipilot/cranium/install/synapse_msgs/share/synapse_msgs/cmake/synapse_msgs__rosidl_typesupport_cExport-noconfig.cmake].
[8.786s] -- Installing: /home/vyom/cognipilot/cranium/install/synapse_msgs/share/synapse_msgs/cmake/synapse_msgs__rosidl_typesupport_cExport.cmake
[8.786s] -- Installing: /home/vyom/cognipilot/cranium/install/synapse_msgs/share/synapse_msgs/cmake/synapse_msgs__rosidl_typesupport_cExport-noconfig.cmake
[8.786s] -- Installing: /home/vyom/cognipilot/cranium/install/synapse_msgs/share/synapse_msgs/cmake/export_synapse_msgs__rosidl_generator_cppExport.cmake
[8.787s] -- Old export file "/home/vyom/cognipilot/cranium/install/synapse_msgs/share/synapse_msgs/cmake/export_synapse_msgs__rosidl_typesupport_fastrtps_cppExport.cmake" will be replaced.  Removing files [/home/vyom/cognipilot/cranium/install/synapse_msgs/share/synapse_msgs/cmake/export_synapse_msgs__rosidl_typesupport_fastrtps_cppExport-noconfig.cmake].
[8.787s] -- Installing: /home/vyom/cognipilot/cranium/install/synapse_msgs/share/synapse_msgs/cmake/export_synapse_msgs__rosidl_typesupport_fastrtps_cppExport.cmake
[8.787s] -- Installing: /home/vyom/cognipilot/cranium/install/synapse_msgs/share/synapse_msgs/cmake/export_synapse_msgs__rosidl_typesupport_fastrtps_cppExport-noconfig.cmake
[8.787s] -- Old export file "/home/vyom/cognipilot/cranium/install/synapse_msgs/share/synapse_msgs/cmake/synapse_msgs__rosidl_typesupport_introspection_cppExport.cmake" will be replaced.  Removing files [/home/vyom/cognipilot/cranium/install/synapse_msgs/share/synapse_msgs/cmake/synapse_msgs__rosidl_typesupport_introspection_cppExport-noconfig.cmake].
[8.787s] -- Installing: /home/vyom/cognipilot/cranium/install/synapse_msgs/share/synapse_msgs/cmake/synapse_msgs__rosidl_typesupport_introspection_cppExport.cmake
[8.788s] -- Installing: /home/vyom/cognipilot/cranium/install/synapse_msgs/share/synapse_msgs/cmake/synapse_msgs__rosidl_typesupport_introspection_cppExport-noconfig.cmake
[8.788s] -- Old export file "/home/vyom/cognipilot/cranium/install/synapse_msgs/share/synapse_msgs/cmake/synapse_msgs__rosidl_typesupport_cppExport.cmake" will be replaced.  Removing files [/home/vyom/cognipilot/cranium/install/synapse_msgs/share/synapse_msgs/cmake/synapse_msgs__rosidl_typesupport_cppExport-noconfig.cmake].
[8.788s] -- Installing: /home/vyom/cognipilot/cranium/install/synapse_msgs/share/synapse_msgs/cmake/synapse_msgs__rosidl_typesupport_cppExport.cmake
[8.788s] -- Installing: /home/vyom/cognipilot/cranium/install/synapse_msgs/share/synapse_msgs/cmake/synapse_msgs__rosidl_typesupport_cppExport-noconfig.cmake
[8.788s] -- Old export file "/home/vyom/cognipilot/cranium/install/synapse_msgs/share/synapse_msgs/cmake/export_synapse_msgs__rosidl_generator_pyExport.cmake" will be replaced.  Removing files [/home/vyom/cognipilot/cranium/install/synapse_msgs/share/synapse_msgs/cmake/export_synapse_msgs__rosidl_generator_pyExport-noconfig.cmake].
[8.788s] -- Installing: /home/vyom/cognipilot/cranium/install/synapse_msgs/share/synapse_msgs/cmake/export_synapse_msgs__rosidl_generator_pyExport.cmake
[8.789s] -- Installing: /home/vyom/cognipilot/cranium/install/synapse_msgs/share/synapse_msgs/cmake/export_synapse_msgs__rosidl_generator_pyExport-noconfig.cmake
[8.791s] Invoked command in '/home/vyom/cognipilot/cranium/build/synapse_msgs' returned '0': CMAKE_PREFIX_PATH=${CMAKE_PREFIX_PATH}:/home/vyom/cognipilot/cranium/install/nxp_cup_vision:/opt/ros/humble /usr/bin/cmake --install /home/vyom/cognipilot/cranium/build/synapse_msgs
