[1.151s] Invoking command in '/home/vyom/cognipilot/cranium/src/b3rb_ros_line_follower': CMAKE_PREFIX_PATH=/home/vyom/cognipilot/cranium/install/synapse_msgs:/home/vyom/cognipilot/cranium/install/synapse_ros:/home/vyom/cognipilot/cranium/install/synapse_gz:/home/vyom/cognipilot/cranium/install/synapse_tinyframe:/home/vyom/cognipilot/cranium/install/synapse_protobuf:/home/vyom/cognipilot/cranium/install/corti:/home/vyom/cognipilot/cranium/install/dream_world:/home/vyom/cognipilot/cranium/install/cerebri_bringup:/home/vyom/cognipilot/cranium/install/b3rb_simulator:/home/vyom/cognipilot/cranium/install/b3rb_desktop:/home/vyom/cognipilot/cranium/install/b3rb_rviz:/home/vyom/cognipilot/cranium/install/b3rb_nav2:/home/vyom/cognipilot/cranium/install/b3rb_gz_resource:/home/vyom/cognipilot/cranium/install/b3rb_gz_bringup:/home/vyom/cognipilot/cranium/install/b3rb_description:/home/vyom/cognipilot/electrode/install/electrode LD_LIBRARY_PATH=/home/vyom/cognipilot/cranium/install/synapse_msgs/lib:/home/vyom/cognipilot/cranium/install/synapse_tinyframe/lib:/home/vyom/cognipilot/cranium/install/synapse_protobuf/lib:/opt/ros/humble/opt/rviz_ogre_vendor/lib:/opt/ros/humble/lib/x86_64-linux-gnu:/opt/ros/humble/lib PYTHONPATH=/home/vyom/cognipilot/cranium/build/b3rb_ros_line_follower/prefix_override:/usr/lib/python3/dist-packages/colcon_core/task/python/colcon_distutils_commands:/home/vyom/cognipilot/cranium/install/b3rb_ros_line_follower/lib/python3.10/site-packages:${PYTHONPATH} /usr/bin/python3 -W ignore:setup.py install is deprecated setup.py egg_info --egg-base ../../build/b3rb_ros_line_follower build --build-base /home/vyom/cognipilot/cranium/build/b3rb_ros_line_follower/build install --record /home/vyom/cognipilot/cranium/build/b3rb_ros_line_follower/install.log --single-version-externally-managed install_data
[1.458s] running egg_info
[1.459s] creating ../../build/b3rb_ros_line_follower/b3rb_ros_line_follower.egg-info
[1.460s] writing ../../build/b3rb_ros_line_follower/b3rb_ros_line_follower.egg-info/PKG-INFO
[1.460s] writing dependency_links to ../../build/b3rb_ros_line_follower/b3rb_ros_line_follower.egg-info/dependency_links.txt
[1.460s] writing entry points to ../../build/b3rb_ros_line_follower/b3rb_ros_line_follower.egg-info/entry_points.txt
[1.460s] writing requirements to ../../build/b3rb_ros_line_follower/b3rb_ros_line_follower.egg-info/requires.txt
[1.460s] writing top-level names to ../../build/b3rb_ros_line_follower/b3rb_ros_line_follower.egg-info/top_level.txt
[1.461s] writing manifest file '../../build/b3rb_ros_line_follower/b3rb_ros_line_follower.egg-info/SOURCES.txt'
[1.465s] reading manifest file '../../build/b3rb_ros_line_follower/b3rb_ros_line_follower.egg-info/SOURCES.txt'
[1.465s] adding license file 'LICENSE'
[1.466s] writing manifest file '../../build/b3rb_ros_line_follower/b3rb_ros_line_follower.egg-info/SOURCES.txt'
[1.466s] running build
[1.466s] running build_py
[1.466s] creating /home/vyom/cognipilot/cranium/build/b3rb_ros_line_follower/build
[1.466s] creating /home/vyom/cognipilot/cranium/build/b3rb_ros_line_follower/build/lib
[1.466s] creating /home/vyom/cognipilot/cranium/build/b3rb_ros_line_follower/build/lib/b3rb_ros_line_follower
[1.467s] copying b3rb_ros_line_follower/__init__.py -> /home/vyom/cognipilot/cranium/build/b3rb_ros_line_follower/build/lib/b3rb_ros_line_follower
[1.467s] copying b3rb_ros_line_follower/b3rb_ros_object_recog.py -> /home/vyom/cognipilot/cranium/build/b3rb_ros_line_follower/build/lib/b3rb_ros_line_follower
[1.467s] copying b3rb_ros_line_follower/b3rb_ros_edge_vectors.py -> /home/vyom/cognipilot/cranium/build/b3rb_ros_line_follower/build/lib/b3rb_ros_line_follower
[1.467s] copying b3rb_ros_line_follower/b3rb_ros_line_follower.py -> /home/vyom/cognipilot/cranium/build/b3rb_ros_line_follower/build/lib/b3rb_ros_line_follower
[1.467s] running install
[1.467s] running install_lib
[1.468s] creating /home/vyom/cognipilot/cranium/install/b3rb_ros_line_follower/lib/python3.10/site-packages/b3rb_ros_line_follower
[1.468s] copying /home/vyom/cognipilot/cranium/build/b3rb_ros_line_follower/build/lib/b3rb_ros_line_follower/__init__.py -> /home/vyom/cognipilot/cranium/install/b3rb_ros_line_follower/lib/python3.10/site-packages/b3rb_ros_line_follower
[1.469s] copying /home/vyom/cognipilot/cranium/build/b3rb_ros_line_follower/build/lib/b3rb_ros_line_follower/b3rb_ros_object_recog.py -> /home/vyom/cognipilot/cranium/install/b3rb_ros_line_follower/lib/python3.10/site-packages/b3rb_ros_line_follower
[1.469s] copying /home/vyom/cognipilot/cranium/build/b3rb_ros_line_follower/build/lib/b3rb_ros_line_follower/b3rb_ros_edge_vectors.py -> /home/vyom/cognipilot/cranium/install/b3rb_ros_line_follower/lib/python3.10/site-packages/b3rb_ros_line_follower
[1.469s] copying /home/vyom/cognipilot/cranium/build/b3rb_ros_line_follower/build/lib/b3rb_ros_line_follower/b3rb_ros_line_follower.py -> /home/vyom/cognipilot/cranium/install/b3rb_ros_line_follower/lib/python3.10/site-packages/b3rb_ros_line_follower
[1.469s] byte-compiling /home/vyom/cognipilot/cranium/install/b3rb_ros_line_follower/lib/python3.10/site-packages/b3rb_ros_line_follower/__init__.py to __init__.cpython-310.pyc
[1.470s] byte-compiling /home/vyom/cognipilot/cranium/install/b3rb_ros_line_follower/lib/python3.10/site-packages/b3rb_ros_line_follower/b3rb_ros_object_recog.py to b3rb_ros_object_recog.cpython-310.pyc
[1.471s] byte-compiling /home/vyom/cognipilot/cranium/install/b3rb_ros_line_follower/lib/python3.10/site-packages/b3rb_ros_line_follower/b3rb_ros_edge_vectors.py to b3rb_ros_edge_vectors.cpython-310.pyc
[1.472s] byte-compiling /home/vyom/cognipilot/cranium/install/b3rb_ros_line_follower/lib/python3.10/site-packages/b3rb_ros_line_follower/b3rb_ros_line_follower.py to b3rb_ros_line_follower.cpython-310.pyc
[1.474s] running install_data
[1.474s] creating /home/vyom/cognipilot/cranium/install/b3rb_ros_line_follower/share/ament_index
[1.474s] creating /home/vyom/cognipilot/cranium/install/b3rb_ros_line_follower/share/ament_index/resource_index
[1.474s] creating /home/vyom/cognipilot/cranium/install/b3rb_ros_line_follower/share/ament_index/resource_index/packages
[1.475s] copying resource/b3rb_ros_line_follower -> /home/vyom/cognipilot/cranium/install/b3rb_ros_line_follower/share/ament_index/resource_index/packages
[1.475s] copying package.xml -> /home/vyom/cognipilot/cranium/install/b3rb_ros_line_follower/share/b3rb_ros_line_follower
[1.475s] running install_egg_info
[1.477s] Copying ../../build/b3rb_ros_line_follower/b3rb_ros_line_follower.egg-info to /home/vyom/cognipilot/cranium/install/b3rb_ros_line_follower/lib/python3.10/site-packages/b3rb_ros_line_follower-0.0.0-py3.10.egg-info
[1.478s] running install_scripts
[1.504s] Installing detect script to /home/vyom/cognipilot/cranium/install/b3rb_ros_line_follower/lib/b3rb_ros_line_follower
[1.504s] Installing runner script to /home/vyom/cognipilot/cranium/install/b3rb_ros_line_follower/lib/b3rb_ros_line_follower
[1.504s] Installing vectors script to /home/vyom/cognipilot/cranium/install/b3rb_ros_line_follower/lib/b3rb_ros_line_follower
[1.504s] writing list of installed files to '/home/vyom/cognipilot/cranium/build/b3rb_ros_line_follower/install.log'
[1.536s] Invoked command in '/home/vyom/cognipilot/cranium/src/b3rb_ros_line_follower' returned '0': CMAKE_PREFIX_PATH=/home/vyom/cognipilot/cranium/install/synapse_msgs:/home/vyom/cognipilot/cranium/install/synapse_ros:/home/vyom/cognipilot/cranium/install/synapse_gz:/home/vyom/cognipilot/cranium/install/synapse_tinyframe:/home/vyom/cognipilot/cranium/install/synapse_protobuf:/home/vyom/cognipilot/cranium/install/corti:/home/vyom/cognipilot/cranium/install/dream_world:/home/vyom/cognipilot/cranium/install/cerebri_bringup:/home/vyom/cognipilot/cranium/install/b3rb_simulator:/home/vyom/cognipilot/cranium/install/b3rb_desktop:/home/vyom/cognipilot/cranium/install/b3rb_rviz:/home/vyom/cognipilot/cranium/install/b3rb_nav2:/home/vyom/cognipilot/cranium/install/b3rb_gz_resource:/home/vyom/cognipilot/cranium/install/b3rb_gz_bringup:/home/vyom/cognipilot/cranium/install/b3rb_description:/home/vyom/cognipilot/electrode/install/electrode LD_LIBRARY_PATH=/home/vyom/cognipilot/cranium/install/synapse_msgs/lib:/home/vyom/cognipilot/cranium/install/synapse_tinyframe/lib:/home/vyom/cognipilot/cranium/install/synapse_protobuf/lib:/opt/ros/humble/opt/rviz_ogre_vendor/lib:/opt/ros/humble/lib/x86_64-linux-gnu:/opt/ros/humble/lib PYTHONPATH=/home/vyom/cognipilot/cranium/build/b3rb_ros_line_follower/prefix_override:/usr/lib/python3/dist-packages/colcon_core/task/python/colcon_distutils_commands:/home/vyom/cognipilot/cranium/install/b3rb_ros_line_follower/lib/python3.10/site-packages:${PYTHONPATH} /usr/bin/python3 -W ignore:setup.py install is deprecated setup.py egg_info --egg-base ../../build/b3rb_ros_line_follower build --build-base /home/vyom/cognipilot/cranium/build/b3rb_ros_line_follower/build install --record /home/vyom/cognipilot/cranium/build/b3rb_ros_line_follower/install.log --single-version-externally-managed install_data
