[0.010s] Invoking command in '/home/vyom/cognipilot/electrode/build/electrode': CMAKE_PREFIX_PATH=/opt/ros/humble /usr/bin/cmake /home/vyom/cognipilot/electrode/src/electrode -DAMENT_CMAKE_SYMLINK_INSTALL=1 -DCMAKE_INSTALL_PREFIX=/home/vyom/cognipilot/electrode/install/electrode
[0.064s] -- The C compiler identification is GNU 11.4.0
[0.144s] -- The CXX compiler identification is GNU 11.4.0
[0.156s] -- Detecting C compiler ABI info
[0.262s] -- Detecting C compiler ABI info - done
[0.273s] -- Check for working C compiler: /usr/bin/cc - skipped
[0.273s] -- Detecting C compile features
[0.273s] -- Detecting C compile features - done
[0.278s] -- Detecting CXX compiler ABI info
[0.370s] -- Detecting CXX compiler ABI info - done
[0.381s] -- Check for working CXX compiler: /usr/bin/c++ - skipped
[0.381s] -- Detecting CXX compile features
[0.381s] -- Detecting CXX compile features - done
[0.384s] -- Found ament_cmake: 1.3.9 (/opt/ros/humble/share/ament_cmake/cmake)
[0.578s] -- Found Python3: /usr/bin/python3 (found version "3.10.12") found components: Interpreter 
[0.647s] -- Override CMake install command with custom implementation using symlinks instead of copying resources
[0.672s] -- Found ament_lint_auto: 0.12.11 (/opt/ros/humble/share/ament_lint_auto/cmake)
[0.754s] -- Added test 'flake8' to check Python code syntax and style conventions
[0.754s] -- Added test 'lint_cmake' to check CMake code style
[0.755s] -- Added test 'pep257' to check Python code against some of the docstring style conventions in PEP 257
[0.758s] -- Added test 'xmllint' to check XML markup files
[0.759s] -- Configuring done
[0.762s] -- Generating done
[0.763s] -- Build files have been written to: /home/vyom/cognipilot/electrode/build/electrode
[0.767s] Invoked command in '/home/vyom/cognipilot/electrode/build/electrode' returned '0': CMAKE_PREFIX_PATH=/opt/ros/humble /usr/bin/cmake /home/vyom/cognipilot/electrode/src/electrode -DAMENT_CMAKE_SYMLINK_INSTALL=1 -DCMAKE_INSTALL_PREFIX=/home/vyom/cognipilot/electrode/install/electrode
[0.769s] Invoking command in '/home/vyom/cognipilot/electrode/build/electrode': CMAKE_PREFIX_PATH=/opt/ros/humble /usr/bin/cmake --build /home/vyom/cognipilot/electrode/build/electrode -- -j8 -l8
[0.813s] Invoked command in '/home/vyom/cognipilot/electrode/build/electrode' returned '0': CMAKE_PREFIX_PATH=/opt/ros/humble /usr/bin/cmake --build /home/vyom/cognipilot/electrode/build/electrode -- -j8 -l8
[0.850s] Invoking command in '/home/vyom/cognipilot/electrode/build/electrode': CMAKE_PREFIX_PATH=/opt/ros/humble /usr/bin/cmake --install /home/vyom/cognipilot/electrode/build/electrode
[0.858s] -- Install configuration: ""
[0.858s] -- Execute custom install script
[0.859s] -- Symlinking: /home/vyom/cognipilot/electrode/install/electrode/share/electrode/launch/electrode.launch.py
[0.873s] -- Symlinking: /home/vyom/cognipilot/electrode/install/electrode/share/electrode/config/b3rb.rviz
[0.887s] -- Symlinking: /home/vyom/cognipilot/electrode/install/electrode/share/electrode/config/elm4s.rviz
[0.897s] -- Symlinking: /home/vyom/cognipilot/electrode/install/electrode/share/electrode/config/melms.rviz
[0.907s] -- Symlinking: /home/vyom/cognipilot/electrode/install/electrode/share/ament_index/resource_index/package_run_dependencies/electrode
[0.915s] -- Symlinking: /home/vyom/cognipilot/electrode/install/electrode/share/ament_index/resource_index/parent_prefix_path/electrode
[0.923s] -- Symlinking: /home/vyom/cognipilot/electrode/install/electrode/share/electrode/environment/ament_prefix_path.sh
[0.932s] -- Symlinking: /home/vyom/cognipilot/electrode/install/electrode/share/electrode/environment/ament_prefix_path.dsv
[0.943s] -- Symlinking: /home/vyom/cognipilot/electrode/install/electrode/share/electrode/environment/path.sh
[0.955s] -- Symlinking: /home/vyom/cognipilot/electrode/install/electrode/share/electrode/environment/path.dsv
[0.963s] -- Symlinking: /home/vyom/cognipilot/electrode/install/electrode/share/electrode/local_setup.bash
[0.972s] -- Symlinking: /home/vyom/cognipilot/electrode/install/electrode/share/electrode/local_setup.sh
[0.980s] -- Symlinking: /home/vyom/cognipilot/electrode/install/electrode/share/electrode/local_setup.zsh
[0.988s] -- Symlinking: /home/vyom/cognipilot/electrode/install/electrode/share/electrode/local_setup.dsv
[0.996s] -- Symlinking: /home/vyom/cognipilot/electrode/install/electrode/share/electrode/package.dsv
[1.004s] -- Symlinking: /home/vyom/cognipilot/electrode/install/electrode/share/ament_index/resource_index/packages/electrode
[1.014s] -- Symlinking: /home/vyom/cognipilot/electrode/install/electrode/share/electrode/cmake/electrodeConfig.cmake
[1.023s] -- Symlinking: /home/vyom/cognipilot/electrode/install/electrode/share/electrode/cmake/electrodeConfig-version.cmake
[1.033s] -- Symlinking: /home/vyom/cognipilot/electrode/install/electrode/share/electrode/package.xml
[1.046s] Invoked command in '/home/vyom/cognipilot/electrode/build/electrode' returned '0': CMAKE_PREFIX_PATH=/opt/ros/humble /usr/bin/cmake --install /home/vyom/cognipilot/electrode/build/electrode
