[0.012s] Invoking command in '/home/vyom/cognipilot/electrode/build/electrode': CMAKE_PREFIX_PATH=${CMAKE_PREFIX_PATH}:/opt/ros/humble /usr/bin/cmake --build /home/vyom/cognipilot/electrode/build/electrode -- -j8 -l8
[0.061s] Invoked command in '/home/vyom/cognipilot/electrode/build/electrode' returned '0': CMAKE_PREFIX_PATH=${CMAKE_PREFIX_PATH}:/opt/ros/humble /usr/bin/cmake --build /home/vyom/cognipilot/electrode/build/electrode -- -j8 -l8
[0.108s] Invoking command in '/home/vyom/cognipilot/electrode/build/electrode': CMAKE_PREFIX_PATH=${CMAKE_PREFIX_PATH}:/opt/ros/humble /usr/bin/cmake --install /home/vyom/cognipilot/electrode/build/electrode
[0.117s] -- Install configuration: ""
[0.118s] -- Execute custom install script
[0.119s] -- Up-to-date symlink: /home/vyom/cognipilot/electrode/install/electrode/share/electrode/launch/electrode.launch.py
[0.119s] -- Up-to-date symlink: /home/vyom/cognipilot/electrode/install/electrode/share/electrode/config/b3rb.rviz
[0.120s] -- Up-to-date symlink: /home/vyom/cognipilot/electrode/install/electrode/share/electrode/config/elm4s.rviz
[0.120s] -- Up-to-date symlink: /home/vyom/cognipilot/electrode/install/electrode/share/electrode/config/melms.rviz
[0.120s] -- Up-to-date symlink: /home/vyom/cognipilot/electrode/install/electrode/share/ament_index/resource_index/package_run_dependencies/electrode
[0.121s] -- Up-to-date symlink: /home/vyom/cognipilot/electrode/install/electrode/share/ament_index/resource_index/parent_prefix_path/electrode
[0.121s] -- Up-to-date symlink: /home/vyom/cognipilot/electrode/install/electrode/share/electrode/environment/ament_prefix_path.sh
[0.121s] -- Up-to-date symlink: /home/vyom/cognipilot/electrode/install/electrode/share/electrode/environment/ament_prefix_path.dsv
[0.122s] -- Up-to-date symlink: /home/vyom/cognipilot/electrode/install/electrode/share/electrode/environment/path.sh
[0.122s] -- Up-to-date symlink: /home/vyom/cognipilot/electrode/install/electrode/share/electrode/environment/path.dsv
[0.122s] -- Up-to-date symlink: /home/vyom/cognipilot/electrode/install/electrode/share/electrode/local_setup.bash
[0.122s] -- Up-to-date symlink: /home/vyom/cognipilot/electrode/install/electrode/share/electrode/local_setup.sh
[0.123s] -- Up-to-date symlink: /home/vyom/cognipilot/electrode/install/electrode/share/electrode/local_setup.zsh
[0.123s] -- Up-to-date symlink: /home/vyom/cognipilot/electrode/install/electrode/share/electrode/local_setup.dsv
[0.123s] -- Symlinking: /home/vyom/cognipilot/electrode/install/electrode/share/electrode/package.dsv
[0.135s] -- Up-to-date symlink: /home/vyom/cognipilot/electrode/install/electrode/share/ament_index/resource_index/packages/electrode
[0.135s] -- Up-to-date symlink: /home/vyom/cognipilot/electrode/install/electrode/share/electrode/cmake/electrodeConfig.cmake
[0.136s] -- Up-to-date symlink: /home/vyom/cognipilot/electrode/install/electrode/share/electrode/cmake/electrodeConfig-version.cmake
[0.136s] -- Up-to-date symlink: /home/vyom/cognipilot/electrode/install/electrode/share/electrode/package.xml
[0.138s] Invoked command in '/home/vyom/cognipilot/electrode/build/electrode' returned '0': CMAKE_PREFIX_PATH=${CMAKE_PREFIX_PATH}:/opt/ros/humble /usr/bin/cmake --install /home/vyom/cognipilot/electrode/build/electrode
