[0.038s] Invoking command in '/home/vyom/cognipilot/cranium/build/b3rb_description': CMAKE_PREFIX_PATH=${CMAKE_PREFIX_PATH}:/home/vyom/cognipilot/cranium/install/nxp_cup_vision:/opt/ros/humble /usr/bin/cmake /home/vyom/cognipilot/cranium/src/b3rb/b3rb_description -DCMAKE_INSTALL_PREFIX=/home/vyom/cognipilot/cranium/install/b3rb_description
[0.059s] -- Found ament_cmake: 1.3.9 (/opt/ros/humble/share/ament_cmake/cmake)
[0.373s] -- Override CMake install command with custom implementation using symlinks instead of copying resources
[0.395s] -- Found urdf: 2.6.0 (/opt/ros/humble/share/urdf/cmake)
[0.491s] -- Found ament_lint_auto: 0.12.11 (/opt/ros/humble/share/ament_lint_auto/cmake)
[0.649s] -- Added test 'flake8' to check Python code syntax and style conventions
[0.651s] -- Added test 'lint_cmake' to check CMake code style
[0.652s] -- Added test 'pep257' to check Python code against some of the docstring style conventions in PEP 257
[0.654s] -- Added test 'xmllint' to check XML markup files
[0.657s] -- Configuring done
[0.664s] -- Generating done
[0.667s] -- Build files have been written to: /home/vyom/cognipilot/cranium/build/b3rb_description
[0.681s] Invoked command in '/home/vyom/cognipilot/cranium/build/b3rb_description' returned '0': CMAKE_PREFIX_PATH=${CMAKE_PREFIX_PATH}:/home/vyom/cognipilot/cranium/install/nxp_cup_vision:/opt/ros/humble /usr/bin/cmake /home/vyom/cognipilot/cranium/src/b3rb/b3rb_description -DCMAKE_INSTALL_PREFIX=/home/vyom/cognipilot/cranium/install/b3rb_description
[0.682s] Invoking command in '/home/vyom/cognipilot/cranium/build/b3rb_description': CMAKE_PREFIX_PATH=${CMAKE_PREFIX_PATH}:/home/vyom/cognipilot/cranium/install/nxp_cup_vision:/opt/ros/humble /usr/bin/cmake --build /home/vyom/cognipilot/cranium/build/b3rb_description -- -j8 -l8
[0.750s] Invoked command in '/home/vyom/cognipilot/cranium/build/b3rb_description' returned '0': CMAKE_PREFIX_PATH=${CMAKE_PREFIX_PATH}:/home/vyom/cognipilot/cranium/install/nxp_cup_vision:/opt/ros/humble /usr/bin/cmake --build /home/vyom/cognipilot/cranium/build/b3rb_description -- -j8 -l8
[0.829s] Invoking command in '/home/vyom/cognipilot/cranium/build/b3rb_description': CMAKE_PREFIX_PATH=${CMAKE_PREFIX_PATH}:/home/vyom/cognipilot/cranium/install/nxp_cup_vision:/opt/ros/humble /usr/bin/cmake --install /home/vyom/cognipilot/cranium/build/b3rb_description
[0.866s] -- Install configuration: ""
[0.866s] -- Execute custom install script
[0.866s] -- Up-to-date symlink: /home/vyom/cognipilot/cranium/install/b3rb_description/share/b3rb_description/launch/robot_description.launch.py
[0.866s] -- Up-to-date symlink: /home/vyom/cognipilot/cranium/install/b3rb_description/share/b3rb_description/meshes/STL27L.dae
[0.866s] -- Up-to-date symlink: /home/vyom/cognipilot/cranium/install/b3rb_description/share/b3rb_description/meshes/b3rb.dae
[0.867s] -- Up-to-date symlink: /home/vyom/cognipilot/cranium/install/b3rb_description/share/b3rb_description/meshes/wheel.dae
[0.867s] -- Up-to-date symlink: /home/vyom/cognipilot/cranium/install/b3rb_description/share/b3rb_description/urdf/b3rb.urdf
[0.867s] -- Up-to-date symlink: /home/vyom/cognipilot/cranium/install/b3rb_description/share/ament_index/resource_index/package_run_dependencies/b3rb_description
[0.867s] -- Up-to-date symlink: /home/vyom/cognipilot/cranium/install/b3rb_description/share/ament_index/resource_index/parent_prefix_path/b3rb_description
[0.867s] -- Up-to-date symlink: /home/vyom/cognipilot/cranium/install/b3rb_description/share/b3rb_description/environment/ament_prefix_path.sh
[0.868s] -- Up-to-date symlink: /home/vyom/cognipilot/cranium/install/b3rb_description/share/b3rb_description/environment/ament_prefix_path.dsv
[0.868s] -- Up-to-date symlink: /home/vyom/cognipilot/cranium/install/b3rb_description/share/b3rb_description/environment/path.sh
[0.868s] -- Up-to-date symlink: /home/vyom/cognipilot/cranium/install/b3rb_description/share/b3rb_description/environment/path.dsv
[0.868s] -- Up-to-date symlink: /home/vyom/cognipilot/cranium/install/b3rb_description/share/b3rb_description/local_setup.bash
[0.868s] -- Up-to-date symlink: /home/vyom/cognipilot/cranium/install/b3rb_description/share/b3rb_description/local_setup.sh
[0.868s] -- Up-to-date symlink: /home/vyom/cognipilot/cranium/install/b3rb_description/share/b3rb_description/local_setup.zsh
[0.868s] -- Up-to-date symlink: /home/vyom/cognipilot/cranium/install/b3rb_description/share/b3rb_description/local_setup.dsv
[0.868s] -- Symlinking: /home/vyom/cognipilot/cranium/install/b3rb_description/share/b3rb_description/package.dsv
[0.881s] -- Up-to-date symlink: /home/vyom/cognipilot/cranium/install/b3rb_description/share/ament_index/resource_index/packages/b3rb_description
[0.882s] -- Up-to-date symlink: /home/vyom/cognipilot/cranium/install/b3rb_description/share/b3rb_description/cmake/b3rb_descriptionConfig.cmake
[0.882s] -- Up-to-date symlink: /home/vyom/cognipilot/cranium/install/b3rb_description/share/b3rb_description/cmake/b3rb_descriptionConfig-version.cmake
[0.882s] -- Up-to-date symlink: /home/vyom/cognipilot/cranium/install/b3rb_description/share/b3rb_description/package.xml
[0.901s] Invoked command in '/home/vyom/cognipilot/cranium/build/b3rb_description' returned '0': CMAKE_PREFIX_PATH=${CMAKE_PREFIX_PATH}:/home/vyom/cognipilot/cranium/install/nxp_cup_vision:/opt/ros/humble /usr/bin/cmake --install /home/vyom/cognipilot/cranium/build/b3rb_description
