[0.027s] Invoking command in '/home/vyom/cognipilot/cranium/build/b3rb_simulator': AMENT_PREFIX_PATH=/home/vyom/cognipilot/cranium/install/b3rb_gz_resource:/home/vyom/cognipilot/cranium/install/b3rb_gz_bringup:${AMENT_PREFIX_PATH} CMAKE_PREFIX_PATH=/home/vyom/cognipilot/cranium/install/b3rb_gz_resource:/home/vyom/cognipilot/cranium/install/b3rb_gz_bringup:/opt/ros/humble /usr/bin/cmake /home/vyom/cognipilot/cranium/src/b3rb_simulator/b3rb_simulator -DAMENT_CMAKE_SYMLINK_INSTALL=1 -DCMAKE_INSTALL_PREFIX=/home/vyom/cognipilot/cranium/install/b3rb_simulator
[0.124s] -- The C compiler identification is GNU 11.4.0
[0.234s] -- The CXX compiler identification is GNU 11.4.0
[0.266s] -- Detecting C compiler ABI info
[0.448s] -- Detecting C compiler ABI info - done
[0.471s] -- Check for working C compiler: /usr/bin/cc - skipped
[0.471s] -- Detecting C compile features
[0.472s] -- Detecting C compile features - done
[0.477s] -- Detecting CXX compiler ABI info
[0.807s] -- Detecting CXX compiler ABI info - done
[0.822s] -- Check for working CXX compiler: /usr/bin/c++ - skipped
[0.823s] -- Detecting CXX compile features
[0.824s] -- Detecting CXX compile features - done
[0.831s] -- Found ament_cmake: 1.3.9 (/opt/ros/humble/share/ament_cmake/cmake)
[1.428s] -- Found Python3: /usr/bin/python3 (found version "3.10.12") found components: Interpreter 
[1.703s] -- Override CMake install command with custom implementation using symlinks instead of copying resources
[1.800s] -- Found ament_lint_auto: 0.12.11 (/opt/ros/humble/share/ament_lint_auto/cmake)
[2.068s] -- Configuring done
[2.089s] -- Generating done
[2.091s] -- Build files have been written to: /home/vyom/cognipilot/cranium/build/b3rb_simulator
[2.101s] Invoked command in '/home/vyom/cognipilot/cranium/build/b3rb_simulator' returned '0': AMENT_PREFIX_PATH=/home/vyom/cognipilot/cranium/install/b3rb_gz_resource:/home/vyom/cognipilot/cranium/install/b3rb_gz_bringup:${AMENT_PREFIX_PATH} CMAKE_PREFIX_PATH=/home/vyom/cognipilot/cranium/install/b3rb_gz_resource:/home/vyom/cognipilot/cranium/install/b3rb_gz_bringup:/opt/ros/humble /usr/bin/cmake /home/vyom/cognipilot/cranium/src/b3rb_simulator/b3rb_simulator -DAMENT_CMAKE_SYMLINK_INSTALL=1 -DCMAKE_INSTALL_PREFIX=/home/vyom/cognipilot/cranium/install/b3rb_simulator
[2.125s] Invoking command in '/home/vyom/cognipilot/cranium/build/b3rb_simulator': AMENT_PREFIX_PATH=/home/vyom/cognipilot/cranium/install/b3rb_gz_resource:/home/vyom/cognipilot/cranium/install/b3rb_gz_bringup:${AMENT_PREFIX_PATH} CMAKE_PREFIX_PATH=/home/vyom/cognipilot/cranium/install/b3rb_gz_resource:/home/vyom/cognipilot/cranium/install/b3rb_gz_bringup:/opt/ros/humble /usr/bin/cmake --build /home/vyom/cognipilot/cranium/build/b3rb_simulator -- -j8 -l8
[2.296s] Invoked command in '/home/vyom/cognipilot/cranium/build/b3rb_simulator' returned '0': AMENT_PREFIX_PATH=/home/vyom/cognipilot/cranium/install/b3rb_gz_resource:/home/vyom/cognipilot/cranium/install/b3rb_gz_bringup:${AMENT_PREFIX_PATH} CMAKE_PREFIX_PATH=/home/vyom/cognipilot/cranium/install/b3rb_gz_resource:/home/vyom/cognipilot/cranium/install/b3rb_gz_bringup:/opt/ros/humble /usr/bin/cmake --build /home/vyom/cognipilot/cranium/build/b3rb_simulator -- -j8 -l8
[2.551s] Invoking command in '/home/vyom/cognipilot/cranium/build/b3rb_simulator': AMENT_PREFIX_PATH=/home/vyom/cognipilot/cranium/install/b3rb_gz_resource:/home/vyom/cognipilot/cranium/install/b3rb_gz_bringup:${AMENT_PREFIX_PATH} CMAKE_PREFIX_PATH=/home/vyom/cognipilot/cranium/install/b3rb_gz_resource:/home/vyom/cognipilot/cranium/install/b3rb_gz_bringup:/opt/ros/humble /usr/bin/cmake --install /home/vyom/cognipilot/cranium/build/b3rb_simulator
[2.571s] -- Install configuration: ""
[2.572s] -- Execute custom install script
[2.573s] -- Symlinking: /home/vyom/cognipilot/cranium/install/b3rb_simulator/share/ament_index/resource_index/package_run_dependencies/b3rb_simulator
[2.604s] -- Symlinking: /home/vyom/cognipilot/cranium/install/b3rb_simulator/share/ament_index/resource_index/parent_prefix_path/b3rb_simulator
[2.646s] -- Symlinking: /home/vyom/cognipilot/cranium/install/b3rb_simulator/share/b3rb_simulator/environment/ament_prefix_path.sh
[2.660s] -- Symlinking: /home/vyom/cognipilot/cranium/install/b3rb_simulator/share/b3rb_simulator/environment/ament_prefix_path.dsv
[2.675s] -- Symlinking: /home/vyom/cognipilot/cranium/install/b3rb_simulator/share/b3rb_simulator/environment/path.sh
[2.785s] -- Symlinking: /home/vyom/cognipilot/cranium/install/b3rb_simulator/share/b3rb_simulator/environment/path.dsv
[2.788s] -- Symlinking: /home/vyom/cognipilot/cranium/install/b3rb_simulator/share/b3rb_simulator/local_setup.bash
[2.788s] -- Symlinking: /home/vyom/cognipilot/cranium/install/b3rb_simulator/share/b3rb_simulator/local_setup.sh
[2.824s] -- Symlinking: /home/vyom/cognipilot/cranium/install/b3rb_simulator/share/b3rb_simulator/local_setup.zsh
[2.864s] -- Symlinking: /home/vyom/cognipilot/cranium/install/b3rb_simulator/share/b3rb_simulator/local_setup.dsv
[2.908s] -- Symlinking: /home/vyom/cognipilot/cranium/install/b3rb_simulator/share/b3rb_simulator/package.dsv
[2.947s] -- Symlinking: /home/vyom/cognipilot/cranium/install/b3rb_simulator/share/ament_index/resource_index/packages/b3rb_simulator
[2.978s] -- Symlinking: /home/vyom/cognipilot/cranium/install/b3rb_simulator/share/b3rb_simulator/cmake/b3rb_simulatorConfig.cmake
[3.012s] -- Symlinking: /home/vyom/cognipilot/cranium/install/b3rb_simulator/share/b3rb_simulator/cmake/b3rb_simulatorConfig-version.cmake
[3.045s] -- Symlinking: /home/vyom/cognipilot/cranium/install/b3rb_simulator/share/b3rb_simulator/package.xml
[3.085s] Invoked command in '/home/vyom/cognipilot/cranium/build/b3rb_simulator' returned '0': AMENT_PREFIX_PATH=/home/vyom/cognipilot/cranium/install/b3rb_gz_resource:/home/vyom/cognipilot/cranium/install/b3rb_gz_bringup:${AMENT_PREFIX_PATH} CMAKE_PREFIX_PATH=/home/vyom/cognipilot/cranium/install/b3rb_gz_resource:/home/vyom/cognipilot/cranium/install/b3rb_gz_bringup:/opt/ros/humble /usr/bin/cmake --install /home/vyom/cognipilot/cranium/build/b3rb_simulator
