[0.146s] Invoking command in '/home/vyom/cognipilot/cranium/build/b3rb_description': CMAKE_PREFIX_PATH=${CMAKE_PREFIX_PATH}:/home/vyom/cognipilot/cranium/install/nxp_cup_vision:/home/vyom/cognipilot/cranium/install/b3rb_ros_line_follower:/opt/ros/humble /usr/bin/cmake /home/vyom/cognipilot/cranium/src/b3rb/b3rb_description -DAMENT_CMAKE_SYMLINK_INSTALL=1 -DCMAKE_INSTALL_PREFIX=/home/vyom/cognipilot/cranium/install/b3rb_description
[1.384s] -- Found ament_cmake: 1.3.9 (/opt/ros/humble/share/ament_cmake/cmake)
[1.384s] -- Override CMake install command with custom implementation using symlinks instead of copying resources
[1.400s] -- Found urdf: 2.6.0 (/opt/ros/humble/share/urdf/cmake)
[1.400s] -- Found ament_lint_auto: 0.12.11 (/opt/ros/humble/share/ament_lint_auto/cmake)
[1.704s] -- Added test 'flake8' to check Python code syntax and style conventions
[1.706s] -- Added test 'lint_cmake' to check CMake code style
[1.708s] -- Added test 'pep257' to check Python code against some of the docstring style conventions in PEP 257
[1.711s] -- Added test 'xmllint' to check XML markup files
[1.719s] -- Configuring done
[1.742s] -- Generating done
[1.742s] -- Build files have been written to: /home/vyom/cognipilot/cranium/build/b3rb_description
[1.844s] Invoked command in '/home/vyom/cognipilot/cranium/build/b3rb_description' returned '0': CMAKE_PREFIX_PATH=${CMAKE_PREFIX_PATH}:/home/vyom/cognipilot/cranium/install/nxp_cup_vision:/home/vyom/cognipilot/cranium/install/b3rb_ros_line_follower:/opt/ros/humble /usr/bin/cmake /home/vyom/cognipilot/cranium/src/b3rb/b3rb_description -DAMENT_CMAKE_SYMLINK_INSTALL=1 -DCMAKE_INSTALL_PREFIX=/home/vyom/cognipilot/cranium/install/b3rb_description
[1.845s] Invoking command in '/home/vyom/cognipilot/cranium/build/b3rb_description': CMAKE_PREFIX_PATH=${CMAKE_PREFIX_PATH}:/home/vyom/cognipilot/cranium/install/nxp_cup_vision:/home/vyom/cognipilot/cranium/install/b3rb_ros_line_follower:/opt/ros/humble /usr/bin/cmake --build /home/vyom/cognipilot/cranium/build/b3rb_description -- -j8 -l8
[2.216s] Invoked command in '/home/vyom/cognipilot/cranium/build/b3rb_description' returned '0': CMAKE_PREFIX_PATH=${CMAKE_PREFIX_PATH}:/home/vyom/cognipilot/cranium/install/nxp_cup_vision:/home/vyom/cognipilot/cranium/install/b3rb_ros_line_follower:/opt/ros/humble /usr/bin/cmake --build /home/vyom/cognipilot/cranium/build/b3rb_description -- -j8 -l8
[2.474s] Invoking command in '/home/vyom/cognipilot/cranium/build/b3rb_description': CMAKE_PREFIX_PATH=${CMAKE_PREFIX_PATH}:/home/vyom/cognipilot/cranium/install/nxp_cup_vision:/home/vyom/cognipilot/cranium/install/b3rb_ros_line_follower:/opt/ros/humble /usr/bin/cmake --install /home/vyom/cognipilot/cranium/build/b3rb_description
[2.509s] -- Install configuration: ""
[2.509s] -- Execute custom install script
[2.509s] -- Up-to-date symlink: /home/vyom/cognipilot/cranium/install/b3rb_description/share/b3rb_description/launch/robot_description.launch.py
[2.509s] -- Up-to-date symlink: /home/vyom/cognipilot/cranium/install/b3rb_description/share/b3rb_description/meshes/STL27L.dae
[2.509s] -- Up-to-date symlink: /home/vyom/cognipilot/cranium/install/b3rb_description/share/b3rb_description/meshes/b3rb.dae
[2.510s] -- Up-to-date symlink: /home/vyom/cognipilot/cranium/install/b3rb_description/share/b3rb_description/meshes/wheel.dae
[2.510s] -- Up-to-date symlink: /home/vyom/cognipilot/cranium/install/b3rb_description/share/b3rb_description/urdf/b3rb.urdf
[2.510s] -- Up-to-date symlink: /home/vyom/cognipilot/cranium/install/b3rb_description/share/ament_index/resource_index/package_run_dependencies/b3rb_description
[2.512s] -- Up-to-date symlink: /home/vyom/cognipilot/cranium/install/b3rb_description/share/ament_index/resource_index/parent_prefix_path/b3rb_description
[2.516s] -- Up-to-date symlink: /home/vyom/cognipilot/cranium/install/b3rb_description/share/b3rb_description/environment/ament_prefix_path.sh
[2.516s] -- Up-to-date symlink: /home/vyom/cognipilot/cranium/install/b3rb_description/share/b3rb_description/environment/ament_prefix_path.dsv
[2.517s] -- Up-to-date symlink: /home/vyom/cognipilot/cranium/install/b3rb_description/share/b3rb_description/environment/path.sh
[2.517s] -- Up-to-date symlink: /home/vyom/cognipilot/cranium/install/b3rb_description/share/b3rb_description/environment/path.dsv
[2.517s] -- Up-to-date symlink: /home/vyom/cognipilot/cranium/install/b3rb_description/share/b3rb_description/local_setup.bash
[2.517s] -- Up-to-date symlink: /home/vyom/cognipilot/cranium/install/b3rb_description/share/b3rb_description/local_setup.sh
[2.518s] -- Up-to-date symlink: /home/vyom/cognipilot/cranium/install/b3rb_description/share/b3rb_description/local_setup.zsh
[2.518s] -- Up-to-date symlink: /home/vyom/cognipilot/cranium/install/b3rb_description/share/b3rb_description/local_setup.dsv
[2.518s] -- Symlinking: /home/vyom/cognipilot/cranium/install/b3rb_description/share/b3rb_description/package.dsv
[2.590s] -- Up-to-date symlink: /home/vyom/cognipilot/cranium/install/b3rb_description/share/ament_index/resource_index/packages/b3rb_description
[2.590s] -- Up-to-date symlink: /home/vyom/cognipilot/cranium/install/b3rb_description/share/b3rb_description/cmake/b3rb_descriptionConfig.cmake
[2.590s] -- Up-to-date symlink: /home/vyom/cognipilot/cranium/install/b3rb_description/share/b3rb_description/cmake/b3rb_descriptionConfig-version.cmake
[2.590s] -- Up-to-date symlink: /home/vyom/cognipilot/cranium/install/b3rb_description/share/b3rb_description/package.xml
[2.649s] Invoked command in '/home/vyom/cognipilot/cranium/build/b3rb_description' returned '0': CMAKE_PREFIX_PATH=${CMAKE_PREFIX_PATH}:/home/vyom/cognipilot/cranium/install/nxp_cup_vision:/home/vyom/cognipilot/cranium/install/b3rb_ros_line_follower:/opt/ros/humble /usr/bin/cmake --install /home/vyom/cognipilot/cranium/build/b3rb_description
