/home/vyom/.local/lib/python3.10/site-packages/setuptools/_distutils/dist.py:268: UserWarning: Unknown distribution option: 'tests_require'
  warnings.warn(msg)
running develop
/home/vyom/.local/lib/python3.10/site-packages/setuptools/command/develop.py:42: EasyInstallDeprecationWarning: easy_install command is deprecated.
!!

        ********************************************************************************
        Please avoid running ``setup.py`` and ``easy_install``.
        Instead, use pypa/build, pypa/installer or other
        standards-based tools.

        See https://github.com/pypa/setuptools/issues/917 for details.
        ********************************************************************************

!!
  easy_install.initialize_options(self)
running egg_info
writing b3rb_ros_line_follower.egg-info/PKG-INFO
writing dependency_links to b3rb_ros_line_follower.egg-info/dependency_links.txt
writing entry points to b3rb_ros_line_follower.egg-info/entry_points.txt
writing requirements to b3rb_ros_line_follower.egg-info/requires.txt
writing top-level names to b3rb_ros_line_follower.egg-info/top_level.txt
reading manifest file 'b3rb_ros_line_follower.egg-info/SOURCES.txt'
writing manifest file 'b3rb_ros_line_follower.egg-info/SOURCES.txt'
running build_ext
Creating /home/vyom/cognipilot/cranium/install/b3rb_ros_line_follower/lib/python3.10/site-packages/b3rb-ros-line-follower.egg-link (link to .)
Installing detect script to /home/vyom/cognipilot/cranium/install/b3rb_ros_line_follower/lib/b3rb_ros_line_follower
Installing runner script to /home/vyom/cognipilot/cranium/install/b3rb_ros_line_follower/lib/b3rb_ros_line_follower
Installing vectors script to /home/vyom/cognipilot/cranium/install/b3rb_ros_line_follower/lib/b3rb_ros_line_follower

Installed /home/vyom/cognipilot/cranium/build/b3rb_ros_line_follower
running symlink_data
