[0.040s] Invoking command in '/home/vyom/cognipilot/cranium/build/b3rb_gz_resource': CMAKE_PREFIX_PATH=${CMAKE_PREFIX_PATH}:/home/vyom/cognipilot/cranium/install/nxp_cup_vision:/opt/ros/humble /usr/bin/cmake /home/vyom/cognipilot/cranium/src/b3rb_simulator/b3rb_gz_resource -DCMAKE_INSTALL_PREFIX=/home/vyom/cognipilot/cranium/install/b3rb_gz_resource
[0.067s] -- Found ament_cmake: 1.3.9 (/opt/ros/humble/share/ament_cmake/cmake)
[0.382s] -- Override CMake install command with custom implementation using symlinks instead of copying resources
[0.403s] -- Found ament_lint_auto: 0.12.11 (/opt/ros/humble/share/ament_lint_auto/cmake)
[0.561s] -- Added test 'copyright' to check source files copyright and LICENSE
[0.569s] -- Added test 'lint_cmake' to check CMake code style
[0.571s] -- Added test 'xmllint' to check XML markup files
[0.573s] -- Configuring done
[0.580s] -- Generating done
[0.582s] -- Build files have been written to: /home/vyom/cognipilot/cranium/build/b3rb_gz_resource
[0.625s] Invoked command in '/home/vyom/cognipilot/cranium/build/b3rb_gz_resource' returned '0': CMAKE_PREFIX_PATH=${CMAKE_PREFIX_PATH}:/home/vyom/cognipilot/cranium/install/nxp_cup_vision:/opt/ros/humble /usr/bin/cmake /home/vyom/cognipilot/cranium/src/b3rb_simulator/b3rb_gz_resource -DCMAKE_INSTALL_PREFIX=/home/vyom/cognipilot/cranium/install/b3rb_gz_resource
[0.627s] Invoking command in '/home/vyom/cognipilot/cranium/build/b3rb_gz_resource': CMAKE_PREFIX_PATH=${CMAKE_PREFIX_PATH}:/home/vyom/cognipilot/cranium/install/nxp_cup_vision:/opt/ros/humble /usr/bin/cmake --build /home/vyom/cognipilot/cranium/build/b3rb_gz_resource -- -j8 -l8
[0.681s] Invoked command in '/home/vyom/cognipilot/cranium/build/b3rb_gz_resource' returned '0': CMAKE_PREFIX_PATH=${CMAKE_PREFIX_PATH}:/home/vyom/cognipilot/cranium/install/nxp_cup_vision:/opt/ros/humble /usr/bin/cmake --build /home/vyom/cognipilot/cranium/build/b3rb_gz_resource -- -j8 -l8
[0.734s] Invoking command in '/home/vyom/cognipilot/cranium/build/b3rb_gz_resource': CMAKE_PREFIX_PATH=${CMAKE_PREFIX_PATH}:/home/vyom/cognipilot/cranium/install/nxp_cup_vision:/opt/ros/humble /usr/bin/cmake --install /home/vyom/cognipilot/cranium/build/b3rb_gz_resource
[0.749s] -- Install configuration: ""
[0.750s] -- Execute custom install script
[0.750s] -- Up-to-date symlink: /home/vyom/cognipilot/cranium/install/b3rb_gz_resource/share/b3rb_gz_resource/models/b3rb/materials/textures/CogniPilot.png
[0.751s] -- Up-to-date symlink: /home/vyom/cognipilot/cranium/install/b3rb_gz_resource/share/b3rb_gz_resource/models/b3rb/materials/textures/NXP.png
[0.752s] -- Up-to-date symlink: /home/vyom/cognipilot/cranium/install/b3rb_gz_resource/share/b3rb_gz_resource/models/b3rb/meshes/STL27L.dae
[0.753s] -- Up-to-date symlink: /home/vyom/cognipilot/cranium/install/b3rb_gz_resource/share/b3rb_gz_resource/models/b3rb/meshes/b3rb.dae
[0.754s] -- Up-to-date symlink: /home/vyom/cognipilot/cranium/install/b3rb_gz_resource/share/b3rb_gz_resource/models/b3rb/meshes/wheel.dae
[0.755s] -- Up-to-date symlink: /home/vyom/cognipilot/cranium/install/b3rb_gz_resource/share/b3rb_gz_resource/models/b3rb/model.config
[0.756s] -- Up-to-date symlink: /home/vyom/cognipilot/cranium/install/b3rb_gz_resource/share/b3rb_gz_resource/models/b3rb/model.sdf
[0.759s] -- Up-to-date symlink: /home/vyom/cognipilot/cranium/install/b3rb_gz_resource/share/b3rb_gz_resource/environment/b3rb_gz_resource.dsv
[0.761s] -- Up-to-date symlink: /home/vyom/cognipilot/cranium/install/b3rb_gz_resource/share/ament_index/resource_index/package_run_dependencies/b3rb_gz_resource
[0.763s] -- Up-to-date symlink: /home/vyom/cognipilot/cranium/install/b3rb_gz_resource/share/ament_index/resource_index/parent_prefix_path/b3rb_gz_resource
[0.763s] -- Up-to-date symlink: /home/vyom/cognipilot/cranium/install/b3rb_gz_resource/share/b3rb_gz_resource/environment/ament_prefix_path.sh
[0.763s] -- Up-to-date symlink: /home/vyom/cognipilot/cranium/install/b3rb_gz_resource/share/b3rb_gz_resource/environment/ament_prefix_path.dsv
[0.763s] -- Up-to-date symlink: /home/vyom/cognipilot/cranium/install/b3rb_gz_resource/share/b3rb_gz_resource/environment/path.sh
[0.763s] -- Up-to-date symlink: /home/vyom/cognipilot/cranium/install/b3rb_gz_resource/share/b3rb_gz_resource/environment/path.dsv
[0.763s] -- Up-to-date symlink: /home/vyom/cognipilot/cranium/install/b3rb_gz_resource/share/b3rb_gz_resource/local_setup.bash
[0.764s] -- Up-to-date symlink: /home/vyom/cognipilot/cranium/install/b3rb_gz_resource/share/b3rb_gz_resource/local_setup.sh
[0.765s] -- Up-to-date symlink: /home/vyom/cognipilot/cranium/install/b3rb_gz_resource/share/b3rb_gz_resource/local_setup.zsh
[0.765s] -- Up-to-date symlink: /home/vyom/cognipilot/cranium/install/b3rb_gz_resource/share/b3rb_gz_resource/local_setup.dsv
[0.765s] -- Symlinking: /home/vyom/cognipilot/cranium/install/b3rb_gz_resource/share/b3rb_gz_resource/package.dsv
[0.778s] -- Up-to-date symlink: /home/vyom/cognipilot/cranium/install/b3rb_gz_resource/share/ament_index/resource_index/packages/b3rb_gz_resource
[0.778s] -- Up-to-date symlink: /home/vyom/cognipilot/cranium/install/b3rb_gz_resource/share/b3rb_gz_resource/cmake/b3rb_gz_resourceConfig.cmake
[0.780s] -- Up-to-date symlink: /home/vyom/cognipilot/cranium/install/b3rb_gz_resource/share/b3rb_gz_resource/cmake/b3rb_gz_resourceConfig-version.cmake
[0.780s] -- Up-to-date symlink: /home/vyom/cognipilot/cranium/install/b3rb_gz_resource/share/b3rb_gz_resource/package.xml
[0.782s] Invoked command in '/home/vyom/cognipilot/cranium/build/b3rb_gz_resource' returned '0': CMAKE_PREFIX_PATH=${CMAKE_PREFIX_PATH}:/home/vyom/cognipilot/cranium/install/nxp_cup_vision:/opt/ros/humble /usr/bin/cmake --install /home/vyom/cognipilot/cranium/build/b3rb_gz_resource
