[1.144s] Invoking command in '/home/vyom/cognipilot/cranium/src/b3rb_ros_line_follower': CMAKE_PREFIX_PATH=/home/vyom/cognipilot/cranium/install/synapse_msgs:/home/vyom/cognipilot/cranium/install/synapse_ros:/home/vyom/cognipilot/cranium/install/synapse_gz:/home/vyom/cognipilot/cranium/install/synapse_tinyframe:/home/vyom/cognipilot/cranium/install/synapse_protobuf:/home/vyom/cognipilot/cranium/install/corti:/home/vyom/cognipilot/cranium/install/dream_world:/home/vyom/cognipilot/cranium/install/cerebri_bringup:/home/vyom/cognipilot/cranium/install/b3rb_simulator:/home/vyom/cognipilot/cranium/install/b3rb_desktop:/home/vyom/cognipilot/cranium/install/b3rb_rviz:/home/vyom/cognipilot/cranium/install/b3rb_nav2:/home/vyom/cognipilot/cranium/install/b3rb_gz_resource:/home/vyom/cognipilot/cranium/install/b3rb_gz_bringup:/home/vyom/cognipilot/cranium/install/b3rb_description:/home/vyom/cognipilot/electrode/install/electrode LD_LIBRARY_PATH=/home/vyom/cognipilot/cranium/install/synapse_msgs/lib:/home/vyom/cognipilot/cranium/install/synapse_tinyframe/lib:/home/vyom/cognipilot/cranium/install/synapse_protobuf/lib:/opt/ros/humble/opt/rviz_ogre_vendor/lib:/opt/ros/humble/lib/x86_64-linux-gnu:/opt/ros/humble/lib PYTHONPATH=/home/vyom/cognipilot/cranium/build/b3rb_ros_line_follower/prefix_override:/usr/lib/python3/dist-packages/colcon_core/task/python/colcon_distutils_commands:/home/vyom/cognipilot/cranium/install/b3rb_ros_line_follower/lib/python3.10/site-packages:${PYTHONPATH} /usr/bin/python3 -W ignore:setup.py install is deprecated setup.py egg_info --egg-base ../../build/b3rb_ros_line_follower build --build-base /home/vyom/cognipilot/cranium/build/b3rb_ros_line_follower/build install --record /home/vyom/cognipilot/cranium/build/b3rb_ros_line_follower/install.log --single-version-externally-managed install_data
[1.403s] running egg_info
[1.404s] writing ../../build/b3rb_ros_line_follower/b3rb_ros_line_follower.egg-info/PKG-INFO
[1.404s] writing dependency_links to ../../build/b3rb_ros_line_follower/b3rb_ros_line_follower.egg-info/dependency_links.txt
[1.404s] writing entry points to ../../build/b3rb_ros_line_follower/b3rb_ros_line_follower.egg-info/entry_points.txt
[1.404s] writing requirements to ../../build/b3rb_ros_line_follower/b3rb_ros_line_follower.egg-info/requires.txt
[1.404s] writing top-level names to ../../build/b3rb_ros_line_follower/b3rb_ros_line_follower.egg-info/top_level.txt
[1.408s] reading manifest file '../../build/b3rb_ros_line_follower/b3rb_ros_line_follower.egg-info/SOURCES.txt'
[1.408s] adding license file 'LICENSE'
[1.410s] writing manifest file '../../build/b3rb_ros_line_follower/b3rb_ros_line_follower.egg-info/SOURCES.txt'
[1.410s] running build
[1.410s] running build_py
[1.410s] running install
[1.411s] running install_lib
[1.412s] running install_data
[1.412s] running install_egg_info
[1.415s] removing '/home/vyom/cognipilot/cranium/install/b3rb_ros_line_follower/lib/python3.10/site-packages/b3rb_ros_line_follower-0.0.0-py3.10.egg-info' (and everything under it)
[1.415s] Copying ../../build/b3rb_ros_line_follower/b3rb_ros_line_follower.egg-info to /home/vyom/cognipilot/cranium/install/b3rb_ros_line_follower/lib/python3.10/site-packages/b3rb_ros_line_follower-0.0.0-py3.10.egg-info
[1.416s] running install_scripts
[1.439s] Installing detect script to /home/vyom/cognipilot/cranium/install/b3rb_ros_line_follower/lib/b3rb_ros_line_follower
[1.439s] Installing runner script to /home/vyom/cognipilot/cranium/install/b3rb_ros_line_follower/lib/b3rb_ros_line_follower
[1.439s] Installing vectors script to /home/vyom/cognipilot/cranium/install/b3rb_ros_line_follower/lib/b3rb_ros_line_follower
[1.440s] writing list of installed files to '/home/vyom/cognipilot/cranium/build/b3rb_ros_line_follower/install.log'
[1.468s] Invoked command in '/home/vyom/cognipilot/cranium/src/b3rb_ros_line_follower' returned '0': CMAKE_PREFIX_PATH=/home/vyom/cognipilot/cranium/install/synapse_msgs:/home/vyom/cognipilot/cranium/install/synapse_ros:/home/vyom/cognipilot/cranium/install/synapse_gz:/home/vyom/cognipilot/cranium/install/synapse_tinyframe:/home/vyom/cognipilot/cranium/install/synapse_protobuf:/home/vyom/cognipilot/cranium/install/corti:/home/vyom/cognipilot/cranium/install/dream_world:/home/vyom/cognipilot/cranium/install/cerebri_bringup:/home/vyom/cognipilot/cranium/install/b3rb_simulator:/home/vyom/cognipilot/cranium/install/b3rb_desktop:/home/vyom/cognipilot/cranium/install/b3rb_rviz:/home/vyom/cognipilot/cranium/install/b3rb_nav2:/home/vyom/cognipilot/cranium/install/b3rb_gz_resource:/home/vyom/cognipilot/cranium/install/b3rb_gz_bringup:/home/vyom/cognipilot/cranium/install/b3rb_description:/home/vyom/cognipilot/electrode/install/electrode LD_LIBRARY_PATH=/home/vyom/cognipilot/cranium/install/synapse_msgs/lib:/home/vyom/cognipilot/cranium/install/synapse_tinyframe/lib:/home/vyom/cognipilot/cranium/install/synapse_protobuf/lib:/opt/ros/humble/opt/rviz_ogre_vendor/lib:/opt/ros/humble/lib/x86_64-linux-gnu:/opt/ros/humble/lib PYTHONPATH=/home/vyom/cognipilot/cranium/build/b3rb_ros_line_follower/prefix_override:/usr/lib/python3/dist-packages/colcon_core/task/python/colcon_distutils_commands:/home/vyom/cognipilot/cranium/install/b3rb_ros_line_follower/lib/python3.10/site-packages:${PYTHONPATH} /usr/bin/python3 -W ignore:setup.py install is deprecated setup.py egg_info --egg-base ../../build/b3rb_ros_line_follower build --build-base /home/vyom/cognipilot/cranium/build/b3rb_ros_line_follower/build install --record /home/vyom/cognipilot/cranium/build/b3rb_ros_line_follower/install.log --single-version-externally-managed install_data
