[0.019s] Invoking command in '/home/vyom/cognipilot/cranium/build/synapse_ros': AMENT_PREFIX_PATH=/home/vyom/cognipilot/cranium/install/synapse_tinyframe:/home/vyom/cognipilot/cranium/install/synapse_protobuf:/home/vyom/cognipilot/cranium/install/synapse_msgs:${AMENT_PREFIX_PATH} CMAKE_PREFIX_PATH=/home/vyom/cognipilot/cranium/install/synapse_tinyframe:/home/vyom/cognipilot/cranium/install/synapse_protobuf:/home/vyom/cognipilot/cranium/install/synapse_msgs:/opt/ros/humble LD_LIBRARY_PATH=/home/vyom/cognipilot/cranium/install/synapse_tinyframe/lib:/home/vyom/cognipilot/cranium/install/synapse_protobuf/lib:/home/vyom/cognipilot/cranium/install/synapse_msgs/lib:${LD_LIBRARY_PATH} PYTHONPATH=/home/vyom/cognipilot/cranium/install/synapse_msgs/local/lib/python3.10/dist-packages:${PYTHONPATH} /usr/bin/cmake --build /home/vyom/cognipilot/cranium/build/synapse_ros -- -j8 -l8
[0.103s] Consolidate compiler generated dependencies of target synapse_ros
[0.129s] [100%] Built target synapse_ros
[0.145s] Invoked command in '/home/vyom/cognipilot/cranium/build/synapse_ros' returned '0': AMENT_PREFIX_PATH=/home/vyom/cognipilot/cranium/install/synapse_tinyframe:/home/vyom/cognipilot/cranium/install/synapse_protobuf:/home/vyom/cognipilot/cranium/install/synapse_msgs:${AMENT_PREFIX_PATH} CMAKE_PREFIX_PATH=/home/vyom/cognipilot/cranium/install/synapse_tinyframe:/home/vyom/cognipilot/cranium/install/synapse_protobuf:/home/vyom/cognipilot/cranium/install/synapse_msgs:/opt/ros/humble LD_LIBRARY_PATH=/home/vyom/cognipilot/cranium/install/synapse_tinyframe/lib:/home/vyom/cognipilot/cranium/install/synapse_protobuf/lib:/home/vyom/cognipilot/cranium/install/synapse_msgs/lib:${LD_LIBRARY_PATH} PYTHONPATH=/home/vyom/cognipilot/cranium/install/synapse_msgs/local/lib/python3.10/dist-packages:${PYTHONPATH} /usr/bin/cmake --build /home/vyom/cognipilot/cranium/build/synapse_ros -- -j8 -l8
[0.182s] Invoking command in '/home/vyom/cognipilot/cranium/build/synapse_ros': AMENT_PREFIX_PATH=/home/vyom/cognipilot/cranium/install/synapse_tinyframe:/home/vyom/cognipilot/cranium/install/synapse_protobuf:/home/vyom/cognipilot/cranium/install/synapse_msgs:${AMENT_PREFIX_PATH} CMAKE_PREFIX_PATH=/home/vyom/cognipilot/cranium/install/synapse_tinyframe:/home/vyom/cognipilot/cranium/install/synapse_protobuf:/home/vyom/cognipilot/cranium/install/synapse_msgs:/opt/ros/humble LD_LIBRARY_PATH=/home/vyom/cognipilot/cranium/install/synapse_tinyframe/lib:/home/vyom/cognipilot/cranium/install/synapse_protobuf/lib:/home/vyom/cognipilot/cranium/install/synapse_msgs/lib:${LD_LIBRARY_PATH} PYTHONPATH=/home/vyom/cognipilot/cranium/install/synapse_msgs/local/lib/python3.10/dist-packages:${PYTHONPATH} /usr/bin/cmake --install /home/vyom/cognipilot/cranium/build/synapse_ros
[0.191s] -- Install configuration: ""
[0.192s] -- Execute custom install script
[0.192s] -- Up-to-date symlink: /home/vyom/cognipilot/cranium/install/synapse_ros/lib/synapse_ros/synapse_ros
[0.192s] -- Up-to-date symlink: /home/vyom/cognipilot/cranium/install/synapse_ros/share/synapse_ros/launch/synapse_ros.launch.py
[0.192s] -- Up-to-date symlink: /home/vyom/cognipilot/cranium/install/synapse_ros/share/ament_index/resource_index/package_run_dependencies/synapse_ros
[0.193s] -- Up-to-date symlink: /home/vyom/cognipilot/cranium/install/synapse_ros/share/ament_index/resource_index/parent_prefix_path/synapse_ros
[0.193s] -- Up-to-date symlink: /home/vyom/cognipilot/cranium/install/synapse_ros/share/synapse_ros/environment/ament_prefix_path.sh
[0.193s] -- Up-to-date symlink: /home/vyom/cognipilot/cranium/install/synapse_ros/share/synapse_ros/environment/ament_prefix_path.dsv
[0.193s] -- Up-to-date symlink: /home/vyom/cognipilot/cranium/install/synapse_ros/share/synapse_ros/environment/path.sh
[0.193s] -- Up-to-date symlink: /home/vyom/cognipilot/cranium/install/synapse_ros/share/synapse_ros/environment/path.dsv
[0.193s] -- Up-to-date symlink: /home/vyom/cognipilot/cranium/install/synapse_ros/share/synapse_ros/local_setup.bash
[0.193s] -- Up-to-date symlink: /home/vyom/cognipilot/cranium/install/synapse_ros/share/synapse_ros/local_setup.sh
[0.194s] -- Up-to-date symlink: /home/vyom/cognipilot/cranium/install/synapse_ros/share/synapse_ros/local_setup.zsh
[0.194s] -- Up-to-date symlink: /home/vyom/cognipilot/cranium/install/synapse_ros/share/synapse_ros/local_setup.dsv
[0.194s] -- Symlinking: /home/vyom/cognipilot/cranium/install/synapse_ros/share/synapse_ros/package.dsv
[0.207s] -- Up-to-date symlink: /home/vyom/cognipilot/cranium/install/synapse_ros/share/ament_index/resource_index/packages/synapse_ros
[0.207s] -- Up-to-date symlink: /home/vyom/cognipilot/cranium/install/synapse_ros/share/synapse_ros/cmake/synapse_rosConfig.cmake
[0.207s] -- Up-to-date symlink: /home/vyom/cognipilot/cranium/install/synapse_ros/share/synapse_ros/cmake/synapse_rosConfig-version.cmake
[0.207s] -- Up-to-date symlink: /home/vyom/cognipilot/cranium/install/synapse_ros/share/synapse_ros/package.xml
[0.210s] Invoked command in '/home/vyom/cognipilot/cranium/build/synapse_ros' returned '0': AMENT_PREFIX_PATH=/home/vyom/cognipilot/cranium/install/synapse_tinyframe:/home/vyom/cognipilot/cranium/install/synapse_protobuf:/home/vyom/cognipilot/cranium/install/synapse_msgs:${AMENT_PREFIX_PATH} CMAKE_PREFIX_PATH=/home/vyom/cognipilot/cranium/install/synapse_tinyframe:/home/vyom/cognipilot/cranium/install/synapse_protobuf:/home/vyom/cognipilot/cranium/install/synapse_msgs:/opt/ros/humble LD_LIBRARY_PATH=/home/vyom/cognipilot/cranium/install/synapse_tinyframe/lib:/home/vyom/cognipilot/cranium/install/synapse_protobuf/lib:/home/vyom/cognipilot/cranium/install/synapse_msgs/lib:${LD_LIBRARY_PATH} PYTHONPATH=/home/vyom/cognipilot/cranium/install/synapse_msgs/local/lib/python3.10/dist-packages:${PYTHONPATH} /usr/bin/cmake --install /home/vyom/cognipilot/cranium/build/synapse_ros
