[0.011s] Invoking command in '/home/vyom/cognipilot/cranium/build/synapse_ros': AMENT_PREFIX_PATH=/home/vyom/cognipilot/cranium/install/synapse_tinyframe:/home/vyom/cognipilot/cranium/install/synapse_protobuf:/home/vyom/cognipilot/cranium/install/synapse_msgs:${AMENT_PREFIX_PATH} CMAKE_PREFIX_PATH=/home/vyom/cognipilot/cranium/install/synapse_tinyframe:/home/vyom/cognipilot/cranium/install/synapse_protobuf:/home/vyom/cognipilot/cranium/install/synapse_msgs:/opt/ros/humble LD_LIBRARY_PATH=/home/vyom/cognipilot/cranium/install/synapse_tinyframe/lib:/home/vyom/cognipilot/cranium/install/synapse_protobuf/lib:/home/vyom/cognipilot/cranium/install/synapse_msgs/lib:${LD_LIBRARY_PATH} PYTHONPATH=/home/vyom/cognipilot/cranium/install/synapse_msgs/local/lib/python3.10/dist-packages:${PYTHONPATH} /usr/bin/cmake /home/vyom/cognipilot/cranium/src/synapse_ros -DAMENT_CMAKE_SYMLINK_INSTALL=1 -DCMAKE_INSTALL_PREFIX=/home/vyom/cognipilot/cranium/install/synapse_ros
[0.056s] -- The C compiler identification is GNU 11.4.0
[0.106s] -- The CXX compiler identification is GNU 11.4.0
[0.115s] -- Detecting C compiler ABI info
[0.175s] -- Detecting C compiler ABI info - done
[0.189s] -- Check for working C compiler: /usr/bin/cc - skipped
[0.189s] -- Detecting C compile features
[0.190s] -- Detecting C compile features - done
[0.195s] -- Detecting CXX compiler ABI info
[0.266s] -- Detecting CXX compiler ABI info - done
[0.276s] -- Check for working CXX compiler: /usr/bin/c++ - skipped
[0.276s] -- Detecting CXX compile features
[0.277s] -- Detecting CXX compile features - done
[0.279s] -- Found ament_cmake: 1.3.9 (/opt/ros/humble/share/ament_cmake/cmake)
[0.441s] -- Found Python3: /usr/bin/python3 (found version "3.10.12") found components: Interpreter 
[0.545s] -- Override CMake install command with custom implementation using symlinks instead of copying resources
[0.590s] -- Found rclcpp: 16.0.9 (/opt/ros/humble/share/rclcpp/cmake)
[0.642s] -- Found rosidl_generator_c: 3.1.5 (/opt/ros/humble/share/rosidl_generator_c/cmake)
[0.648s] -- Found rosidl_adapter: 3.1.5 (/opt/ros/humble/share/rosidl_adapter/cmake)
[0.657s] -- Found rosidl_generator_cpp: 3.1.5 (/opt/ros/humble/share/rosidl_generator_cpp/cmake)
[0.672s] -- Using all available rosidl_typesupport_c: rosidl_typesupport_fastrtps_c;rosidl_typesupport_introspection_c
[0.696s] -- Using all available rosidl_typesupport_cpp: rosidl_typesupport_fastrtps_cpp;rosidl_typesupport_introspection_cpp
[0.769s] -- Found rmw_implementation_cmake: 6.1.2 (/opt/ros/humble/share/rmw_implementation_cmake/cmake)
[0.772s] -- Found rmw_cyclonedds_cpp: 1.3.4 (/opt/ros/humble/share/rmw_cyclonedds_cpp/cmake)
[0.808s] -- Using RMW implementation 'rmw_cyclonedds_cpp' as default
[0.818s] -- Looking for pthread.h
[0.892s] -- Looking for pthread.h - found
[0.892s] -- Performing Test CMAKE_HAVE_LIBC_PTHREAD
[0.971s] -- Performing Test CMAKE_HAVE_LIBC_PTHREAD - Success
[0.972s] -- Found Threads: TRUE  
[1.158s] -- Found actuator_msgs: 0.0.1 (/opt/ros/humble/share/actuator_msgs/cmake)
[1.218s] -- Found nav_msgs: 4.2.4 (/opt/ros/humble/share/nav_msgs/cmake)
[1.370s] -- Found sensor_msgs: 4.2.4 (/opt/ros/humble/share/sensor_msgs/cmake)
[1.466s] -- Found synapse_protobuf: 0.0.0 (/home/vyom/cognipilot/cranium/install/synapse_protobuf/share/synapse_protobuf/cmake)
[1.483s] -- Found synapse_tinyframe: 0.0.0 (/home/vyom/cognipilot/cranium/install/synapse_tinyframe/share/synapse_tinyframe/cmake)
[1.484s] -- Found synapse_msgs: 0.0.1 (/home/vyom/cognipilot/cranium/install/synapse_msgs/share/synapse_msgs/cmake)
[1.539s] -- Found ament_lint_auto: 0.12.11 (/opt/ros/humble/share/ament_lint_auto/cmake)
[1.638s] -- Added test 'copyright' to check source files copyright and LICENSE
[1.641s] -- Added test 'cppcheck' to perform static code analysis on C / C++ code
[1.641s] -- Configured cppcheck include dirs: 
[1.641s] -- Configured cppcheck exclude dirs and/or files: 
[1.644s] -- Added test 'cpplint' to check C / C++ code against the Google style
[1.644s] -- Configured cpplint exclude dirs and/or files: 
[1.645s] -- Added test 'flake8' to check Python code syntax and style conventions
[1.646s] -- Added test 'lint_cmake' to check CMake code style
[1.647s] -- Added test 'pep257' to check Python code against some of the docstring style conventions in PEP 257
[1.650s] -- Added test 'uncrustify' to check C / C++ code style
[1.650s] -- Configured uncrustify additional arguments: 
[1.651s] -- Added test 'xmllint' to check XML markup files
[1.652s] -- Configuring done
[1.664s] -- Generating done
[1.666s] -- Build files have been written to: /home/vyom/cognipilot/cranium/build/synapse_ros
[1.676s] Invoked command in '/home/vyom/cognipilot/cranium/build/synapse_ros' returned '0': AMENT_PREFIX_PATH=/home/vyom/cognipilot/cranium/install/synapse_tinyframe:/home/vyom/cognipilot/cranium/install/synapse_protobuf:/home/vyom/cognipilot/cranium/install/synapse_msgs:${AMENT_PREFIX_PATH} CMAKE_PREFIX_PATH=/home/vyom/cognipilot/cranium/install/synapse_tinyframe:/home/vyom/cognipilot/cranium/install/synapse_protobuf:/home/vyom/cognipilot/cranium/install/synapse_msgs:/opt/ros/humble LD_LIBRARY_PATH=/home/vyom/cognipilot/cranium/install/synapse_tinyframe/lib:/home/vyom/cognipilot/cranium/install/synapse_protobuf/lib:/home/vyom/cognipilot/cranium/install/synapse_msgs/lib:${LD_LIBRARY_PATH} PYTHONPATH=/home/vyom/cognipilot/cranium/install/synapse_msgs/local/lib/python3.10/dist-packages:${PYTHONPATH} /usr/bin/cmake /home/vyom/cognipilot/cranium/src/synapse_ros -DAMENT_CMAKE_SYMLINK_INSTALL=1 -DCMAKE_INSTALL_PREFIX=/home/vyom/cognipilot/cranium/install/synapse_ros
[1.678s] Invoking command in '/home/vyom/cognipilot/cranium/build/synapse_ros': AMENT_PREFIX_PATH=/home/vyom/cognipilot/cranium/install/synapse_tinyframe:/home/vyom/cognipilot/cranium/install/synapse_protobuf:/home/vyom/cognipilot/cranium/install/synapse_msgs:${AMENT_PREFIX_PATH} CMAKE_PREFIX_PATH=/home/vyom/cognipilot/cranium/install/synapse_tinyframe:/home/vyom/cognipilot/cranium/install/synapse_protobuf:/home/vyom/cognipilot/cranium/install/synapse_msgs:/opt/ros/humble LD_LIBRARY_PATH=/home/vyom/cognipilot/cranium/install/synapse_tinyframe/lib:/home/vyom/cognipilot/cranium/install/synapse_protobuf/lib:/home/vyom/cognipilot/cranium/install/synapse_msgs/lib:${LD_LIBRARY_PATH} PYTHONPATH=/home/vyom/cognipilot/cranium/install/synapse_msgs/local/lib/python3.10/dist-packages:${PYTHONPATH} /usr/bin/cmake --build /home/vyom/cognipilot/cranium/build/synapse_ros -- -j8 -l8
[1.733s] [ 33%] Building CXX object CMakeFiles/synapse_ros.dir/src/synapse_ros.cpp.o
[1.737s] [ 66%] Building CXX object CMakeFiles/synapse_ros.dir/src/proto/udp_link.cpp.o
[40.429s] [100%] Linking CXX executable synapse_ros
[42.813s] [100%] Built target synapse_ros
[42.822s] Invoked command in '/home/vyom/cognipilot/cranium/build/synapse_ros' returned '0': AMENT_PREFIX_PATH=/home/vyom/cognipilot/cranium/install/synapse_tinyframe:/home/vyom/cognipilot/cranium/install/synapse_protobuf:/home/vyom/cognipilot/cranium/install/synapse_msgs:${AMENT_PREFIX_PATH} CMAKE_PREFIX_PATH=/home/vyom/cognipilot/cranium/install/synapse_tinyframe:/home/vyom/cognipilot/cranium/install/synapse_protobuf:/home/vyom/cognipilot/cranium/install/synapse_msgs:/opt/ros/humble LD_LIBRARY_PATH=/home/vyom/cognipilot/cranium/install/synapse_tinyframe/lib:/home/vyom/cognipilot/cranium/install/synapse_protobuf/lib:/home/vyom/cognipilot/cranium/install/synapse_msgs/lib:${LD_LIBRARY_PATH} PYTHONPATH=/home/vyom/cognipilot/cranium/install/synapse_msgs/local/lib/python3.10/dist-packages:${PYTHONPATH} /usr/bin/cmake --build /home/vyom/cognipilot/cranium/build/synapse_ros -- -j8 -l8
[42.842s] Invoking command in '/home/vyom/cognipilot/cranium/build/synapse_ros': AMENT_PREFIX_PATH=/home/vyom/cognipilot/cranium/install/synapse_tinyframe:/home/vyom/cognipilot/cranium/install/synapse_protobuf:/home/vyom/cognipilot/cranium/install/synapse_msgs:${AMENT_PREFIX_PATH} CMAKE_PREFIX_PATH=/home/vyom/cognipilot/cranium/install/synapse_tinyframe:/home/vyom/cognipilot/cranium/install/synapse_protobuf:/home/vyom/cognipilot/cranium/install/synapse_msgs:/opt/ros/humble LD_LIBRARY_PATH=/home/vyom/cognipilot/cranium/install/synapse_tinyframe/lib:/home/vyom/cognipilot/cranium/install/synapse_protobuf/lib:/home/vyom/cognipilot/cranium/install/synapse_msgs/lib:${LD_LIBRARY_PATH} PYTHONPATH=/home/vyom/cognipilot/cranium/install/synapse_msgs/local/lib/python3.10/dist-packages:${PYTHONPATH} /usr/bin/cmake --install /home/vyom/cognipilot/cranium/build/synapse_ros
[42.849s] -- Install configuration: ""
[42.849s] -- Execute custom install script
[42.850s] -- Symlinking: /home/vyom/cognipilot/cranium/install/synapse_ros/lib/synapse_ros/synapse_ros
[42.862s] -- Symlinking: /home/vyom/cognipilot/cranium/install/synapse_ros/share/synapse_ros/launch/synapse_ros.launch.py
[42.870s] -- Symlinking: /home/vyom/cognipilot/cranium/install/synapse_ros/share/ament_index/resource_index/package_run_dependencies/synapse_ros
[42.881s] -- Symlinking: /home/vyom/cognipilot/cranium/install/synapse_ros/share/ament_index/resource_index/parent_prefix_path/synapse_ros
[42.890s] -- Symlinking: /home/vyom/cognipilot/cranium/install/synapse_ros/share/synapse_ros/environment/ament_prefix_path.sh
[42.902s] -- Symlinking: /home/vyom/cognipilot/cranium/install/synapse_ros/share/synapse_ros/environment/ament_prefix_path.dsv
[42.910s] -- Symlinking: /home/vyom/cognipilot/cranium/install/synapse_ros/share/synapse_ros/environment/path.sh
[42.920s] -- Symlinking: /home/vyom/cognipilot/cranium/install/synapse_ros/share/synapse_ros/environment/path.dsv
[42.928s] -- Symlinking: /home/vyom/cognipilot/cranium/install/synapse_ros/share/synapse_ros/local_setup.bash
[42.936s] -- Symlinking: /home/vyom/cognipilot/cranium/install/synapse_ros/share/synapse_ros/local_setup.sh
[42.944s] -- Symlinking: /home/vyom/cognipilot/cranium/install/synapse_ros/share/synapse_ros/local_setup.zsh
[42.952s] -- Symlinking: /home/vyom/cognipilot/cranium/install/synapse_ros/share/synapse_ros/local_setup.dsv
[42.960s] -- Symlinking: /home/vyom/cognipilot/cranium/install/synapse_ros/share/synapse_ros/package.dsv
[42.967s] -- Symlinking: /home/vyom/cognipilot/cranium/install/synapse_ros/share/ament_index/resource_index/packages/synapse_ros
[42.974s] -- Symlinking: /home/vyom/cognipilot/cranium/install/synapse_ros/share/synapse_ros/cmake/synapse_rosConfig.cmake
[42.981s] -- Symlinking: /home/vyom/cognipilot/cranium/install/synapse_ros/share/synapse_ros/cmake/synapse_rosConfig-version.cmake
[42.989s] -- Symlinking: /home/vyom/cognipilot/cranium/install/synapse_ros/share/synapse_ros/package.xml
[42.998s] Invoked command in '/home/vyom/cognipilot/cranium/build/synapse_ros' returned '0': AMENT_PREFIX_PATH=/home/vyom/cognipilot/cranium/install/synapse_tinyframe:/home/vyom/cognipilot/cranium/install/synapse_protobuf:/home/vyom/cognipilot/cranium/install/synapse_msgs:${AMENT_PREFIX_PATH} CMAKE_PREFIX_PATH=/home/vyom/cognipilot/cranium/install/synapse_tinyframe:/home/vyom/cognipilot/cranium/install/synapse_protobuf:/home/vyom/cognipilot/cranium/install/synapse_msgs:/opt/ros/humble LD_LIBRARY_PATH=/home/vyom/cognipilot/cranium/install/synapse_tinyframe/lib:/home/vyom/cognipilot/cranium/install/synapse_protobuf/lib:/home/vyom/cognipilot/cranium/install/synapse_msgs/lib:${LD_LIBRARY_PATH} PYTHONPATH=/home/vyom/cognipilot/cranium/install/synapse_msgs/local/lib/python3.10/dist-packages:${PYTHONPATH} /usr/bin/cmake --install /home/vyom/cognipilot/cranium/build/synapse_ros
