[0.082s] Invoking command in '/home/vyom/cognipilot/cranium/build/synapse_gz': CMAKE_PREFIX_PATH=/home/vyom/cognipilot/cranium/install/synapse_tinyframe:/home/vyom/cognipilot/cranium/install/synapse_protobuf:/home/vyom/cognipilot/cranium/install/synapse_ros:/home/vyom/cognipilot/cranium/install/synapse_gz:/home/vyom/cognipilot/cranium/install/corti:/home/vyom/cognipilot/cranium/install/synapse_msgs:/home/vyom/cognipilot/cranium/install/dream_world:/home/vyom/cognipilot/cranium/install/cerebri_bringup:/home/vyom/cognipilot/cranium/install/b3rb_simulator:/home/vyom/cognipilot/cranium/install/b3rb_desktop:/home/vyom/cognipilot/cranium/install/b3rb_rviz:/home/vyom/cognipilot/cranium/install/b3rb_nav2:/home/vyom/cognipilot/cranium/install/b3rb_gz_resource:/home/vyom/cognipilot/cranium/install/b3rb_gz_bringup:/home/vyom/cognipilot/cranium/install/b3rb_description:/home/vyom/cognipilot/electrode/install/electrode:/home/vyom/cognipilot/cranium/install/nxp_cup_vision:/home/vyom/cognipilot/cranium/install/b3rb_ros_line_follower:/opt/ros/humble /usr/bin/cmake /home/vyom/cognipilot/cranium/src/synapse_gz -DAMENT_CMAKE_SYMLINK_INSTALL=1 -DCMAKE_INSTALL_PREFIX=/home/vyom/cognipilot/cranium/install/synapse_gz
[0.143s] -- Found rclcpp: 16.0.9 (/opt/ros/humble/share/rclcpp/cmake)
[0.756s] -- Override CMake install command with custom implementation using symlinks instead of copying resources
[1.043s] -- Found rosidl_generator_c: 3.1.5 (/opt/ros/humble/share/rosidl_generator_c/cmake)
[1.064s] -- Found rosidl_adapter: 3.1.5 (/opt/ros/humble/share/rosidl_adapter/cmake)
[1.106s] -- Found rosidl_generator_cpp: 3.1.5 (/opt/ros/humble/share/rosidl_generator_cpp/cmake)
[1.191s] -- Using all available rosidl_typesupport_c: rosidl_typesupport_fastrtps_c;rosidl_typesupport_introspection_c
[1.260s] -- Using all available rosidl_typesupport_cpp: rosidl_typesupport_fastrtps_cpp;rosidl_typesupport_introspection_cpp
[1.522s] -- Found rmw_implementation_cmake: 6.1.2 (/opt/ros/humble/share/rmw_implementation_cmake/cmake)
[1.532s] -- Found rmw_cyclonedds_cpp: 1.3.4 (/opt/ros/humble/share/rmw_cyclonedds_cpp/cmake)
[1.728s] -- Using RMW implementation 'rmw_cyclonedds_cpp' as default
[2.414s] -- Found synapse_protobuf: 0.0.0 (/home/vyom/cognipilot/cranium/install/synapse_protobuf/share/synapse_protobuf/cmake)
[2.442s] -- Found synapse_tinyframe: 0.0.0 (/home/vyom/cognipilot/cranium/install/synapse_tinyframe/share/synapse_tinyframe/cmake)
[2.450s] -- Looking for gz-transport13 -- found version 13.4.0
[2.471s] -- Searching for dependencies of gz-transport13
[2.579s] -- Config-file not installed for ZeroMQ -- checking for pkg-config
[2.595s] -- Checking for module 'libzmq >= 4'
[2.661s] --   Found libzmq , version 4.3.4
[2.847s] -- Checking for module 'uuid'
[2.891s] --   Found uuid, version 2.37.2
[3.005s] -- Looking for gz-utils2 -- found version 2.2.0
[3.010s] -- Searching for dependencies of gz-utils2
[3.013s] -- Searching for <gz-utils2> component [cli]
[3.015s] -- Looking for gz-utils2-cli -- found version 2.2.0
[3.017s] -- Searching for dependencies of gz-utils2-cli
[3.022s] -- Looking for gz-msgs10 -- found version 10.3.0
[3.023s] -- Searching for dependencies of gz-msgs10
[3.094s] -- Looking for gz-utils2 -- found version 2.2.0
[3.102s] -- Looking for gz-math7 -- found version 7.5.0
[3.102s] -- Searching for dependencies of gz-math7
[3.103s] -- Looking for gz-utils2 -- found version 2.2.0
[3.120s] -- Checking for module 'tinyxml2'
[3.161s] --   Found tinyxml2, version 9.0.0
[3.587s] -- Found ament_lint_auto: 0.12.11 (/opt/ros/humble/share/ament_lint_auto/cmake)
[3.862s] -- Added test 'copyright' to check source files copyright and LICENSE
[3.876s] -- Added test 'cppcheck' to perform static code analysis on C / C++ code
[3.877s] -- Configured cppcheck include dirs: /home/vyom/cognipilot/cranium/src/synapse_gz/src/clients
[3.877s] -- Configured cppcheck exclude dirs and/or files: 
[3.889s] -- Added test 'cpplint' to check C / C++ code against the Google style
[3.889s] -- Configured cpplint exclude dirs and/or files: 
[3.890s] -- Added test 'flake8' to check Python code syntax and style conventions
[3.895s] -- Added test 'lint_cmake' to check CMake code style
[3.897s] -- Added test 'pep257' to check Python code against some of the docstring style conventions in PEP 257
[3.909s] -- Added test 'uncrustify' to check C / C++ code style
[3.909s] -- Configured uncrustify additional arguments: 
[3.910s] -- Added test 'xmllint' to check XML markup files
[3.915s] -- Configuring done
[3.965s] -- Generating done
[3.968s] -- Build files have been written to: /home/vyom/cognipilot/cranium/build/synapse_gz
[3.992s] Invoked command in '/home/vyom/cognipilot/cranium/build/synapse_gz' returned '0': CMAKE_PREFIX_PATH=/home/vyom/cognipilot/cranium/install/synapse_tinyframe:/home/vyom/cognipilot/cranium/install/synapse_protobuf:/home/vyom/cognipilot/cranium/install/synapse_ros:/home/vyom/cognipilot/cranium/install/synapse_gz:/home/vyom/cognipilot/cranium/install/corti:/home/vyom/cognipilot/cranium/install/synapse_msgs:/home/vyom/cognipilot/cranium/install/dream_world:/home/vyom/cognipilot/cranium/install/cerebri_bringup:/home/vyom/cognipilot/cranium/install/b3rb_simulator:/home/vyom/cognipilot/cranium/install/b3rb_desktop:/home/vyom/cognipilot/cranium/install/b3rb_rviz:/home/vyom/cognipilot/cranium/install/b3rb_nav2:/home/vyom/cognipilot/cranium/install/b3rb_gz_resource:/home/vyom/cognipilot/cranium/install/b3rb_gz_bringup:/home/vyom/cognipilot/cranium/install/b3rb_description:/home/vyom/cognipilot/electrode/install/electrode:/home/vyom/cognipilot/cranium/install/nxp_cup_vision:/home/vyom/cognipilot/cranium/install/b3rb_ros_line_follower:/opt/ros/humble /usr/bin/cmake /home/vyom/cognipilot/cranium/src/synapse_gz -DAMENT_CMAKE_SYMLINK_INSTALL=1 -DCMAKE_INSTALL_PREFIX=/home/vyom/cognipilot/cranium/install/synapse_gz
[3.996s] Invoking command in '/home/vyom/cognipilot/cranium/build/synapse_gz': CMAKE_PREFIX_PATH=/home/vyom/cognipilot/cranium/install/synapse_tinyframe:/home/vyom/cognipilot/cranium/install/synapse_protobuf:/home/vyom/cognipilot/cranium/install/synapse_ros:/home/vyom/cognipilot/cranium/install/synapse_gz:/home/vyom/cognipilot/cranium/install/corti:/home/vyom/cognipilot/cranium/install/synapse_msgs:/home/vyom/cognipilot/cranium/install/dream_world:/home/vyom/cognipilot/cranium/install/cerebri_bringup:/home/vyom/cognipilot/cranium/install/b3rb_simulator:/home/vyom/cognipilot/cranium/install/b3rb_desktop:/home/vyom/cognipilot/cranium/install/b3rb_rviz:/home/vyom/cognipilot/cranium/install/b3rb_nav2:/home/vyom/cognipilot/cranium/install/b3rb_gz_resource:/home/vyom/cognipilot/cranium/install/b3rb_gz_bringup:/home/vyom/cognipilot/cranium/install/b3rb_description:/home/vyom/cognipilot/electrode/install/electrode:/home/vyom/cognipilot/cranium/install/nxp_cup_vision:/home/vyom/cognipilot/cranium/install/b3rb_ros_line_follower:/opt/ros/humble /usr/bin/cmake --build /home/vyom/cognipilot/cranium/build/synapse_gz -- -j8 -l8
[4.134s] [35m[1mConsolidate compiler generated dependencies of target synapse_gz[0m
[4.321s] [100%] Built target synapse_gz
[4.367s] Invoked command in '/home/vyom/cognipilot/cranium/build/synapse_gz' returned '0': CMAKE_PREFIX_PATH=/home/vyom/cognipilot/cranium/install/synapse_tinyframe:/home/vyom/cognipilot/cranium/install/synapse_protobuf:/home/vyom/cognipilot/cranium/install/synapse_ros:/home/vyom/cognipilot/cranium/install/synapse_gz:/home/vyom/cognipilot/cranium/install/corti:/home/vyom/cognipilot/cranium/install/synapse_msgs:/home/vyom/cognipilot/cranium/install/dream_world:/home/vyom/cognipilot/cranium/install/cerebri_bringup:/home/vyom/cognipilot/cranium/install/b3rb_simulator:/home/vyom/cognipilot/cranium/install/b3rb_desktop:/home/vyom/cognipilot/cranium/install/b3rb_rviz:/home/vyom/cognipilot/cranium/install/b3rb_nav2:/home/vyom/cognipilot/cranium/install/b3rb_gz_resource:/home/vyom/cognipilot/cranium/install/b3rb_gz_bringup:/home/vyom/cognipilot/cranium/install/b3rb_description:/home/vyom/cognipilot/electrode/install/electrode:/home/vyom/cognipilot/cranium/install/nxp_cup_vision:/home/vyom/cognipilot/cranium/install/b3rb_ros_line_follower:/opt/ros/humble /usr/bin/cmake --build /home/vyom/cognipilot/cranium/build/synapse_gz -- -j8 -l8
[4.521s] Invoking command in '/home/vyom/cognipilot/cranium/build/synapse_gz': CMAKE_PREFIX_PATH=/home/vyom/cognipilot/cranium/install/synapse_tinyframe:/home/vyom/cognipilot/cranium/install/synapse_protobuf:/home/vyom/cognipilot/cranium/install/synapse_ros:/home/vyom/cognipilot/cranium/install/synapse_gz:/home/vyom/cognipilot/cranium/install/corti:/home/vyom/cognipilot/cranium/install/synapse_msgs:/home/vyom/cognipilot/cranium/install/dream_world:/home/vyom/cognipilot/cranium/install/cerebri_bringup:/home/vyom/cognipilot/cranium/install/b3rb_simulator:/home/vyom/cognipilot/cranium/install/b3rb_desktop:/home/vyom/cognipilot/cranium/install/b3rb_rviz:/home/vyom/cognipilot/cranium/install/b3rb_nav2:/home/vyom/cognipilot/cranium/install/b3rb_gz_resource:/home/vyom/cognipilot/cranium/install/b3rb_gz_bringup:/home/vyom/cognipilot/cranium/install/b3rb_description:/home/vyom/cognipilot/electrode/install/electrode:/home/vyom/cognipilot/cranium/install/nxp_cup_vision:/home/vyom/cognipilot/cranium/install/b3rb_ros_line_follower:/opt/ros/humble /usr/bin/cmake --install /home/vyom/cognipilot/cranium/build/synapse_gz
[4.544s] -- Install configuration: ""
[4.545s] -- Execute custom install script
[4.550s] -- Up-to-date symlink: /home/vyom/cognipilot/cranium/install/synapse_gz/lib/synapse_gz/synapse_gz
[4.550s] -- Up-to-date symlink: /home/vyom/cognipilot/cranium/install/synapse_gz/share/synapse_gz/launch/synapse_gz.launch.py
[4.550s] -- Up-to-date symlink: /home/vyom/cognipilot/cranium/install/synapse_gz/share/ament_index/resource_index/package_run_dependencies/synapse_gz
[4.551s] -- Up-to-date symlink: /home/vyom/cognipilot/cranium/install/synapse_gz/share/ament_index/resource_index/parent_prefix_path/synapse_gz
[4.551s] -- Up-to-date symlink: /home/vyom/cognipilot/cranium/install/synapse_gz/share/synapse_gz/environment/ament_prefix_path.sh
[4.553s] -- Up-to-date symlink: /home/vyom/cognipilot/cranium/install/synapse_gz/share/synapse_gz/environment/ament_prefix_path.dsv
[4.553s] -- Up-to-date symlink: /home/vyom/cognipilot/cranium/install/synapse_gz/share/synapse_gz/environment/path.sh
[4.553s] -- Up-to-date symlink: /home/vyom/cognipilot/cranium/install/synapse_gz/share/synapse_gz/environment/path.dsv
[4.554s] -- Up-to-date symlink: /home/vyom/cognipilot/cranium/install/synapse_gz/share/synapse_gz/local_setup.bash
[4.555s] -- Up-to-date symlink: /home/vyom/cognipilot/cranium/install/synapse_gz/share/synapse_gz/local_setup.sh
[4.555s] -- Up-to-date symlink: /home/vyom/cognipilot/cranium/install/synapse_gz/share/synapse_gz/local_setup.zsh
[4.556s] -- Up-to-date symlink: /home/vyom/cognipilot/cranium/install/synapse_gz/share/synapse_gz/local_setup.dsv
[4.557s] -- Symlinking: /home/vyom/cognipilot/cranium/install/synapse_gz/share/synapse_gz/package.dsv
[4.590s] -- Up-to-date symlink: /home/vyom/cognipilot/cranium/install/synapse_gz/share/ament_index/resource_index/packages/synapse_gz
[4.592s] -- Up-to-date symlink: /home/vyom/cognipilot/cranium/install/synapse_gz/share/synapse_gz/cmake/synapse_gzConfig.cmake
[4.592s] -- Up-to-date symlink: /home/vyom/cognipilot/cranium/install/synapse_gz/share/synapse_gz/cmake/synapse_gzConfig-version.cmake
[4.593s] -- Up-to-date symlink: /home/vyom/cognipilot/cranium/install/synapse_gz/share/synapse_gz/package.xml
[4.603s] Invoked command in '/home/vyom/cognipilot/cranium/build/synapse_gz' returned '0': CMAKE_PREFIX_PATH=/home/vyom/cognipilot/cranium/install/synapse_tinyframe:/home/vyom/cognipilot/cranium/install/synapse_protobuf:/home/vyom/cognipilot/cranium/install/synapse_ros:/home/vyom/cognipilot/cranium/install/synapse_gz:/home/vyom/cognipilot/cranium/install/corti:/home/vyom/cognipilot/cranium/install/synapse_msgs:/home/vyom/cognipilot/cranium/install/dream_world:/home/vyom/cognipilot/cranium/install/cerebri_bringup:/home/vyom/cognipilot/cranium/install/b3rb_simulator:/home/vyom/cognipilot/cranium/install/b3rb_desktop:/home/vyom/cognipilot/cranium/install/b3rb_rviz:/home/vyom/cognipilot/cranium/install/b3rb_nav2:/home/vyom/cognipilot/cranium/install/b3rb_gz_resource:/home/vyom/cognipilot/cranium/install/b3rb_gz_bringup:/home/vyom/cognipilot/cranium/install/b3rb_description:/home/vyom/cognipilot/electrode/install/electrode:/home/vyom/cognipilot/cranium/install/nxp_cup_vision:/home/vyom/cognipilot/cranium/install/b3rb_ros_line_follower:/opt/ros/humble /usr/bin/cmake --install /home/vyom/cognipilot/cranium/build/synapse_gz
