[0.104s] Invoking command in '/home/vyom/cognipilot/cranium/build/cerebri_bringup': CMAKE_PREFIX_PATH=/opt/ros/humble /usr/bin/cmake --build /home/vyom/cognipilot/cranium/build/cerebri_bringup -- -j8 -l8
[0.169s] Invoked command in '/home/vyom/cognipilot/cranium/build/cerebri_bringup' returned '0': CMAKE_PREFIX_PATH=/opt/ros/humble /usr/bin/cmake --build /home/vyom/cognipilot/cranium/build/cerebri_bringup -- -j8 -l8
[0.210s] Invoking command in '/home/vyom/cognipilot/cranium/build/cerebri_bringup': CMAKE_PREFIX_PATH=/opt/ros/humble /usr/bin/cmake --install /home/vyom/cognipilot/cranium/build/cerebri_bringup
[0.227s] -- Install configuration: ""
[0.228s] -- Execute custom install script
[0.228s] -- Up-to-date symlink: /home/vyom/cognipilot/cranium/install/cerebri_bringup/share/cerebri_bringup/launch/cerebri.launch.py
[0.228s] -- Up-to-date symlink: /home/vyom/cognipilot/cranium/install/cerebri_bringup/share/ament_index/resource_index/package_run_dependencies/cerebri_bringup
[0.229s] -- Up-to-date symlink: /home/vyom/cognipilot/cranium/install/cerebri_bringup/share/ament_index/resource_index/parent_prefix_path/cerebri_bringup
[0.229s] -- Up-to-date symlink: /home/vyom/cognipilot/cranium/install/cerebri_bringup/share/cerebri_bringup/environment/ament_prefix_path.sh
[0.230s] -- Up-to-date symlink: /home/vyom/cognipilot/cranium/install/cerebri_bringup/share/cerebri_bringup/environment/ament_prefix_path.dsv
[0.230s] -- Up-to-date symlink: /home/vyom/cognipilot/cranium/install/cerebri_bringup/share/cerebri_bringup/environment/path.sh
[0.232s] -- Up-to-date symlink: /home/vyom/cognipilot/cranium/install/cerebri_bringup/share/cerebri_bringup/environment/path.dsv
[0.232s] -- Up-to-date symlink: /home/vyom/cognipilot/cranium/install/cerebri_bringup/share/cerebri_bringup/local_setup.bash
[0.232s] -- Up-to-date symlink: /home/vyom/cognipilot/cranium/install/cerebri_bringup/share/cerebri_bringup/local_setup.sh
[0.233s] -- Up-to-date symlink: /home/vyom/cognipilot/cranium/install/cerebri_bringup/share/cerebri_bringup/local_setup.zsh
[0.233s] -- Up-to-date symlink: /home/vyom/cognipilot/cranium/install/cerebri_bringup/share/cerebri_bringup/local_setup.dsv
[0.233s] -- Symlinking: /home/vyom/cognipilot/cranium/install/cerebri_bringup/share/cerebri_bringup/package.dsv
[0.241s] -- Up-to-date symlink: /home/vyom/cognipilot/cranium/install/cerebri_bringup/share/ament_index/resource_index/packages/cerebri_bringup
[0.242s] -- Up-to-date symlink: /home/vyom/cognipilot/cranium/install/cerebri_bringup/share/cerebri_bringup/cmake/cerebri_bringupConfig.cmake
[0.243s] -- Up-to-date symlink: /home/vyom/cognipilot/cranium/install/cerebri_bringup/share/cerebri_bringup/cmake/cerebri_bringupConfig-version.cmake
[0.243s] -- Up-to-date symlink: /home/vyom/cognipilot/cranium/install/cerebri_bringup/share/cerebri_bringup/package.xml
[0.251s] Invoked command in '/home/vyom/cognipilot/cranium/build/cerebri_bringup' returned '0': CMAKE_PREFIX_PATH=/opt/ros/humble /usr/bin/cmake --install /home/vyom/cognipilot/cranium/build/cerebri_bringup
