[0.065s] Invoking command in '/home/vyom/cognipilot/cranium/build/b3rb_desktop': CMAKE_PREFIX_PATH=/home/vyom/cognipilot/cranium/install/b3rb_rviz:/home/vyom/cognipilot/cranium/install/synapse_ros:/home/vyom/cognipilot/cranium/install/synapse_gz:/home/vyom/cognipilot/cranium/install/synapse_tinyframe:/home/vyom/cognipilot/cranium/install/synapse_protobuf:/home/vyom/cognipilot/cranium/install/corti:/home/vyom/cognipilot/cranium/install/synapse_msgs:/home/vyom/cognipilot/cranium/install/dream_world:/home/vyom/cognipilot/cranium/install/cerebri_bringup:/home/vyom/cognipilot/cranium/install/b3rb_simulator:/home/vyom/cognipilot/cranium/install/b3rb_desktop:/home/vyom/cognipilot/cranium/install/b3rb_nav2:/home/vyom/cognipilot/cranium/install/b3rb_gz_resource:/home/vyom/cognipilot/cranium/install/b3rb_gz_bringup:/home/vyom/cognipilot/cranium/install/b3rb_description:/home/vyom/cognipilot/electrode/install/electrode:/home/vyom/cognipilot/cranium/install/nxp_cup_vision:/opt/ros/humble /usr/bin/cmake /home/vyom/cognipilot/cranium/src/b3rb_desktop/b3rb_desktop -DCMAKE_INSTALL_PREFIX=/home/vyom/cognipilot/cranium/install/b3rb_desktop
[0.109s] -- Found ament_cmake: 1.3.9 (/opt/ros/humble/share/ament_cmake/cmake)
[0.301s] -- Override CMake install command with custom implementation using symlinks instead of copying resources
[0.310s] -- Found ament_lint_auto: 0.12.11 (/opt/ros/humble/share/ament_lint_auto/cmake)
[0.459s] -- Added test 'lint_cmake' to check CMake code style
[0.461s] -- Added test 'xmllint' to check XML markup files
[0.463s] -- Configuring done
[0.470s] -- Generating done
[0.471s] -- Build files have been written to: /home/vyom/cognipilot/cranium/build/b3rb_desktop
[0.475s] Invoked command in '/home/vyom/cognipilot/cranium/build/b3rb_desktop' returned '0': CMAKE_PREFIX_PATH=/home/vyom/cognipilot/cranium/install/b3rb_rviz:/home/vyom/cognipilot/cranium/install/synapse_ros:/home/vyom/cognipilot/cranium/install/synapse_gz:/home/vyom/cognipilot/cranium/install/synapse_tinyframe:/home/vyom/cognipilot/cranium/install/synapse_protobuf:/home/vyom/cognipilot/cranium/install/corti:/home/vyom/cognipilot/cranium/install/synapse_msgs:/home/vyom/cognipilot/cranium/install/dream_world:/home/vyom/cognipilot/cranium/install/cerebri_bringup:/home/vyom/cognipilot/cranium/install/b3rb_simulator:/home/vyom/cognipilot/cranium/install/b3rb_desktop:/home/vyom/cognipilot/cranium/install/b3rb_nav2:/home/vyom/cognipilot/cranium/install/b3rb_gz_resource:/home/vyom/cognipilot/cranium/install/b3rb_gz_bringup:/home/vyom/cognipilot/cranium/install/b3rb_description:/home/vyom/cognipilot/electrode/install/electrode:/home/vyom/cognipilot/cranium/install/nxp_cup_vision:/opt/ros/humble /usr/bin/cmake /home/vyom/cognipilot/cranium/src/b3rb_desktop/b3rb_desktop -DCMAKE_INSTALL_PREFIX=/home/vyom/cognipilot/cranium/install/b3rb_desktop
[0.477s] Invoking command in '/home/vyom/cognipilot/cranium/build/b3rb_desktop': CMAKE_PREFIX_PATH=/home/vyom/cognipilot/cranium/install/b3rb_rviz:/home/vyom/cognipilot/cranium/install/synapse_ros:/home/vyom/cognipilot/cranium/install/synapse_gz:/home/vyom/cognipilot/cranium/install/synapse_tinyframe:/home/vyom/cognipilot/cranium/install/synapse_protobuf:/home/vyom/cognipilot/cranium/install/corti:/home/vyom/cognipilot/cranium/install/synapse_msgs:/home/vyom/cognipilot/cranium/install/dream_world:/home/vyom/cognipilot/cranium/install/cerebri_bringup:/home/vyom/cognipilot/cranium/install/b3rb_simulator:/home/vyom/cognipilot/cranium/install/b3rb_desktop:/home/vyom/cognipilot/cranium/install/b3rb_nav2:/home/vyom/cognipilot/cranium/install/b3rb_gz_resource:/home/vyom/cognipilot/cranium/install/b3rb_gz_bringup:/home/vyom/cognipilot/cranium/install/b3rb_description:/home/vyom/cognipilot/electrode/install/electrode:/home/vyom/cognipilot/cranium/install/nxp_cup_vision:/opt/ros/humble /usr/bin/cmake --build /home/vyom/cognipilot/cranium/build/b3rb_desktop -- -j8 -l8
[0.529s] Invoked command in '/home/vyom/cognipilot/cranium/build/b3rb_desktop' returned '0': CMAKE_PREFIX_PATH=/home/vyom/cognipilot/cranium/install/b3rb_rviz:/home/vyom/cognipilot/cranium/install/synapse_ros:/home/vyom/cognipilot/cranium/install/synapse_gz:/home/vyom/cognipilot/cranium/install/synapse_tinyframe:/home/vyom/cognipilot/cranium/install/synapse_protobuf:/home/vyom/cognipilot/cranium/install/corti:/home/vyom/cognipilot/cranium/install/synapse_msgs:/home/vyom/cognipilot/cranium/install/dream_world:/home/vyom/cognipilot/cranium/install/cerebri_bringup:/home/vyom/cognipilot/cranium/install/b3rb_simulator:/home/vyom/cognipilot/cranium/install/b3rb_desktop:/home/vyom/cognipilot/cranium/install/b3rb_nav2:/home/vyom/cognipilot/cranium/install/b3rb_gz_resource:/home/vyom/cognipilot/cranium/install/b3rb_gz_bringup:/home/vyom/cognipilot/cranium/install/b3rb_description:/home/vyom/cognipilot/electrode/install/electrode:/home/vyom/cognipilot/cranium/install/nxp_cup_vision:/opt/ros/humble /usr/bin/cmake --build /home/vyom/cognipilot/cranium/build/b3rb_desktop -- -j8 -l8
[0.564s] Invoking command in '/home/vyom/cognipilot/cranium/build/b3rb_desktop': CMAKE_PREFIX_PATH=/home/vyom/cognipilot/cranium/install/b3rb_rviz:/home/vyom/cognipilot/cranium/install/synapse_ros:/home/vyom/cognipilot/cranium/install/synapse_gz:/home/vyom/cognipilot/cranium/install/synapse_tinyframe:/home/vyom/cognipilot/cranium/install/synapse_protobuf:/home/vyom/cognipilot/cranium/install/corti:/home/vyom/cognipilot/cranium/install/synapse_msgs:/home/vyom/cognipilot/cranium/install/dream_world:/home/vyom/cognipilot/cranium/install/cerebri_bringup:/home/vyom/cognipilot/cranium/install/b3rb_simulator:/home/vyom/cognipilot/cranium/install/b3rb_desktop:/home/vyom/cognipilot/cranium/install/b3rb_nav2:/home/vyom/cognipilot/cranium/install/b3rb_gz_resource:/home/vyom/cognipilot/cranium/install/b3rb_gz_bringup:/home/vyom/cognipilot/cranium/install/b3rb_description:/home/vyom/cognipilot/electrode/install/electrode:/home/vyom/cognipilot/cranium/install/nxp_cup_vision:/opt/ros/humble /usr/bin/cmake --install /home/vyom/cognipilot/cranium/build/b3rb_desktop
[0.575s] -- Install configuration: ""
[0.575s] -- Execute custom install script
[0.576s] -- Up-to-date symlink: /home/vyom/cognipilot/cranium/install/b3rb_desktop/share/ament_index/resource_index/package_run_dependencies/b3rb_desktop
[0.576s] -- Up-to-date symlink: /home/vyom/cognipilot/cranium/install/b3rb_desktop/share/ament_index/resource_index/parent_prefix_path/b3rb_desktop
[0.577s] -- Up-to-date symlink: /home/vyom/cognipilot/cranium/install/b3rb_desktop/share/b3rb_desktop/environment/ament_prefix_path.sh
[0.581s] -- Up-to-date symlink: /home/vyom/cognipilot/cranium/install/b3rb_desktop/share/b3rb_desktop/environment/ament_prefix_path.dsv
[0.583s] -- Up-to-date symlink: /home/vyom/cognipilot/cranium/install/b3rb_desktop/share/b3rb_desktop/environment/path.sh
[0.584s] -- Up-to-date symlink: /home/vyom/cognipilot/cranium/install/b3rb_desktop/share/b3rb_desktop/environment/path.dsv
[0.584s] -- Up-to-date symlink: /home/vyom/cognipilot/cranium/install/b3rb_desktop/share/b3rb_desktop/local_setup.bash
[0.584s] -- Up-to-date symlink: /home/vyom/cognipilot/cranium/install/b3rb_desktop/share/b3rb_desktop/local_setup.sh
[0.584s] -- Up-to-date symlink: /home/vyom/cognipilot/cranium/install/b3rb_desktop/share/b3rb_desktop/local_setup.zsh
[0.584s] -- Up-to-date symlink: /home/vyom/cognipilot/cranium/install/b3rb_desktop/share/b3rb_desktop/local_setup.dsv
[0.584s] -- Symlinking: /home/vyom/cognipilot/cranium/install/b3rb_desktop/share/b3rb_desktop/package.dsv
[0.598s] -- Up-to-date symlink: /home/vyom/cognipilot/cranium/install/b3rb_desktop/share/ament_index/resource_index/packages/b3rb_desktop
[0.598s] -- Up-to-date symlink: /home/vyom/cognipilot/cranium/install/b3rb_desktop/share/b3rb_desktop/cmake/b3rb_desktopConfig.cmake
[0.598s] -- Up-to-date symlink: /home/vyom/cognipilot/cranium/install/b3rb_desktop/share/b3rb_desktop/cmake/b3rb_desktopConfig-version.cmake
[0.598s] -- Up-to-date symlink: /home/vyom/cognipilot/cranium/install/b3rb_desktop/share/b3rb_desktop/package.xml
[0.599s] Invoked command in '/home/vyom/cognipilot/cranium/build/b3rb_desktop' returned '0': CMAKE_PREFIX_PATH=/home/vyom/cognipilot/cranium/install/b3rb_rviz:/home/vyom/cognipilot/cranium/install/synapse_ros:/home/vyom/cognipilot/cranium/install/synapse_gz:/home/vyom/cognipilot/cranium/install/synapse_tinyframe:/home/vyom/cognipilot/cranium/install/synapse_protobuf:/home/vyom/cognipilot/cranium/install/corti:/home/vyom/cognipilot/cranium/install/synapse_msgs:/home/vyom/cognipilot/cranium/install/dream_world:/home/vyom/cognipilot/cranium/install/cerebri_bringup:/home/vyom/cognipilot/cranium/install/b3rb_simulator:/home/vyom/cognipilot/cranium/install/b3rb_desktop:/home/vyom/cognipilot/cranium/install/b3rb_nav2:/home/vyom/cognipilot/cranium/install/b3rb_gz_resource:/home/vyom/cognipilot/cranium/install/b3rb_gz_bringup:/home/vyom/cognipilot/cranium/install/b3rb_description:/home/vyom/cognipilot/electrode/install/electrode:/home/vyom/cognipilot/cranium/install/nxp_cup_vision:/opt/ros/humble /usr/bin/cmake --install /home/vyom/cognipilot/cranium/build/b3rb_desktop
