[0.024s] Invoking command in '/home/vyom/cognipilot/cranium/build/b3rb_gz_resource': CMAKE_PREFIX_PATH=/opt/ros/humble /usr/bin/cmake /home/vyom/cognipilot/cranium/src/b3rb_simulator/b3rb_gz_resource -DAMENT_CMAKE_SYMLINK_INSTALL=1 -DCMAKE_INSTALL_PREFIX=/home/vyom/cognipilot/cranium/install/b3rb_gz_resource
[0.175s] -- The C compiler identification is GNU 11.4.0
[0.346s] -- The CXX compiler identification is GNU 11.4.0
[0.357s] -- Detecting C compiler ABI info
[0.494s] -- Detecting C compiler ABI info - done
[0.502s] -- Check for working C compiler: /usr/bin/cc - skipped
[0.502s] -- Detecting C compile features
[0.503s] -- Detecting C compile features - done
[0.509s] -- Detecting CXX compiler ABI info
[0.667s] -- Detecting CXX compiler ABI info - done
[0.670s] -- Check for working CXX compiler: /usr/bin/c++ - skipped
[0.670s] -- Detecting CXX compile features
[0.670s] -- Detecting CXX compile features - done
[0.676s] -- Found ament_cmake: 1.3.9 (/opt/ros/humble/share/ament_cmake/cmake)
[1.008s] -- Found Python3: /usr/bin/python3 (found version "3.10.12") found components: Interpreter 
[1.149s] -- Override CMake install command with custom implementation using symlinks instead of copying resources
[1.192s] -- Found ament_lint_auto: 0.12.11 (/opt/ros/humble/share/ament_lint_auto/cmake)
[1.342s] -- Added test 'copyright' to check source files copyright and LICENSE
[1.347s] -- Added test 'lint_cmake' to check CMake code style
[1.349s] -- Added test 'xmllint' to check XML markup files
[1.351s] -- Configuring done
[1.359s] -- Generating done
[1.360s] -- Build files have been written to: /home/vyom/cognipilot/cranium/build/b3rb_gz_resource
[1.365s] Invoked command in '/home/vyom/cognipilot/cranium/build/b3rb_gz_resource' returned '0': CMAKE_PREFIX_PATH=/opt/ros/humble /usr/bin/cmake /home/vyom/cognipilot/cranium/src/b3rb_simulator/b3rb_gz_resource -DAMENT_CMAKE_SYMLINK_INSTALL=1 -DCMAKE_INSTALL_PREFIX=/home/vyom/cognipilot/cranium/install/b3rb_gz_resource
[1.366s] Invoking command in '/home/vyom/cognipilot/cranium/build/b3rb_gz_resource': CMAKE_PREFIX_PATH=/opt/ros/humble /usr/bin/cmake --build /home/vyom/cognipilot/cranium/build/b3rb_gz_resource -- -j8 -l8
[1.430s] Invoked command in '/home/vyom/cognipilot/cranium/build/b3rb_gz_resource' returned '0': CMAKE_PREFIX_PATH=/opt/ros/humble /usr/bin/cmake --build /home/vyom/cognipilot/cranium/build/b3rb_gz_resource -- -j8 -l8
[1.475s] Invoking command in '/home/vyom/cognipilot/cranium/build/b3rb_gz_resource': CMAKE_PREFIX_PATH=/opt/ros/humble /usr/bin/cmake --install /home/vyom/cognipilot/cranium/build/b3rb_gz_resource
[1.484s] -- Install configuration: ""
[1.485s] -- Execute custom install script
[1.486s] -- Symlinking: /home/vyom/cognipilot/cranium/install/b3rb_gz_resource/share/b3rb_gz_resource/models/b3rb/materials/textures/CogniPilot.png
[1.507s] -- Symlinking: /home/vyom/cognipilot/cranium/install/b3rb_gz_resource/share/b3rb_gz_resource/models/b3rb/materials/textures/NXP.png
[1.512s] -- Symlinking: /home/vyom/cognipilot/cranium/install/b3rb_gz_resource/share/b3rb_gz_resource/models/b3rb/meshes/STL27L.dae
[1.524s] -- Symlinking: /home/vyom/cognipilot/cranium/install/b3rb_gz_resource/share/b3rb_gz_resource/models/b3rb/meshes/b3rb.dae
[1.541s] -- Symlinking: /home/vyom/cognipilot/cranium/install/b3rb_gz_resource/share/b3rb_gz_resource/models/b3rb/meshes/wheel.dae
[1.556s] -- Symlinking: /home/vyom/cognipilot/cranium/install/b3rb_gz_resource/share/b3rb_gz_resource/models/b3rb/model.config
[1.575s] -- Symlinking: /home/vyom/cognipilot/cranium/install/b3rb_gz_resource/share/b3rb_gz_resource/models/b3rb/model.sdf
[1.584s] -- Symlinking: /home/vyom/cognipilot/cranium/install/b3rb_gz_resource/share/b3rb_gz_resource/environment/b3rb_gz_resource.dsv
[1.597s] -- Symlinking: /home/vyom/cognipilot/cranium/install/b3rb_gz_resource/share/ament_index/resource_index/package_run_dependencies/b3rb_gz_resource
[1.611s] -- Symlinking: /home/vyom/cognipilot/cranium/install/b3rb_gz_resource/share/ament_index/resource_index/parent_prefix_path/b3rb_gz_resource
[1.623s] -- Symlinking: /home/vyom/cognipilot/cranium/install/b3rb_gz_resource/share/b3rb_gz_resource/environment/ament_prefix_path.sh
[1.636s] -- Symlinking: /home/vyom/cognipilot/cranium/install/b3rb_gz_resource/share/b3rb_gz_resource/environment/ament_prefix_path.dsv
[1.647s] -- Symlinking: /home/vyom/cognipilot/cranium/install/b3rb_gz_resource/share/b3rb_gz_resource/environment/path.sh
[1.660s] -- Symlinking: /home/vyom/cognipilot/cranium/install/b3rb_gz_resource/share/b3rb_gz_resource/environment/path.dsv
[1.672s] -- Symlinking: /home/vyom/cognipilot/cranium/install/b3rb_gz_resource/share/b3rb_gz_resource/local_setup.bash
[1.684s] -- Symlinking: /home/vyom/cognipilot/cranium/install/b3rb_gz_resource/share/b3rb_gz_resource/local_setup.sh
[1.695s] -- Symlinking: /home/vyom/cognipilot/cranium/install/b3rb_gz_resource/share/b3rb_gz_resource/local_setup.zsh
[1.729s] -- Symlinking: /home/vyom/cognipilot/cranium/install/b3rb_gz_resource/share/b3rb_gz_resource/local_setup.dsv
[1.729s] -- Symlinking: /home/vyom/cognipilot/cranium/install/b3rb_gz_resource/share/b3rb_gz_resource/package.dsv
[1.730s] -- Symlinking: /home/vyom/cognipilot/cranium/install/b3rb_gz_resource/share/ament_index/resource_index/packages/b3rb_gz_resource
[1.744s] -- Symlinking: /home/vyom/cognipilot/cranium/install/b3rb_gz_resource/share/b3rb_gz_resource/cmake/b3rb_gz_resourceConfig.cmake
[1.754s] -- Symlinking: /home/vyom/cognipilot/cranium/install/b3rb_gz_resource/share/b3rb_gz_resource/cmake/b3rb_gz_resourceConfig-version.cmake
[1.775s] -- Symlinking: /home/vyom/cognipilot/cranium/install/b3rb_gz_resource/share/b3rb_gz_resource/package.xml
[1.818s] Invoked command in '/home/vyom/cognipilot/cranium/build/b3rb_gz_resource' returned '0': CMAKE_PREFIX_PATH=/opt/ros/humble /usr/bin/cmake --install /home/vyom/cognipilot/cranium/build/b3rb_gz_resource
