[0.024s] Invoking command in '/home/vyom/cognipilot/cranium/build/b3rb_gz_bringup': CMAKE_PREFIX_PATH=/opt/ros/humble /usr/bin/cmake /home/vyom/cognipilot/cranium/src/b3rb_simulator/b3rb_gz_bringup -DAMENT_CMAKE_SYMLINK_INSTALL=1 -DCMAKE_INSTALL_PREFIX=/home/vyom/cognipilot/cranium/install/b3rb_gz_bringup
[0.178s] -- The C compiler identification is GNU 11.4.0
[0.348s] -- The CXX compiler identification is GNU 11.4.0
[0.360s] -- Detecting C compiler ABI info
[0.497s] -- Detecting C compiler ABI info - done
[0.504s] -- Check for working C compiler: /usr/bin/cc - skipped
[0.504s] -- Detecting C compile features
[0.505s] -- Detecting C compile features - done
[0.510s] -- Detecting CXX compiler ABI info
[0.669s] -- Detecting CXX compiler ABI info - done
[0.672s] -- Check for working CXX compiler: /usr/bin/c++ - skipped
[0.673s] -- Detecting CXX compile features
[0.673s] -- Detecting CXX compile features - done
[0.679s] -- Found ament_cmake: 1.3.9 (/opt/ros/humble/share/ament_cmake/cmake)
[1.011s] -- Found Python3: /usr/bin/python3 (found version "3.10.12") found components: Interpreter 
[1.152s] -- Override CMake install command with custom implementation using symlinks instead of copying resources
[1.195s] -- Found ament_lint_auto: 0.12.11 (/opt/ros/humble/share/ament_lint_auto/cmake)
[1.353s] -- Added test 'copyright' to check source files copyright and LICENSE
[1.362s] -- Added test 'flake8' to check Python code syntax and style conventions
[1.362s] -- Added test 'lint_cmake' to check CMake code style
[1.362s] -- Added test 'pep257' to check Python code against some of the docstring style conventions in PEP 257
[1.362s] -- Added test 'xmllint' to check XML markup files
[1.363s] -- Configuring done
[1.371s] -- Generating done
[1.372s] -- Build files have been written to: /home/vyom/cognipilot/cranium/build/b3rb_gz_bringup
[1.377s] Invoked command in '/home/vyom/cognipilot/cranium/build/b3rb_gz_bringup' returned '0': CMAKE_PREFIX_PATH=/opt/ros/humble /usr/bin/cmake /home/vyom/cognipilot/cranium/src/b3rb_simulator/b3rb_gz_bringup -DAMENT_CMAKE_SYMLINK_INSTALL=1 -DCMAKE_INSTALL_PREFIX=/home/vyom/cognipilot/cranium/install/b3rb_gz_bringup
[1.378s] Invoking command in '/home/vyom/cognipilot/cranium/build/b3rb_gz_bringup': CMAKE_PREFIX_PATH=/opt/ros/humble /usr/bin/cmake --build /home/vyom/cognipilot/cranium/build/b3rb_gz_bringup -- -j8 -l8
[1.430s] Invoked command in '/home/vyom/cognipilot/cranium/build/b3rb_gz_bringup' returned '0': CMAKE_PREFIX_PATH=/opt/ros/humble /usr/bin/cmake --build /home/vyom/cognipilot/cranium/build/b3rb_gz_bringup -- -j8 -l8
[1.469s] Invoking command in '/home/vyom/cognipilot/cranium/build/b3rb_gz_bringup': CMAKE_PREFIX_PATH=/opt/ros/humble /usr/bin/cmake --install /home/vyom/cognipilot/cranium/build/b3rb_gz_bringup
[1.483s] -- Install configuration: ""
[1.484s] -- Execute custom install script
[1.485s] -- Symlinking: /home/vyom/cognipilot/cranium/install/b3rb_gz_bringup/share/b3rb_gz_bringup/launch/hil.launch.py
[1.498s] -- Symlinking: /home/vyom/cognipilot/cranium/install/b3rb_gz_bringup/share/b3rb_gz_bringup/launch/sil.launch.py
[1.513s] -- Symlinking: /home/vyom/cognipilot/cranium/install/b3rb_gz_bringup/share/ament_index/resource_index/package_run_dependencies/b3rb_gz_bringup
[1.526s] -- Symlinking: /home/vyom/cognipilot/cranium/install/b3rb_gz_bringup/share/ament_index/resource_index/parent_prefix_path/b3rb_gz_bringup
[1.540s] -- Symlinking: /home/vyom/cognipilot/cranium/install/b3rb_gz_bringup/share/b3rb_gz_bringup/environment/ament_prefix_path.sh
[1.552s] -- Symlinking: /home/vyom/cognipilot/cranium/install/b3rb_gz_bringup/share/b3rb_gz_bringup/environment/ament_prefix_path.dsv
[1.577s] -- Symlinking: /home/vyom/cognipilot/cranium/install/b3rb_gz_bringup/share/b3rb_gz_bringup/environment/path.sh
[1.584s] -- Symlinking: /home/vyom/cognipilot/cranium/install/b3rb_gz_bringup/share/b3rb_gz_bringup/environment/path.dsv
[1.596s] -- Symlinking: /home/vyom/cognipilot/cranium/install/b3rb_gz_bringup/share/b3rb_gz_bringup/local_setup.bash
[1.613s] -- Symlinking: /home/vyom/cognipilot/cranium/install/b3rb_gz_bringup/share/b3rb_gz_bringup/local_setup.sh
[1.624s] -- Symlinking: /home/vyom/cognipilot/cranium/install/b3rb_gz_bringup/share/b3rb_gz_bringup/local_setup.zsh
[1.637s] -- Symlinking: /home/vyom/cognipilot/cranium/install/b3rb_gz_bringup/share/b3rb_gz_bringup/local_setup.dsv
[1.649s] -- Symlinking: /home/vyom/cognipilot/cranium/install/b3rb_gz_bringup/share/b3rb_gz_bringup/package.dsv
[1.662s] -- Symlinking: /home/vyom/cognipilot/cranium/install/b3rb_gz_bringup/share/ament_index/resource_index/packages/b3rb_gz_bringup
[1.675s] -- Symlinking: /home/vyom/cognipilot/cranium/install/b3rb_gz_bringup/share/b3rb_gz_bringup/cmake/b3rb_gz_bringupConfig.cmake
[1.687s] -- Symlinking: /home/vyom/cognipilot/cranium/install/b3rb_gz_bringup/share/b3rb_gz_bringup/cmake/b3rb_gz_bringupConfig-version.cmake
[1.696s] -- Symlinking: /home/vyom/cognipilot/cranium/install/b3rb_gz_bringup/share/b3rb_gz_bringup/package.xml
[1.709s] Invoked command in '/home/vyom/cognipilot/cranium/build/b3rb_gz_bringup' returned '0': CMAKE_PREFIX_PATH=/opt/ros/humble /usr/bin/cmake --install /home/vyom/cognipilot/cranium/build/b3rb_gz_bringup
