[2.253s] Invoking command in '/home/vyom/cognipilot/cranium/build/synapse_ros': CMAKE_PREFIX_PATH=/home/vyom/cognipilot/cranium/install/synapse_tinyframe:/home/vyom/cognipilot/cranium/install/synapse_protobuf:/home/vyom/cognipilot/cranium/install/synapse_msgs:/home/vyom/cognipilot/cranium/install/synapse_ros:/home/vyom/cognipilot/cranium/install/synapse_gz:/home/vyom/cognipilot/cranium/install/corti:/home/vyom/cognipilot/cranium/install/dream_world:/home/vyom/cognipilot/cranium/install/cerebri_bringup:/home/vyom/cognipilot/cranium/install/b3rb_simulator:/home/vyom/cognipilot/cranium/install/b3rb_desktop:/home/vyom/cognipilot/cranium/install/b3rb_rviz:/home/vyom/cognipilot/cranium/install/b3rb_nav2:/home/vyom/cognipilot/cranium/install/b3rb_gz_resource:/home/vyom/cognipilot/cranium/install/b3rb_gz_bringup:/home/vyom/cognipilot/cranium/install/b3rb_description:/home/vyom/cognipilot/electrode/install/electrode:/home/vyom/cognipilot/cranium/install/nxp_cup_vision:/home/vyom/cognipilot/cranium/install/b3rb_ros_line_follower:/opt/ros/humble LD_LIBRARY_PATH=/home/vyom/cognipilot/cranium/install/synapse_msgs/lib:/home/vyom/cognipilot/cranium/install/synapse_tinyframe/lib:/home/vyom/cognipilot/cranium/install/synapse_protobuf/lib:/opt/ros/humble/opt/rviz_ogre_vendor/lib:/opt/ros/humble/lib/x86_64-linux-gnu:/opt/ros/humble/lib /usr/bin/cmake /home/vyom/cognipilot/cranium/src/synapse_ros -DAMENT_CMAKE_SYMLINK_INSTALL=1 -DCMAKE_INSTALL_PREFIX=/home/vyom/cognipilot/cranium/install/synapse_ros
[2.301s] -- Found ament_cmake: 1.3.9 (/opt/ros/humble/share/ament_cmake/cmake)
[2.783s] -- Override CMake install command with custom implementation using symlinks instead of copying resources
[2.830s] -- Found rclcpp: 16.0.9 (/opt/ros/humble/share/rclcpp/cmake)
[2.975s] -- Found rosidl_generator_c: 3.1.5 (/opt/ros/humble/share/rosidl_generator_c/cmake)
[2.992s] -- Found rosidl_adapter: 3.1.5 (/opt/ros/humble/share/rosidl_adapter/cmake)
[3.023s] -- Found rosidl_generator_cpp: 3.1.5 (/opt/ros/humble/share/rosidl_generator_cpp/cmake)
[3.100s] -- Using all available rosidl_typesupport_c: rosidl_typesupport_fastrtps_c;rosidl_typesupport_introspection_c
[3.179s] -- Using all available rosidl_typesupport_cpp: rosidl_typesupport_fastrtps_cpp;rosidl_typesupport_introspection_cpp
[3.430s] -- Found rmw_implementation_cmake: 6.1.2 (/opt/ros/humble/share/rmw_implementation_cmake/cmake)
[3.442s] -- Found rmw_cyclonedds_cpp: 1.3.4 (/opt/ros/humble/share/rmw_cyclonedds_cpp/cmake)
[3.570s] -- Using RMW implementation 'rmw_cyclonedds_cpp' as default
[4.180s] -- Found actuator_msgs: 0.0.1 (/opt/ros/humble/share/actuator_msgs/cmake)
[4.379s] -- Found nav_msgs: 4.2.4 (/opt/ros/humble/share/nav_msgs/cmake)
[4.862s] -- Found sensor_msgs: 4.2.4 (/opt/ros/humble/share/sensor_msgs/cmake)
[5.219s] -- Found synapse_protobuf: 0.0.0 (/home/vyom/cognipilot/cranium/install/synapse_protobuf/share/synapse_protobuf/cmake)
[5.266s] -- Found synapse_tinyframe: 0.0.0 (/home/vyom/cognipilot/cranium/install/synapse_tinyframe/share/synapse_tinyframe/cmake)
[5.269s] -- Found synapse_msgs: 0.0.1 (/home/vyom/cognipilot/cranium/install/synapse_msgs/share/synapse_msgs/cmake)
[5.570s] -- Found ament_lint_auto: 0.12.11 (/opt/ros/humble/share/ament_lint_auto/cmake)
[5.888s] -- Added test 'copyright' to check source files copyright and LICENSE
[5.964s] -- Added test 'cppcheck' to perform static code analysis on C / C++ code
[5.965s] -- Configured cppcheck include dirs: 
[5.966s] -- Configured cppcheck exclude dirs and/or files: 
[5.981s] -- Added test 'cpplint' to check C / C++ code against the Google style
[5.981s] -- Configured cpplint exclude dirs and/or files: 
[5.984s] -- Added test 'flake8' to check Python code syntax and style conventions
[5.992s] -- Added test 'lint_cmake' to check CMake code style
[5.995s] -- Added test 'pep257' to check Python code against some of the docstring style conventions in PEP 257
[6.007s] -- Added test 'uncrustify' to check C / C++ code style
[6.008s] -- Configured uncrustify additional arguments: 
[6.013s] -- Added test 'xmllint' to check XML markup files
[6.019s] -- Configuring done
[6.079s] -- Generating done
[6.080s] -- Build files have been written to: /home/vyom/cognipilot/cranium/build/synapse_ros
[6.114s] Invoked command in '/home/vyom/cognipilot/cranium/build/synapse_ros' returned '0': CMAKE_PREFIX_PATH=/home/vyom/cognipilot/cranium/install/synapse_tinyframe:/home/vyom/cognipilot/cranium/install/synapse_protobuf:/home/vyom/cognipilot/cranium/install/synapse_msgs:/home/vyom/cognipilot/cranium/install/synapse_ros:/home/vyom/cognipilot/cranium/install/synapse_gz:/home/vyom/cognipilot/cranium/install/corti:/home/vyom/cognipilot/cranium/install/dream_world:/home/vyom/cognipilot/cranium/install/cerebri_bringup:/home/vyom/cognipilot/cranium/install/b3rb_simulator:/home/vyom/cognipilot/cranium/install/b3rb_desktop:/home/vyom/cognipilot/cranium/install/b3rb_rviz:/home/vyom/cognipilot/cranium/install/b3rb_nav2:/home/vyom/cognipilot/cranium/install/b3rb_gz_resource:/home/vyom/cognipilot/cranium/install/b3rb_gz_bringup:/home/vyom/cognipilot/cranium/install/b3rb_description:/home/vyom/cognipilot/electrode/install/electrode:/home/vyom/cognipilot/cranium/install/nxp_cup_vision:/home/vyom/cognipilot/cranium/install/b3rb_ros_line_follower:/opt/ros/humble LD_LIBRARY_PATH=/home/vyom/cognipilot/cranium/install/synapse_msgs/lib:/home/vyom/cognipilot/cranium/install/synapse_tinyframe/lib:/home/vyom/cognipilot/cranium/install/synapse_protobuf/lib:/opt/ros/humble/opt/rviz_ogre_vendor/lib:/opt/ros/humble/lib/x86_64-linux-gnu:/opt/ros/humble/lib /usr/bin/cmake /home/vyom/cognipilot/cranium/src/synapse_ros -DAMENT_CMAKE_SYMLINK_INSTALL=1 -DCMAKE_INSTALL_PREFIX=/home/vyom/cognipilot/cranium/install/synapse_ros
[6.133s] Invoking command in '/home/vyom/cognipilot/cranium/build/synapse_ros': CMAKE_PREFIX_PATH=/home/vyom/cognipilot/cranium/install/synapse_tinyframe:/home/vyom/cognipilot/cranium/install/synapse_protobuf:/home/vyom/cognipilot/cranium/install/synapse_msgs:/home/vyom/cognipilot/cranium/install/synapse_ros:/home/vyom/cognipilot/cranium/install/synapse_gz:/home/vyom/cognipilot/cranium/install/corti:/home/vyom/cognipilot/cranium/install/dream_world:/home/vyom/cognipilot/cranium/install/cerebri_bringup:/home/vyom/cognipilot/cranium/install/b3rb_simulator:/home/vyom/cognipilot/cranium/install/b3rb_desktop:/home/vyom/cognipilot/cranium/install/b3rb_rviz:/home/vyom/cognipilot/cranium/install/b3rb_nav2:/home/vyom/cognipilot/cranium/install/b3rb_gz_resource:/home/vyom/cognipilot/cranium/install/b3rb_gz_bringup:/home/vyom/cognipilot/cranium/install/b3rb_description:/home/vyom/cognipilot/electrode/install/electrode:/home/vyom/cognipilot/cranium/install/nxp_cup_vision:/home/vyom/cognipilot/cranium/install/b3rb_ros_line_follower:/opt/ros/humble LD_LIBRARY_PATH=/home/vyom/cognipilot/cranium/install/synapse_msgs/lib:/home/vyom/cognipilot/cranium/install/synapse_tinyframe/lib:/home/vyom/cognipilot/cranium/install/synapse_protobuf/lib:/opt/ros/humble/opt/rviz_ogre_vendor/lib:/opt/ros/humble/lib/x86_64-linux-gnu:/opt/ros/humble/lib /usr/bin/cmake --build /home/vyom/cognipilot/cranium/build/synapse_ros -- -j8 -l8
[6.267s] [35m[1mConsolidate compiler generated dependencies of target synapse_ros[0m
[6.385s] [100%] Built target synapse_ros
[6.440s] Invoked command in '/home/vyom/cognipilot/cranium/build/synapse_ros' returned '0': CMAKE_PREFIX_PATH=/home/vyom/cognipilot/cranium/install/synapse_tinyframe:/home/vyom/cognipilot/cranium/install/synapse_protobuf:/home/vyom/cognipilot/cranium/install/synapse_msgs:/home/vyom/cognipilot/cranium/install/synapse_ros:/home/vyom/cognipilot/cranium/install/synapse_gz:/home/vyom/cognipilot/cranium/install/corti:/home/vyom/cognipilot/cranium/install/dream_world:/home/vyom/cognipilot/cranium/install/cerebri_bringup:/home/vyom/cognipilot/cranium/install/b3rb_simulator:/home/vyom/cognipilot/cranium/install/b3rb_desktop:/home/vyom/cognipilot/cranium/install/b3rb_rviz:/home/vyom/cognipilot/cranium/install/b3rb_nav2:/home/vyom/cognipilot/cranium/install/b3rb_gz_resource:/home/vyom/cognipilot/cranium/install/b3rb_gz_bringup:/home/vyom/cognipilot/cranium/install/b3rb_description:/home/vyom/cognipilot/electrode/install/electrode:/home/vyom/cognipilot/cranium/install/nxp_cup_vision:/home/vyom/cognipilot/cranium/install/b3rb_ros_line_follower:/opt/ros/humble LD_LIBRARY_PATH=/home/vyom/cognipilot/cranium/install/synapse_msgs/lib:/home/vyom/cognipilot/cranium/install/synapse_tinyframe/lib:/home/vyom/cognipilot/cranium/install/synapse_protobuf/lib:/opt/ros/humble/opt/rviz_ogre_vendor/lib:/opt/ros/humble/lib/x86_64-linux-gnu:/opt/ros/humble/lib /usr/bin/cmake --build /home/vyom/cognipilot/cranium/build/synapse_ros -- -j8 -l8
[6.557s] Invoking command in '/home/vyom/cognipilot/cranium/build/synapse_ros': CMAKE_PREFIX_PATH=/home/vyom/cognipilot/cranium/install/synapse_tinyframe:/home/vyom/cognipilot/cranium/install/synapse_protobuf:/home/vyom/cognipilot/cranium/install/synapse_msgs:/home/vyom/cognipilot/cranium/install/synapse_ros:/home/vyom/cognipilot/cranium/install/synapse_gz:/home/vyom/cognipilot/cranium/install/corti:/home/vyom/cognipilot/cranium/install/dream_world:/home/vyom/cognipilot/cranium/install/cerebri_bringup:/home/vyom/cognipilot/cranium/install/b3rb_simulator:/home/vyom/cognipilot/cranium/install/b3rb_desktop:/home/vyom/cognipilot/cranium/install/b3rb_rviz:/home/vyom/cognipilot/cranium/install/b3rb_nav2:/home/vyom/cognipilot/cranium/install/b3rb_gz_resource:/home/vyom/cognipilot/cranium/install/b3rb_gz_bringup:/home/vyom/cognipilot/cranium/install/b3rb_description:/home/vyom/cognipilot/electrode/install/electrode:/home/vyom/cognipilot/cranium/install/nxp_cup_vision:/home/vyom/cognipilot/cranium/install/b3rb_ros_line_follower:/opt/ros/humble LD_LIBRARY_PATH=/home/vyom/cognipilot/cranium/install/synapse_msgs/lib:/home/vyom/cognipilot/cranium/install/synapse_tinyframe/lib:/home/vyom/cognipilot/cranium/install/synapse_protobuf/lib:/opt/ros/humble/opt/rviz_ogre_vendor/lib:/opt/ros/humble/lib/x86_64-linux-gnu:/opt/ros/humble/lib /usr/bin/cmake --install /home/vyom/cognipilot/cranium/build/synapse_ros
[6.583s] -- Install configuration: ""
[6.583s] -- Execute custom install script
[6.584s] -- Up-to-date symlink: /home/vyom/cognipilot/cranium/install/synapse_ros/lib/synapse_ros/synapse_ros
[6.591s] -- Up-to-date symlink: /home/vyom/cognipilot/cranium/install/synapse_ros/share/synapse_ros/launch/synapse_ros.launch.py
[6.591s] -- Up-to-date symlink: /home/vyom/cognipilot/cranium/install/synapse_ros/share/ament_index/resource_index/package_run_dependencies/synapse_ros
[6.592s] -- Up-to-date symlink: /home/vyom/cognipilot/cranium/install/synapse_ros/share/ament_index/resource_index/parent_prefix_path/synapse_ros
[6.592s] -- Up-to-date symlink: /home/vyom/cognipilot/cranium/install/synapse_ros/share/synapse_ros/environment/ament_prefix_path.sh
[6.592s] -- Up-to-date symlink: /home/vyom/cognipilot/cranium/install/synapse_ros/share/synapse_ros/environment/ament_prefix_path.dsv
[6.592s] -- Up-to-date symlink: /home/vyom/cognipilot/cranium/install/synapse_ros/share/synapse_ros/environment/path.sh
[6.592s] -- Up-to-date symlink: /home/vyom/cognipilot/cranium/install/synapse_ros/share/synapse_ros/environment/path.dsv
[6.592s] -- Up-to-date symlink: /home/vyom/cognipilot/cranium/install/synapse_ros/share/synapse_ros/local_setup.bash
[6.593s] -- Up-to-date symlink: /home/vyom/cognipilot/cranium/install/synapse_ros/share/synapse_ros/local_setup.sh
[6.593s] -- Up-to-date symlink: /home/vyom/cognipilot/cranium/install/synapse_ros/share/synapse_ros/local_setup.zsh
[6.593s] -- Up-to-date symlink: /home/vyom/cognipilot/cranium/install/synapse_ros/share/synapse_ros/local_setup.dsv
[6.594s] -- Symlinking: /home/vyom/cognipilot/cranium/install/synapse_ros/share/synapse_ros/package.dsv
[6.619s] -- Up-to-date symlink: /home/vyom/cognipilot/cranium/install/synapse_ros/share/ament_index/resource_index/packages/synapse_ros
[6.624s] -- Up-to-date symlink: /home/vyom/cognipilot/cranium/install/synapse_ros/share/synapse_ros/cmake/synapse_rosConfig.cmake
[6.625s] -- Up-to-date symlink: /home/vyom/cognipilot/cranium/install/synapse_ros/share/synapse_ros/cmake/synapse_rosConfig-version.cmake
[6.628s] -- Up-to-date symlink: /home/vyom/cognipilot/cranium/install/synapse_ros/share/synapse_ros/package.xml
[6.636s] Invoked command in '/home/vyom/cognipilot/cranium/build/synapse_ros' returned '0': CMAKE_PREFIX_PATH=/home/vyom/cognipilot/cranium/install/synapse_tinyframe:/home/vyom/cognipilot/cranium/install/synapse_protobuf:/home/vyom/cognipilot/cranium/install/synapse_msgs:/home/vyom/cognipilot/cranium/install/synapse_ros:/home/vyom/cognipilot/cranium/install/synapse_gz:/home/vyom/cognipilot/cranium/install/corti:/home/vyom/cognipilot/cranium/install/dream_world:/home/vyom/cognipilot/cranium/install/cerebri_bringup:/home/vyom/cognipilot/cranium/install/b3rb_simulator:/home/vyom/cognipilot/cranium/install/b3rb_desktop:/home/vyom/cognipilot/cranium/install/b3rb_rviz:/home/vyom/cognipilot/cranium/install/b3rb_nav2:/home/vyom/cognipilot/cranium/install/b3rb_gz_resource:/home/vyom/cognipilot/cranium/install/b3rb_gz_bringup:/home/vyom/cognipilot/cranium/install/b3rb_description:/home/vyom/cognipilot/electrode/install/electrode:/home/vyom/cognipilot/cranium/install/nxp_cup_vision:/home/vyom/cognipilot/cranium/install/b3rb_ros_line_follower:/opt/ros/humble LD_LIBRARY_PATH=/home/vyom/cognipilot/cranium/install/synapse_msgs/lib:/home/vyom/cognipilot/cranium/install/synapse_tinyframe/lib:/home/vyom/cognipilot/cranium/install/synapse_protobuf/lib:/opt/ros/humble/opt/rviz_ogre_vendor/lib:/opt/ros/humble/lib/x86_64-linux-gnu:/opt/ros/humble/lib /usr/bin/cmake --install /home/vyom/cognipilot/cranium/build/synapse_ros
