[0.220s] Invoking command in '/home/vyom/cognipilot/cranium/build/cerebri_bringup': CMAKE_PREFIX_PATH=${CMAKE_PREFIX_PATH}:/home/vyom/cognipilot/cranium/install/nxp_cup_vision:/home/vyom/cognipilot/cranium/install/b3rb_ros_line_follower:/opt/ros/humble /usr/bin/cmake /home/vyom/cognipilot/cranium/src/cerebri_bringup -DAMENT_CMAKE_SYMLINK_INSTALL=1 -DCMAKE_INSTALL_PREFIX=/home/vyom/cognipilot/cranium/install/cerebri_bringup
[0.262s] -- Found ament_cmake: 1.3.9 (/opt/ros/humble/share/ament_cmake/cmake)
[0.860s] -- Override CMake install command with custom implementation using symlinks instead of copying resources
[0.889s] -- Found ament_lint_auto: 0.12.11 (/opt/ros/humble/share/ament_lint_auto/cmake)
[1.203s] -- Added test 'copyright' to check source files copyright and LICENSE
[1.233s] -- Added test 'flake8' to check Python code syntax and style conventions
[1.238s] -- Added test 'lint_cmake' to check CMake code style
[1.240s] -- Added test 'pep257' to check Python code against some of the docstring style conventions in PEP 257
[1.249s] -- Added test 'xmllint' to check XML markup files
[1.260s] -- Configuring done
[1.287s] -- Generating done
[1.287s] -- Build files have been written to: /home/vyom/cognipilot/cranium/build/cerebri_bringup
[1.306s] Invoked command in '/home/vyom/cognipilot/cranium/build/cerebri_bringup' returned '0': CMAKE_PREFIX_PATH=${CMAKE_PREFIX_PATH}:/home/vyom/cognipilot/cranium/install/nxp_cup_vision:/home/vyom/cognipilot/cranium/install/b3rb_ros_line_follower:/opt/ros/humble /usr/bin/cmake /home/vyom/cognipilot/cranium/src/cerebri_bringup -DAMENT_CMAKE_SYMLINK_INSTALL=1 -DCMAKE_INSTALL_PREFIX=/home/vyom/cognipilot/cranium/install/cerebri_bringup
[1.307s] Invoking command in '/home/vyom/cognipilot/cranium/build/cerebri_bringup': CMAKE_PREFIX_PATH=${CMAKE_PREFIX_PATH}:/home/vyom/cognipilot/cranium/install/nxp_cup_vision:/home/vyom/cognipilot/cranium/install/b3rb_ros_line_follower:/opt/ros/humble /usr/bin/cmake --build /home/vyom/cognipilot/cranium/build/cerebri_bringup -- -j8 -l8
[1.499s] Invoked command in '/home/vyom/cognipilot/cranium/build/cerebri_bringup' returned '0': CMAKE_PREFIX_PATH=${CMAKE_PREFIX_PATH}:/home/vyom/cognipilot/cranium/install/nxp_cup_vision:/home/vyom/cognipilot/cranium/install/b3rb_ros_line_follower:/opt/ros/humble /usr/bin/cmake --build /home/vyom/cognipilot/cranium/build/cerebri_bringup -- -j8 -l8
[1.707s] Invoking command in '/home/vyom/cognipilot/cranium/build/cerebri_bringup': CMAKE_PREFIX_PATH=${CMAKE_PREFIX_PATH}:/home/vyom/cognipilot/cranium/install/nxp_cup_vision:/home/vyom/cognipilot/cranium/install/b3rb_ros_line_follower:/opt/ros/humble /usr/bin/cmake --install /home/vyom/cognipilot/cranium/build/cerebri_bringup
[1.765s] -- Install configuration: ""
[1.766s] -- Execute custom install script
[1.779s] -- Up-to-date symlink: /home/vyom/cognipilot/cranium/install/cerebri_bringup/share/cerebri_bringup/launch/cerebri.launch.py
[1.783s] -- Up-to-date symlink: /home/vyom/cognipilot/cranium/install/cerebri_bringup/share/ament_index/resource_index/package_run_dependencies/cerebri_bringup
[1.789s] -- Up-to-date symlink: /home/vyom/cognipilot/cranium/install/cerebri_bringup/share/ament_index/resource_index/parent_prefix_path/cerebri_bringup
[1.789s] -- Up-to-date symlink: /home/vyom/cognipilot/cranium/install/cerebri_bringup/share/cerebri_bringup/environment/ament_prefix_path.sh
[1.790s] -- Up-to-date symlink: /home/vyom/cognipilot/cranium/install/cerebri_bringup/share/cerebri_bringup/environment/ament_prefix_path.dsv
[1.793s] -- Up-to-date symlink: /home/vyom/cognipilot/cranium/install/cerebri_bringup/share/cerebri_bringup/environment/path.sh
[1.794s] -- Up-to-date symlink: /home/vyom/cognipilot/cranium/install/cerebri_bringup/share/cerebri_bringup/environment/path.dsv
[1.796s] -- Up-to-date symlink: /home/vyom/cognipilot/cranium/install/cerebri_bringup/share/cerebri_bringup/local_setup.bash
[1.796s] -- Up-to-date symlink: /home/vyom/cognipilot/cranium/install/cerebri_bringup/share/cerebri_bringup/local_setup.sh
[1.798s] -- Up-to-date symlink: /home/vyom/cognipilot/cranium/install/cerebri_bringup/share/cerebri_bringup/local_setup.zsh
[1.799s] -- Up-to-date symlink: /home/vyom/cognipilot/cranium/install/cerebri_bringup/share/cerebri_bringup/local_setup.dsv
[1.801s] -- Symlinking: /home/vyom/cognipilot/cranium/install/cerebri_bringup/share/cerebri_bringup/package.dsv
[1.860s] -- Up-to-date symlink: /home/vyom/cognipilot/cranium/install/cerebri_bringup/share/ament_index/resource_index/packages/cerebri_bringup
[1.860s] -- Up-to-date symlink: /home/vyom/cognipilot/cranium/install/cerebri_bringup/share/cerebri_bringup/cmake/cerebri_bringupConfig.cmake
[1.860s] -- Up-to-date symlink: /home/vyom/cognipilot/cranium/install/cerebri_bringup/share/cerebri_bringup/cmake/cerebri_bringupConfig-version.cmake
[1.861s] -- Up-to-date symlink: /home/vyom/cognipilot/cranium/install/cerebri_bringup/share/cerebri_bringup/package.xml
[1.919s] Invoked command in '/home/vyom/cognipilot/cranium/build/cerebri_bringup' returned '0': CMAKE_PREFIX_PATH=${CMAKE_PREFIX_PATH}:/home/vyom/cognipilot/cranium/install/nxp_cup_vision:/home/vyom/cognipilot/cranium/install/b3rb_ros_line_follower:/opt/ros/humble /usr/bin/cmake --install /home/vyom/cognipilot/cranium/build/cerebri_bringup
