[0.015s] Invoking command in '/home/vyom/cognipilot/cranium/build/corti': AMENT_PREFIX_PATH=/home/vyom/cognipilot/cranium/install/synapse_msgs:${AMENT_PREFIX_PATH} CMAKE_PREFIX_PATH=/home/vyom/cognipilot/cranium/install/synapse_msgs:/opt/ros/humble LD_LIBRARY_PATH=/home/vyom/cognipilot/cranium/install/synapse_msgs/lib:${LD_LIBRARY_PATH} PYTHONPATH=/home/vyom/cognipilot/cranium/install/synapse_msgs/local/lib/python3.10/dist-packages:${PYTHONPATH} /usr/bin/cmake --build /home/vyom/cognipilot/cranium/build/corti -- -j8 -l8
[0.067s] Consolidate compiler generated dependencies of target bezier6
[0.073s] Consolidate compiler generated dependencies of target odom_to_tf
[0.074s] Consolidate compiler generated dependencies of target tf_to_odom
[0.083s] [ 25%] Built target bezier6
[0.096s] [ 25%] Built target ament_cmake_python_symlink_corti
[0.097s] [ 50%] Built target tf_to_odom
[0.100s] [ 75%] Built target odom_to_tf
[0.109s] Consolidate compiler generated dependencies of target rover_planner
[0.128s] [100%] Built target rover_planner
[0.440s] running egg_info
[0.442s] writing corti.egg-info/PKG-INFO
[0.442s] writing dependency_links to corti.egg-info/dependency_links.txt
[0.443s] writing top-level names to corti.egg-info/top_level.txt
[0.445s] reading manifest file 'corti.egg-info/SOURCES.txt'
[0.446s] writing manifest file 'corti.egg-info/SOURCES.txt'
[0.476s] [100%] Built target ament_cmake_python_build_corti_egg
[0.488s] Invoked command in '/home/vyom/cognipilot/cranium/build/corti' returned '0': AMENT_PREFIX_PATH=/home/vyom/cognipilot/cranium/install/synapse_msgs:${AMENT_PREFIX_PATH} CMAKE_PREFIX_PATH=/home/vyom/cognipilot/cranium/install/synapse_msgs:/opt/ros/humble LD_LIBRARY_PATH=/home/vyom/cognipilot/cranium/install/synapse_msgs/lib:${LD_LIBRARY_PATH} PYTHONPATH=/home/vyom/cognipilot/cranium/install/synapse_msgs/local/lib/python3.10/dist-packages:${PYTHONPATH} /usr/bin/cmake --build /home/vyom/cognipilot/cranium/build/corti -- -j8 -l8
[0.531s] Invoking command in '/home/vyom/cognipilot/cranium/build/corti': AMENT_PREFIX_PATH=/home/vyom/cognipilot/cranium/install/synapse_msgs:${AMENT_PREFIX_PATH} CMAKE_PREFIX_PATH=/home/vyom/cognipilot/cranium/install/synapse_msgs:/opt/ros/humble LD_LIBRARY_PATH=/home/vyom/cognipilot/cranium/install/synapse_msgs/lib:${LD_LIBRARY_PATH} PYTHONPATH=/home/vyom/cognipilot/cranium/install/synapse_msgs/local/lib/python3.10/dist-packages:${PYTHONPATH} /usr/bin/cmake --install /home/vyom/cognipilot/cranium/build/corti
[0.540s] -- Install configuration: ""
[0.540s] -- Execute custom install script
[0.541s] -- Up-to-date symlink: /home/vyom/cognipilot/cranium/install/corti/share/corti/environment/pythonpath.sh
[0.541s] -- Up-to-date symlink: /home/vyom/cognipilot/cranium/install/corti/share/corti/environment/pythonpath.dsv
[0.542s] -- Up-to-date symlink: /home/vyom/cognipilot/cranium/install/corti/local/lib/python3.10/dist-packages/corti-0.0.0-py3.10.egg-info/PKG-INFO
[0.542s] -- Up-to-date symlink: /home/vyom/cognipilot/cranium/install/corti/local/lib/python3.10/dist-packages/corti-0.0.0-py3.10.egg-info/SOURCES.txt
[0.542s] -- Up-to-date symlink: /home/vyom/cognipilot/cranium/install/corti/local/lib/python3.10/dist-packages/corti-0.0.0-py3.10.egg-info/dependency_links.txt
[0.542s] -- Up-to-date symlink: /home/vyom/cognipilot/cranium/install/corti/local/lib/python3.10/dist-packages/corti-0.0.0-py3.10.egg-info/top_level.txt
[0.543s] -- Up-to-date symlink: /home/vyom/cognipilot/cranium/install/corti/local/lib/python3.10/dist-packages/corti/SE2Lie.py
[0.543s] -- Up-to-date symlink: /home/vyom/cognipilot/cranium/install/corti/local/lib/python3.10/dist-packages/corti/TimeOptBez.py
[0.543s] -- Up-to-date symlink: /home/vyom/cognipilot/cranium/install/corti/local/lib/python3.10/dist-packages/corti/__init__.py
[0.543s] -- Up-to-date symlink: /home/vyom/cognipilot/cranium/install/corti/local/lib/python3.10/dist-packages/corti/bezier_rover_planning.py
[0.543s] -- Up-to-date symlink: /home/vyom/cognipilot/cranium/install/corti/local/lib/python3.10/dist-packages/corti/rover_control.py
[0.543s] -- Up-to-date symlink: /home/vyom/cognipilot/cranium/install/corti/local/lib/python3.10/dist-packages/corti/rover_planning.py
[0.543s] -- Up-to-date symlink: /home/vyom/cognipilot/cranium/install/corti/lib/corti/rover_planner
[0.544s] -- Up-to-date symlink: /home/vyom/cognipilot/cranium/install/corti/lib/corti/odom_to_tf
[0.544s] -- Up-to-date symlink: /home/vyom/cognipilot/cranium/install/corti/lib/corti/tf_to_odom
[0.544s] -- Up-to-date symlink: /home/vyom/cognipilot/cranium/install/corti/share/corti/launch/corti.launch.py
[0.544s] -- Up-to-date symlink: /home/vyom/cognipilot/cranium/install/corti/share/corti/launch/virtual_joy.launch.py
[0.544s] -- Up-to-date symlink: /home/vyom/cognipilot/cranium/install/corti/lib/corti/virtual_joy.py
[0.544s] -- Up-to-date symlink: /home/vyom/cognipilot/cranium/install/corti/lib/corti/rover_fixed_trajectory.py
[0.545s] -- Up-to-date symlink: /home/vyom/cognipilot/cranium/install/corti/share/ament_index/resource_index/package_run_dependencies/corti
[0.545s] -- Up-to-date symlink: /home/vyom/cognipilot/cranium/install/corti/share/ament_index/resource_index/parent_prefix_path/corti
[0.545s] -- Up-to-date symlink: /home/vyom/cognipilot/cranium/install/corti/share/corti/environment/ament_prefix_path.sh
[0.545s] -- Up-to-date symlink: /home/vyom/cognipilot/cranium/install/corti/share/corti/environment/ament_prefix_path.dsv
[0.545s] -- Up-to-date symlink: /home/vyom/cognipilot/cranium/install/corti/share/corti/environment/path.sh
[0.545s] -- Up-to-date symlink: /home/vyom/cognipilot/cranium/install/corti/share/corti/environment/path.dsv
[0.545s] -- Up-to-date symlink: /home/vyom/cognipilot/cranium/install/corti/share/corti/local_setup.bash
[0.545s] -- Up-to-date symlink: /home/vyom/cognipilot/cranium/install/corti/share/corti/local_setup.sh
[0.546s] -- Up-to-date symlink: /home/vyom/cognipilot/cranium/install/corti/share/corti/local_setup.zsh
[0.546s] -- Up-to-date symlink: /home/vyom/cognipilot/cranium/install/corti/share/corti/local_setup.dsv
[0.546s] -- Symlinking: /home/vyom/cognipilot/cranium/install/corti/share/corti/package.dsv
[0.556s] -- Up-to-date symlink: /home/vyom/cognipilot/cranium/install/corti/share/ament_index/resource_index/packages/corti
[0.556s] -- Up-to-date symlink: /home/vyom/cognipilot/cranium/install/corti/share/corti/cmake/cortiConfig.cmake
[0.556s] -- Up-to-date symlink: /home/vyom/cognipilot/cranium/install/corti/share/corti/cmake/cortiConfig-version.cmake
[0.556s] -- Up-to-date symlink: /home/vyom/cognipilot/cranium/install/corti/share/corti/package.xml
[0.592s] Listing '/home/vyom/cognipilot/cranium/install/corti/local/lib/python3.10/dist-packages/corti'...
[0.599s] Invoked command in '/home/vyom/cognipilot/cranium/build/corti' returned '0': AMENT_PREFIX_PATH=/home/vyom/cognipilot/cranium/install/synapse_msgs:${AMENT_PREFIX_PATH} CMAKE_PREFIX_PATH=/home/vyom/cognipilot/cranium/install/synapse_msgs:/opt/ros/humble LD_LIBRARY_PATH=/home/vyom/cognipilot/cranium/install/synapse_msgs/lib:${LD_LIBRARY_PATH} PYTHONPATH=/home/vyom/cognipilot/cranium/install/synapse_msgs/local/lib/python3.10/dist-packages:${PYTHONPATH} /usr/bin/cmake --install /home/vyom/cognipilot/cranium/build/corti
