[0.018s] Invoking command in '/home/vyom/cognipilot/cranium/build/synapse_gz': AMENT_PREFIX_PATH=/home/vyom/cognipilot/cranium/install/synapse_tinyframe:/home/vyom/cognipilot/cranium/install/synapse_protobuf:${AMENT_PREFIX_PATH} CMAKE_PREFIX_PATH=/home/vyom/cognipilot/cranium/install/synapse_tinyframe:/home/vyom/cognipilot/cranium/install/synapse_protobuf:/opt/ros/humble LD_LIBRARY_PATH=/home/vyom/cognipilot/cranium/install/synapse_tinyframe/lib:/home/vyom/cognipilot/cranium/install/synapse_protobuf/lib:${LD_LIBRARY_PATH} /usr/bin/cmake --build /home/vyom/cognipilot/cranium/build/synapse_gz -- -j8 -l8
[0.144s] Consolidate compiler generated dependencies of target synapse_gz
[0.174s] [100%] Built target synapse_gz
[0.193s] Invoked command in '/home/vyom/cognipilot/cranium/build/synapse_gz' returned '0': AMENT_PREFIX_PATH=/home/vyom/cognipilot/cranium/install/synapse_tinyframe:/home/vyom/cognipilot/cranium/install/synapse_protobuf:${AMENT_PREFIX_PATH} CMAKE_PREFIX_PATH=/home/vyom/cognipilot/cranium/install/synapse_tinyframe:/home/vyom/cognipilot/cranium/install/synapse_protobuf:/opt/ros/humble LD_LIBRARY_PATH=/home/vyom/cognipilot/cranium/install/synapse_tinyframe/lib:/home/vyom/cognipilot/cranium/install/synapse_protobuf/lib:${LD_LIBRARY_PATH} /usr/bin/cmake --build /home/vyom/cognipilot/cranium/build/synapse_gz -- -j8 -l8
[0.235s] Invoking command in '/home/vyom/cognipilot/cranium/build/synapse_gz': AMENT_PREFIX_PATH=/home/vyom/cognipilot/cranium/install/synapse_tinyframe:/home/vyom/cognipilot/cranium/install/synapse_protobuf:${AMENT_PREFIX_PATH} CMAKE_PREFIX_PATH=/home/vyom/cognipilot/cranium/install/synapse_tinyframe:/home/vyom/cognipilot/cranium/install/synapse_protobuf:/opt/ros/humble LD_LIBRARY_PATH=/home/vyom/cognipilot/cranium/install/synapse_tinyframe/lib:/home/vyom/cognipilot/cranium/install/synapse_protobuf/lib:${LD_LIBRARY_PATH} /usr/bin/cmake --install /home/vyom/cognipilot/cranium/build/synapse_gz
[0.247s] -- Install configuration: ""
[0.247s] -- Execute custom install script
[0.248s] -- Up-to-date symlink: /home/vyom/cognipilot/cranium/install/synapse_gz/lib/synapse_gz/synapse_gz
[0.248s] -- Up-to-date symlink: /home/vyom/cognipilot/cranium/install/synapse_gz/share/synapse_gz/launch/synapse_gz.launch.py
[0.248s] -- Up-to-date symlink: /home/vyom/cognipilot/cranium/install/synapse_gz/share/ament_index/resource_index/package_run_dependencies/synapse_gz
[0.248s] -- Up-to-date symlink: /home/vyom/cognipilot/cranium/install/synapse_gz/share/ament_index/resource_index/parent_prefix_path/synapse_gz
[0.248s] -- Up-to-date symlink: /home/vyom/cognipilot/cranium/install/synapse_gz/share/synapse_gz/environment/ament_prefix_path.sh
[0.249s] -- Up-to-date symlink: /home/vyom/cognipilot/cranium/install/synapse_gz/share/synapse_gz/environment/ament_prefix_path.dsv
[0.249s] -- Up-to-date symlink: /home/vyom/cognipilot/cranium/install/synapse_gz/share/synapse_gz/environment/path.sh
[0.249s] -- Up-to-date symlink: /home/vyom/cognipilot/cranium/install/synapse_gz/share/synapse_gz/environment/path.dsv
[0.249s] -- Up-to-date symlink: /home/vyom/cognipilot/cranium/install/synapse_gz/share/synapse_gz/local_setup.bash
[0.249s] -- Up-to-date symlink: /home/vyom/cognipilot/cranium/install/synapse_gz/share/synapse_gz/local_setup.sh
[0.249s] -- Up-to-date symlink: /home/vyom/cognipilot/cranium/install/synapse_gz/share/synapse_gz/local_setup.zsh
[0.249s] -- Up-to-date symlink: /home/vyom/cognipilot/cranium/install/synapse_gz/share/synapse_gz/local_setup.dsv
[0.250s] -- Symlinking: /home/vyom/cognipilot/cranium/install/synapse_gz/share/synapse_gz/package.dsv
[0.264s] -- Up-to-date symlink: /home/vyom/cognipilot/cranium/install/synapse_gz/share/ament_index/resource_index/packages/synapse_gz
[0.264s] -- Up-to-date symlink: /home/vyom/cognipilot/cranium/install/synapse_gz/share/synapse_gz/cmake/synapse_gzConfig.cmake
[0.265s] -- Up-to-date symlink: /home/vyom/cognipilot/cranium/install/synapse_gz/share/synapse_gz/cmake/synapse_gzConfig-version.cmake
[0.265s] -- Up-to-date symlink: /home/vyom/cognipilot/cranium/install/synapse_gz/share/synapse_gz/package.xml
[0.268s] Invoked command in '/home/vyom/cognipilot/cranium/build/synapse_gz' returned '0': AMENT_PREFIX_PATH=/home/vyom/cognipilot/cranium/install/synapse_tinyframe:/home/vyom/cognipilot/cranium/install/synapse_protobuf:${AMENT_PREFIX_PATH} CMAKE_PREFIX_PATH=/home/vyom/cognipilot/cranium/install/synapse_tinyframe:/home/vyom/cognipilot/cranium/install/synapse_protobuf:/opt/ros/humble LD_LIBRARY_PATH=/home/vyom/cognipilot/cranium/install/synapse_tinyframe/lib:/home/vyom/cognipilot/cranium/install/synapse_protobuf/lib:${LD_LIBRARY_PATH} /usr/bin/cmake --install /home/vyom/cognipilot/cranium/build/synapse_gz
