[0.147s] Invoking command in '/home/vyom/cognipilot/cranium/build/dream_world': CMAKE_PREFIX_PATH=${CMAKE_PREFIX_PATH}:/home/vyom/cognipilot/cranium/install/nxp_cup_vision:/home/vyom/cognipilot/cranium/install/b3rb_ros_line_follower:/opt/ros/humble /usr/bin/cmake /home/vyom/cognipilot/cranium/src/dream_world -DAMENT_CMAKE_SYMLINK_INSTALL=1 -DCMAKE_INSTALL_PREFIX=/home/vyom/cognipilot/cranium/install/dream_world
[0.246s] -- Found ament_cmake: 1.3.9 (/opt/ros/humble/share/ament_cmake/cmake)
[0.814s] -- Override CMake install command with custom implementation using symlinks instead of copying resources
[0.842s] -- Found ament_lint_auto: 0.12.11 (/opt/ros/humble/share/ament_lint_auto/cmake)
[1.290s] -- Added test 'lint_cmake' to check CMake code style
[1.351s] -- Added test 'xmllint' to check XML markup files
[1.369s] -- Configuring done
[1.395s] -- Generating done
[1.425s] -- Build files have been written to: /home/vyom/cognipilot/cranium/build/dream_world
[1.438s] Invoked command in '/home/vyom/cognipilot/cranium/build/dream_world' returned '0': CMAKE_PREFIX_PATH=${CMAKE_PREFIX_PATH}:/home/vyom/cognipilot/cranium/install/nxp_cup_vision:/home/vyom/cognipilot/cranium/install/b3rb_ros_line_follower:/opt/ros/humble /usr/bin/cmake /home/vyom/cognipilot/cranium/src/dream_world -DAMENT_CMAKE_SYMLINK_INSTALL=1 -DCMAKE_INSTALL_PREFIX=/home/vyom/cognipilot/cranium/install/dream_world
[1.439s] Invoking command in '/home/vyom/cognipilot/cranium/build/dream_world': CMAKE_PREFIX_PATH=${CMAKE_PREFIX_PATH}:/home/vyom/cognipilot/cranium/install/nxp_cup_vision:/home/vyom/cognipilot/cranium/install/b3rb_ros_line_follower:/opt/ros/humble /usr/bin/cmake --build /home/vyom/cognipilot/cranium/build/dream_world -- -j8 -l8
[1.678s] Invoked command in '/home/vyom/cognipilot/cranium/build/dream_world' returned '0': CMAKE_PREFIX_PATH=${CMAKE_PREFIX_PATH}:/home/vyom/cognipilot/cranium/install/nxp_cup_vision:/home/vyom/cognipilot/cranium/install/b3rb_ros_line_follower:/opt/ros/humble /usr/bin/cmake --build /home/vyom/cognipilot/cranium/build/dream_world -- -j8 -l8
[1.878s] Invoking command in '/home/vyom/cognipilot/cranium/build/dream_world': CMAKE_PREFIX_PATH=${CMAKE_PREFIX_PATH}:/home/vyom/cognipilot/cranium/install/nxp_cup_vision:/home/vyom/cognipilot/cranium/install/b3rb_ros_line_follower:/opt/ros/humble /usr/bin/cmake --install /home/vyom/cognipilot/cranium/build/dream_world
[1.893s] -- Install configuration: ""
[1.901s] -- Execute custom install script
[1.903s] -- Up-to-date symlink: /home/vyom/cognipilot/cranium/install/dream_world/share/dream_world/models/Coke/materials/coke.png
[1.903s] -- Up-to-date symlink: /home/vyom/cognipilot/cranium/install/dream_world/share/dream_world/models/Coke/meshes/coke.mtl
[1.909s] -- Up-to-date symlink: /home/vyom/cognipilot/cranium/install/dream_world/share/dream_world/models/Coke/meshes/coke.obj
[1.910s] -- Up-to-date symlink: /home/vyom/cognipilot/cranium/install/dream_world/share/dream_world/models/Coke/model.config
[1.910s] -- Up-to-date symlink: /home/vyom/cognipilot/cranium/install/dream_world/share/dream_world/models/Coke/model.sdf
[1.913s] -- Up-to-date symlink: /home/vyom/cognipilot/cranium/install/dream_world/share/dream_world/models/Coke/thumbnails/1.png
[1.917s] -- Up-to-date symlink: /home/vyom/cognipilot/cranium/install/dream_world/share/dream_world/models/Coke/thumbnails/2.png
[1.922s] -- Up-to-date symlink: /home/vyom/cognipilot/cranium/install/dream_world/share/dream_world/models/Coke/thumbnails/3.png
[1.922s] -- Up-to-date symlink: /home/vyom/cognipilot/cranium/install/dream_world/share/dream_world/models/Coke/thumbnails/4.png
[1.922s] -- Up-to-date symlink: /home/vyom/cognipilot/cranium/install/dream_world/share/dream_world/models/Coke/thumbnails/5.png
[1.923s] -- Up-to-date symlink: /home/vyom/cognipilot/cranium/install/dream_world/share/dream_world/models/Construction_Cone_mini/materials/scripts/Construction_Cone.material
[1.924s] -- Up-to-date symlink: /home/vyom/cognipilot/cranium/install/dream_world/share/dream_world/models/Construction_Cone_mini/materials/textures/Construction_Cone_Diffuse.png
[1.925s] -- Up-to-date symlink: /home/vyom/cognipilot/cranium/install/dream_world/share/dream_world/models/Construction_Cone_mini/materials/textures/cone.png
[1.925s] -- Up-to-date symlink: /home/vyom/cognipilot/cranium/install/dream_world/share/dream_world/models/Construction_Cone_mini/meshes/construction_cone.dae
[1.933s] -- Up-to-date symlink: /home/vyom/cognipilot/cranium/install/dream_world/share/dream_world/models/Construction_Cone_mini/model.config
[1.934s] -- Up-to-date symlink: /home/vyom/cognipilot/cranium/install/dream_world/share/dream_world/models/Construction_Cone_mini/model.sdf
[1.934s] -- Up-to-date symlink: /home/vyom/cognipilot/cranium/install/dream_world/share/dream_world/models/Depot/materials/scripts/model.material
[1.936s] -- Up-to-date symlink: /home/vyom/cognipilot/cranium/install/dream_world/share/dream_world/models/Depot/materials/textures/BOXSET_Albedo.png
[1.937s] -- Up-to-date symlink: /home/vyom/cognipilot/cranium/install/dream_world/share/dream_world/models/Depot/materials/textures/BOXSET_Emissive.png
[1.938s] -- Up-to-date symlink: /home/vyom/cognipilot/cranium/install/dream_world/share/dream_world/models/Depot/materials/textures/BOXSET_Metalness.png
[1.948s] -- Up-to-date symlink: /home/vyom/cognipilot/cranium/install/dream_world/share/dream_world/models/Depot/materials/textures/BOXSET_Normal.png
[1.949s] -- Up-to-date symlink: /home/vyom/cognipilot/cranium/install/dream_world/share/dream_world/models/Depot/materials/textures/BOXSET_Roughness.png
[1.949s] -- Up-to-date symlink: /home/vyom/cognipilot/cranium/install/dream_world/share/dream_world/models/Depot/materials/textures/Crates_Crates_BaseColor.png
[1.949s] -- Up-to-date symlink: /home/vyom/cognipilot/cranium/install/dream_world/share/dream_world/models/Depot/materials/textures/Crates_Crates_Normal.png
[1.949s] -- Up-to-date symlink: /home/vyom/cognipilot/cranium/install/dream_world/share/dream_world/models/Depot/materials/textures/Crates_Crates_Roughness.png
[1.949s] -- Up-to-date symlink: /home/vyom/cognipilot/cranium/install/dream_world/share/dream_world/models/Depot/materials/textures/DepotLightmap.png
[1.950s] -- Up-to-date symlink: /home/vyom/cognipilot/cranium/install/dream_world/share/dream_world/models/Depot/materials/textures/FANS_Albedo.png
[1.950s] -- Up-to-date symlink: /home/vyom/cognipilot/cranium/install/dream_world/share/dream_world/models/Depot/materials/textures/FANS_Metalness.png
[1.950s] -- Up-to-date symlink: /home/vyom/cognipilot/cranium/install/dream_world/share/dream_world/models/Depot/materials/textures/FANS_Normal.png
[1.950s] -- Up-to-date symlink: /home/vyom/cognipilot/cranium/install/dream_world/share/dream_world/models/Depot/materials/textures/FANS_Roughness.png
[1.950s] -- Up-to-date symlink: /home/vyom/cognipilot/cranium/install/dream_world/share/dream_world/models/Depot/materials/textures/FLOOR_Albedo.png
[1.951s] -- Up-to-date symlink: /home/vyom/cognipilot/cranium/install/dream_world/share/dream_world/models/Depot/materials/textures/FLOOR_Metalness.png
[1.951s] -- Up-to-date symlink: /home/vyom/cognipilot/cranium/install/dream_world/share/dream_world/models/Depot/materials/textures/FLOOR_Normal.png
[1.951s] -- Up-to-date symlink: /home/vyom/cognipilot/cranium/install/dream_world/share/dream_world/models/Depot/materials/textures/FLOOR_Roughness.png
[1.951s] -- Up-to-date symlink: /home/vyom/cognipilot/cranium/install/dream_world/share/dream_world/models/Depot/materials/textures/FanBack_FanBack_BaseColor.png
[1.951s] -- Up-to-date symlink: /home/vyom/cognipilot/cranium/install/dream_world/share/dream_world/models/Depot/materials/textures/FireAlarmPole_Albedo.png
[1.952s] -- Up-to-date symlink: /home/vyom/cognipilot/cranium/install/dream_world/share/dream_world/models/Depot/materials/textures/FireAlarmPole_Metalness.png
[1.952s] -- Up-to-date symlink: /home/vyom/cognipilot/cranium/install/dream_world/share/dream_world/models/Depot/materials/textures/FireAlarmPole_Normal.png
[1.952s] -- Up-to-date symlink: /home/vyom/cognipilot/cranium/install/dream_world/share/dream_world/models/Depot/materials/textures/FireAlarmPole_Roughness.png
[1.954s] -- Up-to-date symlink: /home/vyom/cognipilot/cranium/install/dream_world/share/dream_world/models/Depot/materials/textures/FireAlarm_Albedo.png
[1.955s] -- Up-to-date symlink: /home/vyom/cognipilot/cranium/install/dream_world/share/dream_world/models/Depot/materials/textures/FireAlarm_Metalness.png
[1.956s] -- Up-to-date symlink: /home/vyom/cognipilot/cranium/install/dream_world/share/dream_world/models/Depot/materials/textures/FireAlarm_Normal.png
[1.957s] -- Up-to-date symlink: /home/vyom/cognipilot/cranium/install/dream_world/share/dream_world/models/Depot/materials/textures/FireAlarm_Roughness.png
[1.958s] -- Up-to-date symlink: /home/vyom/cognipilot/cranium/install/dream_world/share/dream_world/models/Depot/materials/textures/Forklift_Forklift_BaseColor.png
[1.959s] -- Up-to-date symlink: /home/vyom/cognipilot/cranium/install/dream_world/share/dream_world/models/Depot/materials/textures/Forklift_Forklift_Metallic.png
[1.968s] -- Up-to-date symlink: /home/vyom/cognipilot/cranium/install/dream_world/share/dream_world/models/Depot/materials/textures/Forklift_Forklift_Normal.png
[1.972s] -- Up-to-date symlink: /home/vyom/cognipilot/cranium/install/dream_world/share/dream_world/models/Depot/materials/textures/Forklift_Forklift_Roughness.png
[1.981s] -- Up-to-date symlink: /home/vyom/cognipilot/cranium/install/dream_world/share/dream_world/models/Depot/materials/textures/INTERCOM_Albedo.png
[1.988s] -- Up-to-date symlink: /home/vyom/cognipilot/cranium/install/dream_world/share/dream_world/models/Depot/materials/textures/INTERCOM_Emissive.png
[1.988s] -- Up-to-date symlink: /home/vyom/cognipilot/cranium/install/dream_world/share/dream_world/models/Depot/materials/textures/INTERCOM_Metalness.png
[1.988s] -- Up-to-date symlink: /home/vyom/cognipilot/cranium/install/dream_world/share/dream_world/models/Depot/materials/textures/INTERCOM_Normal.png
[1.989s] -- Up-to-date symlink: /home/vyom/cognipilot/cranium/install/dream_world/share/dream_world/models/Depot/materials/textures/INTERCOM_Roughness.png
[1.990s] -- Up-to-date symlink: /home/vyom/cognipilot/cranium/install/dream_world/share/dream_world/models/Depot/materials/textures/PILLERS_Albedo.png
[1.991s] -- Up-to-date symlink: /home/vyom/cognipilot/cranium/install/dream_world/share/dream_world/models/Depot/materials/textures/PILLERS_Metalness.png
[1.992s] -- Up-to-date symlink: /home/vyom/cognipilot/cranium/install/dream_world/share/dream_world/models/Depot/materials/textures/PILLERS_Normal.png
[1.994s] -- Up-to-date symlink: /home/vyom/cognipilot/cranium/install/dream_world/share/dream_world/models/Depot/materials/textures/PILLERS_Roughness.png
[1.998s] -- Up-to-date symlink: /home/vyom/cognipilot/cranium/install/dream_world/share/dream_world/models/Depot/materials/textures/Pipes_Albedo.png
[2.018s] -- Up-to-date symlink: /home/vyom/cognipilot/cranium/install/dream_world/share/dream_world/models/Depot/materials/textures/Pipes_Metalness.png
[2.019s] -- Up-to-date symlink: /home/vyom/cognipilot/cranium/install/dream_world/share/dream_world/models/Depot/materials/textures/Pipes_Normal.png
[2.019s] -- Up-to-date symlink: /home/vyom/cognipilot/cranium/install/dream_world/share/dream_world/models/Depot/materials/textures/Pipes_Roughness.png
[2.019s] -- Up-to-date symlink: /home/vyom/cognipilot/cranium/install/dream_world/share/dream_world/models/Depot/materials/textures/ROOF_Albedo.png
[2.020s] -- Up-to-date symlink: /home/vyom/cognipilot/cranium/install/dream_world/share/dream_world/models/Depot/materials/textures/ROOF_Emissive.png
[2.020s] -- Up-to-date symlink: /home/vyom/cognipilot/cranium/install/dream_world/share/dream_world/models/Depot/materials/textures/ROOF_Metalness.png
[2.021s] -- Up-to-date symlink: /home/vyom/cognipilot/cranium/install/dream_world/share/dream_world/models/Depot/materials/textures/ROOF_Normal.png
[2.021s] -- Up-to-date symlink: /home/vyom/cognipilot/cranium/install/dream_world/share/dream_world/models/Depot/materials/textures/ROOF_Roughness.png
[2.021s] -- Up-to-date symlink: /home/vyom/cognipilot/cranium/install/dream_world/share/dream_world/models/Depot/materials/textures/STAIRS_Albedo.png
[2.022s] -- Up-to-date symlink: /home/vyom/cognipilot/cranium/install/dream_world/share/dream_world/models/Depot/materials/textures/STAIRS_Metalness.png
[2.026s] -- Up-to-date symlink: /home/vyom/cognipilot/cranium/install/dream_world/share/dream_world/models/Depot/materials/textures/STAIRS_Normal.png
[2.026s] -- Up-to-date symlink: /home/vyom/cognipilot/cranium/install/dream_world/share/dream_world/models/Depot/materials/textures/STAIRS_Roughness.png
[2.027s] -- Up-to-date symlink: /home/vyom/cognipilot/cranium/install/dream_world/share/dream_world/models/Depot/materials/textures/WALLS_Albedo.png
[2.027s] -- Up-to-date symlink: /home/vyom/cognipilot/cranium/install/dream_world/share/dream_world/models/Depot/materials/textures/WALLS_Metalness.png
[2.028s] -- Up-to-date symlink: /home/vyom/cognipilot/cranium/install/dream_world/share/dream_world/models/Depot/materials/textures/WALLS_Normal.png
[2.029s] -- Up-to-date symlink: /home/vyom/cognipilot/cranium/install/dream_world/share/dream_world/models/Depot/materials/textures/WALLS_Roughness.png
[2.029s] -- Up-to-date symlink: /home/vyom/cognipilot/cranium/install/dream_world/share/dream_world/models/Depot/materials/textures/Window_WINDOW_BaseColor.png
[2.030s] -- Up-to-date symlink: /home/vyom/cognipilot/cranium/install/dream_world/share/dream_world/models/Depot/materials/textures/Window_WINDOW_Metallic.png
[2.030s] -- Up-to-date symlink: /home/vyom/cognipilot/cranium/install/dream_world/share/dream_world/models/Depot/materials/textures/Window_WINDOW_Roughness.png
[2.030s] -- Up-to-date symlink: /home/vyom/cognipilot/cranium/install/dream_world/share/dream_world/models/Depot/meshes/Crates.dae
[2.030s] -- Up-to-date symlink: /home/vyom/cognipilot/cranium/install/dream_world/share/dream_world/models/Depot/meshes/Depot.dae
[2.031s] -- Up-to-date symlink: /home/vyom/cognipilot/cranium/install/dream_world/share/dream_world/models/Depot/model.config
[2.031s] -- Up-to-date symlink: /home/vyom/cognipilot/cranium/install/dream_world/share/dream_world/models/Depot/model.sdf
[2.031s] -- Up-to-date symlink: /home/vyom/cognipilot/cranium/install/dream_world/share/dream_world/models/Depot/thumbnails/0.png
[2.032s] -- Up-to-date symlink: /home/vyom/cognipilot/cranium/install/dream_world/share/dream_world/models/Depot/thumbnails/1.png
[2.036s] -- Up-to-date symlink: /home/vyom/cognipilot/cranium/install/dream_world/share/dream_world/models/Depot/thumbnails/2.png
[2.044s] -- Up-to-date symlink: /home/vyom/cognipilot/cranium/install/dream_world/share/dream_world/models/Depot/thumbnails/3.png
[2.045s] -- Up-to-date symlink: /home/vyom/cognipilot/cranium/install/dream_world/share/dream_world/models/Depot/thumbnails/4.png
[2.045s] -- Up-to-date symlink: /home/vyom/cognipilot/cranium/install/dream_world/share/dream_world/models/Depot/thumbnails/5.png
[2.047s] -- Up-to-date symlink: /home/vyom/cognipilot/cranium/install/dream_world/share/dream_world/models/Grand_Finale_Track/LICENSE
[2.048s] -- Up-to-date symlink: /home/vyom/cognipilot/cranium/install/dream_world/share/dream_world/models/Grand_Finale_Track/meshes/BridgeWallCollision.dae
[2.048s] -- Up-to-date symlink: /home/vyom/cognipilot/cranium/install/dream_world/share/dream_world/models/Grand_Finale_Track/meshes/BridgeWallCollision_2 (copy).dae
[2.048s] -- Up-to-date symlink: /home/vyom/cognipilot/cranium/install/dream_world/share/dream_world/models/Grand_Finale_Track/meshes/BridgeWallCollision_2.dae
[2.048s] -- Up-to-date symlink: /home/vyom/cognipilot/cranium/install/dream_world/share/dream_world/models/Grand_Finale_Track/meshes/Bridge_new.dae
[2.049s] -- Up-to-date symlink: /home/vyom/cognipilot/cranium/install/dream_world/share/dream_world/models/Grand_Finale_Track/meshes/Raceway2.dae
[2.049s] -- Up-to-date symlink: /home/vyom/cognipilot/cranium/install/dream_world/share/dream_world/models/Grand_Finale_Track/meshes/Track.dae
[2.049s] -- Up-to-date symlink: /home/vyom/cognipilot/cranium/install/dream_world/share/dream_world/models/Grand_Finale_Track/meshes/Track_2.dae
[2.049s] -- Up-to-date symlink: /home/vyom/cognipilot/cranium/install/dream_world/share/dream_world/models/Grand_Finale_Track/meshes/bridge_extension.dae
[2.049s] -- Up-to-date symlink: /home/vyom/cognipilot/cranium/install/dream_world/share/dream_world/models/Grand_Finale_Track/meshes/bridge_exterior.dae
[2.050s] -- Up-to-date symlink: /home/vyom/cognipilot/cranium/install/dream_world/share/dream_world/models/Grand_Finale_Track/meshes/bridge_interior.dae
[2.050s] -- Up-to-date symlink: /home/vyom/cognipilot/cranium/install/dream_world/share/dream_world/models/Grand_Finale_Track/meshes/bridge_side.dae
[2.050s] -- Up-to-date symlink: /home/vyom/cognipilot/cranium/install/dream_world/share/dream_world/models/Grand_Finale_Track/meshes/rumble_new.dae
[2.050s] -- Up-to-date symlink: /home/vyom/cognipilot/cranium/install/dream_world/share/dream_world/models/Grand_Finale_Track/meshes/tunnel.dae
[2.051s] -- Up-to-date symlink: /home/vyom/cognipilot/cranium/install/dream_world/share/dream_world/models/Grand_Finale_Track/meshes/tunnel2.dae
[2.057s] -- Up-to-date symlink: /home/vyom/cognipilot/cranium/install/dream_world/share/dream_world/models/Grand_Finale_Track/model.config
[2.061s] -- Up-to-date symlink: /home/vyom/cognipilot/cranium/install/dream_world/share/dream_world/models/Grand_Finale_Track/model.sdf
[2.062s] -- Up-to-date symlink: /home/vyom/cognipilot/cranium/install/dream_world/share/dream_world/models/NXP_AIM_S3_Qualifiers_Track/meshes/NXP_AIM_S3_Qualifiers_Track.dae
[2.062s] -- Up-to-date symlink: /home/vyom/cognipilot/cranium/install/dream_world/share/dream_world/models/NXP_AIM_S3_Qualifiers_Track/meshes/NXP_AIM_S3_Qualifiers_Track_bad.dae
[2.065s] -- Up-to-date symlink: /home/vyom/cognipilot/cranium/install/dream_world/share/dream_world/models/NXP_AIM_S3_Qualifiers_Track/meshes/NXP_AIM_S3_Qualifiers_Track_last.dae
[2.065s] -- Up-to-date symlink: /home/vyom/cognipilot/cranium/install/dream_world/share/dream_world/models/NXP_AIM_S3_Qualifiers_Track/meshes/NXP_AIM_S3_Qualifiers_Track_latest.dae
[2.065s] -- Up-to-date symlink: /home/vyom/cognipilot/cranium/install/dream_world/share/dream_world/models/NXP_AIM_S3_Qualifiers_Track/meshes/NXP_AIM_S3_Qualifiers_Track_nice.dae
[2.065s] -- Up-to-date symlink: /home/vyom/cognipilot/cranium/install/dream_world/share/dream_world/models/NXP_AIM_S3_Qualifiers_Track/meshes/NXP_AIM_S3_Qualifiers_Track_not.dae
[2.066s] -- Up-to-date symlink: /home/vyom/cognipilot/cranium/install/dream_world/share/dream_world/models/NXP_AIM_S3_Qualifiers_Track/meshes/NXP_AIM_S3_Qualifiers_Track_ok.dae
[2.070s] -- Up-to-date symlink: /home/vyom/cognipilot/cranium/install/dream_world/share/dream_world/models/NXP_AIM_S3_Qualifiers_Track/meshes/NXP_AIM_S3_Qualifiers_Track_old_white.dae
[2.073s] -- Up-to-date symlink: /home/vyom/cognipilot/cranium/install/dream_world/share/dream_world/models/NXP_AIM_S3_Qualifiers_Track/meshes/NXP_AIM_S3_Qualifiers_Track_olddd.dae
[2.077s] -- Up-to-date symlink: /home/vyom/cognipilot/cranium/install/dream_world/share/dream_world/models/NXP_AIM_S3_Qualifiers_Track/meshes/NXP_AIM_S3_Qualifiers_Track_sofa.dae
[2.078s] -- Up-to-date symlink: /home/vyom/cognipilot/cranium/install/dream_world/share/dream_world/models/NXP_AIM_S3_Qualifiers_Track/meshes/NXP_AIM_S3_Qualifiers_Track_test.dae
[2.078s] -- Up-to-date symlink: /home/vyom/cognipilot/cranium/install/dream_world/share/dream_world/models/NXP_AIM_S3_Qualifiers_Track/meshes/NXP_AIM_S3_Qualifiers_Track_white.dae
[2.079s] -- Up-to-date symlink: /home/vyom/cognipilot/cranium/install/dream_world/share/dream_world/models/NXP_AIM_S3_Qualifiers_Track/meshes/NXP_AIM_S3_Qualifiers_Track_white_lligt.dae
[2.079s] -- Up-to-date symlink: /home/vyom/cognipilot/cranium/install/dream_world/share/dream_world/models/NXP_AIM_S3_Qualifiers_Track/meshes/NXP_AIM_S3_Qualifiers_Track_working.dae
[2.079s] -- Up-to-date symlink: /home/vyom/cognipilot/cranium/install/dream_world/share/dream_world/models/NXP_AIM_S3_Qualifiers_Track/model.config
[2.080s] -- Up-to-date symlink: /home/vyom/cognipilot/cranium/install/dream_world/share/dream_world/models/NXP_AIM_S3_Qualifiers_Track/model.sdf
[2.081s] -- Up-to-date symlink: /home/vyom/cognipilot/cranium/install/dream_world/share/dream_world/models/Raceway_1/LICENSE
[2.081s] -- Up-to-date symlink: /home/vyom/cognipilot/cranium/install/dream_world/share/dream_world/models/Raceway_1/meshes/Bridge.dae
[2.099s] -- Up-to-date symlink: /home/vyom/cognipilot/cranium/install/dream_world/share/dream_world/models/Raceway_1/meshes/Bridge_new.dae
[2.099s] -- Up-to-date symlink: /home/vyom/cognipilot/cranium/install/dream_world/share/dream_world/models/Raceway_1/meshes/Rumble.dae
[2.099s] -- Up-to-date symlink: /home/vyom/cognipilot/cranium/install/dream_world/share/dream_world/models/Raceway_1/meshes/Track.dae
[2.099s] -- Up-to-date symlink: /home/vyom/cognipilot/cranium/install/dream_world/share/dream_world/models/Raceway_1/meshes/bridge_extension.dae
[2.099s] -- Up-to-date symlink: /home/vyom/cognipilot/cranium/install/dream_world/share/dream_world/models/Raceway_1/meshes/bridge_side.dae
[2.099s] -- Up-to-date symlink: /home/vyom/cognipilot/cranium/install/dream_world/share/dream_world/models/Raceway_1/meshes/rumble_new.dae
[2.100s] -- Up-to-date symlink: /home/vyom/cognipilot/cranium/install/dream_world/share/dream_world/models/Raceway_1/meshes/track2.dae
[2.100s] -- Up-to-date symlink: /home/vyom/cognipilot/cranium/install/dream_world/share/dream_world/models/Raceway_1/meshes/tunnel.dae
[2.100s] -- Up-to-date symlink: /home/vyom/cognipilot/cranium/install/dream_world/share/dream_world/models/Raceway_1/meshes/tunnel2.dae
[2.100s] -- Up-to-date symlink: /home/vyom/cognipilot/cranium/install/dream_world/share/dream_world/models/Raceway_1/model.config
[2.100s] -- Up-to-date symlink: /home/vyom/cognipilot/cranium/install/dream_world/share/dream_world/models/Raceway_1/model.sdf
[2.100s] -- Up-to-date symlink: /home/vyom/cognipilot/cranium/install/dream_world/share/dream_world/models/Raceway_2/LICENSE
[2.100s] -- Up-to-date symlink: /home/vyom/cognipilot/cranium/install/dream_world/share/dream_world/models/Raceway_2/meshes/BridgeWallCollision.dae
[2.100s] -- Up-to-date symlink: /home/vyom/cognipilot/cranium/install/dream_world/share/dream_world/models/Raceway_2/meshes/BridgeWallCollision_2.dae
[2.101s] -- Up-to-date symlink: /home/vyom/cognipilot/cranium/install/dream_world/share/dream_world/models/Raceway_2/meshes/Raceway2.dae
[2.101s] -- Up-to-date symlink: /home/vyom/cognipilot/cranium/install/dream_world/share/dream_world/models/Raceway_2/meshes/Track.dae
[2.101s] -- Up-to-date symlink: /home/vyom/cognipilot/cranium/install/dream_world/share/dream_world/models/Raceway_2/meshes/Track_2.dae
[2.107s] -- Up-to-date symlink: /home/vyom/cognipilot/cranium/install/dream_world/share/dream_world/models/Raceway_2/meshes/bridge_exterior.dae
[2.107s] -- Up-to-date symlink: /home/vyom/cognipilot/cranium/install/dream_world/share/dream_world/models/Raceway_2/meshes/bridge_interior.dae
[2.107s] -- Up-to-date symlink: /home/vyom/cognipilot/cranium/install/dream_world/share/dream_world/models/Raceway_2/model.config
[2.108s] -- Up-to-date symlink: /home/vyom/cognipilot/cranium/install/dream_world/share/dream_world/models/Raceway_2/model.sdf
[2.109s] -- Up-to-date symlink: /home/vyom/cognipilot/cranium/install/dream_world/share/dream_world/models/barricade/materials/scripts/barricade.material
[2.109s] -- Up-to-date symlink: /home/vyom/cognipilot/cranium/install/dream_world/share/dream_world/models/barricade/materials/textures/barricade.png
[2.109s] -- Up-to-date symlink: /home/vyom/cognipilot/cranium/install/dream_world/share/dream_world/models/barricade/materials/textures/blue.png
[2.109s] -- Up-to-date symlink: /home/vyom/cognipilot/cranium/install/dream_world/share/dream_world/models/barricade/model.config
[2.109s] -- Up-to-date symlink: /home/vyom/cognipilot/cranium/install/dream_world/share/dream_world/models/barricade/model.sdf
[2.109s] -- Up-to-date symlink: /home/vyom/cognipilot/cranium/install/dream_world/share/dream_world/models/car/materials/textures/hatchback_grey.png
[2.109s] -- Up-to-date symlink: /home/vyom/cognipilot/cranium/install/dream_world/share/dream_world/models/car/materials/textures/wheels2.png
[2.109s] -- Up-to-date symlink: /home/vyom/cognipilot/cranium/install/dream_world/share/dream_world/models/car/meshes/hatchback_grey.mtl
[2.110s] -- Up-to-date symlink: /home/vyom/cognipilot/cranium/install/dream_world/share/dream_world/models/car/meshes/hatchback_grey.obj
[2.110s] -- Up-to-date symlink: /home/vyom/cognipilot/cranium/install/dream_world/share/dream_world/models/car/model.config
[2.110s] -- Up-to-date symlink: /home/vyom/cognipilot/cranium/install/dream_world/share/dream_world/models/car/model.sdf
[2.110s] -- Up-to-date symlink: /home/vyom/cognipilot/cranium/install/dream_world/share/dream_world/models/car_blue/materials/textures/hatchback.png
[2.110s] -- Up-to-date symlink: /home/vyom/cognipilot/cranium/install/dream_world/share/dream_world/models/car_blue/meshes/hatchback.mtl
[2.110s] -- Up-to-date symlink: /home/vyom/cognipilot/cranium/install/dream_world/share/dream_world/models/car_blue/meshes/hatchback.obj
[2.110s] -- Up-to-date symlink: /home/vyom/cognipilot/cranium/install/dream_world/share/dream_world/models/car_blue/model.config
[2.110s] -- Up-to-date symlink: /home/vyom/cognipilot/cranium/install/dream_world/share/dream_world/models/car_blue/model.sdf
[2.111s] -- Up-to-date symlink: /home/vyom/cognipilot/cranium/install/dream_world/share/dream_world/models/finish_line/materials/scripts/finish_line.material
[2.111s] -- Up-to-date symlink: /home/vyom/cognipilot/cranium/install/dream_world/share/dream_world/models/finish_line/materials/textures/finish.png
[2.111s] -- Up-to-date symlink: /home/vyom/cognipilot/cranium/install/dream_world/share/dream_world/models/finish_line/materials/textures/finish1.png
[2.111s] -- Up-to-date symlink: /home/vyom/cognipilot/cranium/install/dream_world/share/dream_world/models/finish_line/materials/textures/race.png
[2.111s] -- Up-to-date symlink: /home/vyom/cognipilot/cranium/install/dream_world/share/dream_world/models/finish_line/model.config
[2.111s] -- Up-to-date symlink: /home/vyom/cognipilot/cranium/install/dream_world/share/dream_world/models/finish_line/model.sdf
[2.111s] -- Up-to-date symlink: /home/vyom/cognipilot/cranium/install/dream_world/share/dream_world/models/fire_hydrant/materials/textures/fire_hydrant_diffuse.png
[2.112s] -- Up-to-date symlink: /home/vyom/cognipilot/cranium/install/dream_world/share/dream_world/models/fire_hydrant/materials/textures/fire_hydrant_spec.png
[2.112s] -- Up-to-date symlink: /home/vyom/cognipilot/cranium/install/dream_world/share/dream_world/models/fire_hydrant/meshes/fire_hydrant.dae
[2.112s] -- Up-to-date symlink: /home/vyom/cognipilot/cranium/install/dream_world/share/dream_world/models/fire_hydrant/model.config
[2.112s] -- Up-to-date symlink: /home/vyom/cognipilot/cranium/install/dream_world/share/dream_world/models/fire_hydrant/model.sdf
[2.112s] -- Up-to-date symlink: /home/vyom/cognipilot/cranium/install/dream_world/share/dream_world/models/hatchback_red/materials/textures/hatchback_red.png
[2.113s] -- Up-to-date symlink: /home/vyom/cognipilot/cranium/install/dream_world/share/dream_world/models/hatchback_red/meshes/hatchback_red.mtl
[2.113s] -- Up-to-date symlink: /home/vyom/cognipilot/cranium/install/dream_world/share/dream_world/models/hatchback_red/meshes/hatchback_red.obj
[2.113s] -- Up-to-date symlink: /home/vyom/cognipilot/cranium/install/dream_world/share/dream_world/models/hatchback_red/model.config
[2.113s] -- Up-to-date symlink: /home/vyom/cognipilot/cranium/install/dream_world/share/dream_world/models/hatchback_red/model.sdf
[2.114s] -- Up-to-date symlink: /home/vyom/cognipilot/cranium/install/dream_world/share/dream_world/models/hatchback_red/thumbnails/1.png
[2.114s] -- Up-to-date symlink: /home/vyom/cognipilot/cranium/install/dream_world/share/dream_world/models/hatchback_red/thumbnails/2.png
[2.114s] -- Up-to-date symlink: /home/vyom/cognipilot/cranium/install/dream_world/share/dream_world/models/hatchback_red/thumbnails/3.png
[2.114s] -- Up-to-date symlink: /home/vyom/cognipilot/cranium/install/dream_world/share/dream_world/models/hatchback_red/thumbnails/4.png
[2.114s] -- Up-to-date symlink: /home/vyom/cognipilot/cranium/install/dream_world/share/dream_world/models/hatchback_red/thumbnails/5.png
[2.114s] -- Up-to-date symlink: /home/vyom/cognipilot/cranium/install/dream_world/share/dream_world/models/oak_tree_mini/materials/scripts/caster_fp.glsl
[2.114s] -- Up-to-date symlink: /home/vyom/cognipilot/cranium/install/dream_world/share/dream_world/models/oak_tree_mini/materials/scripts/caster_vp.glsl
[2.114s] -- Up-to-date symlink: /home/vyom/cognipilot/cranium/install/dream_world/share/dream_world/models/oak_tree_mini/materials/scripts/oak_tree.material
[2.115s] -- Up-to-date symlink: /home/vyom/cognipilot/cranium/install/dream_world/share/dream_world/models/oak_tree_mini/materials/textures/bark_diffuse.png
[2.115s] -- Up-to-date symlink: /home/vyom/cognipilot/cranium/install/dream_world/share/dream_world/models/oak_tree_mini/materials/textures/branch_diffuse.png
[2.115s] -- Up-to-date symlink: /home/vyom/cognipilot/cranium/install/dream_world/share/dream_world/models/oak_tree_mini/meshes/oak_tree.dae
[2.115s] -- Up-to-date symlink: /home/vyom/cognipilot/cranium/install/dream_world/share/dream_world/models/oak_tree_mini/model.config
[2.115s] -- Up-to-date symlink: /home/vyom/cognipilot/cranium/install/dream_world/share/dream_world/models/oak_tree_mini/model.sdf
[2.115s] -- Up-to-date symlink: /home/vyom/cognipilot/cranium/install/dream_world/share/dream_world/models/start_point/materials/scripts/start_point.material
[2.115s] -- Up-to-date symlink: /home/vyom/cognipilot/cranium/install/dream_world/share/dream_world/models/start_point/materials/textures/race.png
[2.126s] -- Up-to-date symlink: /home/vyom/cognipilot/cranium/install/dream_world/share/dream_world/models/start_point/model.config
[2.127s] -- Up-to-date symlink: /home/vyom/cognipilot/cranium/install/dream_world/share/dream_world/models/start_point/start_point.sdf
[2.127s] -- Up-to-date symlink: /home/vyom/cognipilot/cranium/install/dream_world/share/dream_world/models/start_sign/materials/scripts/stop.material
[2.128s] -- Up-to-date symlink: /home/vyom/cognipilot/cranium/install/dream_world/share/dream_world/models/start_sign/materials/textures/blue.png
[2.128s] -- Up-to-date symlink: /home/vyom/cognipilot/cranium/install/dream_world/share/dream_world/models/start_sign/materials/textures/green.png
[2.128s] -- Up-to-date symlink: /home/vyom/cognipilot/cranium/install/dream_world/share/dream_world/models/start_sign/materials/textures/red.png
[2.128s] -- Up-to-date symlink: /home/vyom/cognipilot/cranium/install/dream_world/share/dream_world/models/start_sign/materials/textures/start.png
[2.129s] -- Up-to-date symlink: /home/vyom/cognipilot/cranium/install/dream_world/share/dream_world/models/start_sign/model.config
[2.129s] -- Up-to-date symlink: /home/vyom/cognipilot/cranium/install/dream_world/share/dream_world/models/start_sign/model.sdf
[2.129s] -- Up-to-date symlink: /home/vyom/cognipilot/cranium/install/dream_world/share/dream_world/models/stop_sign/materials/scripts/stop.material
[2.129s] -- Up-to-date symlink: /home/vyom/cognipilot/cranium/install/dream_world/share/dream_world/models/stop_sign/materials/textures/Stop.png
[2.129s] -- Up-to-date symlink: /home/vyom/cognipilot/cranium/install/dream_world/share/dream_world/models/stop_sign/materials/textures/blue.png
[2.130s] -- Up-to-date symlink: /home/vyom/cognipilot/cranium/install/dream_world/share/dream_world/models/stop_sign/materials/textures/green.png
[2.130s] -- Up-to-date symlink: /home/vyom/cognipilot/cranium/install/dream_world/share/dream_world/models/stop_sign/materials/textures/red.png
[2.130s] -- Up-to-date symlink: /home/vyom/cognipilot/cranium/install/dream_world/share/dream_world/models/stop_sign/model.config
[2.130s] -- Up-to-date symlink: /home/vyom/cognipilot/cranium/install/dream_world/share/dream_world/models/stop_sign/model.sdf
[2.130s] -- Up-to-date symlink: /home/vyom/cognipilot/cranium/install/dream_world/share/dream_world/models/stop_traffic_sign/materials/scripts/stop.material
[2.131s] -- Up-to-date symlink: /home/vyom/cognipilot/cranium/install/dream_world/share/dream_world/models/stop_traffic_sign/materials/textures/Stop.png
[2.131s] -- Up-to-date symlink: /home/vyom/cognipilot/cranium/install/dream_world/share/dream_world/models/stop_traffic_sign/model.config
[2.131s] -- Up-to-date symlink: /home/vyom/cognipilot/cranium/install/dream_world/share/dream_world/models/stop_traffic_sign/model.sdf
[2.133s] -- Up-to-date symlink: /home/vyom/cognipilot/cranium/install/dream_world/share/dream_world/models/test_track_v12/meshes/test_track_v12.dae
[2.133s] -- Up-to-date symlink: /home/vyom/cognipilot/cranium/install/dream_world/share/dream_world/models/test_track_v12/model.config
[2.133s] -- Up-to-date symlink: /home/vyom/cognipilot/cranium/install/dream_world/share/dream_world/models/test_track_v12/model.sdf
[2.133s] -- Up-to-date symlink: /home/vyom/cognipilot/cranium/install/dream_world/share/dream_world/worlds/Grand_Finale_Track.sdf
[2.133s] -- Up-to-date symlink: /home/vyom/cognipilot/cranium/install/dream_world/share/dream_world/worlds/NXP_AIM_S3_Qualifiers_Track.sdf
[2.134s] -- Up-to-date symlink: /home/vyom/cognipilot/cranium/install/dream_world/share/dream_world/worlds/Raceway_1.sdf
[2.134s] -- Up-to-date symlink: /home/vyom/cognipilot/cranium/install/dream_world/share/dream_world/worlds/Raceway_1_difficult.sdf
[2.134s] -- Up-to-date symlink: /home/vyom/cognipilot/cranium/install/dream_world/share/dream_world/worlds/Raceway_2.sdf
[2.134s] -- Up-to-date symlink: /home/vyom/cognipilot/cranium/install/dream_world/share/dream_world/worlds/basic_map.sdf
[2.134s] -- Up-to-date symlink: /home/vyom/cognipilot/cranium/install/dream_world/share/dream_world/worlds/depot.sdf
[2.135s] -- Up-to-date symlink: /home/vyom/cognipilot/cranium/install/dream_world/share/dream_world/worlds/test_track_v12.sdf
[2.135s] -- Up-to-date symlink: /home/vyom/cognipilot/cranium/install/dream_world/share/dream_world/environment/dream_world.dsv
[2.135s] -- Up-to-date symlink: /home/vyom/cognipilot/cranium/install/dream_world/share/ament_index/resource_index/package_run_dependencies/dream_world
[2.135s] -- Up-to-date symlink: /home/vyom/cognipilot/cranium/install/dream_world/share/ament_index/resource_index/parent_prefix_path/dream_world
[2.135s] -- Up-to-date symlink: /home/vyom/cognipilot/cranium/install/dream_world/share/dream_world/environment/ament_prefix_path.sh
[2.136s] -- Up-to-date symlink: /home/vyom/cognipilot/cranium/install/dream_world/share/dream_world/environment/ament_prefix_path.dsv
[2.136s] -- Up-to-date symlink: /home/vyom/cognipilot/cranium/install/dream_world/share/dream_world/environment/path.sh
[2.136s] -- Up-to-date symlink: /home/vyom/cognipilot/cranium/install/dream_world/share/dream_world/environment/path.dsv
[2.137s] -- Up-to-date symlink: /home/vyom/cognipilot/cranium/install/dream_world/share/dream_world/local_setup.bash
[2.138s] -- Up-to-date symlink: /home/vyom/cognipilot/cranium/install/dream_world/share/dream_world/local_setup.sh
[2.138s] -- Up-to-date symlink: /home/vyom/cognipilot/cranium/install/dream_world/share/dream_world/local_setup.zsh
[2.139s] -- Up-to-date symlink: /home/vyom/cognipilot/cranium/install/dream_world/share/dream_world/local_setup.dsv
[2.139s] -- Symlinking: /home/vyom/cognipilot/cranium/install/dream_world/share/dream_world/package.dsv
[2.175s] -- Up-to-date symlink: /home/vyom/cognipilot/cranium/install/dream_world/share/ament_index/resource_index/packages/dream_world
[2.176s] -- Up-to-date symlink: /home/vyom/cognipilot/cranium/install/dream_world/share/dream_world/cmake/dream_worldConfig.cmake
[2.177s] -- Up-to-date symlink: /home/vyom/cognipilot/cranium/install/dream_world/share/dream_world/cmake/dream_worldConfig-version.cmake
[2.178s] -- Up-to-date symlink: /home/vyom/cognipilot/cranium/install/dream_world/share/dream_world/package.xml
[2.184s] Invoked command in '/home/vyom/cognipilot/cranium/build/dream_world' returned '0': CMAKE_PREFIX_PATH=${CMAKE_PREFIX_PATH}:/home/vyom/cognipilot/cranium/install/nxp_cup_vision:/home/vyom/cognipilot/cranium/install/b3rb_ros_line_follower:/opt/ros/humble /usr/bin/cmake --install /home/vyom/cognipilot/cranium/build/dream_world
