[0.110s] Invoking command in '/home/vyom/cognipilot/cranium/build/cerebri_bringup': CMAKE_PREFIX_PATH=${CMAKE_PREFIX_PATH}:/home/vyom/cognipilot/cranium/install/nxp_cup_vision:/home/vyom/cognipilot/cranium/install/b3rb_ros_line_follower:/opt/ros/humble /usr/bin/cmake --build /home/vyom/cognipilot/cranium/build/cerebri_bringup -- -j8 -l8
[0.168s] Invoked command in '/home/vyom/cognipilot/cranium/build/cerebri_bringup' returned '0': CMAKE_PREFIX_PATH=${CMAKE_PREFIX_PATH}:/home/vyom/cognipilot/cranium/install/nxp_cup_vision:/home/vyom/cognipilot/cranium/install/b3rb_ros_line_follower:/opt/ros/humble /usr/bin/cmake --build /home/vyom/cognipilot/cranium/build/cerebri_bringup -- -j8 -l8
[0.216s] Invoking command in '/home/vyom/cognipilot/cranium/build/cerebri_bringup': CMAKE_PREFIX_PATH=${CMAKE_PREFIX_PATH}:/home/vyom/cognipilot/cranium/install/nxp_cup_vision:/home/vyom/cognipilot/cranium/install/b3rb_ros_line_follower:/opt/ros/humble /usr/bin/cmake --install /home/vyom/cognipilot/cranium/build/cerebri_bringup
[0.231s] -- Install configuration: ""
[0.235s] -- Execute custom install script
[0.236s] -- Up-to-date symlink: /home/vyom/cognipilot/cranium/install/cerebri_bringup/share/cerebri_bringup/launch/cerebri.launch.py
[0.236s] -- Up-to-date symlink: /home/vyom/cognipilot/cranium/install/cerebri_bringup/share/ament_index/resource_index/package_run_dependencies/cerebri_bringup
[0.236s] -- Up-to-date symlink: /home/vyom/cognipilot/cranium/install/cerebri_bringup/share/ament_index/resource_index/parent_prefix_path/cerebri_bringup
[0.237s] -- Up-to-date symlink: /home/vyom/cognipilot/cranium/install/cerebri_bringup/share/cerebri_bringup/environment/ament_prefix_path.sh
[0.237s] -- Up-to-date symlink: /home/vyom/cognipilot/cranium/install/cerebri_bringup/share/cerebri_bringup/environment/ament_prefix_path.dsv
[0.238s] -- Up-to-date symlink: /home/vyom/cognipilot/cranium/install/cerebri_bringup/share/cerebri_bringup/environment/path.sh
[0.238s] -- Up-to-date symlink: /home/vyom/cognipilot/cranium/install/cerebri_bringup/share/cerebri_bringup/environment/path.dsv
[0.238s] -- Up-to-date symlink: /home/vyom/cognipilot/cranium/install/cerebri_bringup/share/cerebri_bringup/local_setup.bash
[0.239s] -- Up-to-date symlink: /home/vyom/cognipilot/cranium/install/cerebri_bringup/share/cerebri_bringup/local_setup.sh
[0.239s] -- Up-to-date symlink: /home/vyom/cognipilot/cranium/install/cerebri_bringup/share/cerebri_bringup/local_setup.zsh
[0.240s] -- Up-to-date symlink: /home/vyom/cognipilot/cranium/install/cerebri_bringup/share/cerebri_bringup/local_setup.dsv
[0.240s] -- Symlinking: /home/vyom/cognipilot/cranium/install/cerebri_bringup/share/cerebri_bringup/package.dsv
[0.256s] -- Up-to-date symlink: /home/vyom/cognipilot/cranium/install/cerebri_bringup/share/ament_index/resource_index/packages/cerebri_bringup
[0.256s] -- Up-to-date symlink: /home/vyom/cognipilot/cranium/install/cerebri_bringup/share/cerebri_bringup/cmake/cerebri_bringupConfig.cmake
[0.256s] -- Up-to-date symlink: /home/vyom/cognipilot/cranium/install/cerebri_bringup/share/cerebri_bringup/cmake/cerebri_bringupConfig-version.cmake
[0.257s] -- Up-to-date symlink: /home/vyom/cognipilot/cranium/install/cerebri_bringup/share/cerebri_bringup/package.xml
[0.262s] Invoked command in '/home/vyom/cognipilot/cranium/build/cerebri_bringup' returned '0': CMAKE_PREFIX_PATH=${CMAKE_PREFIX_PATH}:/home/vyom/cognipilot/cranium/install/nxp_cup_vision:/home/vyom/cognipilot/cranium/install/b3rb_ros_line_follower:/opt/ros/humble /usr/bin/cmake --install /home/vyom/cognipilot/cranium/build/cerebri_bringup
