[0.017s] Invoking command in '/home/vyom/cognipilot/cranium/build/synapse_gz': CMAKE_PREFIX_PATH=/home/vyom/cognipilot/cranium/install/synapse_tinyframe:/home/vyom/cognipilot/cranium/install/synapse_protobuf:/home/vyom/cognipilot/electrode/install/electrode:/home/vyom/cognipilot/cranium/install/synapse_ros:/home/vyom/cognipilot/cranium/install/synapse_gz:/home/vyom/cognipilot/cranium/install/corti:/home/vyom/cognipilot/cranium/install/synapse_msgs:/home/vyom/cognipilot/cranium/install/dream_world:/home/vyom/cognipilot/cranium/install/cerebri_bringup:/home/vyom/cognipilot/cranium/install/b3rb_simulator:/home/vyom/cognipilot/cranium/install/b3rb_desktop:/home/vyom/cognipilot/cranium/install/b3rb_rviz:/home/vyom/cognipilot/cranium/install/b3rb_nav2:/home/vyom/cognipilot/cranium/install/b3rb_gz_resource:/home/vyom/cognipilot/cranium/install/b3rb_gz_bringup:/home/vyom/cognipilot/cranium/install/b3rb_description:/opt/ros/humble /usr/bin/cmake --build /home/vyom/cognipilot/cranium/build/synapse_gz -- -j8 -l8
[0.140s] [ 25%] Building CXX object CMakeFiles/synapse_gz.dir/src/clients/gz_client.cpp.o
[0.141s] [ 50%] Building CXX object CMakeFiles/synapse_gz.dir/src/clients/tcp_client.cpp.o
[11.424s] [ 75%] Linking CXX executable synapse_gz
[12.071s] [100%] Built target synapse_gz
[12.089s] Invoked command in '/home/vyom/cognipilot/cranium/build/synapse_gz' returned '0': CMAKE_PREFIX_PATH=/home/vyom/cognipilot/cranium/install/synapse_tinyframe:/home/vyom/cognipilot/cranium/install/synapse_protobuf:/home/vyom/cognipilot/electrode/install/electrode:/home/vyom/cognipilot/cranium/install/synapse_ros:/home/vyom/cognipilot/cranium/install/synapse_gz:/home/vyom/cognipilot/cranium/install/corti:/home/vyom/cognipilot/cranium/install/synapse_msgs:/home/vyom/cognipilot/cranium/install/dream_world:/home/vyom/cognipilot/cranium/install/cerebri_bringup:/home/vyom/cognipilot/cranium/install/b3rb_simulator:/home/vyom/cognipilot/cranium/install/b3rb_desktop:/home/vyom/cognipilot/cranium/install/b3rb_rviz:/home/vyom/cognipilot/cranium/install/b3rb_nav2:/home/vyom/cognipilot/cranium/install/b3rb_gz_resource:/home/vyom/cognipilot/cranium/install/b3rb_gz_bringup:/home/vyom/cognipilot/cranium/install/b3rb_description:/opt/ros/humble /usr/bin/cmake --build /home/vyom/cognipilot/cranium/build/synapse_gz -- -j8 -l8
[12.132s] Invoking command in '/home/vyom/cognipilot/cranium/build/synapse_gz': CMAKE_PREFIX_PATH=/home/vyom/cognipilot/cranium/install/synapse_tinyframe:/home/vyom/cognipilot/cranium/install/synapse_protobuf:/home/vyom/cognipilot/electrode/install/electrode:/home/vyom/cognipilot/cranium/install/synapse_ros:/home/vyom/cognipilot/cranium/install/synapse_gz:/home/vyom/cognipilot/cranium/install/corti:/home/vyom/cognipilot/cranium/install/synapse_msgs:/home/vyom/cognipilot/cranium/install/dream_world:/home/vyom/cognipilot/cranium/install/cerebri_bringup:/home/vyom/cognipilot/cranium/install/b3rb_simulator:/home/vyom/cognipilot/cranium/install/b3rb_desktop:/home/vyom/cognipilot/cranium/install/b3rb_rviz:/home/vyom/cognipilot/cranium/install/b3rb_nav2:/home/vyom/cognipilot/cranium/install/b3rb_gz_resource:/home/vyom/cognipilot/cranium/install/b3rb_gz_bringup:/home/vyom/cognipilot/cranium/install/b3rb_description:/opt/ros/humble /usr/bin/cmake --install /home/vyom/cognipilot/cranium/build/synapse_gz
[12.142s] -- Install configuration: ""
[12.142s] -- Execute custom install script
[12.143s] -- Up-to-date symlink: /home/vyom/cognipilot/cranium/install/synapse_gz/lib/synapse_gz/synapse_gz
[12.144s] -- Up-to-date symlink: /home/vyom/cognipilot/cranium/install/synapse_gz/share/synapse_gz/launch/synapse_gz.launch.py
[12.144s] -- Up-to-date symlink: /home/vyom/cognipilot/cranium/install/synapse_gz/share/ament_index/resource_index/package_run_dependencies/synapse_gz
[12.145s] -- Up-to-date symlink: /home/vyom/cognipilot/cranium/install/synapse_gz/share/ament_index/resource_index/parent_prefix_path/synapse_gz
[12.145s] -- Up-to-date symlink: /home/vyom/cognipilot/cranium/install/synapse_gz/share/synapse_gz/environment/ament_prefix_path.sh
[12.146s] -- Up-to-date symlink: /home/vyom/cognipilot/cranium/install/synapse_gz/share/synapse_gz/environment/ament_prefix_path.dsv
[12.146s] -- Up-to-date symlink: /home/vyom/cognipilot/cranium/install/synapse_gz/share/synapse_gz/environment/path.sh
[12.146s] -- Up-to-date symlink: /home/vyom/cognipilot/cranium/install/synapse_gz/share/synapse_gz/environment/path.dsv
[12.147s] -- Up-to-date symlink: /home/vyom/cognipilot/cranium/install/synapse_gz/share/synapse_gz/local_setup.bash
[12.147s] -- Up-to-date symlink: /home/vyom/cognipilot/cranium/install/synapse_gz/share/synapse_gz/local_setup.sh
[12.147s] -- Up-to-date symlink: /home/vyom/cognipilot/cranium/install/synapse_gz/share/synapse_gz/local_setup.zsh
[12.148s] -- Up-to-date symlink: /home/vyom/cognipilot/cranium/install/synapse_gz/share/synapse_gz/local_setup.dsv
[12.148s] -- Symlinking: /home/vyom/cognipilot/cranium/install/synapse_gz/share/synapse_gz/package.dsv
[12.160s] -- Up-to-date symlink: /home/vyom/cognipilot/cranium/install/synapse_gz/share/ament_index/resource_index/packages/synapse_gz
[12.160s] -- Up-to-date symlink: /home/vyom/cognipilot/cranium/install/synapse_gz/share/synapse_gz/cmake/synapse_gzConfig.cmake
[12.160s] -- Up-to-date symlink: /home/vyom/cognipilot/cranium/install/synapse_gz/share/synapse_gz/cmake/synapse_gzConfig-version.cmake
[12.160s] -- Up-to-date symlink: /home/vyom/cognipilot/cranium/install/synapse_gz/share/synapse_gz/package.xml
[12.163s] Invoked command in '/home/vyom/cognipilot/cranium/build/synapse_gz' returned '0': CMAKE_PREFIX_PATH=/home/vyom/cognipilot/cranium/install/synapse_tinyframe:/home/vyom/cognipilot/cranium/install/synapse_protobuf:/home/vyom/cognipilot/electrode/install/electrode:/home/vyom/cognipilot/cranium/install/synapse_ros:/home/vyom/cognipilot/cranium/install/synapse_gz:/home/vyom/cognipilot/cranium/install/corti:/home/vyom/cognipilot/cranium/install/synapse_msgs:/home/vyom/cognipilot/cranium/install/dream_world:/home/vyom/cognipilot/cranium/install/cerebri_bringup:/home/vyom/cognipilot/cranium/install/b3rb_simulator:/home/vyom/cognipilot/cranium/install/b3rb_desktop:/home/vyom/cognipilot/cranium/install/b3rb_rviz:/home/vyom/cognipilot/cranium/install/b3rb_nav2:/home/vyom/cognipilot/cranium/install/b3rb_gz_resource:/home/vyom/cognipilot/cranium/install/b3rb_gz_bringup:/home/vyom/cognipilot/cranium/install/b3rb_description:/opt/ros/humble /usr/bin/cmake --install /home/vyom/cognipilot/cranium/build/synapse_gz
