[0.067s] Invoking command in '/home/vyom/cognipilot/cranium/build/b3rb_simulator': AMENT_PREFIX_PATH=/home/vyom/cognipilot/cranium/install/b3rb_gz_resource:/home/vyom/cognipilot/cranium/install/b3rb_gz_bringup:${AMENT_PREFIX_PATH} CMAKE_PREFIX_PATH=/home/vyom/cognipilot/cranium/install/b3rb_gz_resource:/home/vyom/cognipilot/cranium/install/b3rb_gz_bringup:/opt/ros/humble /usr/bin/cmake --build /home/vyom/cognipilot/cranium/build/b3rb_simulator -- -j8 -l8
[0.133s] Invoked command in '/home/vyom/cognipilot/cranium/build/b3rb_simulator' returned '0': AMENT_PREFIX_PATH=/home/vyom/cognipilot/cranium/install/b3rb_gz_resource:/home/vyom/cognipilot/cranium/install/b3rb_gz_bringup:${AMENT_PREFIX_PATH} CMAKE_PREFIX_PATH=/home/vyom/cognipilot/cranium/install/b3rb_gz_resource:/home/vyom/cognipilot/cranium/install/b3rb_gz_bringup:/opt/ros/humble /usr/bin/cmake --build /home/vyom/cognipilot/cranium/build/b3rb_simulator -- -j8 -l8
[0.169s] Invoking command in '/home/vyom/cognipilot/cranium/build/b3rb_simulator': AMENT_PREFIX_PATH=/home/vyom/cognipilot/cranium/install/b3rb_gz_resource:/home/vyom/cognipilot/cranium/install/b3rb_gz_bringup:${AMENT_PREFIX_PATH} CMAKE_PREFIX_PATH=/home/vyom/cognipilot/cranium/install/b3rb_gz_resource:/home/vyom/cognipilot/cranium/install/b3rb_gz_bringup:/opt/ros/humble /usr/bin/cmake --install /home/vyom/cognipilot/cranium/build/b3rb_simulator
[0.187s] -- Install configuration: ""
[0.187s] -- Execute custom install script
[0.187s] -- Up-to-date symlink: /home/vyom/cognipilot/cranium/install/b3rb_simulator/share/ament_index/resource_index/package_run_dependencies/b3rb_simulator
[0.187s] -- Up-to-date symlink: /home/vyom/cognipilot/cranium/install/b3rb_simulator/share/ament_index/resource_index/parent_prefix_path/b3rb_simulator
[0.188s] -- Up-to-date symlink: /home/vyom/cognipilot/cranium/install/b3rb_simulator/share/b3rb_simulator/environment/ament_prefix_path.sh
[0.188s] -- Up-to-date symlink: /home/vyom/cognipilot/cranium/install/b3rb_simulator/share/b3rb_simulator/environment/ament_prefix_path.dsv
[0.189s] -- Up-to-date symlink: /home/vyom/cognipilot/cranium/install/b3rb_simulator/share/b3rb_simulator/environment/path.sh
[0.189s] -- Up-to-date symlink: /home/vyom/cognipilot/cranium/install/b3rb_simulator/share/b3rb_simulator/environment/path.dsv
[0.189s] -- Up-to-date symlink: /home/vyom/cognipilot/cranium/install/b3rb_simulator/share/b3rb_simulator/local_setup.bash
[0.190s] -- Up-to-date symlink: /home/vyom/cognipilot/cranium/install/b3rb_simulator/share/b3rb_simulator/local_setup.sh
[0.190s] -- Up-to-date symlink: /home/vyom/cognipilot/cranium/install/b3rb_simulator/share/b3rb_simulator/local_setup.zsh
[0.190s] -- Up-to-date symlink: /home/vyom/cognipilot/cranium/install/b3rb_simulator/share/b3rb_simulator/local_setup.dsv
[0.190s] -- Symlinking: /home/vyom/cognipilot/cranium/install/b3rb_simulator/share/b3rb_simulator/package.dsv
[0.238s] -- Up-to-date symlink: /home/vyom/cognipilot/cranium/install/b3rb_simulator/share/ament_index/resource_index/packages/b3rb_simulator
[0.238s] -- Up-to-date symlink: /home/vyom/cognipilot/cranium/install/b3rb_simulator/share/b3rb_simulator/cmake/b3rb_simulatorConfig.cmake
[0.238s] -- Up-to-date symlink: /home/vyom/cognipilot/cranium/install/b3rb_simulator/share/b3rb_simulator/cmake/b3rb_simulatorConfig-version.cmake
[0.238s] -- Up-to-date symlink: /home/vyom/cognipilot/cranium/install/b3rb_simulator/share/b3rb_simulator/package.xml
[0.239s] Invoked command in '/home/vyom/cognipilot/cranium/build/b3rb_simulator' returned '0': AMENT_PREFIX_PATH=/home/vyom/cognipilot/cranium/install/b3rb_gz_resource:/home/vyom/cognipilot/cranium/install/b3rb_gz_bringup:${AMENT_PREFIX_PATH} CMAKE_PREFIX_PATH=/home/vyom/cognipilot/cranium/install/b3rb_gz_resource:/home/vyom/cognipilot/cranium/install/b3rb_gz_bringup:/opt/ros/humble /usr/bin/cmake --install /home/vyom/cognipilot/cranium/build/b3rb_simulator
