[0.040s] Invoking command in '/home/vyom/cognipilot/cranium/build/synapse_tinyframe': CMAKE_PREFIX_PATH=/opt/ros/humble /usr/bin/cmake --build /home/vyom/cognipilot/cranium/build/synapse_tinyframe -- -j8 -l8
[0.114s] Consolidate compiler generated dependencies of target synapse_tinyframe
[0.144s] [100%] Built target synapse_tinyframe
[0.171s] Invoked command in '/home/vyom/cognipilot/cranium/build/synapse_tinyframe' returned '0': CMAKE_PREFIX_PATH=/opt/ros/humble /usr/bin/cmake --build /home/vyom/cognipilot/cranium/build/synapse_tinyframe -- -j8 -l8
[0.269s] Invoking command in '/home/vyom/cognipilot/cranium/build/synapse_tinyframe': CMAKE_PREFIX_PATH=/opt/ros/humble /usr/bin/cmake --install /home/vyom/cognipilot/cranium/build/synapse_tinyframe
[0.336s] -- Install configuration: ""
[0.337s] -- Execute custom install script
[0.337s] -- Up-to-date symlink: /home/vyom/cognipilot/cranium/install/synapse_tinyframe/share/synapse_tinyframe/environment/library_path.sh
[0.337s] -- Up-to-date symlink: /home/vyom/cognipilot/cranium/install/synapse_tinyframe/share/synapse_tinyframe/environment/library_path.dsv
[0.337s] -- Up-to-date symlink: /home/vyom/cognipilot/cranium/install/synapse_tinyframe/include/synapse_tinyframe/SynapseTopics.h
[0.338s] -- Up-to-date symlink: /home/vyom/cognipilot/cranium/install/synapse_tinyframe/include/synapse_tinyframe/TF_Config.h
[0.338s] -- Up-to-date symlink: /home/vyom/cognipilot/cranium/install/synapse_tinyframe/include/synapse_tinyframe/TinyFrame.h
[0.338s] -- Up-to-date symlink: /home/vyom/cognipilot/cranium/install/synapse_tinyframe/include/synapse_tinyframe/utils.h
[0.338s] -- Up-to-date symlink: /home/vyom/cognipilot/cranium/install/synapse_tinyframe/share/ament_index/resource_index/package_run_dependencies/synapse_tinyframe
[0.338s] -- Up-to-date symlink: /home/vyom/cognipilot/cranium/install/synapse_tinyframe/share/ament_index/resource_index/parent_prefix_path/synapse_tinyframe
[0.339s] -- Up-to-date symlink: /home/vyom/cognipilot/cranium/install/synapse_tinyframe/share/synapse_tinyframe/environment/ament_prefix_path.sh
[0.339s] -- Up-to-date symlink: /home/vyom/cognipilot/cranium/install/synapse_tinyframe/share/synapse_tinyframe/environment/ament_prefix_path.dsv
[0.339s] -- Up-to-date symlink: /home/vyom/cognipilot/cranium/install/synapse_tinyframe/share/synapse_tinyframe/environment/path.sh
[0.339s] -- Up-to-date symlink: /home/vyom/cognipilot/cranium/install/synapse_tinyframe/share/synapse_tinyframe/environment/path.dsv
[0.339s] -- Up-to-date symlink: /home/vyom/cognipilot/cranium/install/synapse_tinyframe/share/synapse_tinyframe/local_setup.bash
[0.339s] -- Up-to-date symlink: /home/vyom/cognipilot/cranium/install/synapse_tinyframe/share/synapse_tinyframe/local_setup.sh
[0.339s] -- Up-to-date symlink: /home/vyom/cognipilot/cranium/install/synapse_tinyframe/share/synapse_tinyframe/local_setup.zsh
[0.340s] -- Up-to-date symlink: /home/vyom/cognipilot/cranium/install/synapse_tinyframe/share/synapse_tinyframe/local_setup.dsv
[0.340s] -- Symlinking: /home/vyom/cognipilot/cranium/install/synapse_tinyframe/share/synapse_tinyframe/package.dsv
[0.340s] -- Up-to-date symlink: /home/vyom/cognipilot/cranium/install/synapse_tinyframe/share/ament_index/resource_index/packages/synapse_tinyframe
[0.340s] -- Up-to-date symlink: /home/vyom/cognipilot/cranium/install/synapse_tinyframe/share/synapse_tinyframe/cmake/ament_cmake_export_targets-extras.cmake
[0.340s] -- Up-to-date symlink: /home/vyom/cognipilot/cranium/install/synapse_tinyframe/share/synapse_tinyframe/cmake/synapse_tinyframeConfig.cmake
[0.341s] -- Up-to-date symlink: /home/vyom/cognipilot/cranium/install/synapse_tinyframe/share/synapse_tinyframe/cmake/synapse_tinyframeConfig-version.cmake
[0.341s] -- Up-to-date symlink: /home/vyom/cognipilot/cranium/install/synapse_tinyframe/share/synapse_tinyframe/package.xml
[0.341s] -- Up-to-date: /home/vyom/cognipilot/cranium/install/synapse_tinyframe/lib/libsynapse_tinyframe.a
[0.341s] -- Up-to-date: /home/vyom/cognipilot/cranium/install/synapse_tinyframe/share/synapse_tinyframe/cmake/synapse_tinyframeExport.cmake
[0.341s] -- Up-to-date: /home/vyom/cognipilot/cranium/install/synapse_tinyframe/share/synapse_tinyframe/cmake/synapse_tinyframeExport-noconfig.cmake
[0.367s] Invoked command in '/home/vyom/cognipilot/cranium/build/synapse_tinyframe' returned '0': CMAKE_PREFIX_PATH=/opt/ros/humble /usr/bin/cmake --install /home/vyom/cognipilot/cranium/build/synapse_tinyframe
