[1.087s] Invoking command in '/home/vyom/cognipilot/cranium/build/nxp_cup_vision': CMAKE_PREFIX_PATH=/home/vyom/cognipilot/cranium/install/synapse_msgs:/home/vyom/cognipilot/electrode/install/electrode:/home/vyom/cognipilot/cranium/install/synapse_ros:/home/vyom/cognipilot/cranium/install/synapse_gz:/home/vyom/cognipilot/cranium/install/synapse_tinyframe:/home/vyom/cognipilot/cranium/install/synapse_protobuf:/home/vyom/cognipilot/cranium/install/corti:/home/vyom/cognipilot/cranium/install/dream_world:/home/vyom/cognipilot/cranium/install/cerebri_bringup:/home/vyom/cognipilot/cranium/install/b3rb_simulator:/home/vyom/cognipilot/cranium/install/b3rb_desktop:/home/vyom/cognipilot/cranium/install/b3rb_rviz:/home/vyom/cognipilot/cranium/install/b3rb_nav2:/home/vyom/cognipilot/cranium/install/b3rb_gz_resource:/home/vyom/cognipilot/cranium/install/b3rb_gz_bringup:/home/vyom/cognipilot/cranium/install/b3rb_description LD_LIBRARY_PATH=/home/vyom/cognipilot/cranium/install/synapse_msgs/lib:/home/vyom/cognipilot/cranium/install/synapse_tinyframe/lib:/home/vyom/cognipilot/cranium/install/synapse_protobuf/lib:/opt/ros/humble/opt/rviz_ogre_vendor/lib:/opt/ros/humble/lib/x86_64-linux-gnu:/opt/ros/humble/lib PYTHONPATH=/home/vyom/cognipilot/cranium/build/nxp_cup_vision/prefix_override:/usr/lib/python3/dist-packages/colcon_core/task/python/colcon_distutils_commands:/home/vyom/cognipilot/cranium/install/nxp_cup_vision/lib/python3.10/site-packages:${PYTHONPATH} /usr/bin/python3 -W ignore:setup.py install is deprecated setup.py develop --editable --build-directory /home/vyom/cognipilot/cranium/build/nxp_cup_vision/build --no-deps symlink_data
[1.704s] running develop
[2.109s] running egg_info
[2.109s] creating nxp_cup_vision.egg-info
[2.109s] writing nxp_cup_vision.egg-info/PKG-INFO
[2.110s] writing dependency_links to nxp_cup_vision.egg-info/dependency_links.txt
[2.110s] writing entry points to nxp_cup_vision.egg-info/entry_points.txt
[2.110s] writing requirements to nxp_cup_vision.egg-info/requires.txt
[2.110s] writing top-level names to nxp_cup_vision.egg-info/top_level.txt
[2.110s] writing manifest file 'nxp_cup_vision.egg-info/SOURCES.txt'
[2.114s] reading manifest file 'nxp_cup_vision.egg-info/SOURCES.txt'
[2.115s] writing manifest file 'nxp_cup_vision.egg-info/SOURCES.txt'
[2.118s] running build_ext
[2.118s] Creating /home/vyom/cognipilot/cranium/install/nxp_cup_vision/lib/python3.10/site-packages/nxp-cup-vision.egg-link (link to .)
[2.120s] Installing nxp_track_vision script to /home/vyom/cognipilot/cranium/install/nxp_cup_vision/lib/nxp_cup_vision
[2.120s] 
[2.120s] Installed /home/vyom/cognipilot/cranium/build/nxp_cup_vision
[2.120s] running symlink_data
[2.121s] creating /home/vyom/cognipilot/cranium/install/nxp_cup_vision/share/ament_index
[2.121s] creating /home/vyom/cognipilot/cranium/install/nxp_cup_vision/share/ament_index/resource_index
[2.121s] creating /home/vyom/cognipilot/cranium/install/nxp_cup_vision/share/ament_index/resource_index/packages
[2.122s] symbolically linking /home/vyom/cognipilot/cranium/build/nxp_cup_vision/resource/nxp_cup_vision -> /home/vyom/cognipilot/cranium/install/nxp_cup_vision/share/ament_index/resource_index/packages
[2.122s] symbolically linking /home/vyom/cognipilot/cranium/build/nxp_cup_vision/package.xml -> /home/vyom/cognipilot/cranium/install/nxp_cup_vision/share/nxp_cup_vision
[2.122s] creating /home/vyom/cognipilot/cranium/install/nxp_cup_vision/share/nxp_cup_vision/launch
[2.122s] symbolically linking /home/vyom/cognipilot/cranium/build/nxp_cup_vision/launch/nxp_cup_vision_launch.py -> /home/vyom/cognipilot/cranium/install/nxp_cup_vision/share/nxp_cup_vision/launch
[2.175s] Invoked command in '/home/vyom/cognipilot/cranium/build/nxp_cup_vision' returned '0': CMAKE_PREFIX_PATH=/home/vyom/cognipilot/cranium/install/synapse_msgs:/home/vyom/cognipilot/electrode/install/electrode:/home/vyom/cognipilot/cranium/install/synapse_ros:/home/vyom/cognipilot/cranium/install/synapse_gz:/home/vyom/cognipilot/cranium/install/synapse_tinyframe:/home/vyom/cognipilot/cranium/install/synapse_protobuf:/home/vyom/cognipilot/cranium/install/corti:/home/vyom/cognipilot/cranium/install/dream_world:/home/vyom/cognipilot/cranium/install/cerebri_bringup:/home/vyom/cognipilot/cranium/install/b3rb_simulator:/home/vyom/cognipilot/cranium/install/b3rb_desktop:/home/vyom/cognipilot/cranium/install/b3rb_rviz:/home/vyom/cognipilot/cranium/install/b3rb_nav2:/home/vyom/cognipilot/cranium/install/b3rb_gz_resource:/home/vyom/cognipilot/cranium/install/b3rb_gz_bringup:/home/vyom/cognipilot/cranium/install/b3rb_description LD_LIBRARY_PATH=/home/vyom/cognipilot/cranium/install/synapse_msgs/lib:/home/vyom/cognipilot/cranium/install/synapse_tinyframe/lib:/home/vyom/cognipilot/cranium/install/synapse_protobuf/lib:/opt/ros/humble/opt/rviz_ogre_vendor/lib:/opt/ros/humble/lib/x86_64-linux-gnu:/opt/ros/humble/lib PYTHONPATH=/home/vyom/cognipilot/cranium/build/nxp_cup_vision/prefix_override:/usr/lib/python3/dist-packages/colcon_core/task/python/colcon_distutils_commands:/home/vyom/cognipilot/cranium/install/nxp_cup_vision/lib/python3.10/site-packages:${PYTHONPATH} /usr/bin/python3 -W ignore:setup.py install is deprecated setup.py develop --editable --build-directory /home/vyom/cognipilot/cranium/build/nxp_cup_vision/build --no-deps symlink_data
