[0.082s] Invoking command in '/home/vyom/cognipilot/cranium/build/dream_world': CMAKE_PREFIX_PATH=${CMAKE_PREFIX_PATH}:/opt/ros/humble /usr/bin/cmake --build /home/vyom/cognipilot/cranium/build/dream_world -- -j8 -l8
[0.144s] Invoked command in '/home/vyom/cognipilot/cranium/build/dream_world' returned '0': CMAKE_PREFIX_PATH=${CMAKE_PREFIX_PATH}:/opt/ros/humble /usr/bin/cmake --build /home/vyom/cognipilot/cranium/build/dream_world -- -j8 -l8
[0.184s] Invoking command in '/home/vyom/cognipilot/cranium/build/dream_world': CMAKE_PREFIX_PATH=${CMAKE_PREFIX_PATH}:/opt/ros/humble /usr/bin/cmake --install /home/vyom/cognipilot/cranium/build/dream_world
[0.198s] -- Install configuration: ""
[0.199s] -- Execute custom install script
[0.201s] -- Up-to-date symlink: /home/vyom/cognipilot/cranium/install/dream_world/share/dream_world/models/Depot/materials/scripts/model.material
[0.204s] -- Up-to-date symlink: /home/vyom/cognipilot/cranium/install/dream_world/share/dream_world/models/Depot/materials/textures/BOXSET_Albedo.png
[0.205s] -- Up-to-date symlink: /home/vyom/cognipilot/cranium/install/dream_world/share/dream_world/models/Depot/materials/textures/BOXSET_Emissive.png
[0.205s] -- Up-to-date symlink: /home/vyom/cognipilot/cranium/install/dream_world/share/dream_world/models/Depot/materials/textures/BOXSET_Metalness.png
[0.205s] -- Up-to-date symlink: /home/vyom/cognipilot/cranium/install/dream_world/share/dream_world/models/Depot/materials/textures/BOXSET_Normal.png
[0.205s] -- Up-to-date symlink: /home/vyom/cognipilot/cranium/install/dream_world/share/dream_world/models/Depot/materials/textures/BOXSET_Roughness.png
[0.205s] -- Up-to-date symlink: /home/vyom/cognipilot/cranium/install/dream_world/share/dream_world/models/Depot/materials/textures/Crates_Crates_BaseColor.png
[0.207s] -- Up-to-date symlink: /home/vyom/cognipilot/cranium/install/dream_world/share/dream_world/models/Depot/materials/textures/Crates_Crates_Normal.png
[0.208s] -- Up-to-date symlink: /home/vyom/cognipilot/cranium/install/dream_world/share/dream_world/models/Depot/materials/textures/Crates_Crates_Roughness.png
[0.208s] -- Up-to-date symlink: /home/vyom/cognipilot/cranium/install/dream_world/share/dream_world/models/Depot/materials/textures/DepotLightmap.png
[0.209s] -- Up-to-date symlink: /home/vyom/cognipilot/cranium/install/dream_world/share/dream_world/models/Depot/materials/textures/FANS_Albedo.png
[0.209s] -- Up-to-date symlink: /home/vyom/cognipilot/cranium/install/dream_world/share/dream_world/models/Depot/materials/textures/FANS_Metalness.png
[0.209s] -- Up-to-date symlink: /home/vyom/cognipilot/cranium/install/dream_world/share/dream_world/models/Depot/materials/textures/FANS_Normal.png
[0.209s] -- Up-to-date symlink: /home/vyom/cognipilot/cranium/install/dream_world/share/dream_world/models/Depot/materials/textures/FANS_Roughness.png
[0.209s] -- Up-to-date symlink: /home/vyom/cognipilot/cranium/install/dream_world/share/dream_world/models/Depot/materials/textures/FLOOR_Albedo.png
[0.221s] -- Up-to-date symlink: /home/vyom/cognipilot/cranium/install/dream_world/share/dream_world/models/Depot/materials/textures/FLOOR_Metalness.png
[0.222s] -- Up-to-date symlink: /home/vyom/cognipilot/cranium/install/dream_world/share/dream_world/models/Depot/materials/textures/FLOOR_Normal.png
[0.223s] -- Up-to-date symlink: /home/vyom/cognipilot/cranium/install/dream_world/share/dream_world/models/Depot/materials/textures/FLOOR_Roughness.png
[0.223s] -- Up-to-date symlink: /home/vyom/cognipilot/cranium/install/dream_world/share/dream_world/models/Depot/materials/textures/FanBack_FanBack_BaseColor.png
[0.223s] -- Up-to-date symlink: /home/vyom/cognipilot/cranium/install/dream_world/share/dream_world/models/Depot/materials/textures/FireAlarmPole_Albedo.png
[0.223s] -- Up-to-date symlink: /home/vyom/cognipilot/cranium/install/dream_world/share/dream_world/models/Depot/materials/textures/FireAlarmPole_Metalness.png
[0.223s] -- Up-to-date symlink: /home/vyom/cognipilot/cranium/install/dream_world/share/dream_world/models/Depot/materials/textures/FireAlarmPole_Normal.png
[0.223s] -- Up-to-date symlink: /home/vyom/cognipilot/cranium/install/dream_world/share/dream_world/models/Depot/materials/textures/FireAlarmPole_Roughness.png
[0.223s] -- Up-to-date symlink: /home/vyom/cognipilot/cranium/install/dream_world/share/dream_world/models/Depot/materials/textures/FireAlarm_Albedo.png
[0.224s] -- Up-to-date symlink: /home/vyom/cognipilot/cranium/install/dream_world/share/dream_world/models/Depot/materials/textures/FireAlarm_Metalness.png
[0.224s] -- Up-to-date symlink: /home/vyom/cognipilot/cranium/install/dream_world/share/dream_world/models/Depot/materials/textures/FireAlarm_Normal.png
[0.224s] -- Up-to-date symlink: /home/vyom/cognipilot/cranium/install/dream_world/share/dream_world/models/Depot/materials/textures/FireAlarm_Roughness.png
[0.224s] -- Up-to-date symlink: /home/vyom/cognipilot/cranium/install/dream_world/share/dream_world/models/Depot/materials/textures/Forklift_Forklift_BaseColor.png
[0.224s] -- Up-to-date symlink: /home/vyom/cognipilot/cranium/install/dream_world/share/dream_world/models/Depot/materials/textures/Forklift_Forklift_Metallic.png
[0.224s] -- Up-to-date symlink: /home/vyom/cognipilot/cranium/install/dream_world/share/dream_world/models/Depot/materials/textures/Forklift_Forklift_Normal.png
[0.225s] -- Up-to-date symlink: /home/vyom/cognipilot/cranium/install/dream_world/share/dream_world/models/Depot/materials/textures/Forklift_Forklift_Roughness.png
[0.225s] -- Up-to-date symlink: /home/vyom/cognipilot/cranium/install/dream_world/share/dream_world/models/Depot/materials/textures/INTERCOM_Albedo.png
[0.225s] -- Up-to-date symlink: /home/vyom/cognipilot/cranium/install/dream_world/share/dream_world/models/Depot/materials/textures/INTERCOM_Emissive.png
[0.225s] -- Up-to-date symlink: /home/vyom/cognipilot/cranium/install/dream_world/share/dream_world/models/Depot/materials/textures/INTERCOM_Metalness.png
[0.225s] -- Up-to-date symlink: /home/vyom/cognipilot/cranium/install/dream_world/share/dream_world/models/Depot/materials/textures/INTERCOM_Normal.png
[0.225s] -- Up-to-date symlink: /home/vyom/cognipilot/cranium/install/dream_world/share/dream_world/models/Depot/materials/textures/INTERCOM_Roughness.png
[0.225s] -- Up-to-date symlink: /home/vyom/cognipilot/cranium/install/dream_world/share/dream_world/models/Depot/materials/textures/PILLERS_Albedo.png
[0.225s] -- Up-to-date symlink: /home/vyom/cognipilot/cranium/install/dream_world/share/dream_world/models/Depot/materials/textures/PILLERS_Metalness.png
[0.225s] -- Up-to-date symlink: /home/vyom/cognipilot/cranium/install/dream_world/share/dream_world/models/Depot/materials/textures/PILLERS_Normal.png
[0.226s] -- Up-to-date symlink: /home/vyom/cognipilot/cranium/install/dream_world/share/dream_world/models/Depot/materials/textures/PILLERS_Roughness.png
[0.226s] -- Up-to-date symlink: /home/vyom/cognipilot/cranium/install/dream_world/share/dream_world/models/Depot/materials/textures/Pipes_Albedo.png
[0.226s] -- Up-to-date symlink: /home/vyom/cognipilot/cranium/install/dream_world/share/dream_world/models/Depot/materials/textures/Pipes_Metalness.png
[0.226s] -- Up-to-date symlink: /home/vyom/cognipilot/cranium/install/dream_world/share/dream_world/models/Depot/materials/textures/Pipes_Normal.png
[0.226s] -- Up-to-date symlink: /home/vyom/cognipilot/cranium/install/dream_world/share/dream_world/models/Depot/materials/textures/Pipes_Roughness.png
[0.227s] -- Up-to-date symlink: /home/vyom/cognipilot/cranium/install/dream_world/share/dream_world/models/Depot/materials/textures/ROOF_Albedo.png
[0.227s] -- Up-to-date symlink: /home/vyom/cognipilot/cranium/install/dream_world/share/dream_world/models/Depot/materials/textures/ROOF_Emissive.png
[0.227s] -- Up-to-date symlink: /home/vyom/cognipilot/cranium/install/dream_world/share/dream_world/models/Depot/materials/textures/ROOF_Metalness.png
[0.227s] -- Up-to-date symlink: /home/vyom/cognipilot/cranium/install/dream_world/share/dream_world/models/Depot/materials/textures/ROOF_Normal.png
[0.227s] -- Up-to-date symlink: /home/vyom/cognipilot/cranium/install/dream_world/share/dream_world/models/Depot/materials/textures/ROOF_Roughness.png
[0.227s] -- Up-to-date symlink: /home/vyom/cognipilot/cranium/install/dream_world/share/dream_world/models/Depot/materials/textures/STAIRS_Albedo.png
[0.228s] -- Up-to-date symlink: /home/vyom/cognipilot/cranium/install/dream_world/share/dream_world/models/Depot/materials/textures/STAIRS_Metalness.png
[0.228s] -- Up-to-date symlink: /home/vyom/cognipilot/cranium/install/dream_world/share/dream_world/models/Depot/materials/textures/STAIRS_Normal.png
[0.228s] -- Up-to-date symlink: /home/vyom/cognipilot/cranium/install/dream_world/share/dream_world/models/Depot/materials/textures/STAIRS_Roughness.png
[0.228s] -- Up-to-date symlink: /home/vyom/cognipilot/cranium/install/dream_world/share/dream_world/models/Depot/materials/textures/WALLS_Albedo.png
[0.228s] -- Up-to-date symlink: /home/vyom/cognipilot/cranium/install/dream_world/share/dream_world/models/Depot/materials/textures/WALLS_Metalness.png
[0.230s] -- Up-to-date symlink: /home/vyom/cognipilot/cranium/install/dream_world/share/dream_world/models/Depot/materials/textures/WALLS_Normal.png
[0.230s] -- Up-to-date symlink: /home/vyom/cognipilot/cranium/install/dream_world/share/dream_world/models/Depot/materials/textures/WALLS_Roughness.png
[0.230s] -- Up-to-date symlink: /home/vyom/cognipilot/cranium/install/dream_world/share/dream_world/models/Depot/materials/textures/Window_WINDOW_BaseColor.png
[0.243s] -- Up-to-date symlink: /home/vyom/cognipilot/cranium/install/dream_world/share/dream_world/models/Depot/materials/textures/Window_WINDOW_Metallic.png
[0.244s] -- Up-to-date symlink: /home/vyom/cognipilot/cranium/install/dream_world/share/dream_world/models/Depot/materials/textures/Window_WINDOW_Roughness.png
[0.244s] -- Up-to-date symlink: /home/vyom/cognipilot/cranium/install/dream_world/share/dream_world/models/Depot/meshes/Crates.dae
[0.244s] -- Up-to-date symlink: /home/vyom/cognipilot/cranium/install/dream_world/share/dream_world/models/Depot/meshes/Depot.dae
[0.244s] -- Up-to-date symlink: /home/vyom/cognipilot/cranium/install/dream_world/share/dream_world/models/Depot/model.config
[0.244s] -- Up-to-date symlink: /home/vyom/cognipilot/cranium/install/dream_world/share/dream_world/models/Depot/model.sdf
[0.244s] -- Up-to-date symlink: /home/vyom/cognipilot/cranium/install/dream_world/share/dream_world/models/Depot/thumbnails/0.png
[0.244s] -- Up-to-date symlink: /home/vyom/cognipilot/cranium/install/dream_world/share/dream_world/models/Depot/thumbnails/1.png
[0.245s] -- Up-to-date symlink: /home/vyom/cognipilot/cranium/install/dream_world/share/dream_world/models/Depot/thumbnails/2.png
[0.245s] -- Up-to-date symlink: /home/vyom/cognipilot/cranium/install/dream_world/share/dream_world/models/Depot/thumbnails/3.png
[0.245s] -- Up-to-date symlink: /home/vyom/cognipilot/cranium/install/dream_world/share/dream_world/models/Depot/thumbnails/4.png
[0.245s] -- Up-to-date symlink: /home/vyom/cognipilot/cranium/install/dream_world/share/dream_world/models/Depot/thumbnails/5.png
[0.245s] -- Symlinking: /home/vyom/cognipilot/cranium/install/dream_world/share/dream_world/models/nxp_raceway_octagon/LICENSE
[0.245s] -- Symlinking: /home/vyom/cognipilot/cranium/install/dream_world/share/dream_world/models/nxp_raceway_octagon/meshes/CourseOctaSwing.stl
[0.254s] -- Symlinking: /home/vyom/cognipilot/cranium/install/dream_world/share/dream_world/models/nxp_raceway_octagon/meshes/CourseOctaSwingBorder.dae
[0.268s] -- Symlinking: /home/vyom/cognipilot/cranium/install/dream_world/share/dream_world/models/nxp_raceway_octagon/meshes/CourseOctaSwingBorder.stl
[0.285s] -- Symlinking: /home/vyom/cognipilot/cranium/install/dream_world/share/dream_world/models/nxp_raceway_octagon/meshes/CourseOctaSwingInside.dae
[0.295s] -- Symlinking: /home/vyom/cognipilot/cranium/install/dream_world/share/dream_world/models/nxp_raceway_octagon/meshes/CourseOctaSwingInside.stl
[0.297s] -- Up-to-date symlink: /home/vyom/cognipilot/cranium/install/dream_world/share/dream_world/worlds/basic_map.sdf
[0.298s] -- Up-to-date symlink: /home/vyom/cognipilot/cranium/install/dream_world/share/dream_world/worlds/depot.sdf
[0.298s] -- Symlinking: /home/vyom/cognipilot/cranium/install/dream_world/share/dream_world/worlds/nxp_raceway_octagon.sdf
[0.308s] -- Up-to-date symlink: /home/vyom/cognipilot/cranium/install/dream_world/share/dream_world/environment/dream_world.dsv
[0.308s] -- Up-to-date symlink: /home/vyom/cognipilot/cranium/install/dream_world/share/ament_index/resource_index/package_run_dependencies/dream_world
[0.308s] -- Up-to-date symlink: /home/vyom/cognipilot/cranium/install/dream_world/share/ament_index/resource_index/parent_prefix_path/dream_world
[0.309s] -- Up-to-date symlink: /home/vyom/cognipilot/cranium/install/dream_world/share/dream_world/environment/ament_prefix_path.sh
[0.309s] -- Up-to-date symlink: /home/vyom/cognipilot/cranium/install/dream_world/share/dream_world/environment/ament_prefix_path.dsv
[0.309s] -- Up-to-date symlink: /home/vyom/cognipilot/cranium/install/dream_world/share/dream_world/environment/path.sh
[0.309s] -- Up-to-date symlink: /home/vyom/cognipilot/cranium/install/dream_world/share/dream_world/environment/path.dsv
[0.310s] -- Up-to-date symlink: /home/vyom/cognipilot/cranium/install/dream_world/share/dream_world/local_setup.bash
[0.310s] -- Up-to-date symlink: /home/vyom/cognipilot/cranium/install/dream_world/share/dream_world/local_setup.sh
[0.310s] -- Up-to-date symlink: /home/vyom/cognipilot/cranium/install/dream_world/share/dream_world/local_setup.zsh
[0.311s] -- Up-to-date symlink: /home/vyom/cognipilot/cranium/install/dream_world/share/dream_world/local_setup.dsv
[0.311s] -- Symlinking: /home/vyom/cognipilot/cranium/install/dream_world/share/dream_world/package.dsv
[0.321s] -- Up-to-date symlink: /home/vyom/cognipilot/cranium/install/dream_world/share/ament_index/resource_index/packages/dream_world
[0.321s] -- Up-to-date symlink: /home/vyom/cognipilot/cranium/install/dream_world/share/dream_world/cmake/dream_worldConfig.cmake
[0.321s] -- Up-to-date symlink: /home/vyom/cognipilot/cranium/install/dream_world/share/dream_world/cmake/dream_worldConfig-version.cmake
[0.322s] -- Up-to-date symlink: /home/vyom/cognipilot/cranium/install/dream_world/share/dream_world/package.xml
[0.324s] Invoked command in '/home/vyom/cognipilot/cranium/build/dream_world' returned '0': CMAKE_PREFIX_PATH=${CMAKE_PREFIX_PATH}:/opt/ros/humble /usr/bin/cmake --install /home/vyom/cognipilot/cranium/build/dream_world
