[0.559s] Invoking command in '/home/vyom/cognipilot/cranium/build/synapse_ros': CMAKE_PREFIX_PATH=/home/vyom/cognipilot/cranium/install/synapse_tinyframe:/home/vyom/cognipilot/cranium/install/synapse_protobuf:/home/vyom/cognipilot/cranium/install/synapse_msgs:/home/vyom/cognipilot/cranium/install/synapse_ros:/home/vyom/cognipilot/cranium/install/synapse_gz:/home/vyom/cognipilot/cranium/install/corti:/home/vyom/cognipilot/cranium/install/dream_world:/home/vyom/cognipilot/cranium/install/cerebri_bringup:/home/vyom/cognipilot/cranium/install/b3rb_simulator:/home/vyom/cognipilot/cranium/install/b3rb_desktop:/home/vyom/cognipilot/cranium/install/b3rb_rviz:/home/vyom/cognipilot/cranium/install/b3rb_nav2:/home/vyom/cognipilot/cranium/install/b3rb_gz_resource:/home/vyom/cognipilot/cranium/install/b3rb_gz_bringup:/home/vyom/cognipilot/cranium/install/b3rb_description:/home/vyom/cognipilot/electrode/install/electrode:/home/vyom/cognipilot/cranium/install/nxp_cup_vision:/home/vyom/cognipilot/cranium/install/b3rb_ros_line_follower:/opt/ros/humble LD_LIBRARY_PATH=/home/vyom/cognipilot/cranium/install/synapse_msgs/lib:/home/vyom/cognipilot/cranium/install/synapse_tinyframe/lib:/home/vyom/cognipilot/cranium/install/synapse_protobuf/lib:/opt/ros/humble/opt/rviz_ogre_vendor/lib:/opt/ros/humble/lib/x86_64-linux-gnu:/opt/ros/humble/lib /usr/bin/cmake --build /home/vyom/cognipilot/cranium/build/synapse_ros -- -j8 -l8
[0.587s] -- Found ament_cmake: 1.3.9 (/opt/ros/humble/share/ament_cmake/cmake)
[0.755s] -- Override CMake install command with custom implementation using symlinks instead of copying resources
[0.764s] -- Found rclcpp: 16.0.9 (/opt/ros/humble/share/rclcpp/cmake)
[0.799s] -- Found rosidl_generator_c: 3.1.5 (/opt/ros/humble/share/rosidl_generator_c/cmake)
[0.802s] -- Found rosidl_adapter: 3.1.5 (/opt/ros/humble/share/rosidl_adapter/cmake)
[0.810s] -- Found rosidl_generator_cpp: 3.1.5 (/opt/ros/humble/share/rosidl_generator_cpp/cmake)
[0.824s] -- Using all available rosidl_typesupport_c: rosidl_typesupport_fastrtps_c;rosidl_typesupport_introspection_c
[0.846s] -- Using all available rosidl_typesupport_cpp: rosidl_typesupport_fastrtps_cpp;rosidl_typesupport_introspection_cpp
[0.921s] -- Found rmw_implementation_cmake: 6.1.2 (/opt/ros/humble/share/rmw_implementation_cmake/cmake)
[0.924s] -- Found rmw_cyclonedds_cpp: 1.3.4 (/opt/ros/humble/share/rmw_cyclonedds_cpp/cmake)
[0.964s] -- Using RMW implementation 'rmw_cyclonedds_cpp' as default
[1.177s] -- Found actuator_msgs: 0.0.1 (/opt/ros/humble/share/actuator_msgs/cmake)
[1.234s] -- Found nav_msgs: 4.2.4 (/opt/ros/humble/share/nav_msgs/cmake)
[1.388s] -- Found sensor_msgs: 4.2.4 (/opt/ros/humble/share/sensor_msgs/cmake)
[1.506s] -- Found synapse_protobuf: 0.0.0 (/home/vyom/cognipilot/cranium/install/synapse_protobuf/share/synapse_protobuf/cmake)
[1.524s] -- Found synapse_tinyframe: 0.0.0 (/home/vyom/cognipilot/cranium/install/synapse_tinyframe/share/synapse_tinyframe/cmake)
[1.526s] -- Found synapse_msgs: 0.0.1 (/home/vyom/cognipilot/cranium/install/synapse_msgs/share/synapse_msgs/cmake)
[1.606s] -- Found ament_lint_auto: 0.12.11 (/opt/ros/humble/share/ament_lint_auto/cmake)
[1.697s] -- Added test 'copyright' to check source files copyright and LICENSE
[1.709s] -- Added test 'cppcheck' to perform static code analysis on C / C++ code
[1.710s] -- Configured cppcheck include dirs: 
[1.710s] -- Configured cppcheck exclude dirs and/or files: 
[1.715s] -- Added test 'cpplint' to check C / C++ code against the Google style
[1.715s] -- Configured cpplint exclude dirs and/or files: 
[1.716s] -- Added test 'flake8' to check Python code syntax and style conventions
[1.717s] -- Added test 'lint_cmake' to check CMake code style
[1.718s] -- Added test 'pep257' to check Python code against some of the docstring style conventions in PEP 257
[1.723s] -- Added test 'uncrustify' to check C / C++ code style
[1.723s] -- Configured uncrustify additional arguments: 
[1.724s] -- Added test 'xmllint' to check XML markup files
[1.726s] -- Configuring done
[1.739s] -- Generating done
[1.742s] -- Build files have been written to: /home/vyom/cognipilot/cranium/build/synapse_ros
[1.780s] [35m[1mConsolidate compiler generated dependencies of target synapse_ros[0m
[1.819s] [ 33%] [32mBuilding CXX object CMakeFiles/synapse_ros.dir/src/proto/udp_link.cpp.o[0m
[1.819s] [ 66%] [32mBuilding CXX object CMakeFiles/synapse_ros.dir/src/synapse_ros.cpp.o[0m
[37.898s] [100%] [32m[1mLinking CXX executable synapse_ros[0m
[40.413s] [100%] Built target synapse_ros
[40.425s] Invoked command in '/home/vyom/cognipilot/cranium/build/synapse_ros' returned '0': CMAKE_PREFIX_PATH=/home/vyom/cognipilot/cranium/install/synapse_tinyframe:/home/vyom/cognipilot/cranium/install/synapse_protobuf:/home/vyom/cognipilot/cranium/install/synapse_msgs:/home/vyom/cognipilot/cranium/install/synapse_ros:/home/vyom/cognipilot/cranium/install/synapse_gz:/home/vyom/cognipilot/cranium/install/corti:/home/vyom/cognipilot/cranium/install/dream_world:/home/vyom/cognipilot/cranium/install/cerebri_bringup:/home/vyom/cognipilot/cranium/install/b3rb_simulator:/home/vyom/cognipilot/cranium/install/b3rb_desktop:/home/vyom/cognipilot/cranium/install/b3rb_rviz:/home/vyom/cognipilot/cranium/install/b3rb_nav2:/home/vyom/cognipilot/cranium/install/b3rb_gz_resource:/home/vyom/cognipilot/cranium/install/b3rb_gz_bringup:/home/vyom/cognipilot/cranium/install/b3rb_description:/home/vyom/cognipilot/electrode/install/electrode:/home/vyom/cognipilot/cranium/install/nxp_cup_vision:/home/vyom/cognipilot/cranium/install/b3rb_ros_line_follower:/opt/ros/humble LD_LIBRARY_PATH=/home/vyom/cognipilot/cranium/install/synapse_msgs/lib:/home/vyom/cognipilot/cranium/install/synapse_tinyframe/lib:/home/vyom/cognipilot/cranium/install/synapse_protobuf/lib:/opt/ros/humble/opt/rviz_ogre_vendor/lib:/opt/ros/humble/lib/x86_64-linux-gnu:/opt/ros/humble/lib /usr/bin/cmake --build /home/vyom/cognipilot/cranium/build/synapse_ros -- -j8 -l8
[40.462s] Invoking command in '/home/vyom/cognipilot/cranium/build/synapse_ros': CMAKE_PREFIX_PATH=/home/vyom/cognipilot/cranium/install/synapse_tinyframe:/home/vyom/cognipilot/cranium/install/synapse_protobuf:/home/vyom/cognipilot/cranium/install/synapse_msgs:/home/vyom/cognipilot/cranium/install/synapse_ros:/home/vyom/cognipilot/cranium/install/synapse_gz:/home/vyom/cognipilot/cranium/install/corti:/home/vyom/cognipilot/cranium/install/dream_world:/home/vyom/cognipilot/cranium/install/cerebri_bringup:/home/vyom/cognipilot/cranium/install/b3rb_simulator:/home/vyom/cognipilot/cranium/install/b3rb_desktop:/home/vyom/cognipilot/cranium/install/b3rb_rviz:/home/vyom/cognipilot/cranium/install/b3rb_nav2:/home/vyom/cognipilot/cranium/install/b3rb_gz_resource:/home/vyom/cognipilot/cranium/install/b3rb_gz_bringup:/home/vyom/cognipilot/cranium/install/b3rb_description:/home/vyom/cognipilot/electrode/install/electrode:/home/vyom/cognipilot/cranium/install/nxp_cup_vision:/home/vyom/cognipilot/cranium/install/b3rb_ros_line_follower:/opt/ros/humble LD_LIBRARY_PATH=/home/vyom/cognipilot/cranium/install/synapse_msgs/lib:/home/vyom/cognipilot/cranium/install/synapse_tinyframe/lib:/home/vyom/cognipilot/cranium/install/synapse_protobuf/lib:/opt/ros/humble/opt/rviz_ogre_vendor/lib:/opt/ros/humble/lib/x86_64-linux-gnu:/opt/ros/humble/lib /usr/bin/cmake --install /home/vyom/cognipilot/cranium/build/synapse_ros
[40.472s] -- Install configuration: ""
[40.472s] -- Execute custom install script
[40.472s] -- Up-to-date symlink: /home/vyom/cognipilot/cranium/install/synapse_ros/lib/synapse_ros/synapse_ros
[40.473s] -- Up-to-date symlink: /home/vyom/cognipilot/cranium/install/synapse_ros/share/synapse_ros/launch/synapse_ros.launch.py
[40.473s] -- Up-to-date symlink: /home/vyom/cognipilot/cranium/install/synapse_ros/share/ament_index/resource_index/package_run_dependencies/synapse_ros
[40.473s] -- Up-to-date symlink: /home/vyom/cognipilot/cranium/install/synapse_ros/share/ament_index/resource_index/parent_prefix_path/synapse_ros
[40.473s] -- Up-to-date symlink: /home/vyom/cognipilot/cranium/install/synapse_ros/share/synapse_ros/environment/ament_prefix_path.sh
[40.473s] -- Up-to-date symlink: /home/vyom/cognipilot/cranium/install/synapse_ros/share/synapse_ros/environment/ament_prefix_path.dsv
[40.473s] -- Up-to-date symlink: /home/vyom/cognipilot/cranium/install/synapse_ros/share/synapse_ros/environment/path.sh
[40.473s] -- Up-to-date symlink: /home/vyom/cognipilot/cranium/install/synapse_ros/share/synapse_ros/environment/path.dsv
[40.474s] -- Up-to-date symlink: /home/vyom/cognipilot/cranium/install/synapse_ros/share/synapse_ros/local_setup.bash
[40.474s] -- Up-to-date symlink: /home/vyom/cognipilot/cranium/install/synapse_ros/share/synapse_ros/local_setup.sh
[40.474s] -- Up-to-date symlink: /home/vyom/cognipilot/cranium/install/synapse_ros/share/synapse_ros/local_setup.zsh
[40.474s] -- Up-to-date symlink: /home/vyom/cognipilot/cranium/install/synapse_ros/share/synapse_ros/local_setup.dsv
[40.474s] -- Symlinking: /home/vyom/cognipilot/cranium/install/synapse_ros/share/synapse_ros/package.dsv
[40.483s] -- Up-to-date symlink: /home/vyom/cognipilot/cranium/install/synapse_ros/share/ament_index/resource_index/packages/synapse_ros
[40.483s] -- Up-to-date symlink: /home/vyom/cognipilot/cranium/install/synapse_ros/share/synapse_ros/cmake/synapse_rosConfig.cmake
[40.483s] -- Up-to-date symlink: /home/vyom/cognipilot/cranium/install/synapse_ros/share/synapse_ros/cmake/synapse_rosConfig-version.cmake
[40.483s] -- Up-to-date symlink: /home/vyom/cognipilot/cranium/install/synapse_ros/share/synapse_ros/package.xml
[40.486s] Invoked command in '/home/vyom/cognipilot/cranium/build/synapse_ros' returned '0': CMAKE_PREFIX_PATH=/home/vyom/cognipilot/cranium/install/synapse_tinyframe:/home/vyom/cognipilot/cranium/install/synapse_protobuf:/home/vyom/cognipilot/cranium/install/synapse_msgs:/home/vyom/cognipilot/cranium/install/synapse_ros:/home/vyom/cognipilot/cranium/install/synapse_gz:/home/vyom/cognipilot/cranium/install/corti:/home/vyom/cognipilot/cranium/install/dream_world:/home/vyom/cognipilot/cranium/install/cerebri_bringup:/home/vyom/cognipilot/cranium/install/b3rb_simulator:/home/vyom/cognipilot/cranium/install/b3rb_desktop:/home/vyom/cognipilot/cranium/install/b3rb_rviz:/home/vyom/cognipilot/cranium/install/b3rb_nav2:/home/vyom/cognipilot/cranium/install/b3rb_gz_resource:/home/vyom/cognipilot/cranium/install/b3rb_gz_bringup:/home/vyom/cognipilot/cranium/install/b3rb_description:/home/vyom/cognipilot/electrode/install/electrode:/home/vyom/cognipilot/cranium/install/nxp_cup_vision:/home/vyom/cognipilot/cranium/install/b3rb_ros_line_follower:/opt/ros/humble LD_LIBRARY_PATH=/home/vyom/cognipilot/cranium/install/synapse_msgs/lib:/home/vyom/cognipilot/cranium/install/synapse_tinyframe/lib:/home/vyom/cognipilot/cranium/install/synapse_protobuf/lib:/opt/ros/humble/opt/rviz_ogre_vendor/lib:/opt/ros/humble/lib/x86_64-linux-gnu:/opt/ros/humble/lib /usr/bin/cmake --install /home/vyom/cognipilot/cranium/build/synapse_ros
