[0.134s] DEBUG:colcon:Command line arguments: ['/usr/bin/colcon', 'build', '--symlink-install']
[0.134s] DEBUG:colcon:Parsed command line arguments: Namespace(log_base=None, log_level=None, verb_name='build', build_base='build', install_base='install', merge_install=False, symlink_install=True, test_result_base=None, continue_on_error=False, executor='parallel', parallel_workers=8, event_handlers=None, ignore_user_meta=False, metas=['./colcon.meta'], base_paths=['.'], packages_ignore=None, packages_ignore_regex=None, paths=None, packages_up_to=None, packages_up_to_regex=None, packages_above=None, packages_above_and_dependencies=None, packages_above_depth=None, packages_select_by_dep=None, packages_skip_by_dep=None, packages_skip_up_to=None, packages_select_build_failed=False, packages_skip_build_finished=False, packages_select_test_failures=False, packages_skip_test_passed=False, packages_select=None, packages_skip=None, packages_select_regex=None, packages_skip_regex=None, packages_start=None, packages_end=None, allow_overriding=[], cmake_args=None, cmake_target=None, cmake_target_skip_unavailable=False, cmake_clean_cache=False, cmake_clean_first=False, cmake_force_configure=False, ament_cmake_args=None, catkin_cmake_args=None, catkin_skip_building_tests=False, mixin_files=None, mixin=None, verb_parser=<colcon_mixin.mixin.mixin_argument.MixinArgumentDecorator object at 0x7e230484a800>, verb_extension=<colcon_core.verb.build.BuildVerb object at 0x7e23049beb30>, main=<bound method BuildVerb.main of <colcon_core.verb.build.BuildVerb object at 0x7e23049beb30>>, mixin_verb=('build',))
[0.303s] Level 1:colcon.colcon_core.package_discovery:discover_packages(colcon_meta) check parameters
[0.304s] Level 1:colcon.colcon_core.package_discovery:discover_packages(recursive) check parameters
[0.304s] Level 1:colcon.colcon_core.package_discovery:discover_packages(ignore) check parameters
[0.304s] Level 1:colcon.colcon_core.package_discovery:discover_packages(path) check parameters
[0.304s] Level 1:colcon.colcon_core.package_discovery:discover_packages(colcon_meta) discover
[0.304s] Level 1:colcon.colcon_core.package_discovery:discover_packages(recursive) discover
[0.304s] INFO:colcon.colcon_core.package_discovery:Crawling recursively for packages in '/home/vyom/cognipilot/electrode'
[0.304s] Level 1:colcon.colcon_core.package_identification:_identify(.) by extensions ['ignore', 'ignore_ament_install']
[0.304s] Level 1:colcon.colcon_core.package_identification:_identify(.) by extension 'ignore'
[0.304s] Level 1:colcon.colcon_core.package_identification:_identify(.) by extension 'ignore_ament_install'
[0.304s] Level 1:colcon.colcon_core.package_identification:_identify(.) by extensions ['colcon_pkg']
[0.304s] Level 1:colcon.colcon_core.package_identification:_identify(.) by extension 'colcon_pkg'
[0.304s] Level 1:colcon.colcon_core.package_identification:_identify(.) by extensions ['colcon_meta']
[0.304s] Level 1:colcon.colcon_core.package_identification:_identify(.) by extension 'colcon_meta'
[0.304s] Level 1:colcon.colcon_core.package_identification:_identify(.) by extensions ['ros']
[0.304s] Level 1:colcon.colcon_core.package_identification:_identify(.) by extension 'ros'
[0.315s] Level 1:colcon.colcon_core.package_identification:_identify(.) by extensions ['cmake', 'python']
[0.315s] Level 1:colcon.colcon_core.package_identification:_identify(.) by extension 'cmake'
[0.315s] Level 1:colcon.colcon_core.package_identification:_identify(.) by extension 'python'
[0.315s] Level 1:colcon.colcon_core.package_identification:_identify(.) by extensions ['python_setup_py']
[0.315s] Level 1:colcon.colcon_core.package_identification:_identify(.) by extension 'python_setup_py'
[0.315s] Level 1:colcon.colcon_core.package_identification:_identify(build) by extensions ['ignore', 'ignore_ament_install']
[0.315s] Level 1:colcon.colcon_core.package_identification:_identify(build) by extension 'ignore'
[0.315s] Level 1:colcon.colcon_core.package_identification:_identify(build) ignored
[0.316s] Level 1:colcon.colcon_core.package_identification:_identify(foxglove-cognipilot-joy) by extensions ['ignore', 'ignore_ament_install']
[0.316s] Level 1:colcon.colcon_core.package_identification:_identify(foxglove-cognipilot-joy) by extension 'ignore'
[0.316s] Level 1:colcon.colcon_core.package_identification:_identify(foxglove-cognipilot-joy) by extension 'ignore_ament_install'
[0.316s] Level 1:colcon.colcon_core.package_identification:_identify(foxglove-cognipilot-joy) by extensions ['colcon_pkg']
[0.316s] Level 1:colcon.colcon_core.package_identification:_identify(foxglove-cognipilot-joy) by extension 'colcon_pkg'
[0.316s] Level 1:colcon.colcon_core.package_identification:_identify(foxglove-cognipilot-joy) by extensions ['colcon_meta']
[0.316s] Level 1:colcon.colcon_core.package_identification:_identify(foxglove-cognipilot-joy) by extension 'colcon_meta'
[0.316s] Level 1:colcon.colcon_core.package_identification:_identify(foxglove-cognipilot-joy) by extensions ['ros']
[0.316s] Level 1:colcon.colcon_core.package_identification:_identify(foxglove-cognipilot-joy) by extension 'ros'
[0.316s] Level 1:colcon.colcon_core.package_identification:_identify(foxglove-cognipilot-joy) by extensions ['cmake', 'python']
[0.316s] Level 1:colcon.colcon_core.package_identification:_identify(foxglove-cognipilot-joy) by extension 'cmake'
[0.316s] Level 1:colcon.colcon_core.package_identification:_identify(foxglove-cognipilot-joy) by extension 'python'
[0.316s] Level 1:colcon.colcon_core.package_identification:_identify(foxglove-cognipilot-joy) by extensions ['python_setup_py']
[0.316s] Level 1:colcon.colcon_core.package_identification:_identify(foxglove-cognipilot-joy) by extension 'python_setup_py'
[0.316s] Level 1:colcon.colcon_core.package_identification:_identify(foxglove-cognipilot-joy/img) by extensions ['ignore', 'ignore_ament_install']
[0.316s] Level 1:colcon.colcon_core.package_identification:_identify(foxglove-cognipilot-joy/img) by extension 'ignore'
[0.316s] Level 1:colcon.colcon_core.package_identification:_identify(foxglove-cognipilot-joy/img) by extension 'ignore_ament_install'
[0.316s] Level 1:colcon.colcon_core.package_identification:_identify(foxglove-cognipilot-joy/img) by extensions ['colcon_pkg']
[0.317s] Level 1:colcon.colcon_core.package_identification:_identify(foxglove-cognipilot-joy/img) by extension 'colcon_pkg'
[0.317s] Level 1:colcon.colcon_core.package_identification:_identify(foxglove-cognipilot-joy/img) by extensions ['colcon_meta']
[0.317s] Level 1:colcon.colcon_core.package_identification:_identify(foxglove-cognipilot-joy/img) by extension 'colcon_meta'
[0.317s] Level 1:colcon.colcon_core.package_identification:_identify(foxglove-cognipilot-joy/img) by extensions ['ros']
[0.317s] Level 1:colcon.colcon_core.package_identification:_identify(foxglove-cognipilot-joy/img) by extension 'ros'
[0.317s] Level 1:colcon.colcon_core.package_identification:_identify(foxglove-cognipilot-joy/img) by extensions ['cmake', 'python']
[0.317s] Level 1:colcon.colcon_core.package_identification:_identify(foxglove-cognipilot-joy/img) by extension 'cmake'
[0.317s] Level 1:colcon.colcon_core.package_identification:_identify(foxglove-cognipilot-joy/img) by extension 'python'
[0.317s] Level 1:colcon.colcon_core.package_identification:_identify(foxglove-cognipilot-joy/img) by extensions ['python_setup_py']
[0.317s] Level 1:colcon.colcon_core.package_identification:_identify(foxglove-cognipilot-joy/img) by extension 'python_setup_py'
[0.317s] Level 1:colcon.colcon_core.package_identification:_identify(foxglove-cognipilot-joy/src) by extensions ['ignore', 'ignore_ament_install']
[0.317s] Level 1:colcon.colcon_core.package_identification:_identify(foxglove-cognipilot-joy/src) by extension 'ignore'
[0.317s] Level 1:colcon.colcon_core.package_identification:_identify(foxglove-cognipilot-joy/src) by extension 'ignore_ament_install'
[0.317s] Level 1:colcon.colcon_core.package_identification:_identify(foxglove-cognipilot-joy/src) by extensions ['colcon_pkg']
[0.317s] Level 1:colcon.colcon_core.package_identification:_identify(foxglove-cognipilot-joy/src) by extension 'colcon_pkg'
[0.317s] Level 1:colcon.colcon_core.package_identification:_identify(foxglove-cognipilot-joy/src) by extensions ['colcon_meta']
[0.317s] Level 1:colcon.colcon_core.package_identification:_identify(foxglove-cognipilot-joy/src) by extension 'colcon_meta'
[0.317s] Level 1:colcon.colcon_core.package_identification:_identify(foxglove-cognipilot-joy/src) by extensions ['ros']
[0.317s] Level 1:colcon.colcon_core.package_identification:_identify(foxglove-cognipilot-joy/src) by extension 'ros'
[0.318s] Level 1:colcon.colcon_core.package_identification:_identify(foxglove-cognipilot-joy/src) by extensions ['cmake', 'python']
[0.318s] Level 1:colcon.colcon_core.package_identification:_identify(foxglove-cognipilot-joy/src) by extension 'cmake'
[0.318s] Level 1:colcon.colcon_core.package_identification:_identify(foxglove-cognipilot-joy/src) by extension 'python'
[0.318s] Level 1:colcon.colcon_core.package_identification:_identify(foxglove-cognipilot-joy/src) by extensions ['python_setup_py']
[0.318s] Level 1:colcon.colcon_core.package_identification:_identify(foxglove-cognipilot-joy/src) by extension 'python_setup_py'
[0.318s] Level 1:colcon.colcon_core.package_identification:_identify(install) by extensions ['ignore', 'ignore_ament_install']
[0.318s] Level 1:colcon.colcon_core.package_identification:_identify(install) by extension 'ignore'
[0.318s] Level 1:colcon.colcon_core.package_identification:_identify(install) ignored
[0.318s] Level 1:colcon.colcon_core.package_identification:_identify(log) by extensions ['ignore', 'ignore_ament_install']
[0.318s] Level 1:colcon.colcon_core.package_identification:_identify(log) by extension 'ignore'
[0.318s] Level 1:colcon.colcon_core.package_identification:_identify(log) ignored
[0.318s] Level 1:colcon.colcon_core.package_identification:_identify(src) by extensions ['ignore', 'ignore_ament_install']
[0.318s] Level 1:colcon.colcon_core.package_identification:_identify(src) by extension 'ignore'
[0.318s] Level 1:colcon.colcon_core.package_identification:_identify(src) by extension 'ignore_ament_install'
[0.318s] Level 1:colcon.colcon_core.package_identification:_identify(src) by extensions ['colcon_pkg']
[0.318s] Level 1:colcon.colcon_core.package_identification:_identify(src) by extension 'colcon_pkg'
[0.318s] Level 1:colcon.colcon_core.package_identification:_identify(src) by extensions ['colcon_meta']
[0.318s] Level 1:colcon.colcon_core.package_identification:_identify(src) by extension 'colcon_meta'
[0.318s] Level 1:colcon.colcon_core.package_identification:_identify(src) by extensions ['ros']
[0.318s] Level 1:colcon.colcon_core.package_identification:_identify(src) by extension 'ros'
[0.318s] Level 1:colcon.colcon_core.package_identification:_identify(src) by extensions ['cmake', 'python']
[0.319s] Level 1:colcon.colcon_core.package_identification:_identify(src) by extension 'cmake'
[0.319s] Level 1:colcon.colcon_core.package_identification:_identify(src) by extension 'python'
[0.319s] Level 1:colcon.colcon_core.package_identification:_identify(src) by extensions ['python_setup_py']
[0.319s] Level 1:colcon.colcon_core.package_identification:_identify(src) by extension 'python_setup_py'
[0.319s] Level 1:colcon.colcon_core.package_identification:_identify(src/electrode) by extensions ['ignore', 'ignore_ament_install']
[0.319s] Level 1:colcon.colcon_core.package_identification:_identify(src/electrode) by extension 'ignore'
[0.319s] Level 1:colcon.colcon_core.package_identification:_identify(src/electrode) by extension 'ignore_ament_install'
[0.319s] Level 1:colcon.colcon_core.package_identification:_identify(src/electrode) by extensions ['colcon_pkg']
[0.319s] Level 1:colcon.colcon_core.package_identification:_identify(src/electrode) by extension 'colcon_pkg'
[0.319s] Level 1:colcon.colcon_core.package_identification:_identify(src/electrode) by extensions ['colcon_meta']
[0.319s] Level 1:colcon.colcon_core.package_identification:_identify(src/electrode) by extension 'colcon_meta'
[0.319s] Level 1:colcon.colcon_core.package_identification:_identify(src/electrode) by extensions ['ros']
[0.319s] Level 1:colcon.colcon_core.package_identification:_identify(src/electrode) by extension 'ros'
[0.321s] DEBUG:colcon.colcon_core.package_identification:Package 'src/electrode' with type 'ros.ament_cmake' and name 'electrode'
[0.321s] Level 1:colcon.colcon_core.package_discovery:discover_packages(recursive) using defaults
[0.321s] Level 1:colcon.colcon_core.package_discovery:discover_packages(ignore) discover
[0.321s] Level 1:colcon.colcon_core.package_discovery:discover_packages(ignore) using defaults
[0.321s] Level 1:colcon.colcon_core.package_discovery:discover_packages(path) discover
[0.321s] Level 1:colcon.colcon_core.package_discovery:discover_packages(path) using defaults
[0.340s] Level 1:colcon.colcon_core.package_discovery:discover_packages(prefix_path) check parameters
[0.340s] Level 1:colcon.colcon_core.package_discovery:discover_packages(prefix_path) discover
[0.343s] DEBUG:colcon.colcon_installed_package_information.package_discovery:Found 327 installed packages in /opt/ros/humble
[0.356s] Level 1:colcon.colcon_core.package_discovery:discover_packages(prefix_path) using defaults
[0.396s] Level 5:colcon.colcon_core.verb:set package 'electrode' build argument 'cmake_args' from command line to 'None'
[0.396s] Level 5:colcon.colcon_core.verb:set package 'electrode' build argument 'cmake_target' from command line to 'None'
[0.396s] Level 5:colcon.colcon_core.verb:set package 'electrode' build argument 'cmake_target_skip_unavailable' from command line to 'False'
[0.396s] Level 5:colcon.colcon_core.verb:set package 'electrode' build argument 'cmake_clean_cache' from command line to 'False'
[0.396s] Level 5:colcon.colcon_core.verb:set package 'electrode' build argument 'cmake_clean_first' from command line to 'False'
[0.396s] Level 5:colcon.colcon_core.verb:set package 'electrode' build argument 'cmake_force_configure' from command line to 'False'
[0.396s] Level 5:colcon.colcon_core.verb:set package 'electrode' build argument 'ament_cmake_args' from command line to 'None'
[0.396s] Level 5:colcon.colcon_core.verb:set package 'electrode' build argument 'catkin_cmake_args' from command line to 'None'
[0.396s] Level 5:colcon.colcon_core.verb:set package 'electrode' build argument 'catkin_skip_building_tests' from command line to 'False'
[0.396s] DEBUG:colcon.colcon_core.verb:Building package 'electrode' with the following arguments: {'ament_cmake_args': None, 'build_base': '/home/vyom/cognipilot/electrode/build/electrode', 'catkin_cmake_args': None, 'catkin_skip_building_tests': False, 'cmake_args': None, 'cmake_clean_cache': False, 'cmake_clean_first': False, 'cmake_force_configure': False, 'cmake_target': None, 'cmake_target_skip_unavailable': False, 'install_base': '/home/vyom/cognipilot/electrode/install/electrode', 'merge_install': False, 'path': '/home/vyom/cognipilot/electrode/src/electrode', 'symlink_install': True, 'test_result_base': None}
[0.396s] INFO:colcon.colcon_core.executor:Executing jobs using 'parallel' executor
[0.398s] DEBUG:colcon.colcon_parallel_executor.executor.parallel:run_until_complete
[0.398s] INFO:colcon.colcon_ros.task.ament_cmake.build:Building ROS package in '/home/vyom/cognipilot/electrode/src/electrode' with build type 'ament_cmake'
[0.398s] INFO:colcon.colcon_cmake.task.cmake.build:Building CMake package in '/home/vyom/cognipilot/electrode/src/electrode'
[0.400s] INFO:colcon.colcon_core.plugin_system:Skipping extension 'colcon_core.shell.bat': Not used on non-Windows systems
[0.400s] INFO:colcon.colcon_core.shell:Skip shell extension 'powershell' for command environment: Not usable outside of PowerShell
[0.400s] DEBUG:colcon.colcon_core.shell:Skip shell extension 'dsv' for command environment
[0.408s] DEBUG:colcon.colcon_core.event_handler.log_command:Invoking command in '/home/vyom/cognipilot/electrode/build/electrode': CMAKE_PREFIX_PATH=/opt/ros/humble /usr/bin/cmake /home/vyom/cognipilot/electrode/src/electrode -DAMENT_CMAKE_SYMLINK_INSTALL=1 -DCMAKE_INSTALL_PREFIX=/home/vyom/cognipilot/electrode/install/electrode
[1.166s] DEBUG:colcon.colcon_core.event_handler.log_command:Invoked command in '/home/vyom/cognipilot/electrode/build/electrode' returned '0': CMAKE_PREFIX_PATH=/opt/ros/humble /usr/bin/cmake /home/vyom/cognipilot/electrode/src/electrode -DAMENT_CMAKE_SYMLINK_INSTALL=1 -DCMAKE_INSTALL_PREFIX=/home/vyom/cognipilot/electrode/install/electrode
[1.168s] DEBUG:colcon.colcon_core.event_handler.log_command:Invoking command in '/home/vyom/cognipilot/electrode/build/electrode': CMAKE_PREFIX_PATH=/opt/ros/humble /usr/bin/cmake --build /home/vyom/cognipilot/electrode/build/electrode -- -j8 -l8
[1.212s] DEBUG:colcon.colcon_core.event_handler.log_command:Invoked command in '/home/vyom/cognipilot/electrode/build/electrode' returned '0': CMAKE_PREFIX_PATH=/opt/ros/humble /usr/bin/cmake --build /home/vyom/cognipilot/electrode/build/electrode -- -j8 -l8
[1.249s] DEBUG:colcon.colcon_core.event_handler.log_command:Invoking command in '/home/vyom/cognipilot/electrode/build/electrode': CMAKE_PREFIX_PATH=/opt/ros/humble /usr/bin/cmake --install /home/vyom/cognipilot/electrode/build/electrode
[1.443s] Level 1:colcon.colcon_core.environment:create_environment_scripts_only(electrode)
[1.444s] DEBUG:colcon.colcon_core.event_handler.log_command:Invoked command in '/home/vyom/cognipilot/electrode/build/electrode' returned '0': CMAKE_PREFIX_PATH=/opt/ros/humble /usr/bin/cmake --install /home/vyom/cognipilot/electrode/build/electrode
[1.447s] Level 1:colcon.colcon_core.environment:checking '/home/vyom/cognipilot/electrode/install/electrode' for CMake module files
[1.447s] Level 1:colcon.colcon_core.environment:checking '/home/vyom/cognipilot/electrode/install/electrode' for CMake config files
[1.448s] Level 1:colcon.colcon_core.shell:create_environment_hook('electrode', 'cmake_prefix_path')
[1.448s] INFO:colcon.colcon_core.shell:Creating environment hook '/home/vyom/cognipilot/electrode/install/electrode/share/electrode/hook/cmake_prefix_path.ps1'
[1.449s] INFO:colcon.colcon_core.shell:Creating environment descriptor '/home/vyom/cognipilot/electrode/install/electrode/share/electrode/hook/cmake_prefix_path.dsv'
[1.449s] INFO:colcon.colcon_core.shell:Creating environment hook '/home/vyom/cognipilot/electrode/install/electrode/share/electrode/hook/cmake_prefix_path.sh'
[1.450s] Level 1:colcon.colcon_core.environment:checking '/home/vyom/cognipilot/electrode/install/electrode/bin'
[1.450s] Level 1:colcon.colcon_core.environment:checking '/home/vyom/cognipilot/electrode/install/electrode/lib/pkgconfig/electrode.pc'
[1.451s] Level 1:colcon.colcon_core.environment:checking '/home/vyom/cognipilot/electrode/install/electrode/lib/python3.10/site-packages'
[1.451s] Level 1:colcon.colcon_core.environment:checking '/home/vyom/cognipilot/electrode/install/electrode/bin'
[1.451s] INFO:colcon.colcon_core.shell:Creating package script '/home/vyom/cognipilot/electrode/install/electrode/share/electrode/package.ps1'
[1.452s] INFO:colcon.colcon_core.shell:Creating package descriptor '/home/vyom/cognipilot/electrode/install/electrode/share/electrode/package.dsv'
[1.452s] INFO:colcon.colcon_core.shell:Creating package script '/home/vyom/cognipilot/electrode/install/electrode/share/electrode/package.sh'
[1.453s] INFO:colcon.colcon_core.shell:Creating package script '/home/vyom/cognipilot/electrode/install/electrode/share/electrode/package.bash'
[1.453s] INFO:colcon.colcon_core.shell:Creating package script '/home/vyom/cognipilot/electrode/install/electrode/share/electrode/package.zsh'
[1.454s] Level 1:colcon.colcon_core.environment:create_file_with_runtime_dependencies(/home/vyom/cognipilot/electrode/install/electrode/share/colcon-core/packages/electrode)
[1.478s] Level 1:colcon.colcon_core.environment:create_environment_scripts_only(electrode)
[1.478s] Level 1:colcon.colcon_core.environment:checking '/home/vyom/cognipilot/electrode/install/electrode' for CMake module files
[1.479s] Level 1:colcon.colcon_core.environment:checking '/home/vyom/cognipilot/electrode/install/electrode' for CMake config files
[1.479s] Level 1:colcon.colcon_core.shell:create_environment_hook('electrode', 'cmake_prefix_path')
[1.480s] INFO:colcon.colcon_core.shell:Creating environment hook '/home/vyom/cognipilot/electrode/install/electrode/share/electrode/hook/cmake_prefix_path.ps1'
[1.480s] INFO:colcon.colcon_core.shell:Creating environment descriptor '/home/vyom/cognipilot/electrode/install/electrode/share/electrode/hook/cmake_prefix_path.dsv'
[1.481s] INFO:colcon.colcon_core.shell:Creating environment hook '/home/vyom/cognipilot/electrode/install/electrode/share/electrode/hook/cmake_prefix_path.sh'
[1.481s] Level 1:colcon.colcon_core.environment:checking '/home/vyom/cognipilot/electrode/install/electrode/bin'
[1.482s] Level 1:colcon.colcon_core.environment:checking '/home/vyom/cognipilot/electrode/install/electrode/lib/pkgconfig/electrode.pc'
[1.482s] Level 1:colcon.colcon_core.environment:checking '/home/vyom/cognipilot/electrode/install/electrode/lib/python3.10/site-packages'
[1.482s] Level 1:colcon.colcon_core.environment:checking '/home/vyom/cognipilot/electrode/install/electrode/bin'
[1.483s] INFO:colcon.colcon_core.shell:Creating package script '/home/vyom/cognipilot/electrode/install/electrode/share/electrode/package.ps1'
[1.483s] INFO:colcon.colcon_core.shell:Creating package descriptor '/home/vyom/cognipilot/electrode/install/electrode/share/electrode/package.dsv'
[1.484s] INFO:colcon.colcon_core.shell:Creating package script '/home/vyom/cognipilot/electrode/install/electrode/share/electrode/package.sh'
[1.484s] INFO:colcon.colcon_core.shell:Creating package script '/home/vyom/cognipilot/electrode/install/electrode/share/electrode/package.bash'
[1.484s] INFO:colcon.colcon_core.shell:Creating package script '/home/vyom/cognipilot/electrode/install/electrode/share/electrode/package.zsh'
[1.485s] Level 1:colcon.colcon_core.environment:create_file_with_runtime_dependencies(/home/vyom/cognipilot/electrode/install/electrode/share/colcon-core/packages/electrode)
[1.485s] DEBUG:colcon.colcon_parallel_executor.executor.parallel:closing loop
[1.485s] DEBUG:colcon.colcon_parallel_executor.executor.parallel:loop closed
[1.485s] DEBUG:colcon.colcon_parallel_executor.executor.parallel:run_until_complete finished with '0'
[1.486s] DEBUG:colcon.colcon_core.event_reactor:joining thread
[1.491s] INFO:colcon.colcon_core.plugin_system:Skipping extension 'colcon_notification.desktop_notification.terminal_notifier': Not used on non-Darwin systems
[1.491s] INFO:colcon.colcon_core.plugin_system:Skipping extension 'colcon_notification.desktop_notification.win32': Not used on non-Windows systems
[1.491s] INFO:colcon.colcon_notification.desktop_notification:Sending desktop notification using 'notify2'
[1.506s] DEBUG:colcon.colcon_core.event_reactor:joined thread
[1.507s] INFO:colcon.colcon_core.shell:Creating prefix script '/home/vyom/cognipilot/electrode/install/local_setup.ps1'
[1.508s] INFO:colcon.colcon_core.shell:Creating prefix util module '/home/vyom/cognipilot/electrode/install/_local_setup_util_ps1.py'
[1.510s] INFO:colcon.colcon_core.shell:Creating prefix chain script '/home/vyom/cognipilot/electrode/install/setup.ps1'
[1.511s] INFO:colcon.colcon_core.shell:Creating prefix script '/home/vyom/cognipilot/electrode/install/local_setup.sh'
[1.512s] INFO:colcon.colcon_core.shell:Creating prefix util module '/home/vyom/cognipilot/electrode/install/_local_setup_util_sh.py'
[1.512s] INFO:colcon.colcon_core.shell:Creating prefix chain script '/home/vyom/cognipilot/electrode/install/setup.sh'
[1.513s] INFO:colcon.colcon_core.shell:Creating prefix script '/home/vyom/cognipilot/electrode/install/local_setup.bash'
[1.514s] INFO:colcon.colcon_core.shell:Creating prefix chain script '/home/vyom/cognipilot/electrode/install/setup.bash'
[1.515s] INFO:colcon.colcon_core.shell:Creating prefix script '/home/vyom/cognipilot/electrode/install/local_setup.zsh'
[1.515s] INFO:colcon.colcon_core.shell:Creating prefix chain script '/home/vyom/cognipilot/electrode/install/setup.zsh'
