[0.068s] Invoking command in '/home/vyom/cognipilot/cranium/build/dream_world': CMAKE_PREFIX_PATH=${CMAKE_PREFIX_PATH}:/home/vyom/cognipilot/cranium/install/nxp_cup_vision:/opt/ros/humble /usr/bin/cmake /home/vyom/cognipilot/cranium/src/dream_world -DCMAKE_INSTALL_PREFIX=/home/vyom/cognipilot/cranium/install/dream_world
[0.092s] -- Found ament_cmake: 1.3.9 (/opt/ros/humble/share/ament_cmake/cmake)
[0.307s] -- Override CMake install command with custom implementation using symlinks instead of copying resources
[0.321s] -- Found ament_lint_auto: 0.12.11 (/opt/ros/humble/share/ament_lint_auto/cmake)
[0.459s] -- Added test 'lint_cmake' to check CMake code style
[0.480s] -- Added test 'xmllint' to check XML markup files
[0.481s] -- Configuring done
[0.487s] -- Generating done
[0.489s] -- Build files have been written to: /home/vyom/cognipilot/cranium/build/dream_world
[0.495s] Invoked command in '/home/vyom/cognipilot/cranium/build/dream_world' returned '0': CMAKE_PREFIX_PATH=${CMAKE_PREFIX_PATH}:/home/vyom/cognipilot/cranium/install/nxp_cup_vision:/opt/ros/humble /usr/bin/cmake /home/vyom/cognipilot/cranium/src/dream_world -DCMAKE_INSTALL_PREFIX=/home/vyom/cognipilot/cranium/install/dream_world
[0.497s] Invoking command in '/home/vyom/cognipilot/cranium/build/dream_world': CMAKE_PREFIX_PATH=${CMAKE_PREFIX_PATH}:/home/vyom/cognipilot/cranium/install/nxp_cup_vision:/opt/ros/humble /usr/bin/cmake --build /home/vyom/cognipilot/cranium/build/dream_world -- -j8 -l8
[0.558s] Invoked command in '/home/vyom/cognipilot/cranium/build/dream_world' returned '0': CMAKE_PREFIX_PATH=${CMAKE_PREFIX_PATH}:/home/vyom/cognipilot/cranium/install/nxp_cup_vision:/opt/ros/humble /usr/bin/cmake --build /home/vyom/cognipilot/cranium/build/dream_world -- -j8 -l8
[0.594s] Invoking command in '/home/vyom/cognipilot/cranium/build/dream_world': CMAKE_PREFIX_PATH=${CMAKE_PREFIX_PATH}:/home/vyom/cognipilot/cranium/install/nxp_cup_vision:/opt/ros/humble /usr/bin/cmake --install /home/vyom/cognipilot/cranium/build/dream_world
[0.612s] -- Install configuration: ""
[0.613s] -- Execute custom install script
[0.628s] -- Symlinking: /home/vyom/cognipilot/cranium/install/dream_world/share/dream_world/models/Coke/materials/coke.png
[0.628s] -- Symlinking: /home/vyom/cognipilot/cranium/install/dream_world/share/dream_world/models/Coke/meshes/coke.mtl
[0.638s] -- Symlinking: /home/vyom/cognipilot/cranium/install/dream_world/share/dream_world/models/Coke/meshes/coke.obj
[0.658s] -- Symlinking: /home/vyom/cognipilot/cranium/install/dream_world/share/dream_world/models/Coke/model.config
[0.671s] -- Symlinking: /home/vyom/cognipilot/cranium/install/dream_world/share/dream_world/models/Coke/model.sdf
[0.683s] -- Symlinking: /home/vyom/cognipilot/cranium/install/dream_world/share/dream_world/models/Coke/thumbnails/1.png
[0.683s] -- Symlinking: /home/vyom/cognipilot/cranium/install/dream_world/share/dream_world/models/Coke/thumbnails/2.png
[0.693s] -- Symlinking: /home/vyom/cognipilot/cranium/install/dream_world/share/dream_world/models/Coke/thumbnails/3.png
[0.703s] -- Symlinking: /home/vyom/cognipilot/cranium/install/dream_world/share/dream_world/models/Coke/thumbnails/4.png
[0.718s] -- Symlinking: /home/vyom/cognipilot/cranium/install/dream_world/share/dream_world/models/Coke/thumbnails/5.png
[0.729s] -- Symlinking: /home/vyom/cognipilot/cranium/install/dream_world/share/dream_world/models/Construction_Cone_mini/materials/scripts/Construction_Cone.material
[0.738s] -- Symlinking: /home/vyom/cognipilot/cranium/install/dream_world/share/dream_world/models/Construction_Cone_mini/materials/textures/Construction_Cone_Diffuse.png
[0.748s] -- Symlinking: /home/vyom/cognipilot/cranium/install/dream_world/share/dream_world/models/Construction_Cone_mini/materials/textures/cone.png
[0.757s] -- Symlinking: /home/vyom/cognipilot/cranium/install/dream_world/share/dream_world/models/Construction_Cone_mini/meshes/construction_cone.dae
[0.767s] -- Symlinking: /home/vyom/cognipilot/cranium/install/dream_world/share/dream_world/models/Construction_Cone_mini/model.config
[0.776s] -- Symlinking: /home/vyom/cognipilot/cranium/install/dream_world/share/dream_world/models/Construction_Cone_mini/model.sdf
[0.787s] -- Up-to-date symlink: /home/vyom/cognipilot/cranium/install/dream_world/share/dream_world/models/Depot/materials/scripts/model.material
[0.787s] -- Up-to-date symlink: /home/vyom/cognipilot/cranium/install/dream_world/share/dream_world/models/Depot/materials/textures/BOXSET_Albedo.png
[0.787s] -- Up-to-date symlink: /home/vyom/cognipilot/cranium/install/dream_world/share/dream_world/models/Depot/materials/textures/BOXSET_Emissive.png
[0.787s] -- Up-to-date symlink: /home/vyom/cognipilot/cranium/install/dream_world/share/dream_world/models/Depot/materials/textures/BOXSET_Metalness.png
[0.788s] -- Up-to-date symlink: /home/vyom/cognipilot/cranium/install/dream_world/share/dream_world/models/Depot/materials/textures/BOXSET_Normal.png
[0.788s] -- Up-to-date symlink: /home/vyom/cognipilot/cranium/install/dream_world/share/dream_world/models/Depot/materials/textures/BOXSET_Roughness.png
[0.788s] -- Up-to-date symlink: /home/vyom/cognipilot/cranium/install/dream_world/share/dream_world/models/Depot/materials/textures/Crates_Crates_BaseColor.png
[0.788s] -- Up-to-date symlink: /home/vyom/cognipilot/cranium/install/dream_world/share/dream_world/models/Depot/materials/textures/Crates_Crates_Normal.png
[0.789s] -- Up-to-date symlink: /home/vyom/cognipilot/cranium/install/dream_world/share/dream_world/models/Depot/materials/textures/Crates_Crates_Roughness.png
[0.789s] -- Up-to-date symlink: /home/vyom/cognipilot/cranium/install/dream_world/share/dream_world/models/Depot/materials/textures/DepotLightmap.png
[0.789s] -- Up-to-date symlink: /home/vyom/cognipilot/cranium/install/dream_world/share/dream_world/models/Depot/materials/textures/FANS_Albedo.png
[0.789s] -- Up-to-date symlink: /home/vyom/cognipilot/cranium/install/dream_world/share/dream_world/models/Depot/materials/textures/FANS_Metalness.png
[0.790s] -- Up-to-date symlink: /home/vyom/cognipilot/cranium/install/dream_world/share/dream_world/models/Depot/materials/textures/FANS_Normal.png
[0.790s] -- Up-to-date symlink: /home/vyom/cognipilot/cranium/install/dream_world/share/dream_world/models/Depot/materials/textures/FANS_Roughness.png
[0.790s] -- Up-to-date symlink: /home/vyom/cognipilot/cranium/install/dream_world/share/dream_world/models/Depot/materials/textures/FLOOR_Albedo.png
[0.790s] -- Up-to-date symlink: /home/vyom/cognipilot/cranium/install/dream_world/share/dream_world/models/Depot/materials/textures/FLOOR_Metalness.png
[0.790s] -- Up-to-date symlink: /home/vyom/cognipilot/cranium/install/dream_world/share/dream_world/models/Depot/materials/textures/FLOOR_Normal.png
[0.791s] -- Up-to-date symlink: /home/vyom/cognipilot/cranium/install/dream_world/share/dream_world/models/Depot/materials/textures/FLOOR_Roughness.png
[0.791s] -- Up-to-date symlink: /home/vyom/cognipilot/cranium/install/dream_world/share/dream_world/models/Depot/materials/textures/FanBack_FanBack_BaseColor.png
[0.791s] -- Up-to-date symlink: /home/vyom/cognipilot/cranium/install/dream_world/share/dream_world/models/Depot/materials/textures/FireAlarmPole_Albedo.png
[0.791s] -- Up-to-date symlink: /home/vyom/cognipilot/cranium/install/dream_world/share/dream_world/models/Depot/materials/textures/FireAlarmPole_Metalness.png
[0.792s] -- Up-to-date symlink: /home/vyom/cognipilot/cranium/install/dream_world/share/dream_world/models/Depot/materials/textures/FireAlarmPole_Normal.png
[0.792s] -- Up-to-date symlink: /home/vyom/cognipilot/cranium/install/dream_world/share/dream_world/models/Depot/materials/textures/FireAlarmPole_Roughness.png
[0.792s] -- Up-to-date symlink: /home/vyom/cognipilot/cranium/install/dream_world/share/dream_world/models/Depot/materials/textures/FireAlarm_Albedo.png
[0.792s] -- Up-to-date symlink: /home/vyom/cognipilot/cranium/install/dream_world/share/dream_world/models/Depot/materials/textures/FireAlarm_Metalness.png
[0.792s] -- Up-to-date symlink: /home/vyom/cognipilot/cranium/install/dream_world/share/dream_world/models/Depot/materials/textures/FireAlarm_Normal.png
[0.793s] -- Up-to-date symlink: /home/vyom/cognipilot/cranium/install/dream_world/share/dream_world/models/Depot/materials/textures/FireAlarm_Roughness.png
[0.793s] -- Up-to-date symlink: /home/vyom/cognipilot/cranium/install/dream_world/share/dream_world/models/Depot/materials/textures/Forklift_Forklift_BaseColor.png
[0.793s] -- Up-to-date symlink: /home/vyom/cognipilot/cranium/install/dream_world/share/dream_world/models/Depot/materials/textures/Forklift_Forklift_Metallic.png
[0.794s] -- Up-to-date symlink: /home/vyom/cognipilot/cranium/install/dream_world/share/dream_world/models/Depot/materials/textures/Forklift_Forklift_Normal.png
[0.794s] -- Up-to-date symlink: /home/vyom/cognipilot/cranium/install/dream_world/share/dream_world/models/Depot/materials/textures/Forklift_Forklift_Roughness.png
[0.794s] -- Up-to-date symlink: /home/vyom/cognipilot/cranium/install/dream_world/share/dream_world/models/Depot/materials/textures/INTERCOM_Albedo.png
[0.795s] -- Up-to-date symlink: /home/vyom/cognipilot/cranium/install/dream_world/share/dream_world/models/Depot/materials/textures/INTERCOM_Emissive.png
[0.795s] -- Up-to-date symlink: /home/vyom/cognipilot/cranium/install/dream_world/share/dream_world/models/Depot/materials/textures/INTERCOM_Metalness.png
[0.795s] -- Up-to-date symlink: /home/vyom/cognipilot/cranium/install/dream_world/share/dream_world/models/Depot/materials/textures/INTERCOM_Normal.png
[0.796s] -- Up-to-date symlink: /home/vyom/cognipilot/cranium/install/dream_world/share/dream_world/models/Depot/materials/textures/INTERCOM_Roughness.png
[0.796s] -- Up-to-date symlink: /home/vyom/cognipilot/cranium/install/dream_world/share/dream_world/models/Depot/materials/textures/PILLERS_Albedo.png
[0.796s] -- Up-to-date symlink: /home/vyom/cognipilot/cranium/install/dream_world/share/dream_world/models/Depot/materials/textures/PILLERS_Metalness.png
[0.796s] -- Up-to-date symlink: /home/vyom/cognipilot/cranium/install/dream_world/share/dream_world/models/Depot/materials/textures/PILLERS_Normal.png
[0.797s] -- Up-to-date symlink: /home/vyom/cognipilot/cranium/install/dream_world/share/dream_world/models/Depot/materials/textures/PILLERS_Roughness.png
[0.797s] -- Up-to-date symlink: /home/vyom/cognipilot/cranium/install/dream_world/share/dream_world/models/Depot/materials/textures/Pipes_Albedo.png
[0.797s] -- Up-to-date symlink: /home/vyom/cognipilot/cranium/install/dream_world/share/dream_world/models/Depot/materials/textures/Pipes_Metalness.png
[0.798s] -- Up-to-date symlink: /home/vyom/cognipilot/cranium/install/dream_world/share/dream_world/models/Depot/materials/textures/Pipes_Normal.png
[0.798s] -- Up-to-date symlink: /home/vyom/cognipilot/cranium/install/dream_world/share/dream_world/models/Depot/materials/textures/Pipes_Roughness.png
[0.798s] -- Up-to-date symlink: /home/vyom/cognipilot/cranium/install/dream_world/share/dream_world/models/Depot/materials/textures/ROOF_Albedo.png
[0.799s] -- Up-to-date symlink: /home/vyom/cognipilot/cranium/install/dream_world/share/dream_world/models/Depot/materials/textures/ROOF_Emissive.png
[0.799s] -- Up-to-date symlink: /home/vyom/cognipilot/cranium/install/dream_world/share/dream_world/models/Depot/materials/textures/ROOF_Metalness.png
[0.799s] -- Up-to-date symlink: /home/vyom/cognipilot/cranium/install/dream_world/share/dream_world/models/Depot/materials/textures/ROOF_Normal.png
[0.799s] -- Up-to-date symlink: /home/vyom/cognipilot/cranium/install/dream_world/share/dream_world/models/Depot/materials/textures/ROOF_Roughness.png
[0.800s] -- Up-to-date symlink: /home/vyom/cognipilot/cranium/install/dream_world/share/dream_world/models/Depot/materials/textures/STAIRS_Albedo.png
[0.800s] -- Up-to-date symlink: /home/vyom/cognipilot/cranium/install/dream_world/share/dream_world/models/Depot/materials/textures/STAIRS_Metalness.png
[0.800s] -- Up-to-date symlink: /home/vyom/cognipilot/cranium/install/dream_world/share/dream_world/models/Depot/materials/textures/STAIRS_Normal.png
[0.800s] -- Up-to-date symlink: /home/vyom/cognipilot/cranium/install/dream_world/share/dream_world/models/Depot/materials/textures/STAIRS_Roughness.png
[0.801s] -- Up-to-date symlink: /home/vyom/cognipilot/cranium/install/dream_world/share/dream_world/models/Depot/materials/textures/WALLS_Albedo.png
[0.801s] -- Up-to-date symlink: /home/vyom/cognipilot/cranium/install/dream_world/share/dream_world/models/Depot/materials/textures/WALLS_Metalness.png
[0.801s] -- Up-to-date symlink: /home/vyom/cognipilot/cranium/install/dream_world/share/dream_world/models/Depot/materials/textures/WALLS_Normal.png
[0.801s] -- Up-to-date symlink: /home/vyom/cognipilot/cranium/install/dream_world/share/dream_world/models/Depot/materials/textures/WALLS_Roughness.png
[0.801s] -- Up-to-date symlink: /home/vyom/cognipilot/cranium/install/dream_world/share/dream_world/models/Depot/materials/textures/Window_WINDOW_BaseColor.png
[0.802s] -- Up-to-date symlink: /home/vyom/cognipilot/cranium/install/dream_world/share/dream_world/models/Depot/materials/textures/Window_WINDOW_Metallic.png
[0.802s] -- Up-to-date symlink: /home/vyom/cognipilot/cranium/install/dream_world/share/dream_world/models/Depot/materials/textures/Window_WINDOW_Roughness.png
[0.802s] -- Up-to-date symlink: /home/vyom/cognipilot/cranium/install/dream_world/share/dream_world/models/Depot/meshes/Crates.dae
[0.803s] -- Up-to-date symlink: /home/vyom/cognipilot/cranium/install/dream_world/share/dream_world/models/Depot/meshes/Depot.dae
[0.803s] -- Up-to-date symlink: /home/vyom/cognipilot/cranium/install/dream_world/share/dream_world/models/Depot/model.config
[0.804s] -- Up-to-date symlink: /home/vyom/cognipilot/cranium/install/dream_world/share/dream_world/models/Depot/model.sdf
[0.804s] -- Up-to-date symlink: /home/vyom/cognipilot/cranium/install/dream_world/share/dream_world/models/Depot/thumbnails/0.png
[0.804s] -- Up-to-date symlink: /home/vyom/cognipilot/cranium/install/dream_world/share/dream_world/models/Depot/thumbnails/1.png
[0.804s] -- Up-to-date symlink: /home/vyom/cognipilot/cranium/install/dream_world/share/dream_world/models/Depot/thumbnails/2.png
[0.804s] -- Up-to-date symlink: /home/vyom/cognipilot/cranium/install/dream_world/share/dream_world/models/Depot/thumbnails/3.png
[0.804s] -- Up-to-date symlink: /home/vyom/cognipilot/cranium/install/dream_world/share/dream_world/models/Depot/thumbnails/4.png
[0.805s] -- Up-to-date symlink: /home/vyom/cognipilot/cranium/install/dream_world/share/dream_world/models/Depot/thumbnails/5.png
[0.805s] -- Symlinking: /home/vyom/cognipilot/cranium/install/dream_world/share/dream_world/models/Grand_Finale_Track/LICENSE
[0.815s] -- Symlinking: /home/vyom/cognipilot/cranium/install/dream_world/share/dream_world/models/Grand_Finale_Track/meshes/BridgeWallCollision.dae
[0.825s] -- Symlinking: /home/vyom/cognipilot/cranium/install/dream_world/share/dream_world/models/Grand_Finale_Track/meshes/BridgeWallCollision_2 (copy).dae
[0.834s] -- Symlinking: /home/vyom/cognipilot/cranium/install/dream_world/share/dream_world/models/Grand_Finale_Track/meshes/BridgeWallCollision_2.dae
[0.844s] -- Symlinking: /home/vyom/cognipilot/cranium/install/dream_world/share/dream_world/models/Grand_Finale_Track/meshes/Bridge_new.dae
[0.854s] -- Symlinking: /home/vyom/cognipilot/cranium/install/dream_world/share/dream_world/models/Grand_Finale_Track/meshes/Raceway2.dae
[0.863s] -- Symlinking: /home/vyom/cognipilot/cranium/install/dream_world/share/dream_world/models/Grand_Finale_Track/meshes/Track.dae
[0.873s] -- Symlinking: /home/vyom/cognipilot/cranium/install/dream_world/share/dream_world/models/Grand_Finale_Track/meshes/Track_2.dae
[0.882s] -- Symlinking: /home/vyom/cognipilot/cranium/install/dream_world/share/dream_world/models/Grand_Finale_Track/meshes/bridge_extension.dae
[0.892s] -- Symlinking: /home/vyom/cognipilot/cranium/install/dream_world/share/dream_world/models/Grand_Finale_Track/meshes/bridge_exterior.dae
[0.902s] -- Symlinking: /home/vyom/cognipilot/cranium/install/dream_world/share/dream_world/models/Grand_Finale_Track/meshes/bridge_interior.dae
[0.912s] -- Symlinking: /home/vyom/cognipilot/cranium/install/dream_world/share/dream_world/models/Grand_Finale_Track/meshes/bridge_side.dae
[0.922s] -- Symlinking: /home/vyom/cognipilot/cranium/install/dream_world/share/dream_world/models/Grand_Finale_Track/meshes/rumble_new.dae
[0.931s] -- Symlinking: /home/vyom/cognipilot/cranium/install/dream_world/share/dream_world/models/Grand_Finale_Track/meshes/tunnel.dae
[0.941s] -- Symlinking: /home/vyom/cognipilot/cranium/install/dream_world/share/dream_world/models/Grand_Finale_Track/meshes/tunnel2.dae
[0.951s] -- Symlinking: /home/vyom/cognipilot/cranium/install/dream_world/share/dream_world/models/Grand_Finale_Track/model.config
[0.961s] -- Symlinking: /home/vyom/cognipilot/cranium/install/dream_world/share/dream_world/models/Grand_Finale_Track/model.sdf
[0.971s] -- Symlinking: /home/vyom/cognipilot/cranium/install/dream_world/share/dream_world/models/NXP_AIM_S3_Qualifiers_Track/meshes/NXP_AIM_S3_Qualifiers_Track.dae
[0.980s] -- Symlinking: /home/vyom/cognipilot/cranium/install/dream_world/share/dream_world/models/NXP_AIM_S3_Qualifiers_Track/meshes/NXP_AIM_S3_Qualifiers_Track_bad.dae
[0.990s] -- Symlinking: /home/vyom/cognipilot/cranium/install/dream_world/share/dream_world/models/NXP_AIM_S3_Qualifiers_Track/meshes/NXP_AIM_S3_Qualifiers_Track_last.dae
[1.000s] -- Symlinking: /home/vyom/cognipilot/cranium/install/dream_world/share/dream_world/models/NXP_AIM_S3_Qualifiers_Track/meshes/NXP_AIM_S3_Qualifiers_Track_latest.dae
[1.010s] -- Symlinking: /home/vyom/cognipilot/cranium/install/dream_world/share/dream_world/models/NXP_AIM_S3_Qualifiers_Track/meshes/NXP_AIM_S3_Qualifiers_Track_nice.dae
[1.021s] -- Symlinking: /home/vyom/cognipilot/cranium/install/dream_world/share/dream_world/models/NXP_AIM_S3_Qualifiers_Track/meshes/NXP_AIM_S3_Qualifiers_Track_not.dae
[1.032s] -- Symlinking: /home/vyom/cognipilot/cranium/install/dream_world/share/dream_world/models/NXP_AIM_S3_Qualifiers_Track/meshes/NXP_AIM_S3_Qualifiers_Track_ok.dae
[1.042s] -- Symlinking: /home/vyom/cognipilot/cranium/install/dream_world/share/dream_world/models/NXP_AIM_S3_Qualifiers_Track/meshes/NXP_AIM_S3_Qualifiers_Track_old_white.dae
[1.053s] -- Symlinking: /home/vyom/cognipilot/cranium/install/dream_world/share/dream_world/models/NXP_AIM_S3_Qualifiers_Track/meshes/NXP_AIM_S3_Qualifiers_Track_olddd.dae
[1.064s] -- Symlinking: /home/vyom/cognipilot/cranium/install/dream_world/share/dream_world/models/NXP_AIM_S3_Qualifiers_Track/meshes/NXP_AIM_S3_Qualifiers_Track_sofa.dae
[1.074s] -- Symlinking: /home/vyom/cognipilot/cranium/install/dream_world/share/dream_world/models/NXP_AIM_S3_Qualifiers_Track/meshes/NXP_AIM_S3_Qualifiers_Track_test.dae
[1.084s] -- Symlinking: /home/vyom/cognipilot/cranium/install/dream_world/share/dream_world/models/NXP_AIM_S3_Qualifiers_Track/meshes/NXP_AIM_S3_Qualifiers_Track_white.dae
[1.096s] -- Symlinking: /home/vyom/cognipilot/cranium/install/dream_world/share/dream_world/models/NXP_AIM_S3_Qualifiers_Track/meshes/NXP_AIM_S3_Qualifiers_Track_white_lligt.dae
[1.106s] -- Symlinking: /home/vyom/cognipilot/cranium/install/dream_world/share/dream_world/models/NXP_AIM_S3_Qualifiers_Track/meshes/NXP_AIM_S3_Qualifiers_Track_working.dae
[1.117s] -- Symlinking: /home/vyom/cognipilot/cranium/install/dream_world/share/dream_world/models/NXP_AIM_S3_Qualifiers_Track/model.config
[1.127s] -- Symlinking: /home/vyom/cognipilot/cranium/install/dream_world/share/dream_world/models/NXP_AIM_S3_Qualifiers_Track/model.sdf
[1.138s] -- Symlinking: /home/vyom/cognipilot/cranium/install/dream_world/share/dream_world/models/Raceway_1/LICENSE
[1.148s] -- Symlinking: /home/vyom/cognipilot/cranium/install/dream_world/share/dream_world/models/Raceway_1/meshes/Bridge.dae
[1.158s] -- Symlinking: /home/vyom/cognipilot/cranium/install/dream_world/share/dream_world/models/Raceway_1/meshes/Bridge_new.dae
[1.169s] -- Symlinking: /home/vyom/cognipilot/cranium/install/dream_world/share/dream_world/models/Raceway_1/meshes/Rumble.dae
[1.179s] -- Symlinking: /home/vyom/cognipilot/cranium/install/dream_world/share/dream_world/models/Raceway_1/meshes/Track.dae
[1.190s] -- Symlinking: /home/vyom/cognipilot/cranium/install/dream_world/share/dream_world/models/Raceway_1/meshes/bridge_extension.dae
[1.200s] -- Symlinking: /home/vyom/cognipilot/cranium/install/dream_world/share/dream_world/models/Raceway_1/meshes/bridge_side.dae
[1.210s] -- Symlinking: /home/vyom/cognipilot/cranium/install/dream_world/share/dream_world/models/Raceway_1/meshes/rumble_new.dae
[1.221s] -- Symlinking: /home/vyom/cognipilot/cranium/install/dream_world/share/dream_world/models/Raceway_1/meshes/track2.dae
[1.231s] -- Symlinking: /home/vyom/cognipilot/cranium/install/dream_world/share/dream_world/models/Raceway_1/meshes/tunnel.dae
[1.242s] -- Symlinking: /home/vyom/cognipilot/cranium/install/dream_world/share/dream_world/models/Raceway_1/meshes/tunnel2.dae
[1.253s] -- Symlinking: /home/vyom/cognipilot/cranium/install/dream_world/share/dream_world/models/Raceway_1/model.config
[1.263s] -- Symlinking: /home/vyom/cognipilot/cranium/install/dream_world/share/dream_world/models/Raceway_1/model.sdf
[1.272s] -- Symlinking: /home/vyom/cognipilot/cranium/install/dream_world/share/dream_world/models/Raceway_2/LICENSE
[1.282s] -- Symlinking: /home/vyom/cognipilot/cranium/install/dream_world/share/dream_world/models/Raceway_2/meshes/BridgeWallCollision.dae
[1.292s] -- Symlinking: /home/vyom/cognipilot/cranium/install/dream_world/share/dream_world/models/Raceway_2/meshes/BridgeWallCollision_2.dae
[1.302s] -- Symlinking: /home/vyom/cognipilot/cranium/install/dream_world/share/dream_world/models/Raceway_2/meshes/Raceway2.dae
[1.312s] -- Symlinking: /home/vyom/cognipilot/cranium/install/dream_world/share/dream_world/models/Raceway_2/meshes/Track.dae
[1.322s] -- Symlinking: /home/vyom/cognipilot/cranium/install/dream_world/share/dream_world/models/Raceway_2/meshes/Track_2.dae
[1.331s] -- Symlinking: /home/vyom/cognipilot/cranium/install/dream_world/share/dream_world/models/Raceway_2/meshes/bridge_exterior.dae
[1.342s] -- Symlinking: /home/vyom/cognipilot/cranium/install/dream_world/share/dream_world/models/Raceway_2/meshes/bridge_interior.dae
[1.352s] -- Symlinking: /home/vyom/cognipilot/cranium/install/dream_world/share/dream_world/models/Raceway_2/model.config
[1.363s] -- Symlinking: /home/vyom/cognipilot/cranium/install/dream_world/share/dream_world/models/Raceway_2/model.sdf
[1.372s] -- Symlinking: /home/vyom/cognipilot/cranium/install/dream_world/share/dream_world/models/barricade/materials/scripts/barricade.material
[1.382s] -- Symlinking: /home/vyom/cognipilot/cranium/install/dream_world/share/dream_world/models/barricade/materials/textures/barricade.png
[1.393s] -- Symlinking: /home/vyom/cognipilot/cranium/install/dream_world/share/dream_world/models/barricade/materials/textures/blue.png
[1.403s] -- Symlinking: /home/vyom/cognipilot/cranium/install/dream_world/share/dream_world/models/barricade/model.config
[1.413s] -- Symlinking: /home/vyom/cognipilot/cranium/install/dream_world/share/dream_world/models/barricade/model.sdf
[1.422s] -- Symlinking: /home/vyom/cognipilot/cranium/install/dream_world/share/dream_world/models/car/materials/textures/hatchback_grey.png
[1.432s] -- Symlinking: /home/vyom/cognipilot/cranium/install/dream_world/share/dream_world/models/car/materials/textures/wheels2.png
[1.443s] -- Symlinking: /home/vyom/cognipilot/cranium/install/dream_world/share/dream_world/models/car/meshes/hatchback_grey.mtl
[1.453s] -- Symlinking: /home/vyom/cognipilot/cranium/install/dream_world/share/dream_world/models/car/meshes/hatchback_grey.obj
[1.463s] -- Symlinking: /home/vyom/cognipilot/cranium/install/dream_world/share/dream_world/models/car/model.config
[1.473s] -- Symlinking: /home/vyom/cognipilot/cranium/install/dream_world/share/dream_world/models/car/model.sdf
[1.484s] -- Symlinking: /home/vyom/cognipilot/cranium/install/dream_world/share/dream_world/models/car_blue/materials/textures/hatchback.png
[1.495s] -- Symlinking: /home/vyom/cognipilot/cranium/install/dream_world/share/dream_world/models/car_blue/meshes/hatchback.mtl
[1.505s] -- Symlinking: /home/vyom/cognipilot/cranium/install/dream_world/share/dream_world/models/car_blue/meshes/hatchback.obj
[1.515s] -- Symlinking: /home/vyom/cognipilot/cranium/install/dream_world/share/dream_world/models/car_blue/model.config
[1.525s] -- Symlinking: /home/vyom/cognipilot/cranium/install/dream_world/share/dream_world/models/car_blue/model.sdf
[1.534s] -- Symlinking: /home/vyom/cognipilot/cranium/install/dream_world/share/dream_world/models/finish_line/materials/scripts/finish_line.material
[1.543s] -- Symlinking: /home/vyom/cognipilot/cranium/install/dream_world/share/dream_world/models/finish_line/materials/textures/finish.png
[1.553s] -- Symlinking: /home/vyom/cognipilot/cranium/install/dream_world/share/dream_world/models/finish_line/materials/textures/finish1.png
[1.563s] -- Symlinking: /home/vyom/cognipilot/cranium/install/dream_world/share/dream_world/models/finish_line/materials/textures/race.png
[1.573s] -- Symlinking: /home/vyom/cognipilot/cranium/install/dream_world/share/dream_world/models/finish_line/model.config
[1.583s] -- Symlinking: /home/vyom/cognipilot/cranium/install/dream_world/share/dream_world/models/finish_line/model.sdf
[1.594s] -- Symlinking: /home/vyom/cognipilot/cranium/install/dream_world/share/dream_world/models/fire_hydrant/materials/textures/fire_hydrant_diffuse.png
[1.604s] -- Symlinking: /home/vyom/cognipilot/cranium/install/dream_world/share/dream_world/models/fire_hydrant/materials/textures/fire_hydrant_spec.png
[1.614s] -- Symlinking: /home/vyom/cognipilot/cranium/install/dream_world/share/dream_world/models/fire_hydrant/meshes/fire_hydrant.dae
[1.624s] -- Symlinking: /home/vyom/cognipilot/cranium/install/dream_world/share/dream_world/models/fire_hydrant/model.config
[1.636s] -- Symlinking: /home/vyom/cognipilot/cranium/install/dream_world/share/dream_world/models/fire_hydrant/model.sdf
[1.646s] -- Symlinking: /home/vyom/cognipilot/cranium/install/dream_world/share/dream_world/models/hatchback_red/materials/textures/hatchback_red.png
[1.655s] -- Symlinking: /home/vyom/cognipilot/cranium/install/dream_world/share/dream_world/models/hatchback_red/meshes/hatchback_red.mtl
[1.665s] -- Symlinking: /home/vyom/cognipilot/cranium/install/dream_world/share/dream_world/models/hatchback_red/meshes/hatchback_red.obj
[1.676s] -- Symlinking: /home/vyom/cognipilot/cranium/install/dream_world/share/dream_world/models/hatchback_red/model.config
[1.688s] -- Symlinking: /home/vyom/cognipilot/cranium/install/dream_world/share/dream_world/models/hatchback_red/model.sdf
[1.702s] -- Symlinking: /home/vyom/cognipilot/cranium/install/dream_world/share/dream_world/models/hatchback_red/thumbnails/1.png
[1.712s] -- Symlinking: /home/vyom/cognipilot/cranium/install/dream_world/share/dream_world/models/hatchback_red/thumbnails/2.png
[1.726s] -- Symlinking: /home/vyom/cognipilot/cranium/install/dream_world/share/dream_world/models/hatchback_red/thumbnails/3.png
[1.734s] -- Symlinking: /home/vyom/cognipilot/cranium/install/dream_world/share/dream_world/models/hatchback_red/thumbnails/4.png
[1.746s] -- Symlinking: /home/vyom/cognipilot/cranium/install/dream_world/share/dream_world/models/hatchback_red/thumbnails/5.png
[1.757s] -- Symlinking: /home/vyom/cognipilot/cranium/install/dream_world/share/dream_world/models/oak_tree_mini/materials/scripts/caster_fp.glsl
[1.774s] -- Symlinking: /home/vyom/cognipilot/cranium/install/dream_world/share/dream_world/models/oak_tree_mini/materials/scripts/caster_vp.glsl
[1.779s] -- Symlinking: /home/vyom/cognipilot/cranium/install/dream_world/share/dream_world/models/oak_tree_mini/materials/scripts/oak_tree.material
[1.789s] -- Symlinking: /home/vyom/cognipilot/cranium/install/dream_world/share/dream_world/models/oak_tree_mini/materials/textures/bark_diffuse.png
[1.800s] -- Symlinking: /home/vyom/cognipilot/cranium/install/dream_world/share/dream_world/models/oak_tree_mini/materials/textures/branch_diffuse.png
[1.810s] -- Symlinking: /home/vyom/cognipilot/cranium/install/dream_world/share/dream_world/models/oak_tree_mini/meshes/oak_tree.dae
[1.821s] -- Symlinking: /home/vyom/cognipilot/cranium/install/dream_world/share/dream_world/models/oak_tree_mini/model.config
[1.830s] -- Symlinking: /home/vyom/cognipilot/cranium/install/dream_world/share/dream_world/models/oak_tree_mini/model.sdf
[1.841s] -- Symlinking: /home/vyom/cognipilot/cranium/install/dream_world/share/dream_world/models/start_point/materials/scripts/start_point.material
[1.852s] -- Symlinking: /home/vyom/cognipilot/cranium/install/dream_world/share/dream_world/models/start_point/materials/textures/race.png
[1.861s] -- Symlinking: /home/vyom/cognipilot/cranium/install/dream_world/share/dream_world/models/start_point/model.config
[1.872s] -- Symlinking: /home/vyom/cognipilot/cranium/install/dream_world/share/dream_world/models/start_point/start_point.sdf
[1.882s] -- Symlinking: /home/vyom/cognipilot/cranium/install/dream_world/share/dream_world/models/start_sign/materials/scripts/stop.material
[1.892s] -- Symlinking: /home/vyom/cognipilot/cranium/install/dream_world/share/dream_world/models/start_sign/materials/textures/blue.png
[1.901s] -- Symlinking: /home/vyom/cognipilot/cranium/install/dream_world/share/dream_world/models/start_sign/materials/textures/green.png
[1.911s] -- Symlinking: /home/vyom/cognipilot/cranium/install/dream_world/share/dream_world/models/start_sign/materials/textures/red.png
[1.922s] -- Symlinking: /home/vyom/cognipilot/cranium/install/dream_world/share/dream_world/models/start_sign/materials/textures/start.png
[1.932s] -- Symlinking: /home/vyom/cognipilot/cranium/install/dream_world/share/dream_world/models/start_sign/model.config
[1.942s] -- Symlinking: /home/vyom/cognipilot/cranium/install/dream_world/share/dream_world/models/start_sign/model.sdf
[1.952s] -- Symlinking: /home/vyom/cognipilot/cranium/install/dream_world/share/dream_world/models/stop_sign/materials/scripts/stop.material
[1.962s] -- Symlinking: /home/vyom/cognipilot/cranium/install/dream_world/share/dream_world/models/stop_sign/materials/textures/Stop.png
[1.972s] -- Symlinking: /home/vyom/cognipilot/cranium/install/dream_world/share/dream_world/models/stop_sign/materials/textures/blue.png
[1.982s] -- Symlinking: /home/vyom/cognipilot/cranium/install/dream_world/share/dream_world/models/stop_sign/materials/textures/green.png
[1.992s] -- Symlinking: /home/vyom/cognipilot/cranium/install/dream_world/share/dream_world/models/stop_sign/materials/textures/red.png
[2.002s] -- Symlinking: /home/vyom/cognipilot/cranium/install/dream_world/share/dream_world/models/stop_sign/model.config
[2.012s] -- Symlinking: /home/vyom/cognipilot/cranium/install/dream_world/share/dream_world/models/stop_sign/model.sdf
[2.022s] -- Symlinking: /home/vyom/cognipilot/cranium/install/dream_world/share/dream_world/models/stop_traffic_sign/materials/scripts/stop.material
[2.033s] -- Symlinking: /home/vyom/cognipilot/cranium/install/dream_world/share/dream_world/models/stop_traffic_sign/materials/textures/Stop.png
[2.043s] -- Symlinking: /home/vyom/cognipilot/cranium/install/dream_world/share/dream_world/models/stop_traffic_sign/model.config
[2.054s] -- Symlinking: /home/vyom/cognipilot/cranium/install/dream_world/share/dream_world/models/stop_traffic_sign/model.sdf
[2.065s] -- Symlinking: /home/vyom/cognipilot/cranium/install/dream_world/share/dream_world/models/test_track_v12/meshes/test_track_v12.dae
[2.076s] -- Symlinking: /home/vyom/cognipilot/cranium/install/dream_world/share/dream_world/models/test_track_v12/model.config
[2.087s] -- Symlinking: /home/vyom/cognipilot/cranium/install/dream_world/share/dream_world/models/test_track_v12/model.sdf
[2.097s] -- Symlinking: /home/vyom/cognipilot/cranium/install/dream_world/share/dream_world/worlds/Grand_Finale_Track.sdf
[2.107s] -- Symlinking: /home/vyom/cognipilot/cranium/install/dream_world/share/dream_world/worlds/NXP_AIM_S3_Qualifiers_Track.sdf
[2.116s] -- Symlinking: /home/vyom/cognipilot/cranium/install/dream_world/share/dream_world/worlds/Raceway_1.sdf
[2.126s] -- Symlinking: /home/vyom/cognipilot/cranium/install/dream_world/share/dream_world/worlds/Raceway_1_difficult.sdf
[2.136s] -- Symlinking: /home/vyom/cognipilot/cranium/install/dream_world/share/dream_world/worlds/Raceway_2.sdf
[2.147s] -- Up-to-date symlink: /home/vyom/cognipilot/cranium/install/dream_world/share/dream_world/worlds/basic_map.sdf
[2.147s] -- Up-to-date symlink: /home/vyom/cognipilot/cranium/install/dream_world/share/dream_world/worlds/depot.sdf
[2.147s] -- Symlinking: /home/vyom/cognipilot/cranium/install/dream_world/share/dream_world/worlds/test_track_v12.sdf
[2.157s] -- Up-to-date symlink: /home/vyom/cognipilot/cranium/install/dream_world/share/dream_world/environment/dream_world.dsv
[2.157s] -- Up-to-date symlink: /home/vyom/cognipilot/cranium/install/dream_world/share/ament_index/resource_index/package_run_dependencies/dream_world
[2.157s] -- Up-to-date symlink: /home/vyom/cognipilot/cranium/install/dream_world/share/ament_index/resource_index/parent_prefix_path/dream_world
[2.158s] -- Up-to-date symlink: /home/vyom/cognipilot/cranium/install/dream_world/share/dream_world/environment/ament_prefix_path.sh
[2.158s] -- Up-to-date symlink: /home/vyom/cognipilot/cranium/install/dream_world/share/dream_world/environment/ament_prefix_path.dsv
[2.158s] -- Up-to-date symlink: /home/vyom/cognipilot/cranium/install/dream_world/share/dream_world/environment/path.sh
[2.158s] -- Up-to-date symlink: /home/vyom/cognipilot/cranium/install/dream_world/share/dream_world/environment/path.dsv
[2.159s] -- Up-to-date symlink: /home/vyom/cognipilot/cranium/install/dream_world/share/dream_world/local_setup.bash
[2.159s] -- Up-to-date symlink: /home/vyom/cognipilot/cranium/install/dream_world/share/dream_world/local_setup.sh
[2.159s] -- Up-to-date symlink: /home/vyom/cognipilot/cranium/install/dream_world/share/dream_world/local_setup.zsh
[2.160s] -- Up-to-date symlink: /home/vyom/cognipilot/cranium/install/dream_world/share/dream_world/local_setup.dsv
[2.160s] -- Symlinking: /home/vyom/cognipilot/cranium/install/dream_world/share/dream_world/package.dsv
[2.171s] -- Up-to-date symlink: /home/vyom/cognipilot/cranium/install/dream_world/share/ament_index/resource_index/packages/dream_world
[2.172s] -- Up-to-date symlink: /home/vyom/cognipilot/cranium/install/dream_world/share/dream_world/cmake/dream_worldConfig.cmake
[2.172s] -- Up-to-date symlink: /home/vyom/cognipilot/cranium/install/dream_world/share/dream_world/cmake/dream_worldConfig-version.cmake
[2.172s] -- Up-to-date symlink: /home/vyom/cognipilot/cranium/install/dream_world/share/dream_world/package.xml
[2.174s] Invoked command in '/home/vyom/cognipilot/cranium/build/dream_world' returned '0': CMAKE_PREFIX_PATH=${CMAKE_PREFIX_PATH}:/home/vyom/cognipilot/cranium/install/nxp_cup_vision:/opt/ros/humble /usr/bin/cmake --install /home/vyom/cognipilot/cranium/build/dream_world
