/home/vyom/.local/lib/python3.10/site-packages/setuptools/_distutils/dist.py:268: UserWarning: Unknown distribution option: 'tests_require'
  warnings.warn(msg)
running develop
/home/vyom/.local/lib/python3.10/site-packages/setuptools/command/develop.py:42: EasyInstallDeprecationWarning: easy_install command is deprecated.
!!

        ********************************************************************************
        Please avoid running ``setup.py`` and ``easy_install``.
        Instead, use pypa/build, pypa/installer or other
        standards-based tools.

        See https://github.com/pypa/setuptools/issues/917 for details.
        ********************************************************************************

!!
  easy_install.initialize_options(self)
running egg_info
writing nxp_cup_vision.egg-info/PKG-INFO
writing dependency_links to nxp_cup_vision.egg-info/dependency_links.txt
writing entry points to nxp_cup_vision.egg-info/entry_points.txt
writing requirements to nxp_cup_vision.egg-info/requires.txt
writing top-level names to nxp_cup_vision.egg-info/top_level.txt
reading manifest file 'nxp_cup_vision.egg-info/SOURCES.txt'
writing manifest file 'nxp_cup_vision.egg-info/SOURCES.txt'
running build_ext
Creating /home/vyom/cognipilot/cranium/install/nxp_cup_vision/lib/python3.10/site-packages/nxp-cup-vision.egg-link (link to .)
Installing nxp_track_vision script to /home/vyom/cognipilot/cranium/install/nxp_cup_vision/lib/nxp_cup_vision

Installed /home/vyom/cognipilot/cranium/build/nxp_cup_vision
running symlink_data
