[1.137s] Invoking command in '/home/vyom/cognipilot/cranium/build/nxp_cup_vision': CMAKE_PREFIX_PATH=/home/vyom/cognipilot/cranium/install/synapse_msgs:/home/vyom/cognipilot/cranium/install/synapse_ros:/home/vyom/cognipilot/cranium/install/synapse_gz:/home/vyom/cognipilot/cranium/install/synapse_tinyframe:/home/vyom/cognipilot/cranium/install/synapse_protobuf:/home/vyom/cognipilot/cranium/install/corti:/home/vyom/cognipilot/cranium/install/dream_world:/home/vyom/cognipilot/cranium/install/cerebri_bringup:/home/vyom/cognipilot/cranium/install/b3rb_simulator:/home/vyom/cognipilot/cranium/install/b3rb_desktop:/home/vyom/cognipilot/cranium/install/b3rb_rviz:/home/vyom/cognipilot/cranium/install/b3rb_nav2:/home/vyom/cognipilot/cranium/install/b3rb_gz_resource:/home/vyom/cognipilot/cranium/install/b3rb_gz_bringup:/home/vyom/cognipilot/cranium/install/b3rb_description:/home/vyom/cognipilot/electrode/install/electrode LD_LIBRARY_PATH=/home/vyom/cognipilot/cranium/install/synapse_msgs/lib:/home/vyom/cognipilot/cranium/install/synapse_tinyframe/lib:/home/vyom/cognipilot/cranium/install/synapse_protobuf/lib:/opt/ros/humble/opt/rviz_ogre_vendor/lib:/opt/ros/humble/lib/x86_64-linux-gnu:/opt/ros/humble/lib PYTHONPATH=/home/vyom/cognipilot/cranium/build/nxp_cup_vision/prefix_override:/usr/lib/python3/dist-packages/colcon_core/task/python/colcon_distutils_commands:/home/vyom/cognipilot/cranium/install/nxp_cup_vision/lib/python3.10/site-packages:${PYTHONPATH} /usr/bin/python3 -W ignore:setup.py install is deprecated setup.py develop --uninstall --editable --build-directory /home/vyom/cognipilot/cranium/build/nxp_cup_vision/build
[1.475s] running develop
[1.704s] Removing /home/vyom/cognipilot/cranium/install/nxp_cup_vision/lib/python3.10/site-packages/nxp-cup-vision.egg-link (link to .)
[1.754s] Invoked command in '/home/vyom/cognipilot/cranium/build/nxp_cup_vision' returned '0': CMAKE_PREFIX_PATH=/home/vyom/cognipilot/cranium/install/synapse_msgs:/home/vyom/cognipilot/cranium/install/synapse_ros:/home/vyom/cognipilot/cranium/install/synapse_gz:/home/vyom/cognipilot/cranium/install/synapse_tinyframe:/home/vyom/cognipilot/cranium/install/synapse_protobuf:/home/vyom/cognipilot/cranium/install/corti:/home/vyom/cognipilot/cranium/install/dream_world:/home/vyom/cognipilot/cranium/install/cerebri_bringup:/home/vyom/cognipilot/cranium/install/b3rb_simulator:/home/vyom/cognipilot/cranium/install/b3rb_desktop:/home/vyom/cognipilot/cranium/install/b3rb_rviz:/home/vyom/cognipilot/cranium/install/b3rb_nav2:/home/vyom/cognipilot/cranium/install/b3rb_gz_resource:/home/vyom/cognipilot/cranium/install/b3rb_gz_bringup:/home/vyom/cognipilot/cranium/install/b3rb_description:/home/vyom/cognipilot/electrode/install/electrode LD_LIBRARY_PATH=/home/vyom/cognipilot/cranium/install/synapse_msgs/lib:/home/vyom/cognipilot/cranium/install/synapse_tinyframe/lib:/home/vyom/cognipilot/cranium/install/synapse_protobuf/lib:/opt/ros/humble/opt/rviz_ogre_vendor/lib:/opt/ros/humble/lib/x86_64-linux-gnu:/opt/ros/humble/lib PYTHONPATH=/home/vyom/cognipilot/cranium/build/nxp_cup_vision/prefix_override:/usr/lib/python3/dist-packages/colcon_core/task/python/colcon_distutils_commands:/home/vyom/cognipilot/cranium/install/nxp_cup_vision/lib/python3.10/site-packages:${PYTHONPATH} /usr/bin/python3 -W ignore:setup.py install is deprecated setup.py develop --uninstall --editable --build-directory /home/vyom/cognipilot/cranium/build/nxp_cup_vision/build
[1.756s] Invoking command in '/home/vyom/cognipilot/cranium/src/nxp_cup_vision': CMAKE_PREFIX_PATH=/home/vyom/cognipilot/cranium/install/synapse_msgs:/home/vyom/cognipilot/cranium/install/synapse_ros:/home/vyom/cognipilot/cranium/install/synapse_gz:/home/vyom/cognipilot/cranium/install/synapse_tinyframe:/home/vyom/cognipilot/cranium/install/synapse_protobuf:/home/vyom/cognipilot/cranium/install/corti:/home/vyom/cognipilot/cranium/install/dream_world:/home/vyom/cognipilot/cranium/install/cerebri_bringup:/home/vyom/cognipilot/cranium/install/b3rb_simulator:/home/vyom/cognipilot/cranium/install/b3rb_desktop:/home/vyom/cognipilot/cranium/install/b3rb_rviz:/home/vyom/cognipilot/cranium/install/b3rb_nav2:/home/vyom/cognipilot/cranium/install/b3rb_gz_resource:/home/vyom/cognipilot/cranium/install/b3rb_gz_bringup:/home/vyom/cognipilot/cranium/install/b3rb_description:/home/vyom/cognipilot/electrode/install/electrode LD_LIBRARY_PATH=/home/vyom/cognipilot/cranium/install/synapse_msgs/lib:/home/vyom/cognipilot/cranium/install/synapse_tinyframe/lib:/home/vyom/cognipilot/cranium/install/synapse_protobuf/lib:/opt/ros/humble/opt/rviz_ogre_vendor/lib:/opt/ros/humble/lib/x86_64-linux-gnu:/opt/ros/humble/lib PYTHONPATH=/home/vyom/cognipilot/cranium/build/nxp_cup_vision/prefix_override:/usr/lib/python3/dist-packages/colcon_core/task/python/colcon_distutils_commands:/home/vyom/cognipilot/cranium/install/nxp_cup_vision/lib/python3.10/site-packages:${PYTHONPATH} /usr/bin/python3 -W ignore:setup.py install is deprecated setup.py egg_info --egg-base ../../build/nxp_cup_vision build --build-base /home/vyom/cognipilot/cranium/build/nxp_cup_vision/build install --record /home/vyom/cognipilot/cranium/build/nxp_cup_vision/install.log --single-version-externally-managed install_data --force
[2.072s] running egg_info
[2.073s] writing ../../build/nxp_cup_vision/nxp_cup_vision.egg-info/PKG-INFO
[2.073s] writing dependency_links to ../../build/nxp_cup_vision/nxp_cup_vision.egg-info/dependency_links.txt
[2.074s] writing entry points to ../../build/nxp_cup_vision/nxp_cup_vision.egg-info/entry_points.txt
[2.074s] writing requirements to ../../build/nxp_cup_vision/nxp_cup_vision.egg-info/requires.txt
[2.074s] writing top-level names to ../../build/nxp_cup_vision/nxp_cup_vision.egg-info/top_level.txt
[2.077s] reading manifest file '../../build/nxp_cup_vision/nxp_cup_vision.egg-info/SOURCES.txt'
[2.078s] adding license file 'LICENSE'
[2.079s] writing manifest file '../../build/nxp_cup_vision/nxp_cup_vision.egg-info/SOURCES.txt'
[2.079s] running build
[2.079s] running build_py
[2.079s] creating /home/vyom/cognipilot/cranium/build/nxp_cup_vision/build
[2.079s] creating /home/vyom/cognipilot/cranium/build/nxp_cup_vision/build/lib
[2.079s] creating /home/vyom/cognipilot/cranium/build/nxp_cup_vision/build/lib/nxp_cup_vision
[2.079s] copying nxp_cup_vision/__init__.py -> /home/vyom/cognipilot/cranium/build/nxp_cup_vision/build/lib/nxp_cup_vision
[2.080s] copying nxp_cup_vision/nxp_track_vision.py -> /home/vyom/cognipilot/cranium/build/nxp_cup_vision/build/lib/nxp_cup_vision
[2.080s] running install
[2.080s] running install_lib
[2.081s] creating /home/vyom/cognipilot/cranium/install/nxp_cup_vision/lib/python3.10/site-packages/nxp_cup_vision
[2.081s] copying /home/vyom/cognipilot/cranium/build/nxp_cup_vision/build/lib/nxp_cup_vision/__init__.py -> /home/vyom/cognipilot/cranium/install/nxp_cup_vision/lib/python3.10/site-packages/nxp_cup_vision
[2.081s] copying /home/vyom/cognipilot/cranium/build/nxp_cup_vision/build/lib/nxp_cup_vision/nxp_track_vision.py -> /home/vyom/cognipilot/cranium/install/nxp_cup_vision/lib/python3.10/site-packages/nxp_cup_vision
[2.082s] byte-compiling /home/vyom/cognipilot/cranium/install/nxp_cup_vision/lib/python3.10/site-packages/nxp_cup_vision/__init__.py to __init__.cpython-310.pyc
[2.082s] byte-compiling /home/vyom/cognipilot/cranium/install/nxp_cup_vision/lib/python3.10/site-packages/nxp_cup_vision/nxp_track_vision.py to nxp_track_vision.cpython-310.pyc
[2.086s] running install_data
[2.086s] copying resource/nxp_cup_vision -> /home/vyom/cognipilot/cranium/install/nxp_cup_vision/share/ament_index/resource_index/packages
[2.086s] copying package.xml -> /home/vyom/cognipilot/cranium/install/nxp_cup_vision/share/nxp_cup_vision
[2.087s] copying launch/nxp_cup_vision_launch.py -> /home/vyom/cognipilot/cranium/install/nxp_cup_vision/share/nxp_cup_vision/launch
[2.087s] running install_egg_info
[2.090s] Copying ../../build/nxp_cup_vision/nxp_cup_vision.egg-info to /home/vyom/cognipilot/cranium/install/nxp_cup_vision/lib/python3.10/site-packages/nxp_cup_vision-0.0.1-py3.10.egg-info
[2.091s] running install_scripts
[2.115s] Installing nxp_track_vision script to /home/vyom/cognipilot/cranium/install/nxp_cup_vision/lib/nxp_cup_vision
[2.116s] writing list of installed files to '/home/vyom/cognipilot/cranium/build/nxp_cup_vision/install.log'
[2.151s] Invoked command in '/home/vyom/cognipilot/cranium/src/nxp_cup_vision' returned '0': CMAKE_PREFIX_PATH=/home/vyom/cognipilot/cranium/install/synapse_msgs:/home/vyom/cognipilot/cranium/install/synapse_ros:/home/vyom/cognipilot/cranium/install/synapse_gz:/home/vyom/cognipilot/cranium/install/synapse_tinyframe:/home/vyom/cognipilot/cranium/install/synapse_protobuf:/home/vyom/cognipilot/cranium/install/corti:/home/vyom/cognipilot/cranium/install/dream_world:/home/vyom/cognipilot/cranium/install/cerebri_bringup:/home/vyom/cognipilot/cranium/install/b3rb_simulator:/home/vyom/cognipilot/cranium/install/b3rb_desktop:/home/vyom/cognipilot/cranium/install/b3rb_rviz:/home/vyom/cognipilot/cranium/install/b3rb_nav2:/home/vyom/cognipilot/cranium/install/b3rb_gz_resource:/home/vyom/cognipilot/cranium/install/b3rb_gz_bringup:/home/vyom/cognipilot/cranium/install/b3rb_description:/home/vyom/cognipilot/electrode/install/electrode LD_LIBRARY_PATH=/home/vyom/cognipilot/cranium/install/synapse_msgs/lib:/home/vyom/cognipilot/cranium/install/synapse_tinyframe/lib:/home/vyom/cognipilot/cranium/install/synapse_protobuf/lib:/opt/ros/humble/opt/rviz_ogre_vendor/lib:/opt/ros/humble/lib/x86_64-linux-gnu:/opt/ros/humble/lib PYTHONPATH=/home/vyom/cognipilot/cranium/build/nxp_cup_vision/prefix_override:/usr/lib/python3/dist-packages/colcon_core/task/python/colcon_distutils_commands:/home/vyom/cognipilot/cranium/install/nxp_cup_vision/lib/python3.10/site-packages:${PYTHONPATH} /usr/bin/python3 -W ignore:setup.py install is deprecated setup.py egg_info --egg-base ../../build/nxp_cup_vision build --build-base /home/vyom/cognipilot/cranium/build/nxp_cup_vision/build install --record /home/vyom/cognipilot/cranium/build/nxp_cup_vision/install.log --single-version-externally-managed install_data --force
