[4.092s] Invoking command in '/home/vyom/cognipilot/cranium/build/nxp_cup_vision': CMAKE_PREFIX_PATH=/home/vyom/cognipilot/cranium/install/synapse_msgs:/home/vyom/cognipilot/cranium/install/synapse_ros:/home/vyom/cognipilot/cranium/install/synapse_gz:/home/vyom/cognipilot/cranium/install/synapse_tinyframe:/home/vyom/cognipilot/cranium/install/synapse_protobuf:/home/vyom/cognipilot/cranium/install/corti:/home/vyom/cognipilot/cranium/install/dream_world:/home/vyom/cognipilot/cranium/install/cerebri_bringup:/home/vyom/cognipilot/cranium/install/b3rb_simulator:/home/vyom/cognipilot/cranium/install/b3rb_desktop:/home/vyom/cognipilot/cranium/install/b3rb_rviz:/home/vyom/cognipilot/cranium/install/b3rb_nav2:/home/vyom/cognipilot/cranium/install/b3rb_gz_resource:/home/vyom/cognipilot/cranium/install/b3rb_gz_bringup:/home/vyom/cognipilot/cranium/install/b3rb_description:/home/vyom/cognipilot/electrode/install/electrode LD_LIBRARY_PATH=/home/vyom/cognipilot/cranium/install/synapse_msgs/lib:/home/vyom/cognipilot/cranium/install/synapse_tinyframe/lib:/home/vyom/cognipilot/cranium/install/synapse_protobuf/lib:/opt/ros/humble/opt/rviz_ogre_vendor/lib:/opt/ros/humble/lib/x86_64-linux-gnu:/opt/ros/humble/lib PYTHONPATH=/home/vyom/cognipilot/cranium/build/nxp_cup_vision/prefix_override:/usr/lib/python3/dist-packages/colcon_core/task/python/colcon_distutils_commands:/home/vyom/cognipilot/cranium/install/nxp_cup_vision/lib/python3.10/site-packages:${PYTHONPATH} /usr/bin/python3 -W ignore:setup.py install is deprecated setup.py develop --editable --build-directory /home/vyom/cognipilot/cranium/build/nxp_cup_vision/build --no-deps symlink_data --force
[5.191s] running develop
[5.854s] running egg_info
[5.854s] writing nxp_cup_vision.egg-info/PKG-INFO
[5.855s] writing dependency_links to nxp_cup_vision.egg-info/dependency_links.txt
[5.856s] writing entry points to nxp_cup_vision.egg-info/entry_points.txt
[5.859s] writing requirements to nxp_cup_vision.egg-info/requires.txt
[5.859s] writing top-level names to nxp_cup_vision.egg-info/top_level.txt
[5.863s] reading manifest file 'nxp_cup_vision.egg-info/SOURCES.txt'
[5.865s] writing manifest file 'nxp_cup_vision.egg-info/SOURCES.txt'
[6.041s] running build_ext
[6.042s] Creating /home/vyom/cognipilot/cranium/install/nxp_cup_vision/lib/python3.10/site-packages/nxp-cup-vision.egg-link (link to .)
[6.044s] Installing nxp_track_vision script to /home/vyom/cognipilot/cranium/install/nxp_cup_vision/lib/nxp_cup_vision
[6.045s] 
[6.045s] Installed /home/vyom/cognipilot/cranium/build/nxp_cup_vision
[6.045s] running symlink_data
[6.045s] symbolically linking /home/vyom/cognipilot/cranium/build/nxp_cup_vision/resource/nxp_cup_vision -> /home/vyom/cognipilot/cranium/install/nxp_cup_vision/share/ament_index/resource_index/packages
[6.046s] symbolically linking /home/vyom/cognipilot/cranium/build/nxp_cup_vision/package.xml -> /home/vyom/cognipilot/cranium/install/nxp_cup_vision/share/nxp_cup_vision
[6.046s] symbolically linking /home/vyom/cognipilot/cranium/build/nxp_cup_vision/launch/nxp_cup_vision_launch.py -> /home/vyom/cognipilot/cranium/install/nxp_cup_vision/share/nxp_cup_vision/launch
[6.182s] Invoked command in '/home/vyom/cognipilot/cranium/build/nxp_cup_vision' returned '0': CMAKE_PREFIX_PATH=/home/vyom/cognipilot/cranium/install/synapse_msgs:/home/vyom/cognipilot/cranium/install/synapse_ros:/home/vyom/cognipilot/cranium/install/synapse_gz:/home/vyom/cognipilot/cranium/install/synapse_tinyframe:/home/vyom/cognipilot/cranium/install/synapse_protobuf:/home/vyom/cognipilot/cranium/install/corti:/home/vyom/cognipilot/cranium/install/dream_world:/home/vyom/cognipilot/cranium/install/cerebri_bringup:/home/vyom/cognipilot/cranium/install/b3rb_simulator:/home/vyom/cognipilot/cranium/install/b3rb_desktop:/home/vyom/cognipilot/cranium/install/b3rb_rviz:/home/vyom/cognipilot/cranium/install/b3rb_nav2:/home/vyom/cognipilot/cranium/install/b3rb_gz_resource:/home/vyom/cognipilot/cranium/install/b3rb_gz_bringup:/home/vyom/cognipilot/cranium/install/b3rb_description:/home/vyom/cognipilot/electrode/install/electrode LD_LIBRARY_PATH=/home/vyom/cognipilot/cranium/install/synapse_msgs/lib:/home/vyom/cognipilot/cranium/install/synapse_tinyframe/lib:/home/vyom/cognipilot/cranium/install/synapse_protobuf/lib:/opt/ros/humble/opt/rviz_ogre_vendor/lib:/opt/ros/humble/lib/x86_64-linux-gnu:/opt/ros/humble/lib PYTHONPATH=/home/vyom/cognipilot/cranium/build/nxp_cup_vision/prefix_override:/usr/lib/python3/dist-packages/colcon_core/task/python/colcon_distutils_commands:/home/vyom/cognipilot/cranium/install/nxp_cup_vision/lib/python3.10/site-packages:${PYTHONPATH} /usr/bin/python3 -W ignore:setup.py install is deprecated setup.py develop --editable --build-directory /home/vyom/cognipilot/cranium/build/nxp_cup_vision/build --no-deps symlink_data --force
