[0.032s] Invoking command in '/home/vyom/cognipilot/cranium/build/corti': CMAKE_PREFIX_PATH=/home/vyom/cognipilot/cranium/install/synapse_msgs:/home/vyom/cognipilot/electrode/install/electrode:/home/vyom/cognipilot/cranium/install/synapse_ros:/home/vyom/cognipilot/cranium/install/synapse_gz:/home/vyom/cognipilot/cranium/install/synapse_tinyframe:/home/vyom/cognipilot/cranium/install/synapse_protobuf:/home/vyom/cognipilot/cranium/install/corti:/home/vyom/cognipilot/cranium/install/dream_world:/home/vyom/cognipilot/cranium/install/cerebri_bringup:/home/vyom/cognipilot/cranium/install/b3rb_simulator:/home/vyom/cognipilot/cranium/install/b3rb_desktop:/home/vyom/cognipilot/cranium/install/b3rb_rviz:/home/vyom/cognipilot/cranium/install/b3rb_nav2:/home/vyom/cognipilot/cranium/install/b3rb_gz_resource:/home/vyom/cognipilot/cranium/install/b3rb_gz_bringup:/home/vyom/cognipilot/cranium/install/b3rb_description:/opt/ros/humble LD_LIBRARY_PATH=/home/vyom/cognipilot/cranium/install/synapse_msgs/lib:/home/vyom/cognipilot/cranium/install/synapse_tinyframe/lib:/home/vyom/cognipilot/cranium/install/synapse_protobuf/lib:/opt/ros/humble/opt/rviz_ogre_vendor/lib:/opt/ros/humble/lib/x86_64-linux-gnu:/opt/ros/humble/lib /usr/bin/cmake --build /home/vyom/cognipilot/cranium/build/corti -- -j8 -l8
[0.451s] -- Found ament_cmake: 1.3.9 (/opt/ros/humble/share/ament_cmake/cmake)
[0.451s] -- Override CMake install command with custom implementation using symlinks instead of copying resources
[0.452s] -- Found geometry_msgs: 4.2.4 (/opt/ros/humble/share/geometry_msgs/cmake)
[0.452s] -- Found rosidl_generator_c: 3.1.5 (/opt/ros/humble/share/rosidl_generator_c/cmake)
[0.452s] -- Found rosidl_adapter: 3.1.5 (/opt/ros/humble/share/rosidl_adapter/cmake)
[0.452s] -- Found rosidl_generator_cpp: 3.1.5 (/opt/ros/humble/share/rosidl_generator_cpp/cmake)
[0.453s] -- Using all available rosidl_typesupport_c: rosidl_typesupport_fastrtps_c;rosidl_typesupport_introspection_c
[0.453s] -- Using all available rosidl_typesupport_cpp: rosidl_typesupport_fastrtps_cpp;rosidl_typesupport_introspection_cpp
[0.520s] -- Found nav_msgs: 4.2.4 (/opt/ros/humble/share/nav_msgs/cmake)
[0.728s] -- Found rclcpp: 16.0.9 (/opt/ros/humble/share/rclcpp/cmake)
[0.848s] -- Found rmw_implementation_cmake: 6.1.2 (/opt/ros/humble/share/rmw_implementation_cmake/cmake)
[0.853s] -- Found rmw_cyclonedds_cpp: 1.3.4 (/opt/ros/humble/share/rmw_cyclonedds_cpp/cmake)
[0.921s] -- Using RMW implementation 'rmw_cyclonedds_cpp' as default
[1.191s] -- Found rclpy: 3.3.13 (/opt/ros/humble/share/rclpy/cmake)
[1.192s] -- Found synapse_msgs: 0.0.1 (/home/vyom/cognipilot/cranium/install/synapse_msgs/share/synapse_msgs/cmake)
[1.300s] -- Found tf2: 0.25.7 (/opt/ros/humble/share/tf2/cmake)
[1.320s] -- Found tf2_ros: 0.25.7 (/opt/ros/humble/share/tf2_ros/cmake)
[2.148s] -- Found ament_lint_auto: 0.12.11 (/opt/ros/humble/share/ament_lint_auto/cmake)
[2.315s] -- Added test 'cppcheck' to perform static code analysis on C / C++ code
[2.315s] -- Configured cppcheck include dirs: 
[2.315s] -- Configured cppcheck exclude dirs and/or files: 
[2.317s] -- Added test 'flake8' to check Python code syntax and style conventions
[2.318s] -- Added test 'lint_cmake' to check CMake code style
[2.319s] -- Added test 'pep257' to check Python code against some of the docstring style conventions in PEP 257
[2.325s] -- Added test 'uncrustify' to check C / C++ code style
[2.325s] -- Configured uncrustify additional arguments: 
[2.327s] -- Added test 'xmllint' to check XML markup files
[2.329s] -- Configuring done
[2.382s] -- Generating done
[2.387s] -- Build files have been written to: /home/vyom/cognipilot/cranium/build/corti
[2.436s] Consolidate compiler generated dependencies of target bezier6
[2.446s] Consolidate compiler generated dependencies of target odom_to_tf
[2.449s] Consolidate compiler generated dependencies of target tf_to_odom
[2.460s] [ 25%] Built target bezier6
[2.471s] [ 25%] Built target ament_cmake_python_symlink_corti
[2.476s] [ 50%] Built target tf_to_odom
[2.477s] [ 75%] Built target odom_to_tf
[2.489s] Consolidate compiler generated dependencies of target rover_planner
[2.514s] [ 87%] Building CXX object CMakeFiles/rover_planner.dir/src/rover_planner.cpp.o
[3.053s] running egg_info
[3.055s] writing corti.egg-info/PKG-INFO
[3.055s] writing dependency_links to corti.egg-info/dependency_links.txt
[3.056s] writing top-level names to corti.egg-info/top_level.txt
[3.061s] reading manifest file 'corti.egg-info/SOURCES.txt'
[3.063s] writing manifest file 'corti.egg-info/SOURCES.txt'
[3.119s] [ 87%] Built target ament_cmake_python_build_corti_egg
[14.254s] [100%] Linking CXX executable rover_planner
[14.886s] [100%] Built target rover_planner
[14.898s] Invoked command in '/home/vyom/cognipilot/cranium/build/corti' returned '0': CMAKE_PREFIX_PATH=/home/vyom/cognipilot/cranium/install/synapse_msgs:/home/vyom/cognipilot/electrode/install/electrode:/home/vyom/cognipilot/cranium/install/synapse_ros:/home/vyom/cognipilot/cranium/install/synapse_gz:/home/vyom/cognipilot/cranium/install/synapse_tinyframe:/home/vyom/cognipilot/cranium/install/synapse_protobuf:/home/vyom/cognipilot/cranium/install/corti:/home/vyom/cognipilot/cranium/install/dream_world:/home/vyom/cognipilot/cranium/install/cerebri_bringup:/home/vyom/cognipilot/cranium/install/b3rb_simulator:/home/vyom/cognipilot/cranium/install/b3rb_desktop:/home/vyom/cognipilot/cranium/install/b3rb_rviz:/home/vyom/cognipilot/cranium/install/b3rb_nav2:/home/vyom/cognipilot/cranium/install/b3rb_gz_resource:/home/vyom/cognipilot/cranium/install/b3rb_gz_bringup:/home/vyom/cognipilot/cranium/install/b3rb_description:/opt/ros/humble LD_LIBRARY_PATH=/home/vyom/cognipilot/cranium/install/synapse_msgs/lib:/home/vyom/cognipilot/cranium/install/synapse_tinyframe/lib:/home/vyom/cognipilot/cranium/install/synapse_protobuf/lib:/opt/ros/humble/opt/rviz_ogre_vendor/lib:/opt/ros/humble/lib/x86_64-linux-gnu:/opt/ros/humble/lib /usr/bin/cmake --build /home/vyom/cognipilot/cranium/build/corti -- -j8 -l8
[14.945s] Invoking command in '/home/vyom/cognipilot/cranium/build/corti': CMAKE_PREFIX_PATH=/home/vyom/cognipilot/cranium/install/synapse_msgs:/home/vyom/cognipilot/electrode/install/electrode:/home/vyom/cognipilot/cranium/install/synapse_ros:/home/vyom/cognipilot/cranium/install/synapse_gz:/home/vyom/cognipilot/cranium/install/synapse_tinyframe:/home/vyom/cognipilot/cranium/install/synapse_protobuf:/home/vyom/cognipilot/cranium/install/corti:/home/vyom/cognipilot/cranium/install/dream_world:/home/vyom/cognipilot/cranium/install/cerebri_bringup:/home/vyom/cognipilot/cranium/install/b3rb_simulator:/home/vyom/cognipilot/cranium/install/b3rb_desktop:/home/vyom/cognipilot/cranium/install/b3rb_rviz:/home/vyom/cognipilot/cranium/install/b3rb_nav2:/home/vyom/cognipilot/cranium/install/b3rb_gz_resource:/home/vyom/cognipilot/cranium/install/b3rb_gz_bringup:/home/vyom/cognipilot/cranium/install/b3rb_description:/opt/ros/humble LD_LIBRARY_PATH=/home/vyom/cognipilot/cranium/install/synapse_msgs/lib:/home/vyom/cognipilot/cranium/install/synapse_tinyframe/lib:/home/vyom/cognipilot/cranium/install/synapse_protobuf/lib:/opt/ros/humble/opt/rviz_ogre_vendor/lib:/opt/ros/humble/lib/x86_64-linux-gnu:/opt/ros/humble/lib /usr/bin/cmake --install /home/vyom/cognipilot/cranium/build/corti
[14.954s] -- Install configuration: ""
[14.954s] -- Execute custom install script
[14.954s] -- Up-to-date symlink: /home/vyom/cognipilot/cranium/install/corti/share/corti/environment/pythonpath.sh
[14.954s] -- Up-to-date symlink: /home/vyom/cognipilot/cranium/install/corti/share/corti/environment/pythonpath.dsv
[14.955s] -- Up-to-date symlink: /home/vyom/cognipilot/cranium/install/corti/local/lib/python3.10/dist-packages/corti-0.0.0-py3.10.egg-info/PKG-INFO
[14.955s] -- Up-to-date symlink: /home/vyom/cognipilot/cranium/install/corti/local/lib/python3.10/dist-packages/corti-0.0.0-py3.10.egg-info/SOURCES.txt
[14.955s] -- Up-to-date symlink: /home/vyom/cognipilot/cranium/install/corti/local/lib/python3.10/dist-packages/corti-0.0.0-py3.10.egg-info/dependency_links.txt
[14.955s] -- Up-to-date symlink: /home/vyom/cognipilot/cranium/install/corti/local/lib/python3.10/dist-packages/corti-0.0.0-py3.10.egg-info/top_level.txt
[14.956s] -- Up-to-date symlink: /home/vyom/cognipilot/cranium/install/corti/local/lib/python3.10/dist-packages/corti/SE2Lie.py
[14.956s] -- Up-to-date symlink: /home/vyom/cognipilot/cranium/install/corti/local/lib/python3.10/dist-packages/corti/TimeOptBez.py
[14.956s] -- Up-to-date symlink: /home/vyom/cognipilot/cranium/install/corti/local/lib/python3.10/dist-packages/corti/__init__.py
[14.956s] -- Up-to-date symlink: /home/vyom/cognipilot/cranium/install/corti/local/lib/python3.10/dist-packages/corti/bezier_rover_planning.py
[14.957s] -- Up-to-date symlink: /home/vyom/cognipilot/cranium/install/corti/local/lib/python3.10/dist-packages/corti/rover_control.py
[14.957s] -- Up-to-date symlink: /home/vyom/cognipilot/cranium/install/corti/local/lib/python3.10/dist-packages/corti/rover_planning.py
[14.957s] -- Up-to-date symlink: /home/vyom/cognipilot/cranium/install/corti/lib/corti/rover_planner
[14.957s] -- Up-to-date symlink: /home/vyom/cognipilot/cranium/install/corti/lib/corti/odom_to_tf
[14.957s] -- Up-to-date symlink: /home/vyom/cognipilot/cranium/install/corti/lib/corti/tf_to_odom
[14.958s] -- Up-to-date symlink: /home/vyom/cognipilot/cranium/install/corti/share/corti/launch/corti.launch.py
[14.958s] -- Up-to-date symlink: /home/vyom/cognipilot/cranium/install/corti/share/corti/launch/virtual_joy.launch.py
[14.959s] -- Up-to-date symlink: /home/vyom/cognipilot/cranium/install/corti/lib/corti/virtual_joy.py
[14.959s] -- Up-to-date symlink: /home/vyom/cognipilot/cranium/install/corti/lib/corti/rover_fixed_trajectory.py
[14.959s] -- Up-to-date symlink: /home/vyom/cognipilot/cranium/install/corti/share/ament_index/resource_index/package_run_dependencies/corti
[14.960s] -- Up-to-date symlink: /home/vyom/cognipilot/cranium/install/corti/share/ament_index/resource_index/parent_prefix_path/corti
[14.960s] -- Up-to-date symlink: /home/vyom/cognipilot/cranium/install/corti/share/corti/environment/ament_prefix_path.sh
[14.960s] -- Up-to-date symlink: /home/vyom/cognipilot/cranium/install/corti/share/corti/environment/ament_prefix_path.dsv
[14.961s] -- Up-to-date symlink: /home/vyom/cognipilot/cranium/install/corti/share/corti/environment/path.sh
[14.961s] -- Up-to-date symlink: /home/vyom/cognipilot/cranium/install/corti/share/corti/environment/path.dsv
[14.961s] -- Up-to-date symlink: /home/vyom/cognipilot/cranium/install/corti/share/corti/local_setup.bash
[14.961s] -- Up-to-date symlink: /home/vyom/cognipilot/cranium/install/corti/share/corti/local_setup.sh
[14.962s] -- Up-to-date symlink: /home/vyom/cognipilot/cranium/install/corti/share/corti/local_setup.zsh
[14.962s] -- Up-to-date symlink: /home/vyom/cognipilot/cranium/install/corti/share/corti/local_setup.dsv
[14.962s] -- Symlinking: /home/vyom/cognipilot/cranium/install/corti/share/corti/package.dsv
[14.972s] -- Up-to-date symlink: /home/vyom/cognipilot/cranium/install/corti/share/ament_index/resource_index/packages/corti
[14.972s] -- Up-to-date symlink: /home/vyom/cognipilot/cranium/install/corti/share/corti/cmake/cortiConfig.cmake
[14.972s] -- Up-to-date symlink: /home/vyom/cognipilot/cranium/install/corti/share/corti/cmake/cortiConfig-version.cmake
[14.972s] -- Up-to-date symlink: /home/vyom/cognipilot/cranium/install/corti/share/corti/package.xml
[15.014s] Listing '/home/vyom/cognipilot/cranium/install/corti/local/lib/python3.10/dist-packages/corti'...
[15.024s] Invoked command in '/home/vyom/cognipilot/cranium/build/corti' returned '0': CMAKE_PREFIX_PATH=/home/vyom/cognipilot/cranium/install/synapse_msgs:/home/vyom/cognipilot/electrode/install/electrode:/home/vyom/cognipilot/cranium/install/synapse_ros:/home/vyom/cognipilot/cranium/install/synapse_gz:/home/vyom/cognipilot/cranium/install/synapse_tinyframe:/home/vyom/cognipilot/cranium/install/synapse_protobuf:/home/vyom/cognipilot/cranium/install/corti:/home/vyom/cognipilot/cranium/install/dream_world:/home/vyom/cognipilot/cranium/install/cerebri_bringup:/home/vyom/cognipilot/cranium/install/b3rb_simulator:/home/vyom/cognipilot/cranium/install/b3rb_desktop:/home/vyom/cognipilot/cranium/install/b3rb_rviz:/home/vyom/cognipilot/cranium/install/b3rb_nav2:/home/vyom/cognipilot/cranium/install/b3rb_gz_resource:/home/vyom/cognipilot/cranium/install/b3rb_gz_bringup:/home/vyom/cognipilot/cranium/install/b3rb_description:/opt/ros/humble LD_LIBRARY_PATH=/home/vyom/cognipilot/cranium/install/synapse_msgs/lib:/home/vyom/cognipilot/cranium/install/synapse_tinyframe/lib:/home/vyom/cognipilot/cranium/install/synapse_protobuf/lib:/opt/ros/humble/opt/rviz_ogre_vendor/lib:/opt/ros/humble/lib/x86_64-linux-gnu:/opt/ros/humble/lib /usr/bin/cmake --install /home/vyom/cognipilot/cranium/build/corti
