[0.052s] Invoking command in '/home/vyom/cognipilot/cranium/build/synapse_tinyframe': CMAKE_PREFIX_PATH=${CMAKE_PREFIX_PATH}:/home/vyom/cognipilot/cranium/install/nxp_cup_vision:/home/vyom/cognipilot/cranium/install/b3rb_ros_line_follower:/opt/ros/humble /usr/bin/cmake --build /home/vyom/cognipilot/cranium/build/synapse_tinyframe -- -j8 -l8
[0.142s] [100%] Built target synapse_tinyframe
[0.172s] Invoked command in '/home/vyom/cognipilot/cranium/build/synapse_tinyframe' returned '0': CMAKE_PREFIX_PATH=${CMAKE_PREFIX_PATH}:/home/vyom/cognipilot/cranium/install/nxp_cup_vision:/home/vyom/cognipilot/cranium/install/b3rb_ros_line_follower:/opt/ros/humble /usr/bin/cmake --build /home/vyom/cognipilot/cranium/build/synapse_tinyframe -- -j8 -l8
[0.254s] Invoking command in '/home/vyom/cognipilot/cranium/build/synapse_tinyframe': CMAKE_PREFIX_PATH=${CMAKE_PREFIX_PATH}:/home/vyom/cognipilot/cranium/install/nxp_cup_vision:/home/vyom/cognipilot/cranium/install/b3rb_ros_line_follower:/opt/ros/humble /usr/bin/cmake --install /home/vyom/cognipilot/cranium/build/synapse_tinyframe
[0.276s] -- Install configuration: ""
[0.276s] -- Execute custom install script
[0.276s] -- Up-to-date symlink: /home/vyom/cognipilot/cranium/install/synapse_tinyframe/share/synapse_tinyframe/environment/library_path.sh
[0.277s] -- Up-to-date symlink: /home/vyom/cognipilot/cranium/install/synapse_tinyframe/share/synapse_tinyframe/environment/library_path.dsv
[0.277s] -- Up-to-date symlink: /home/vyom/cognipilot/cranium/install/synapse_tinyframe/include/synapse_tinyframe/SynapseTopics.h
[0.277s] -- Up-to-date symlink: /home/vyom/cognipilot/cranium/install/synapse_tinyframe/include/synapse_tinyframe/TF_Config.h
[0.277s] -- Up-to-date symlink: /home/vyom/cognipilot/cranium/install/synapse_tinyframe/include/synapse_tinyframe/TinyFrame.h
[0.277s] -- Up-to-date symlink: /home/vyom/cognipilot/cranium/install/synapse_tinyframe/include/synapse_tinyframe/utils.h
[0.277s] -- Up-to-date symlink: /home/vyom/cognipilot/cranium/install/synapse_tinyframe/share/ament_index/resource_index/package_run_dependencies/synapse_tinyframe
[0.277s] -- Up-to-date symlink: /home/vyom/cognipilot/cranium/install/synapse_tinyframe/share/ament_index/resource_index/parent_prefix_path/synapse_tinyframe
[0.278s] -- Up-to-date symlink: /home/vyom/cognipilot/cranium/install/synapse_tinyframe/share/synapse_tinyframe/environment/ament_prefix_path.sh
[0.278s] -- Up-to-date symlink: /home/vyom/cognipilot/cranium/install/synapse_tinyframe/share/synapse_tinyframe/environment/ament_prefix_path.dsv
[0.278s] -- Up-to-date symlink: /home/vyom/cognipilot/cranium/install/synapse_tinyframe/share/synapse_tinyframe/environment/path.sh
[0.278s] -- Up-to-date symlink: /home/vyom/cognipilot/cranium/install/synapse_tinyframe/share/synapse_tinyframe/environment/path.dsv
[0.278s] -- Up-to-date symlink: /home/vyom/cognipilot/cranium/install/synapse_tinyframe/share/synapse_tinyframe/local_setup.bash
[0.278s] -- Up-to-date symlink: /home/vyom/cognipilot/cranium/install/synapse_tinyframe/share/synapse_tinyframe/local_setup.sh
[0.278s] -- Up-to-date symlink: /home/vyom/cognipilot/cranium/install/synapse_tinyframe/share/synapse_tinyframe/local_setup.zsh
[0.279s] -- Up-to-date symlink: /home/vyom/cognipilot/cranium/install/synapse_tinyframe/share/synapse_tinyframe/local_setup.dsv
[0.279s] -- Symlinking: /home/vyom/cognipilot/cranium/install/synapse_tinyframe/share/synapse_tinyframe/package.dsv
[0.293s] -- Up-to-date symlink: /home/vyom/cognipilot/cranium/install/synapse_tinyframe/share/ament_index/resource_index/packages/synapse_tinyframe
[0.293s] -- Up-to-date symlink: /home/vyom/cognipilot/cranium/install/synapse_tinyframe/share/synapse_tinyframe/cmake/ament_cmake_export_targets-extras.cmake
[0.293s] -- Up-to-date symlink: /home/vyom/cognipilot/cranium/install/synapse_tinyframe/share/synapse_tinyframe/cmake/synapse_tinyframeConfig.cmake
[0.293s] -- Up-to-date symlink: /home/vyom/cognipilot/cranium/install/synapse_tinyframe/share/synapse_tinyframe/cmake/synapse_tinyframeConfig-version.cmake
[0.293s] -- Up-to-date symlink: /home/vyom/cognipilot/cranium/install/synapse_tinyframe/share/synapse_tinyframe/package.xml
[0.294s] -- Up-to-date: /home/vyom/cognipilot/cranium/install/synapse_tinyframe/lib/libsynapse_tinyframe.a
[0.294s] -- Up-to-date: /home/vyom/cognipilot/cranium/install/synapse_tinyframe/share/synapse_tinyframe/cmake/synapse_tinyframeExport.cmake
[0.294s] -- Up-to-date: /home/vyom/cognipilot/cranium/install/synapse_tinyframe/share/synapse_tinyframe/cmake/synapse_tinyframeExport-noconfig.cmake
[0.362s] Invoked command in '/home/vyom/cognipilot/cranium/build/synapse_tinyframe' returned '0': CMAKE_PREFIX_PATH=${CMAKE_PREFIX_PATH}:/home/vyom/cognipilot/cranium/install/nxp_cup_vision:/home/vyom/cognipilot/cranium/install/b3rb_ros_line_follower:/opt/ros/humble /usr/bin/cmake --install /home/vyom/cognipilot/cranium/build/synapse_tinyframe
