[1.378s] Invoking command in '/home/vyom/cognipilot/cranium/src/nxp_cup_vision': CMAKE_PREFIX_PATH=/home/vyom/cognipilot/cranium/install/synapse_msgs:/home/vyom/cognipilot/cranium/install/synapse_ros:/home/vyom/cognipilot/cranium/install/synapse_gz:/home/vyom/cognipilot/cranium/install/synapse_tinyframe:/home/vyom/cognipilot/cranium/install/synapse_protobuf:/home/vyom/cognipilot/cranium/install/corti:/home/vyom/cognipilot/cranium/install/dream_world:/home/vyom/cognipilot/cranium/install/cerebri_bringup:/home/vyom/cognipilot/cranium/install/b3rb_simulator:/home/vyom/cognipilot/cranium/install/b3rb_desktop:/home/vyom/cognipilot/cranium/install/b3rb_rviz:/home/vyom/cognipilot/cranium/install/b3rb_nav2:/home/vyom/cognipilot/cranium/install/b3rb_gz_resource:/home/vyom/cognipilot/cranium/install/b3rb_gz_bringup:/home/vyom/cognipilot/cranium/install/b3rb_description:/home/vyom/cognipilot/electrode/install/electrode LD_LIBRARY_PATH=/home/vyom/cognipilot/cranium/install/synapse_msgs/lib:/home/vyom/cognipilot/cranium/install/synapse_tinyframe/lib:/home/vyom/cognipilot/cranium/install/synapse_protobuf/lib:/opt/ros/humble/opt/rviz_ogre_vendor/lib:/opt/ros/humble/lib/x86_64-linux-gnu:/opt/ros/humble/lib PYTHONPATH=/home/vyom/cognipilot/cranium/build/nxp_cup_vision/prefix_override:/usr/lib/python3/dist-packages/colcon_core/task/python/colcon_distutils_commands:/home/vyom/cognipilot/cranium/install/nxp_cup_vision/lib/python3.10/site-packages:${PYTHONPATH} /usr/bin/python3 -W ignore:setup.py install is deprecated setup.py egg_info --egg-base ../../build/nxp_cup_vision build --build-base /home/vyom/cognipilot/cranium/build/nxp_cup_vision/build install --record /home/vyom/cognipilot/cranium/build/nxp_cup_vision/install.log --single-version-externally-managed install_data
[1.751s] running egg_info
[1.752s] writing ../../build/nxp_cup_vision/nxp_cup_vision.egg-info/PKG-INFO
[1.752s] writing dependency_links to ../../build/nxp_cup_vision/nxp_cup_vision.egg-info/dependency_links.txt
[1.753s] writing entry points to ../../build/nxp_cup_vision/nxp_cup_vision.egg-info/entry_points.txt
[1.753s] writing requirements to ../../build/nxp_cup_vision/nxp_cup_vision.egg-info/requires.txt
[1.753s] writing top-level names to ../../build/nxp_cup_vision/nxp_cup_vision.egg-info/top_level.txt
[1.757s] reading manifest file '../../build/nxp_cup_vision/nxp_cup_vision.egg-info/SOURCES.txt'
[1.757s] adding license file 'LICENSE'
[1.758s] writing manifest file '../../build/nxp_cup_vision/nxp_cup_vision.egg-info/SOURCES.txt'
[1.758s] running build
[1.759s] running build_py
[1.759s] running install
[1.760s] running install_lib
[1.762s] running install_data
[1.763s] running install_egg_info
[1.765s] removing '/home/vyom/cognipilot/cranium/install/nxp_cup_vision/lib/python3.10/site-packages/nxp_cup_vision-0.0.1-py3.10.egg-info' (and everything under it)
[1.766s] Copying ../../build/nxp_cup_vision/nxp_cup_vision.egg-info to /home/vyom/cognipilot/cranium/install/nxp_cup_vision/lib/python3.10/site-packages/nxp_cup_vision-0.0.1-py3.10.egg-info
[1.767s] running install_scripts
[1.798s] Installing nxp_track_vision script to /home/vyom/cognipilot/cranium/install/nxp_cup_vision/lib/nxp_cup_vision
[1.799s] writing list of installed files to '/home/vyom/cognipilot/cranium/build/nxp_cup_vision/install.log'
[1.836s] Invoked command in '/home/vyom/cognipilot/cranium/src/nxp_cup_vision' returned '0': CMAKE_PREFIX_PATH=/home/vyom/cognipilot/cranium/install/synapse_msgs:/home/vyom/cognipilot/cranium/install/synapse_ros:/home/vyom/cognipilot/cranium/install/synapse_gz:/home/vyom/cognipilot/cranium/install/synapse_tinyframe:/home/vyom/cognipilot/cranium/install/synapse_protobuf:/home/vyom/cognipilot/cranium/install/corti:/home/vyom/cognipilot/cranium/install/dream_world:/home/vyom/cognipilot/cranium/install/cerebri_bringup:/home/vyom/cognipilot/cranium/install/b3rb_simulator:/home/vyom/cognipilot/cranium/install/b3rb_desktop:/home/vyom/cognipilot/cranium/install/b3rb_rviz:/home/vyom/cognipilot/cranium/install/b3rb_nav2:/home/vyom/cognipilot/cranium/install/b3rb_gz_resource:/home/vyom/cognipilot/cranium/install/b3rb_gz_bringup:/home/vyom/cognipilot/cranium/install/b3rb_description:/home/vyom/cognipilot/electrode/install/electrode LD_LIBRARY_PATH=/home/vyom/cognipilot/cranium/install/synapse_msgs/lib:/home/vyom/cognipilot/cranium/install/synapse_tinyframe/lib:/home/vyom/cognipilot/cranium/install/synapse_protobuf/lib:/opt/ros/humble/opt/rviz_ogre_vendor/lib:/opt/ros/humble/lib/x86_64-linux-gnu:/opt/ros/humble/lib PYTHONPATH=/home/vyom/cognipilot/cranium/build/nxp_cup_vision/prefix_override:/usr/lib/python3/dist-packages/colcon_core/task/python/colcon_distutils_commands:/home/vyom/cognipilot/cranium/install/nxp_cup_vision/lib/python3.10/site-packages:${PYTHONPATH} /usr/bin/python3 -W ignore:setup.py install is deprecated setup.py egg_info --egg-base ../../build/nxp_cup_vision build --build-base /home/vyom/cognipilot/cranium/build/nxp_cup_vision/build install --record /home/vyom/cognipilot/cranium/build/nxp_cup_vision/install.log --single-version-externally-managed install_data
