[0.008s] Invoking command in '/home/vyom/cognipilot/cranium/build/synapse_gz': AMENT_PREFIX_PATH=/home/vyom/cognipilot/cranium/install/synapse_tinyframe:/home/vyom/cognipilot/cranium/install/synapse_protobuf:${AMENT_PREFIX_PATH} CMAKE_PREFIX_PATH=/home/vyom/cognipilot/cranium/install/synapse_tinyframe:/home/vyom/cognipilot/cranium/install/synapse_protobuf:/opt/ros/humble LD_LIBRARY_PATH=/home/vyom/cognipilot/cranium/install/synapse_tinyframe/lib:/home/vyom/cognipilot/cranium/install/synapse_protobuf/lib:${LD_LIBRARY_PATH} /usr/bin/cmake /home/vyom/cognipilot/cranium/src/synapse_gz -DAMENT_CMAKE_SYMLINK_INSTALL=1 -DCMAKE_INSTALL_PREFIX=/home/vyom/cognipilot/cranium/install/synapse_gz
[0.056s] -- The C compiler identification is GNU 11.4.0
[0.117s] -- The CXX compiler identification is GNU 11.4.0
[0.128s] -- Detecting C compiler ABI info
[0.196s] -- Detecting C compiler ABI info - done
[0.203s] -- Check for working C compiler: /usr/bin/cc - skipped
[0.203s] -- Detecting C compile features
[0.204s] -- Detecting C compile features - done
[0.207s] -- Detecting CXX compiler ABI info
[0.289s] -- Detecting CXX compiler ABI info - done
[0.298s] -- Check for working CXX compiler: /usr/bin/c++ - skipped
[0.298s] -- Detecting CXX compile features
[0.299s] -- Detecting CXX compile features - done
[0.303s] -- Found rclcpp: 16.0.9 (/opt/ros/humble/share/rclcpp/cmake)
[0.462s] -- Found Python3: /usr/bin/python3 (found version "3.10.12") found components: Interpreter 
[0.518s] -- Override CMake install command with custom implementation using symlinks instead of copying resources
[0.589s] -- Found rosidl_generator_c: 3.1.5 (/opt/ros/humble/share/rosidl_generator_c/cmake)
[0.594s] -- Found rosidl_adapter: 3.1.5 (/opt/ros/humble/share/rosidl_adapter/cmake)
[0.603s] -- Found rosidl_generator_cpp: 3.1.5 (/opt/ros/humble/share/rosidl_generator_cpp/cmake)
[0.616s] -- Using all available rosidl_typesupport_c: rosidl_typesupport_fastrtps_c;rosidl_typesupport_introspection_c
[0.634s] -- Using all available rosidl_typesupport_cpp: rosidl_typesupport_fastrtps_cpp;rosidl_typesupport_introspection_cpp
[0.711s] -- Found rmw_implementation_cmake: 6.1.2 (/opt/ros/humble/share/rmw_implementation_cmake/cmake)
[0.715s] -- Found rmw_cyclonedds_cpp: 1.3.4 (/opt/ros/humble/share/rmw_cyclonedds_cpp/cmake)
[0.752s] -- Using RMW implementation 'rmw_cyclonedds_cpp' as default
[0.764s] -- Looking for pthread.h
[0.825s] -- Looking for pthread.h - found
[0.825s] -- Performing Test CMAKE_HAVE_LIBC_PTHREAD
[0.884s] -- Performing Test CMAKE_HAVE_LIBC_PTHREAD - Success
[0.884s] -- Found Threads: TRUE  
[1.035s] -- Found synapse_protobuf: 0.0.0 (/home/vyom/cognipilot/cranium/install/synapse_protobuf/share/synapse_protobuf/cmake)
[1.050s] -- Found synapse_tinyframe: 0.0.0 (/home/vyom/cognipilot/cranium/install/synapse_tinyframe/share/synapse_tinyframe/cmake)
[1.054s] -- Looking for gz-transport13 -- found version 13.4.0
[1.064s] -- Searching for dependencies of gz-transport13
[1.080s] -- Found Protobuf: /usr/lib/x86_64-linux-gnu/libprotobuf.so (found version "3.12.4") 
[1.091s] -- Config-file not installed for ZeroMQ -- checking for pkg-config
[1.096s] -- Checking for module 'libzmq >= 4'
[1.109s] --   Found libzmq , version 4.3.4
[1.144s] -- Found ZeroMQ: TRUE (Required is at least version "4") 
[1.150s] -- Checking for module 'uuid'
[1.162s] --   Found uuid, version 2.37.2
[1.195s] -- Found UUID: TRUE  
[1.198s] -- Looking for gz-utils2 -- found version 2.2.0
[1.198s] -- Searching for dependencies of gz-utils2
[1.199s] -- Searching for <gz-utils2> component [cli]
[1.202s] -- Looking for gz-utils2-cli -- found version 2.2.0
[1.202s] -- Searching for dependencies of gz-utils2-cli
[1.205s] -- Looking for gz-msgs10 -- found version 10.3.0
[1.205s] -- Searching for dependencies of gz-msgs10
[1.225s] -- Looking for gz-utils2 -- found version 2.2.0
[1.228s] -- Looking for gz-math7 -- found version 7.5.0
[1.228s] -- Searching for dependencies of gz-math7
[1.229s] -- Looking for gz-utils2 -- found version 2.2.0
[1.234s] -- Checking for module 'tinyxml2'
[1.246s] --   Found tinyxml2, version 9.0.0
[1.366s] -- Found Boost: /usr/lib/x86_64-linux-gnu/cmake/Boost-1.74.0/BoostConfig.cmake (found version "1.74.0") found components: system 
[1.370s] -- Found ament_lint_auto: 0.12.11 (/opt/ros/humble/share/ament_lint_auto/cmake)
[1.461s] -- Added test 'copyright' to check source files copyright and LICENSE
[1.464s] -- Added test 'cppcheck' to perform static code analysis on C / C++ code
[1.464s] -- Configured cppcheck include dirs: /home/vyom/cognipilot/cranium/src/synapse_gz/src/clients
[1.464s] -- Configured cppcheck exclude dirs and/or files: 
[1.466s] -- Added test 'cpplint' to check C / C++ code against the Google style
[1.466s] -- Configured cpplint exclude dirs and/or files: 
[1.467s] -- Added test 'flake8' to check Python code syntax and style conventions
[1.468s] -- Added test 'lint_cmake' to check CMake code style
[1.469s] -- Added test 'pep257' to check Python code against some of the docstring style conventions in PEP 257
[1.471s] -- Added test 'uncrustify' to check C / C++ code style
[1.471s] -- Configured uncrustify additional arguments: 
[1.472s] -- Added test 'xmllint' to check XML markup files
[1.473s] -- Configuring done
[1.483s] -- Generating done
[1.484s] -- Build files have been written to: /home/vyom/cognipilot/cranium/build/synapse_gz
[1.496s] Invoked command in '/home/vyom/cognipilot/cranium/build/synapse_gz' returned '0': AMENT_PREFIX_PATH=/home/vyom/cognipilot/cranium/install/synapse_tinyframe:/home/vyom/cognipilot/cranium/install/synapse_protobuf:${AMENT_PREFIX_PATH} CMAKE_PREFIX_PATH=/home/vyom/cognipilot/cranium/install/synapse_tinyframe:/home/vyom/cognipilot/cranium/install/synapse_protobuf:/opt/ros/humble LD_LIBRARY_PATH=/home/vyom/cognipilot/cranium/install/synapse_tinyframe/lib:/home/vyom/cognipilot/cranium/install/synapse_protobuf/lib:${LD_LIBRARY_PATH} /usr/bin/cmake /home/vyom/cognipilot/cranium/src/synapse_gz -DAMENT_CMAKE_SYMLINK_INSTALL=1 -DCMAKE_INSTALL_PREFIX=/home/vyom/cognipilot/cranium/install/synapse_gz
[1.497s] Invoking command in '/home/vyom/cognipilot/cranium/build/synapse_gz': AMENT_PREFIX_PATH=/home/vyom/cognipilot/cranium/install/synapse_tinyframe:/home/vyom/cognipilot/cranium/install/synapse_protobuf:${AMENT_PREFIX_PATH} CMAKE_PREFIX_PATH=/home/vyom/cognipilot/cranium/install/synapse_tinyframe:/home/vyom/cognipilot/cranium/install/synapse_protobuf:/opt/ros/humble LD_LIBRARY_PATH=/home/vyom/cognipilot/cranium/install/synapse_tinyframe/lib:/home/vyom/cognipilot/cranium/install/synapse_protobuf/lib:${LD_LIBRARY_PATH} /usr/bin/cmake --build /home/vyom/cognipilot/cranium/build/synapse_gz -- -j8 -l8
[1.540s] [ 50%] Building CXX object CMakeFiles/synapse_gz.dir/src/synapse_gz.cpp.o
[1.540s] [ 50%] Building CXX object CMakeFiles/synapse_gz.dir/src/clients/gz_client.cpp.o
[1.544s] [ 75%] Building CXX object CMakeFiles/synapse_gz.dir/src/clients/tcp_client.cpp.o
[15.829s] [100%] Linking CXX executable synapse_gz
[16.390s] [100%] Built target synapse_gz
[16.402s] Invoked command in '/home/vyom/cognipilot/cranium/build/synapse_gz' returned '0': AMENT_PREFIX_PATH=/home/vyom/cognipilot/cranium/install/synapse_tinyframe:/home/vyom/cognipilot/cranium/install/synapse_protobuf:${AMENT_PREFIX_PATH} CMAKE_PREFIX_PATH=/home/vyom/cognipilot/cranium/install/synapse_tinyframe:/home/vyom/cognipilot/cranium/install/synapse_protobuf:/opt/ros/humble LD_LIBRARY_PATH=/home/vyom/cognipilot/cranium/install/synapse_tinyframe/lib:/home/vyom/cognipilot/cranium/install/synapse_protobuf/lib:${LD_LIBRARY_PATH} /usr/bin/cmake --build /home/vyom/cognipilot/cranium/build/synapse_gz -- -j8 -l8
[16.437s] Invoking command in '/home/vyom/cognipilot/cranium/build/synapse_gz': AMENT_PREFIX_PATH=/home/vyom/cognipilot/cranium/install/synapse_tinyframe:/home/vyom/cognipilot/cranium/install/synapse_protobuf:${AMENT_PREFIX_PATH} CMAKE_PREFIX_PATH=/home/vyom/cognipilot/cranium/install/synapse_tinyframe:/home/vyom/cognipilot/cranium/install/synapse_protobuf:/opt/ros/humble LD_LIBRARY_PATH=/home/vyom/cognipilot/cranium/install/synapse_tinyframe/lib:/home/vyom/cognipilot/cranium/install/synapse_protobuf/lib:${LD_LIBRARY_PATH} /usr/bin/cmake --install /home/vyom/cognipilot/cranium/build/synapse_gz
[16.447s] -- Install configuration: ""
[16.447s] -- Execute custom install script
[16.448s] -- Symlinking: /home/vyom/cognipilot/cranium/install/synapse_gz/lib/synapse_gz/synapse_gz
[16.459s] -- Symlinking: /home/vyom/cognipilot/cranium/install/synapse_gz/share/synapse_gz/launch/synapse_gz.launch.py
[16.470s] -- Symlinking: /home/vyom/cognipilot/cranium/install/synapse_gz/share/ament_index/resource_index/package_run_dependencies/synapse_gz
[16.480s] -- Symlinking: /home/vyom/cognipilot/cranium/install/synapse_gz/share/ament_index/resource_index/parent_prefix_path/synapse_gz
[16.491s] -- Symlinking: /home/vyom/cognipilot/cranium/install/synapse_gz/share/synapse_gz/environment/ament_prefix_path.sh
[16.501s] -- Symlinking: /home/vyom/cognipilot/cranium/install/synapse_gz/share/synapse_gz/environment/ament_prefix_path.dsv
[16.512s] -- Symlinking: /home/vyom/cognipilot/cranium/install/synapse_gz/share/synapse_gz/environment/path.sh
[16.523s] -- Symlinking: /home/vyom/cognipilot/cranium/install/synapse_gz/share/synapse_gz/environment/path.dsv
[16.534s] -- Symlinking: /home/vyom/cognipilot/cranium/install/synapse_gz/share/synapse_gz/local_setup.bash
[16.544s] -- Symlinking: /home/vyom/cognipilot/cranium/install/synapse_gz/share/synapse_gz/local_setup.sh
[16.555s] -- Symlinking: /home/vyom/cognipilot/cranium/install/synapse_gz/share/synapse_gz/local_setup.zsh
[16.566s] -- Symlinking: /home/vyom/cognipilot/cranium/install/synapse_gz/share/synapse_gz/local_setup.dsv
[16.576s] -- Symlinking: /home/vyom/cognipilot/cranium/install/synapse_gz/share/synapse_gz/package.dsv
[16.587s] -- Symlinking: /home/vyom/cognipilot/cranium/install/synapse_gz/share/ament_index/resource_index/packages/synapse_gz
[16.598s] -- Symlinking: /home/vyom/cognipilot/cranium/install/synapse_gz/share/synapse_gz/cmake/synapse_gzConfig.cmake
[16.609s] -- Symlinking: /home/vyom/cognipilot/cranium/install/synapse_gz/share/synapse_gz/cmake/synapse_gzConfig-version.cmake
[16.619s] -- Symlinking: /home/vyom/cognipilot/cranium/install/synapse_gz/share/synapse_gz/package.xml
[16.634s] Invoked command in '/home/vyom/cognipilot/cranium/build/synapse_gz' returned '0': AMENT_PREFIX_PATH=/home/vyom/cognipilot/cranium/install/synapse_tinyframe:/home/vyom/cognipilot/cranium/install/synapse_protobuf:${AMENT_PREFIX_PATH} CMAKE_PREFIX_PATH=/home/vyom/cognipilot/cranium/install/synapse_tinyframe:/home/vyom/cognipilot/cranium/install/synapse_protobuf:/opt/ros/humble LD_LIBRARY_PATH=/home/vyom/cognipilot/cranium/install/synapse_tinyframe/lib:/home/vyom/cognipilot/cranium/install/synapse_protobuf/lib:${LD_LIBRARY_PATH} /usr/bin/cmake --install /home/vyom/cognipilot/cranium/build/synapse_gz
