[0.039s] Invoking command in '/home/vyom/cognipilot/cranium/build/b3rb_gz_bringup': CMAKE_PREFIX_PATH=/opt/ros/humble /usr/bin/cmake --build /home/vyom/cognipilot/cranium/build/b3rb_gz_bringup -- -j8 -l8
[0.113s] Invoked command in '/home/vyom/cognipilot/cranium/build/b3rb_gz_bringup' returned '0': CMAKE_PREFIX_PATH=/opt/ros/humble /usr/bin/cmake --build /home/vyom/cognipilot/cranium/build/b3rb_gz_bringup -- -j8 -l8
[0.191s] Invoking command in '/home/vyom/cognipilot/cranium/build/b3rb_gz_bringup': CMAKE_PREFIX_PATH=/opt/ros/humble /usr/bin/cmake --install /home/vyom/cognipilot/cranium/build/b3rb_gz_bringup
[0.212s] -- Install configuration: ""
[0.212s] -- Execute custom install script
[0.213s] -- Up-to-date symlink: /home/vyom/cognipilot/cranium/install/b3rb_gz_bringup/share/b3rb_gz_bringup/launch/hil.launch.py
[0.213s] -- Up-to-date symlink: /home/vyom/cognipilot/cranium/install/b3rb_gz_bringup/share/b3rb_gz_bringup/launch/sil.launch.py
[0.213s] -- Up-to-date symlink: /home/vyom/cognipilot/cranium/install/b3rb_gz_bringup/share/ament_index/resource_index/package_run_dependencies/b3rb_gz_bringup
[0.214s] -- Up-to-date symlink: /home/vyom/cognipilot/cranium/install/b3rb_gz_bringup/share/ament_index/resource_index/parent_prefix_path/b3rb_gz_bringup
[0.214s] -- Up-to-date symlink: /home/vyom/cognipilot/cranium/install/b3rb_gz_bringup/share/b3rb_gz_bringup/environment/ament_prefix_path.sh
[0.214s] -- Up-to-date symlink: /home/vyom/cognipilot/cranium/install/b3rb_gz_bringup/share/b3rb_gz_bringup/environment/ament_prefix_path.dsv
[0.215s] -- Up-to-date symlink: /home/vyom/cognipilot/cranium/install/b3rb_gz_bringup/share/b3rb_gz_bringup/environment/path.sh
[0.216s] -- Up-to-date symlink: /home/vyom/cognipilot/cranium/install/b3rb_gz_bringup/share/b3rb_gz_bringup/environment/path.dsv
[0.217s] -- Up-to-date symlink: /home/vyom/cognipilot/cranium/install/b3rb_gz_bringup/share/b3rb_gz_bringup/local_setup.bash
[0.217s] -- Up-to-date symlink: /home/vyom/cognipilot/cranium/install/b3rb_gz_bringup/share/b3rb_gz_bringup/local_setup.sh
[0.217s] -- Up-to-date symlink: /home/vyom/cognipilot/cranium/install/b3rb_gz_bringup/share/b3rb_gz_bringup/local_setup.zsh
[0.219s] -- Up-to-date symlink: /home/vyom/cognipilot/cranium/install/b3rb_gz_bringup/share/b3rb_gz_bringup/local_setup.dsv
[0.221s] -- Symlinking: /home/vyom/cognipilot/cranium/install/b3rb_gz_bringup/share/b3rb_gz_bringup/package.dsv
[0.262s] -- Up-to-date symlink: /home/vyom/cognipilot/cranium/install/b3rb_gz_bringup/share/ament_index/resource_index/packages/b3rb_gz_bringup
[0.262s] -- Up-to-date symlink: /home/vyom/cognipilot/cranium/install/b3rb_gz_bringup/share/b3rb_gz_bringup/cmake/b3rb_gz_bringupConfig.cmake
[0.262s] -- Up-to-date symlink: /home/vyom/cognipilot/cranium/install/b3rb_gz_bringup/share/b3rb_gz_bringup/cmake/b3rb_gz_bringupConfig-version.cmake
[0.262s] -- Up-to-date symlink: /home/vyom/cognipilot/cranium/install/b3rb_gz_bringup/share/b3rb_gz_bringup/package.xml
[0.274s] Invoked command in '/home/vyom/cognipilot/cranium/build/b3rb_gz_bringup' returned '0': CMAKE_PREFIX_PATH=/opt/ros/humble /usr/bin/cmake --install /home/vyom/cognipilot/cranium/build/b3rb_gz_bringup
