-- Found ament_cmake: 1.3.9 (/opt/ros/humble/share/ament_cmake/cmake)
-- Override CMake install command with custom implementation using symlinks instead of copying resources
-- Found rosidl_default_generators: 1.2.0 (/opt/ros/humble/share/rosidl_default_generators/cmake)
-- Using all available rosidl_typesupport_c: rosidl_typesupport_fastrtps_c;rosidl_typesupport_introspection_c
-- Found rosidl_adapter: 3.1.5 (/opt/ros/humble/share/rosidl_adapter/cmake)
-- Using all available rosidl_typesupport_cpp: rosidl_typesupport_fastrtps_cpp;rosidl_typesupport_introspection_cpp
-- Found std_msgs: 4.2.4 (/opt/ros/humble/share/std_msgs/cmake)
-- Found geometry_msgs: 4.2.4 (/opt/ros/humble/share/geometry_msgs/cmake)
-- Found ament_cmake_cppcheck: 0.12.11 (/opt/ros/humble/share/ament_cmake_cppcheck/cmake)
-- Found ament_cmake_cpplint: 0.12.11 (/opt/ros/humble/share/ament_cmake_cpplint/cmake)
-- Found ament_cmake_uncrustify: 0.12.11 (/opt/ros/humble/share/ament_cmake_uncrustify/cmake)
-- Found ament_cmake_ros: 0.10.0 (/opt/ros/humble/share/ament_cmake_ros/cmake)
-- Using all available rosidl_typesupport_c: rosidl_typesupport_fastrtps_c;rosidl_typesupport_introspection_c
-- Using all available rosidl_typesupport_cpp: rosidl_typesupport_fastrtps_cpp;rosidl_typesupport_introspection_cpp
-- Found python_cmake_module: 0.10.0 (/opt/ros/humble/share/python_cmake_module/cmake)
-- Using PYTHON_EXECUTABLE: /usr/bin/python3
-- Using PYTHON_INCLUDE_DIRS: /usr/include/python3.10
-- Using PYTHON_LIBRARIES: /usr/lib/x86_64-linux-gnu/libpython3.10.so
-- Found ament_cmake_flake8: 0.12.11 (/opt/ros/humble/share/ament_cmake_flake8/cmake)
-- Found ament_cmake_pep257: 0.12.11 (/opt/ros/humble/share/ament_cmake_pep257/cmake)
-- Configuring done
-- Generating done
-- Build files have been written to: /home/vyom/cognipilot/cranium/build/synapse_msgs
[  1%] [34m[1mGenerating C code for ROS interfaces[0m
[  2%] [34m[1mGenerating C++ code for ROS interfaces[0m
[  2%] Built target ament_cmake_python_symlink_synapse_msgs
running egg_info
writing synapse_msgs.egg-info/PKG-INFO
writing dependency_links to synapse_msgs.egg-info/dependency_links.txt
writing top-level names to synapse_msgs.egg-info/top_level.txt
reading manifest file 'synapse_msgs.egg-info/SOURCES.txt'
writing manifest file 'synapse_msgs.egg-info/SOURCES.txt'
[  2%] Built target ament_cmake_python_build_synapse_msgs_egg
[  2%] Built target synapse_msgs__cpp
[  4%] [34m[1mGenerating C++ type support dispatch for ROS interfaces[0m
[  5%] [34m[1mGenerating C++ type support for eProsima Fast-RTPS[0m
[  7%] [34m[1mGenerating C++ introspection for ROS interfaces[0m
[35m[1mConsolidate compiler generated dependencies of target synapse_msgs__rosidl_generator_c[0m
[  8%] [32mBuilding C object CMakeFiles/synapse_msgs__rosidl_generator_c.dir/rosidl_generator_c/synapse_msgs/msg/detail/bezier_curve__functions.c.o[0m
[ 14%] [32mBuilding C object CMakeFiles/synapse_msgs__rosidl_generator_c.dir/rosidl_generator_c/synapse_msgs/msg/detail/bezier_trajectory__functions.c.o[0m
[ 14%] [32mBuilding C object CMakeFiles/synapse_msgs__rosidl_generator_c.dir/rosidl_generator_c/synapse_msgs/msg/detail/status__functions.c.o[0m
[ 14%] [32mBuilding C object CMakeFiles/synapse_msgs__rosidl_generator_c.dir/rosidl_generator_c/synapse_msgs/msg/detail/traffic_status__functions.c.o[0m
[ 14%] [32mBuilding C object CMakeFiles/synapse_msgs__rosidl_generator_c.dir/rosidl_generator_c/synapse_msgs/msg/detail/edge_vectors__functions.c.o[0m
[ 15%] [32mBuilding C object CMakeFiles/synapse_msgs__rosidl_generator_c.dir/rosidl_generator_c/synapse_msgs/msg/detail/pixy_vector__functions.c.o[0m
[ 16%] [32m[1mLinking C shared library libsynapse_msgs__rosidl_generator_c.so[0m
[ 16%] Built target synapse_msgs__rosidl_generator_c
[ 18%] [34m[1mGenerating C type support for eProsima Fast-RTPS[0m
[ 21%] [34m[1mGenerating C type support dispatch for ROS interfaces[0m
[ 21%] [34m[1mGenerating C introspection for ROS interfaces[0m
[35m[1mConsolidate compiler generated dependencies of target synapse_msgs__rosidl_typesupport_introspection_cpp[0m
[ 22%] [32mBuilding CXX object CMakeFiles/synapse_msgs__rosidl_typesupport_introspection_cpp.dir/rosidl_typesupport_introspection_cpp/synapse_msgs/msg/detail/bezier_curve__type_support.cpp.o[0m
[ 23%] [32mBuilding CXX object CMakeFiles/synapse_msgs__rosidl_typesupport_introspection_cpp.dir/rosidl_typesupport_introspection_cpp/synapse_msgs/msg/detail/status__type_support.cpp.o[0m
[ 25%] [32mBuilding CXX object CMakeFiles/synapse_msgs__rosidl_typesupport_introspection_cpp.dir/rosidl_typesupport_introspection_cpp/synapse_msgs/msg/detail/bezier_trajectory__type_support.cpp.o[0m
[35m[1mConsolidate compiler generated dependencies of target synapse_msgs__rosidl_typesupport_fastrtps_cpp[0m
[35m[1mConsolidate compiler generated dependencies of target synapse_msgs__rosidl_typesupport_cpp[0m
[ 26%] [32mBuilding CXX object CMakeFiles/synapse_msgs__rosidl_typesupport_fastrtps_cpp.dir/rosidl_typesupport_fastrtps_cpp/synapse_msgs/msg/detail/dds_fastrtps/bezier_curve__type_support.cpp.o[0m
[ 28%] [32mBuilding CXX object CMakeFiles/synapse_msgs__rosidl_typesupport_cpp.dir/rosidl_typesupport_cpp/synapse_msgs/msg/bezier_curve__type_support.cpp.o[0m
[35m[1mConsolidate compiler generated dependencies of target synapse_msgs__rosidl_typesupport_c[0m
[ 29%] [32mBuilding CXX object CMakeFiles/synapse_msgs__rosidl_typesupport_c.dir/rosidl_typesupport_c/synapse_msgs/msg/bezier_curve__type_support.cpp.o[0m
[ 30%] [32mBuilding CXX object CMakeFiles/synapse_msgs__rosidl_typesupport_c.dir/rosidl_typesupport_c/synapse_msgs/msg/bezier_trajectory__type_support.cpp.o[0m
[ 32%] [32mBuilding CXX object CMakeFiles/synapse_msgs__rosidl_typesupport_c.dir/rosidl_typesupport_c/synapse_msgs/msg/status__type_support.cpp.o[0m
[ 33%] [32mBuilding CXX object CMakeFiles/synapse_msgs__rosidl_typesupport_cpp.dir/rosidl_typesupport_cpp/synapse_msgs/msg/bezier_trajectory__type_support.cpp.o[0m
[ 35%] [32mBuilding CXX object CMakeFiles/synapse_msgs__rosidl_typesupport_fastrtps_cpp.dir/rosidl_typesupport_fastrtps_cpp/synapse_msgs/msg/detail/dds_fastrtps/bezier_trajectory__type_support.cpp.o[0m
[ 36%] [32mBuilding CXX object CMakeFiles/synapse_msgs__rosidl_typesupport_c.dir/rosidl_typesupport_c/synapse_msgs/msg/edge_vectors__type_support.cpp.o[0m
[ 38%] [32mBuilding CXX object CMakeFiles/synapse_msgs__rosidl_typesupport_c.dir/rosidl_typesupport_c/synapse_msgs/msg/traffic_status__type_support.cpp.o[0m
[35m[1mConsolidate compiler generated dependencies of target synapse_msgs__rosidl_typesupport_introspection_c[0m
[ 39%] [32mBuilding CXX object CMakeFiles/synapse_msgs__rosidl_typesupport_introspection_cpp.dir/rosidl_typesupport_introspection_cpp/synapse_msgs/msg/detail/edge_vectors__type_support.cpp.o[0m
[ 40%] [32mBuilding C object CMakeFiles/synapse_msgs__rosidl_typesupport_introspection_c.dir/rosidl_typesupport_introspection_c/synapse_msgs/msg/detail/bezier_curve__type_support.c.o[0m
[ 42%] [32mBuilding CXX object CMakeFiles/synapse_msgs__rosidl_typesupport_c.dir/rosidl_typesupport_c/synapse_msgs/msg/pixy_vector__type_support.cpp.o[0m
[35m[1mConsolidate compiler generated dependencies of target synapse_msgs__rosidl_typesupport_fastrtps_c[0m
[ 43%] [32m[1mLinking CXX shared library libsynapse_msgs__rosidl_typesupport_c.so[0m
[ 45%] [32mBuilding CXX object CMakeFiles/synapse_msgs__rosidl_typesupport_fastrtps_c.dir/rosidl_typesupport_fastrtps_c/synapse_msgs/msg/detail/bezier_curve__type_support_c.cpp.o[0m
[ 46%] [32mBuilding C object CMakeFiles/synapse_msgs__rosidl_typesupport_introspection_c.dir/rosidl_typesupport_introspection_c/synapse_msgs/msg/detail/bezier_trajectory__type_support.c.o[0m
[ 47%] [32mBuilding CXX object CMakeFiles/synapse_msgs__rosidl_typesupport_cpp.dir/rosidl_typesupport_cpp/synapse_msgs/msg/status__type_support.cpp.o[0m
[ 49%] [32mBuilding C object CMakeFiles/synapse_msgs__rosidl_typesupport_introspection_c.dir/rosidl_typesupport_introspection_c/synapse_msgs/msg/detail/status__type_support.c.o[0m
[ 49%] Built target synapse_msgs__rosidl_typesupport_c
[ 50%] [32mBuilding C object CMakeFiles/synapse_msgs__rosidl_typesupport_introspection_c.dir/rosidl_typesupport_introspection_c/synapse_msgs/msg/detail/edge_vectors__type_support.c.o[0m
[ 52%] [32mBuilding CXX object CMakeFiles/synapse_msgs__rosidl_typesupport_cpp.dir/rosidl_typesupport_cpp/synapse_msgs/msg/edge_vectors__type_support.cpp.o[0m
[ 53%] [32mBuilding CXX object CMakeFiles/synapse_msgs__rosidl_typesupport_cpp.dir/rosidl_typesupport_cpp/synapse_msgs/msg/traffic_status__type_support.cpp.o[0m
[ 54%] [32mBuilding C object CMakeFiles/synapse_msgs__rosidl_typesupport_introspection_c.dir/rosidl_typesupport_introspection_c/synapse_msgs/msg/detail/traffic_status__type_support.c.o[0m
[ 56%] [32mBuilding C object CMakeFiles/synapse_msgs__rosidl_typesupport_introspection_c.dir/rosidl_typesupport_introspection_c/synapse_msgs/msg/detail/pixy_vector__type_support.c.o[0m
[ 57%] [32m[1mLinking C shared library libsynapse_msgs__rosidl_typesupport_introspection_c.so[0m
[ 59%] [32mBuilding CXX object CMakeFiles/synapse_msgs__rosidl_typesupport_cpp.dir/rosidl_typesupport_cpp/synapse_msgs/msg/pixy_vector__type_support.cpp.o[0m
[ 59%] Built target synapse_msgs__rosidl_typesupport_introspection_c
[ 60%] [32mBuilding CXX object CMakeFiles/synapse_msgs__rosidl_typesupport_fastrtps_cpp.dir/rosidl_typesupport_fastrtps_cpp/synapse_msgs/msg/detail/dds_fastrtps/status__type_support.cpp.o[0m
[ 61%] [32mBuilding CXX object CMakeFiles/synapse_msgs__rosidl_typesupport_fastrtps_cpp.dir/rosidl_typesupport_fastrtps_cpp/synapse_msgs/msg/detail/dds_fastrtps/edge_vectors__type_support.cpp.o[0m
[ 63%] [32mBuilding CXX object CMakeFiles/synapse_msgs__rosidl_typesupport_fastrtps_cpp.dir/rosidl_typesupport_fastrtps_cpp/synapse_msgs/msg/detail/dds_fastrtps/traffic_status__type_support.cpp.o[0m
[ 64%] [32mBuilding CXX object CMakeFiles/synapse_msgs__rosidl_typesupport_fastrtps_cpp.dir/rosidl_typesupport_fastrtps_cpp/synapse_msgs/msg/detail/dds_fastrtps/pixy_vector__type_support.cpp.o[0m
[ 66%] [32mBuilding CXX object CMakeFiles/synapse_msgs__rosidl_typesupport_fastrtps_c.dir/rosidl_typesupport_fastrtps_c/synapse_msgs/msg/detail/bezier_trajectory__type_support_c.cpp.o[0m
[ 67%] [32mBuilding CXX object CMakeFiles/synapse_msgs__rosidl_typesupport_fastrtps_c.dir/rosidl_typesupport_fastrtps_c/synapse_msgs/msg/detail/status__type_support_c.cpp.o[0m
[ 69%] [32mBuilding CXX object CMakeFiles/synapse_msgs__rosidl_typesupport_introspection_cpp.dir/rosidl_typesupport_introspection_cpp/synapse_msgs/msg/detail/traffic_status__type_support.cpp.o[0m
[ 70%] [32m[1mLinking CXX shared library libsynapse_msgs__rosidl_typesupport_cpp.so[0m
[ 70%] Built target synapse_msgs__rosidl_typesupport_cpp
[ 71%] [32mBuilding CXX object CMakeFiles/synapse_msgs__rosidl_typesupport_introspection_cpp.dir/rosidl_typesupport_introspection_cpp/synapse_msgs/msg/detail/pixy_vector__type_support.cpp.o[0m
[ 73%] [32mBuilding CXX object CMakeFiles/synapse_msgs__rosidl_typesupport_fastrtps_c.dir/rosidl_typesupport_fastrtps_c/synapse_msgs/msg/detail/edge_vectors__type_support_c.cpp.o[0m
[ 74%] [32mBuilding CXX object CMakeFiles/synapse_msgs__rosidl_typesupport_fastrtps_c.dir/rosidl_typesupport_fastrtps_c/synapse_msgs/msg/detail/traffic_status__type_support_c.cpp.o[0m
[ 76%] [32mBuilding CXX object CMakeFiles/synapse_msgs__rosidl_typesupport_fastrtps_c.dir/rosidl_typesupport_fastrtps_c/synapse_msgs/msg/detail/pixy_vector__type_support_c.cpp.o[0m
[ 77%] [32m[1mLinking CXX shared library libsynapse_msgs__rosidl_typesupport_fastrtps_cpp.so[0m
[ 77%] Built target synapse_msgs__rosidl_typesupport_fastrtps_cpp
[ 78%] [32m[1mLinking CXX shared library libsynapse_msgs__rosidl_typesupport_introspection_cpp.so[0m
[ 78%] Built target synapse_msgs__rosidl_typesupport_introspection_cpp
[ 80%] [32m[1mLinking CXX shared library libsynapse_msgs__rosidl_typesupport_fastrtps_c.so[0m
[ 80%] Built target synapse_msgs__rosidl_typesupport_fastrtps_c
[ 80%] Built target synapse_msgs
[ 81%] [34m[1mGenerating Python code for ROS interfaces[0m
[ 81%] Built target synapse_msgs__py
[35m[1mConsolidate compiler generated dependencies of target synapse_msgs__rosidl_generator_py[0m
[ 84%] [32mBuilding C object CMakeFiles/synapse_msgs__rosidl_generator_py.dir/rosidl_generator_py/synapse_msgs/msg/_status_s.c.o[0m
[ 84%] [32mBuilding C object CMakeFiles/synapse_msgs__rosidl_generator_py.dir/rosidl_generator_py/synapse_msgs/msg/_edge_vectors_s.c.o[0m
[ 85%] [32mBuilding C object CMakeFiles/synapse_msgs__rosidl_generator_py.dir/rosidl_generator_py/synapse_msgs/msg/_bezier_trajectory_s.c.o[0m
[ 87%] [32mBuilding C object CMakeFiles/synapse_msgs__rosidl_generator_py.dir/rosidl_generator_py/synapse_msgs/msg/_bezier_curve_s.c.o[0m
[ 88%] [32mBuilding C object CMakeFiles/synapse_msgs__rosidl_generator_py.dir/rosidl_generator_py/synapse_msgs/msg/_pixy_vector_s.c.o[0m
[ 90%] [32mBuilding C object CMakeFiles/synapse_msgs__rosidl_generator_py.dir/rosidl_generator_py/synapse_msgs/msg/_traffic_status_s.c.o[0m
[ 91%] [32m[1mLinking C shared library rosidl_generator_py/synapse_msgs/libsynapse_msgs__rosidl_generator_py.so[0m
[ 91%] Built target synapse_msgs__rosidl_generator_py
[35m[1mConsolidate compiler generated dependencies of target synapse_msgs__rosidl_typesupport_c__pyext[0m
[35m[1mConsolidate compiler generated dependencies of target synapse_msgs__rosidl_typesupport_fastrtps_c__pyext[0m
[35m[1mConsolidate compiler generated dependencies of target synapse_msgs__rosidl_typesupport_introspection_c__pyext[0m
[ 95%] [32mBuilding C object CMakeFiles/synapse_msgs__rosidl_typesupport_fastrtps_c__pyext.dir/rosidl_generator_py/synapse_msgs/_synapse_msgs_s.ep.rosidl_typesupport_fastrtps_c.c.o[0m
[ 95%] [32mBuilding C object CMakeFiles/synapse_msgs__rosidl_typesupport_introspection_c__pyext.dir/rosidl_generator_py/synapse_msgs/_synapse_msgs_s.ep.rosidl_typesupport_introspection_c.c.o[0m
[ 95%] [32mBuilding C object CMakeFiles/synapse_msgs__rosidl_typesupport_c__pyext.dir/rosidl_generator_py/synapse_msgs/_synapse_msgs_s.ep.rosidl_typesupport_c.c.o[0m
[100%] [32m[1mLinking C shared library rosidl_generator_py/synapse_msgs/synapse_msgs_s__rosidl_typesupport_introspection_c.cpython-310-x86_64-linux-gnu.so[0m
[100%] [32m[1mLinking C shared library rosidl_generator_py/synapse_msgs/synapse_msgs_s__rosidl_typesupport_fastrtps_c.cpython-310-x86_64-linux-gnu.so[0m
[100%] [32m[1mLinking C shared library rosidl_generator_py/synapse_msgs/synapse_msgs_s__rosidl_typesupport_c.cpython-310-x86_64-linux-gnu.so[0m
[100%] Built target synapse_msgs__rosidl_typesupport_c__pyext
[100%] Built target synapse_msgs__rosidl_typesupport_fastrtps_c__pyext
[100%] Built target synapse_msgs__rosidl_typesupport_introspection_c__pyext
-- Install configuration: ""
-- Execute custom install script
-- Up-to-date symlink: /home/vyom/cognipilot/cranium/install/synapse_msgs/share/ament_index/resource_index/rosidl_interfaces/synapse_msgs
-- Up-to-date symlink: /home/vyom/cognipilot/cranium/install/synapse_msgs/include/synapse_msgs/synapse_msgs/msg/bezier_curve.h
-- Up-to-date symlink: /home/vyom/cognipilot/cranium/install/synapse_msgs/include/synapse_msgs/synapse_msgs/msg/bezier_trajectory.h
-- Up-to-date symlink: /home/vyom/cognipilot/cranium/install/synapse_msgs/include/synapse_msgs/synapse_msgs/msg/detail/bezier_curve__functions.h
-- Up-to-date symlink: /home/vyom/cognipilot/cranium/install/synapse_msgs/include/synapse_msgs/synapse_msgs/msg/detail/bezier_curve__struct.h
-- Up-to-date symlink: /home/vyom/cognipilot/cranium/install/synapse_msgs/include/synapse_msgs/synapse_msgs/msg/detail/bezier_curve__type_support.h
-- Up-to-date symlink: /home/vyom/cognipilot/cranium/install/synapse_msgs/include/synapse_msgs/synapse_msgs/msg/detail/bezier_trajectory__functions.h
-- Up-to-date symlink: /home/vyom/cognipilot/cranium/install/synapse_msgs/include/synapse_msgs/synapse_msgs/msg/detail/bezier_trajectory__struct.h
-- Up-to-date symlink: /home/vyom/cognipilot/cranium/install/synapse_msgs/include/synapse_msgs/synapse_msgs/msg/detail/bezier_trajectory__type_support.h
-- Up-to-date symlink: /home/vyom/cognipilot/cranium/install/synapse_msgs/include/synapse_msgs/synapse_msgs/msg/detail/edge_vectors__functions.h
-- Up-to-date symlink: /home/vyom/cognipilot/cranium/install/synapse_msgs/include/synapse_msgs/synapse_msgs/msg/detail/edge_vectors__struct.h
-- Up-to-date symlink: /home/vyom/cognipilot/cranium/install/synapse_msgs/include/synapse_msgs/synapse_msgs/msg/detail/edge_vectors__type_support.h
-- Up-to-date symlink: /home/vyom/cognipilot/cranium/install/synapse_msgs/include/synapse_msgs/synapse_msgs/msg/detail/pixy_vector__functions.h
-- Up-to-date symlink: /home/vyom/cognipilot/cranium/install/synapse_msgs/include/synapse_msgs/synapse_msgs/msg/detail/pixy_vector__struct.h
-- Up-to-date symlink: /home/vyom/cognipilot/cranium/install/synapse_msgs/include/synapse_msgs/synapse_msgs/msg/detail/pixy_vector__type_support.h
-- Up-to-date symlink: /home/vyom/cognipilot/cranium/install/synapse_msgs/include/synapse_msgs/synapse_msgs/msg/detail/status__functions.h
-- Up-to-date symlink: /home/vyom/cognipilot/cranium/install/synapse_msgs/include/synapse_msgs/synapse_msgs/msg/detail/status__struct.h
-- Up-to-date symlink: /home/vyom/cognipilot/cranium/install/synapse_msgs/include/synapse_msgs/synapse_msgs/msg/detail/status__type_support.h
-- Up-to-date symlink: /home/vyom/cognipilot/cranium/install/synapse_msgs/include/synapse_msgs/synapse_msgs/msg/detail/traffic_status__functions.h
-- Up-to-date symlink: /home/vyom/cognipilot/cranium/install/synapse_msgs/include/synapse_msgs/synapse_msgs/msg/detail/traffic_status__struct.h
-- Up-to-date symlink: /home/vyom/cognipilot/cranium/install/synapse_msgs/include/synapse_msgs/synapse_msgs/msg/detail/traffic_status__type_support.h
-- Up-to-date symlink: /home/vyom/cognipilot/cranium/install/synapse_msgs/include/synapse_msgs/synapse_msgs/msg/edge_vectors.h
-- Up-to-date symlink: /home/vyom/cognipilot/cranium/install/synapse_msgs/include/synapse_msgs/synapse_msgs/msg/pixy_vector.h
-- Up-to-date symlink: /home/vyom/cognipilot/cranium/install/synapse_msgs/include/synapse_msgs/synapse_msgs/msg/rosidl_generator_c__visibility_control.h
-- Up-to-date symlink: /home/vyom/cognipilot/cranium/install/synapse_msgs/include/synapse_msgs/synapse_msgs/msg/status.h
-- Up-to-date symlink: /home/vyom/cognipilot/cranium/install/synapse_msgs/include/synapse_msgs/synapse_msgs/msg/traffic_status.h
-- Up-to-date symlink: /home/vyom/cognipilot/cranium/install/synapse_msgs/share/synapse_msgs/environment/library_path.sh
-- Up-to-date symlink: /home/vyom/cognipilot/cranium/install/synapse_msgs/share/synapse_msgs/environment/library_path.dsv
-- Up-to-date symlink: /home/vyom/cognipilot/cranium/install/synapse_msgs/include/synapse_msgs/synapse_msgs/msg/detail/bezier_curve__rosidl_typesupport_fastrtps_c.h
-- Up-to-date symlink: /home/vyom/cognipilot/cranium/install/synapse_msgs/include/synapse_msgs/synapse_msgs/msg/detail/bezier_trajectory__rosidl_typesupport_fastrtps_c.h
-- Up-to-date symlink: /home/vyom/cognipilot/cranium/install/synapse_msgs/include/synapse_msgs/synapse_msgs/msg/detail/edge_vectors__rosidl_typesupport_fastrtps_c.h
-- Up-to-date symlink: /home/vyom/cognipilot/cranium/install/synapse_msgs/include/synapse_msgs/synapse_msgs/msg/detail/pixy_vector__rosidl_typesupport_fastrtps_c.h
-- Up-to-date symlink: /home/vyom/cognipilot/cranium/install/synapse_msgs/include/synapse_msgs/synapse_msgs/msg/detail/status__rosidl_typesupport_fastrtps_c.h
-- Up-to-date symlink: /home/vyom/cognipilot/cranium/install/synapse_msgs/include/synapse_msgs/synapse_msgs/msg/detail/traffic_status__rosidl_typesupport_fastrtps_c.h
-- Up-to-date symlink: /home/vyom/cognipilot/cranium/install/synapse_msgs/include/synapse_msgs/synapse_msgs/msg/rosidl_typesupport_fastrtps_c__visibility_control.h
-- Up-to-date symlink: /home/vyom/cognipilot/cranium/install/synapse_msgs/include/synapse_msgs/synapse_msgs/msg/detail/bezier_curve__rosidl_typesupport_introspection_c.h
-- Up-to-date symlink: /home/vyom/cognipilot/cranium/install/synapse_msgs/include/synapse_msgs/synapse_msgs/msg/detail/bezier_trajectory__rosidl_typesupport_introspection_c.h
-- Up-to-date symlink: /home/vyom/cognipilot/cranium/install/synapse_msgs/include/synapse_msgs/synapse_msgs/msg/detail/edge_vectors__rosidl_typesupport_introspection_c.h
-- Up-to-date symlink: /home/vyom/cognipilot/cranium/install/synapse_msgs/include/synapse_msgs/synapse_msgs/msg/detail/pixy_vector__rosidl_typesupport_introspection_c.h
-- Up-to-date symlink: /home/vyom/cognipilot/cranium/install/synapse_msgs/include/synapse_msgs/synapse_msgs/msg/detail/status__rosidl_typesupport_introspection_c.h
-- Up-to-date symlink: /home/vyom/cognipilot/cranium/install/synapse_msgs/include/synapse_msgs/synapse_msgs/msg/detail/traffic_status__rosidl_typesupport_introspection_c.h
-- Up-to-date symlink: /home/vyom/cognipilot/cranium/install/synapse_msgs/include/synapse_msgs/synapse_msgs/msg/rosidl_typesupport_introspection_c__visibility_control.h
-- Up-to-date symlink: /home/vyom/cognipilot/cranium/install/synapse_msgs/include/synapse_msgs/synapse_msgs/msg/bezier_curve.hpp
-- Up-to-date symlink: /home/vyom/cognipilot/cranium/install/synapse_msgs/include/synapse_msgs/synapse_msgs/msg/bezier_trajectory.hpp
-- Up-to-date symlink: /home/vyom/cognipilot/cranium/install/synapse_msgs/include/synapse_msgs/synapse_msgs/msg/detail/bezier_curve__builder.hpp
-- Up-to-date symlink: /home/vyom/cognipilot/cranium/install/synapse_msgs/include/synapse_msgs/synapse_msgs/msg/detail/bezier_curve__struct.hpp
-- Up-to-date symlink: /home/vyom/cognipilot/cranium/install/synapse_msgs/include/synapse_msgs/synapse_msgs/msg/detail/bezier_curve__traits.hpp
-- Up-to-date symlink: /home/vyom/cognipilot/cranium/install/synapse_msgs/include/synapse_msgs/synapse_msgs/msg/detail/bezier_trajectory__builder.hpp
-- Up-to-date symlink: /home/vyom/cognipilot/cranium/install/synapse_msgs/include/synapse_msgs/synapse_msgs/msg/detail/bezier_trajectory__struct.hpp
-- Up-to-date symlink: /home/vyom/cognipilot/cranium/install/synapse_msgs/include/synapse_msgs/synapse_msgs/msg/detail/bezier_trajectory__traits.hpp
-- Up-to-date symlink: /home/vyom/cognipilot/cranium/install/synapse_msgs/include/synapse_msgs/synapse_msgs/msg/detail/edge_vectors__builder.hpp
-- Up-to-date symlink: /home/vyom/cognipilot/cranium/install/synapse_msgs/include/synapse_msgs/synapse_msgs/msg/detail/edge_vectors__struct.hpp
-- Up-to-date symlink: /home/vyom/cognipilot/cranium/install/synapse_msgs/include/synapse_msgs/synapse_msgs/msg/detail/edge_vectors__traits.hpp
-- Up-to-date symlink: /home/vyom/cognipilot/cranium/install/synapse_msgs/include/synapse_msgs/synapse_msgs/msg/detail/pixy_vector__builder.hpp
-- Up-to-date symlink: /home/vyom/cognipilot/cranium/install/synapse_msgs/include/synapse_msgs/synapse_msgs/msg/detail/pixy_vector__struct.hpp
-- Up-to-date symlink: /home/vyom/cognipilot/cranium/install/synapse_msgs/include/synapse_msgs/synapse_msgs/msg/detail/pixy_vector__traits.hpp
-- Up-to-date symlink: /home/vyom/cognipilot/cranium/install/synapse_msgs/include/synapse_msgs/synapse_msgs/msg/detail/status__builder.hpp
-- Up-to-date symlink: /home/vyom/cognipilot/cranium/install/synapse_msgs/include/synapse_msgs/synapse_msgs/msg/detail/status__struct.hpp
-- Up-to-date symlink: /home/vyom/cognipilot/cranium/install/synapse_msgs/include/synapse_msgs/synapse_msgs/msg/detail/status__traits.hpp
-- Up-to-date symlink: /home/vyom/cognipilot/cranium/install/synapse_msgs/include/synapse_msgs/synapse_msgs/msg/detail/traffic_status__builder.hpp
-- Up-to-date symlink: /home/vyom/cognipilot/cranium/install/synapse_msgs/include/synapse_msgs/synapse_msgs/msg/detail/traffic_status__struct.hpp
-- Up-to-date symlink: /home/vyom/cognipilot/cranium/install/synapse_msgs/include/synapse_msgs/synapse_msgs/msg/detail/traffic_status__traits.hpp
-- Up-to-date symlink: /home/vyom/cognipilot/cranium/install/synapse_msgs/include/synapse_msgs/synapse_msgs/msg/edge_vectors.hpp
-- Up-to-date symlink: /home/vyom/cognipilot/cranium/install/synapse_msgs/include/synapse_msgs/synapse_msgs/msg/pixy_vector.hpp
-- Up-to-date symlink: /home/vyom/cognipilot/cranium/install/synapse_msgs/include/synapse_msgs/synapse_msgs/msg/status.hpp
-- Up-to-date symlink: /home/vyom/cognipilot/cranium/install/synapse_msgs/include/synapse_msgs/synapse_msgs/msg/traffic_status.hpp
-- Up-to-date symlink: /home/vyom/cognipilot/cranium/install/synapse_msgs/include/synapse_msgs/synapse_msgs/msg/detail/bezier_curve__rosidl_typesupport_fastrtps_cpp.hpp
-- Up-to-date symlink: /home/vyom/cognipilot/cranium/install/synapse_msgs/include/synapse_msgs/synapse_msgs/msg/detail/bezier_trajectory__rosidl_typesupport_fastrtps_cpp.hpp
-- Up-to-date symlink: /home/vyom/cognipilot/cranium/install/synapse_msgs/include/synapse_msgs/synapse_msgs/msg/detail/edge_vectors__rosidl_typesupport_fastrtps_cpp.hpp
-- Up-to-date symlink: /home/vyom/cognipilot/cranium/install/synapse_msgs/include/synapse_msgs/synapse_msgs/msg/detail/pixy_vector__rosidl_typesupport_fastrtps_cpp.hpp
-- Up-to-date symlink: /home/vyom/cognipilot/cranium/install/synapse_msgs/include/synapse_msgs/synapse_msgs/msg/detail/status__rosidl_typesupport_fastrtps_cpp.hpp
-- Up-to-date symlink: /home/vyom/cognipilot/cranium/install/synapse_msgs/include/synapse_msgs/synapse_msgs/msg/detail/traffic_status__rosidl_typesupport_fastrtps_cpp.hpp
-- Up-to-date symlink: /home/vyom/cognipilot/cranium/install/synapse_msgs/include/synapse_msgs/synapse_msgs/msg/rosidl_typesupport_fastrtps_cpp__visibility_control.h
-- Up-to-date symlink: /home/vyom/cognipilot/cranium/install/synapse_msgs/include/synapse_msgs/synapse_msgs/msg/detail/bezier_curve__rosidl_typesupport_introspection_cpp.hpp
-- Up-to-date symlink: /home/vyom/cognipilot/cranium/install/synapse_msgs/include/synapse_msgs/synapse_msgs/msg/detail/bezier_trajectory__rosidl_typesupport_introspection_cpp.hpp
-- Up-to-date symlink: /home/vyom/cognipilot/cranium/install/synapse_msgs/include/synapse_msgs/synapse_msgs/msg/detail/edge_vectors__rosidl_typesupport_introspection_cpp.hpp
-- Up-to-date symlink: /home/vyom/cognipilot/cranium/install/synapse_msgs/include/synapse_msgs/synapse_msgs/msg/detail/pixy_vector__rosidl_typesupport_introspection_cpp.hpp
-- Up-to-date symlink: /home/vyom/cognipilot/cranium/install/synapse_msgs/include/synapse_msgs/synapse_msgs/msg/detail/status__rosidl_typesupport_introspection_cpp.hpp
-- Up-to-date symlink: /home/vyom/cognipilot/cranium/install/synapse_msgs/include/synapse_msgs/synapse_msgs/msg/detail/traffic_status__rosidl_typesupport_introspection_cpp.hpp
-- Up-to-date symlink: /home/vyom/cognipilot/cranium/install/synapse_msgs/share/synapse_msgs/environment/pythonpath.sh
-- Up-to-date symlink: /home/vyom/cognipilot/cranium/install/synapse_msgs/share/synapse_msgs/environment/pythonpath.dsv
-- Up-to-date symlink: /home/vyom/cognipilot/cranium/install/synapse_msgs/local/lib/python3.10/dist-packages/synapse_msgs-0.0.1-py3.10.egg-info/PKG-INFO
-- Up-to-date symlink: /home/vyom/cognipilot/cranium/install/synapse_msgs/local/lib/python3.10/dist-packages/synapse_msgs-0.0.1-py3.10.egg-info/SOURCES.txt
-- Up-to-date symlink: /home/vyom/cognipilot/cranium/install/synapse_msgs/local/lib/python3.10/dist-packages/synapse_msgs-0.0.1-py3.10.egg-info/dependency_links.txt
-- Up-to-date symlink: /home/vyom/cognipilot/cranium/install/synapse_msgs/local/lib/python3.10/dist-packages/synapse_msgs-0.0.1-py3.10.egg-info/top_level.txt
-- Up-to-date symlink: /home/vyom/cognipilot/cranium/install/synapse_msgs/local/lib/python3.10/dist-packages/synapse_msgs/__init__.py
-- Up-to-date symlink: /home/vyom/cognipilot/cranium/install/synapse_msgs/local/lib/python3.10/dist-packages/synapse_msgs/_synapse_msgs_s.ep.rosidl_typesupport_c.c
-- Up-to-date symlink: /home/vyom/cognipilot/cranium/install/synapse_msgs/local/lib/python3.10/dist-packages/synapse_msgs/_synapse_msgs_s.ep.rosidl_typesupport_fastrtps_c.c
-- Up-to-date symlink: /home/vyom/cognipilot/cranium/install/synapse_msgs/local/lib/python3.10/dist-packages/synapse_msgs/_synapse_msgs_s.ep.rosidl_typesupport_introspection_c.c
-- Up-to-date symlink: /home/vyom/cognipilot/cranium/install/synapse_msgs/local/lib/python3.10/dist-packages/synapse_msgs/libsynapse_msgs__rosidl_generator_py.so
-- Up-to-date symlink: /home/vyom/cognipilot/cranium/install/synapse_msgs/local/lib/python3.10/dist-packages/synapse_msgs/msg/__init__.py
-- Up-to-date symlink: /home/vyom/cognipilot/cranium/install/synapse_msgs/local/lib/python3.10/dist-packages/synapse_msgs/msg/_bezier_curve.py
-- Up-to-date symlink: /home/vyom/cognipilot/cranium/install/synapse_msgs/local/lib/python3.10/dist-packages/synapse_msgs/msg/_bezier_curve_s.c
-- Up-to-date symlink: /home/vyom/cognipilot/cranium/install/synapse_msgs/local/lib/python3.10/dist-packages/synapse_msgs/msg/_bezier_trajectory.py
-- Up-to-date symlink: /home/vyom/cognipilot/cranium/install/synapse_msgs/local/lib/python3.10/dist-packages/synapse_msgs/msg/_bezier_trajectory_s.c
-- Up-to-date symlink: /home/vyom/cognipilot/cranium/install/synapse_msgs/local/lib/python3.10/dist-packages/synapse_msgs/msg/_edge_vectors.py
-- Up-to-date symlink: /home/vyom/cognipilot/cranium/install/synapse_msgs/local/lib/python3.10/dist-packages/synapse_msgs/msg/_edge_vectors_s.c
-- Up-to-date symlink: /home/vyom/cognipilot/cranium/install/synapse_msgs/local/lib/python3.10/dist-packages/synapse_msgs/msg/_pixy_vector.py
-- Up-to-date symlink: /home/vyom/cognipilot/cranium/install/synapse_msgs/local/lib/python3.10/dist-packages/synapse_msgs/msg/_pixy_vector_s.c
-- Up-to-date symlink: /home/vyom/cognipilot/cranium/install/synapse_msgs/local/lib/python3.10/dist-packages/synapse_msgs/msg/_status.py
-- Up-to-date symlink: /home/vyom/cognipilot/cranium/install/synapse_msgs/local/lib/python3.10/dist-packages/synapse_msgs/msg/_status_s.c
-- Up-to-date symlink: /home/vyom/cognipilot/cranium/install/synapse_msgs/local/lib/python3.10/dist-packages/synapse_msgs/msg/_traffic_status.py
-- Up-to-date symlink: /home/vyom/cognipilot/cranium/install/synapse_msgs/local/lib/python3.10/dist-packages/synapse_msgs/msg/_traffic_status_s.c
-- Up-to-date symlink: /home/vyom/cognipilot/cranium/install/synapse_msgs/local/lib/python3.10/dist-packages/synapse_msgs/synapse_msgs_s__rosidl_typesupport_c.cpython-310-x86_64-linux-gnu.so
-- Up-to-date symlink: /home/vyom/cognipilot/cranium/install/synapse_msgs/local/lib/python3.10/dist-packages/synapse_msgs/synapse_msgs_s__rosidl_typesupport_fastrtps_c.cpython-310-x86_64-linux-gnu.so
-- Up-to-date symlink: /home/vyom/cognipilot/cranium/install/synapse_msgs/local/lib/python3.10/dist-packages/synapse_msgs/synapse_msgs_s__rosidl_typesupport_introspection_c.cpython-310-x86_64-linux-gnu.so
-- Up-to-date symlink: /home/vyom/cognipilot/cranium/install/synapse_msgs/local/lib/python3.10/dist-packages/synapse_msgs/synapse_msgs_s__rosidl_typesupport_fastrtps_c.cpython-310-x86_64-linux-gnu.so
-- Up-to-date symlink: /home/vyom/cognipilot/cranium/install/synapse_msgs/local/lib/python3.10/dist-packages/synapse_msgs/synapse_msgs_s__rosidl_typesupport_introspection_c.cpython-310-x86_64-linux-gnu.so
-- Up-to-date symlink: /home/vyom/cognipilot/cranium/install/synapse_msgs/local/lib/python3.10/dist-packages/synapse_msgs/synapse_msgs_s__rosidl_typesupport_c.cpython-310-x86_64-linux-gnu.so
-- Up-to-date symlink: /home/vyom/cognipilot/cranium/install/synapse_msgs/share/synapse_msgs/msg/BezierCurve.idl
-- Up-to-date symlink: /home/vyom/cognipilot/cranium/install/synapse_msgs/share/synapse_msgs/msg/BezierTrajectory.idl
-- Up-to-date symlink: /home/vyom/cognipilot/cranium/install/synapse_msgs/share/synapse_msgs/msg/Status.idl
-- Up-to-date symlink: /home/vyom/cognipilot/cranium/install/synapse_msgs/share/synapse_msgs/msg/EdgeVectors.idl
-- Up-to-date symlink: /home/vyom/cognipilot/cranium/install/synapse_msgs/share/synapse_msgs/msg/TrafficStatus.idl
-- Up-to-date symlink: /home/vyom/cognipilot/cranium/install/synapse_msgs/share/synapse_msgs/msg/PixyVector.idl
-- Up-to-date symlink: /home/vyom/cognipilot/cranium/install/synapse_msgs/share/synapse_msgs/msg/BezierCurve.msg
-- Up-to-date symlink: /home/vyom/cognipilot/cranium/install/synapse_msgs/share/synapse_msgs/msg/BezierTrajectory.msg
-- Up-to-date symlink: /home/vyom/cognipilot/cranium/install/synapse_msgs/share/synapse_msgs/msg/Status.msg
-- Up-to-date symlink: /home/vyom/cognipilot/cranium/install/synapse_msgs/share/synapse_msgs/msg/EdgeVectors.msg
-- Up-to-date symlink: /home/vyom/cognipilot/cranium/install/synapse_msgs/share/synapse_msgs/msg/TrafficStatus.msg
-- Up-to-date symlink: /home/vyom/cognipilot/cranium/install/synapse_msgs/share/synapse_msgs/msg/PixyVector.msg
-- Up-to-date symlink: /home/vyom/cognipilot/cranium/install/synapse_msgs/share/ament_index/resource_index/package_run_dependencies/synapse_msgs
-- Up-to-date symlink: /home/vyom/cognipilot/cranium/install/synapse_msgs/share/ament_index/resource_index/parent_prefix_path/synapse_msgs
-- Up-to-date symlink: /home/vyom/cognipilot/cranium/install/synapse_msgs/share/synapse_msgs/environment/ament_prefix_path.sh
-- Up-to-date symlink: /home/vyom/cognipilot/cranium/install/synapse_msgs/share/synapse_msgs/environment/ament_prefix_path.dsv
-- Up-to-date symlink: /home/vyom/cognipilot/cranium/install/synapse_msgs/share/synapse_msgs/environment/path.sh
-- Up-to-date symlink: /home/vyom/cognipilot/cranium/install/synapse_msgs/share/synapse_msgs/environment/path.dsv
-- Up-to-date symlink: /home/vyom/cognipilot/cranium/install/synapse_msgs/share/synapse_msgs/local_setup.bash
-- Up-to-date symlink: /home/vyom/cognipilot/cranium/install/synapse_msgs/share/synapse_msgs/local_setup.sh
-- Up-to-date symlink: /home/vyom/cognipilot/cranium/install/synapse_msgs/share/synapse_msgs/local_setup.zsh
-- Up-to-date symlink: /home/vyom/cognipilot/cranium/install/synapse_msgs/share/synapse_msgs/local_setup.dsv
-- Symlinking: /home/vyom/cognipilot/cranium/install/synapse_msgs/share/synapse_msgs/package.dsv
-- Up-to-date symlink: /home/vyom/cognipilot/cranium/install/synapse_msgs/share/ament_index/resource_index/packages/synapse_msgs
-- Up-to-date symlink: /home/vyom/cognipilot/cranium/install/synapse_msgs/share/synapse_msgs/cmake/rosidl_cmake-extras.cmake
-- Up-to-date symlink: /home/vyom/cognipilot/cranium/install/synapse_msgs/share/synapse_msgs/cmake/ament_cmake_export_dependencies-extras.cmake
-- Up-to-date symlink: /home/vyom/cognipilot/cranium/install/synapse_msgs/share/synapse_msgs/cmake/ament_cmake_export_include_directories-extras.cmake
-- Up-to-date symlink: /home/vyom/cognipilot/cranium/install/synapse_msgs/share/synapse_msgs/cmake/ament_cmake_export_libraries-extras.cmake
-- Up-to-date symlink: /home/vyom/cognipilot/cranium/install/synapse_msgs/share/synapse_msgs/cmake/ament_cmake_export_targets-extras.cmake
-- Up-to-date symlink: /home/vyom/cognipilot/cranium/install/synapse_msgs/share/synapse_msgs/cmake/rosidl_cmake_export_typesupport_targets-extras.cmake
-- Up-to-date symlink: /home/vyom/cognipilot/cranium/install/synapse_msgs/share/synapse_msgs/cmake/rosidl_cmake_export_typesupport_libraries-extras.cmake
-- Up-to-date symlink: /home/vyom/cognipilot/cranium/install/synapse_msgs/share/synapse_msgs/cmake/synapse_msgsConfig.cmake
-- Up-to-date symlink: /home/vyom/cognipilot/cranium/install/synapse_msgs/share/synapse_msgs/cmake/synapse_msgsConfig-version.cmake
-- Up-to-date symlink: /home/vyom/cognipilot/cranium/install/synapse_msgs/share/synapse_msgs/package.xml
-- Installing: /home/vyom/cognipilot/cranium/install/synapse_msgs/lib/libsynapse_msgs__rosidl_generator_c.so
-- Set runtime path of "/home/vyom/cognipilot/cranium/install/synapse_msgs/lib/libsynapse_msgs__rosidl_generator_c.so" to ""
-- Installing: /home/vyom/cognipilot/cranium/install/synapse_msgs/lib/libsynapse_msgs__rosidl_typesupport_fastrtps_c.so
-- Set runtime path of "/home/vyom/cognipilot/cranium/install/synapse_msgs/lib/libsynapse_msgs__rosidl_typesupport_fastrtps_c.so" to ""
-- Installing: /home/vyom/cognipilot/cranium/install/synapse_msgs/lib/libsynapse_msgs__rosidl_typesupport_introspection_c.so
-- Set runtime path of "/home/vyom/cognipilot/cranium/install/synapse_msgs/lib/libsynapse_msgs__rosidl_typesupport_introspection_c.so" to ""
-- Installing: /home/vyom/cognipilot/cranium/install/synapse_msgs/lib/libsynapse_msgs__rosidl_typesupport_c.so
-- Set runtime path of "/home/vyom/cognipilot/cranium/install/synapse_msgs/lib/libsynapse_msgs__rosidl_typesupport_c.so" to ""
-- Installing: /home/vyom/cognipilot/cranium/install/synapse_msgs/lib/libsynapse_msgs__rosidl_typesupport_fastrtps_cpp.so
-- Set runtime path of "/home/vyom/cognipilot/cranium/install/synapse_msgs/lib/libsynapse_msgs__rosidl_typesupport_fastrtps_cpp.so" to ""
-- Installing: /home/vyom/cognipilot/cranium/install/synapse_msgs/lib/libsynapse_msgs__rosidl_typesupport_introspection_cpp.so
-- Set runtime path of "/home/vyom/cognipilot/cranium/install/synapse_msgs/lib/libsynapse_msgs__rosidl_typesupport_introspection_cpp.so" to ""
-- Installing: /home/vyom/cognipilot/cranium/install/synapse_msgs/lib/libsynapse_msgs__rosidl_typesupport_cpp.so
-- Set runtime path of "/home/vyom/cognipilot/cranium/install/synapse_msgs/lib/libsynapse_msgs__rosidl_typesupport_cpp.so" to ""
Listing '/home/vyom/cognipilot/cranium/install/synapse_msgs/local/lib/python3.10/dist-packages/synapse_msgs'...
Compiling '/home/vyom/cognipilot/cranium/install/synapse_msgs/local/lib/python3.10/dist-packages/synapse_msgs/__init__.py'...
Listing '/home/vyom/cognipilot/cranium/install/synapse_msgs/local/lib/python3.10/dist-packages/synapse_msgs/msg'...
Compiling '/home/vyom/cognipilot/cranium/install/synapse_msgs/local/lib/python3.10/dist-packages/synapse_msgs/msg/__init__.py'...
Compiling '/home/vyom/cognipilot/cranium/install/synapse_msgs/local/lib/python3.10/dist-packages/synapse_msgs/msg/_bezier_curve.py'...
Compiling '/home/vyom/cognipilot/cranium/install/synapse_msgs/local/lib/python3.10/dist-packages/synapse_msgs/msg/_bezier_trajectory.py'...
Compiling '/home/vyom/cognipilot/cranium/install/synapse_msgs/local/lib/python3.10/dist-packages/synapse_msgs/msg/_edge_vectors.py'...
Compiling '/home/vyom/cognipilot/cranium/install/synapse_msgs/local/lib/python3.10/dist-packages/synapse_msgs/msg/_pixy_vector.py'...
Compiling '/home/vyom/cognipilot/cranium/install/synapse_msgs/local/lib/python3.10/dist-packages/synapse_msgs/msg/_status.py'...
Compiling '/home/vyom/cognipilot/cranium/install/synapse_msgs/local/lib/python3.10/dist-packages/synapse_msgs/msg/_traffic_status.py'...
-- Installing: /home/vyom/cognipilot/cranium/install/synapse_msgs/lib/libsynapse_msgs__rosidl_generator_py.so
-- Set runtime path of "/home/vyom/cognipilot/cranium/install/synapse_msgs/lib/libsynapse_msgs__rosidl_generator_py.so" to ""
-- Up-to-date: /home/vyom/cognipilot/cranium/install/synapse_msgs/share/synapse_msgs/cmake/export_synapse_msgs__rosidl_generator_cExport.cmake
-- Up-to-date: /home/vyom/cognipilot/cranium/install/synapse_msgs/share/synapse_msgs/cmake/export_synapse_msgs__rosidl_generator_cExport-noconfig.cmake
-- Up-to-date: /home/vyom/cognipilot/cranium/install/synapse_msgs/share/synapse_msgs/cmake/export_synapse_msgs__rosidl_typesupport_fastrtps_cExport.cmake
-- Up-to-date: /home/vyom/cognipilot/cranium/install/synapse_msgs/share/synapse_msgs/cmake/export_synapse_msgs__rosidl_typesupport_fastrtps_cExport-noconfig.cmake
-- Up-to-date: /home/vyom/cognipilot/cranium/install/synapse_msgs/share/synapse_msgs/cmake/synapse_msgs__rosidl_typesupport_introspection_cExport.cmake
-- Up-to-date: /home/vyom/cognipilot/cranium/install/synapse_msgs/share/synapse_msgs/cmake/synapse_msgs__rosidl_typesupport_introspection_cExport-noconfig.cmake
-- Up-to-date: /home/vyom/cognipilot/cranium/install/synapse_msgs/share/synapse_msgs/cmake/synapse_msgs__rosidl_typesupport_cExport.cmake
-- Up-to-date: /home/vyom/cognipilot/cranium/install/synapse_msgs/share/synapse_msgs/cmake/synapse_msgs__rosidl_typesupport_cExport-noconfig.cmake
-- Up-to-date: /home/vyom/cognipilot/cranium/install/synapse_msgs/share/synapse_msgs/cmake/export_synapse_msgs__rosidl_generator_cppExport.cmake
-- Up-to-date: /home/vyom/cognipilot/cranium/install/synapse_msgs/share/synapse_msgs/cmake/export_synapse_msgs__rosidl_typesupport_fastrtps_cppExport.cmake
-- Up-to-date: /home/vyom/cognipilot/cranium/install/synapse_msgs/share/synapse_msgs/cmake/export_synapse_msgs__rosidl_typesupport_fastrtps_cppExport-noconfig.cmake
-- Up-to-date: /home/vyom/cognipilot/cranium/install/synapse_msgs/share/synapse_msgs/cmake/synapse_msgs__rosidl_typesupport_introspection_cppExport.cmake
-- Up-to-date: /home/vyom/cognipilot/cranium/install/synapse_msgs/share/synapse_msgs/cmake/synapse_msgs__rosidl_typesupport_introspection_cppExport-noconfig.cmake
-- Up-to-date: /home/vyom/cognipilot/cranium/install/synapse_msgs/share/synapse_msgs/cmake/synapse_msgs__rosidl_typesupport_cppExport.cmake
-- Up-to-date: /home/vyom/cognipilot/cranium/install/synapse_msgs/share/synapse_msgs/cmake/synapse_msgs__rosidl_typesupport_cppExport-noconfig.cmake
-- Up-to-date: /home/vyom/cognipilot/cranium/install/synapse_msgs/share/synapse_msgs/cmake/export_synapse_msgs__rosidl_generator_pyExport.cmake
-- Up-to-date: /home/vyom/cognipilot/cranium/install/synapse_msgs/share/synapse_msgs/cmake/export_synapse_msgs__rosidl_generator_pyExport-noconfig.cmake
