[0.055s] Invoking command in '/home/vyom/cognipilot/cranium/build/synapse_msgs': CMAKE_PREFIX_PATH=${CMAKE_PREFIX_PATH}:/home/vyom/cognipilot/cranium/install/nxp_cup_vision:/home/vyom/cognipilot/cranium/install/b3rb_ros_line_follower:/opt/ros/humble /usr/bin/cmake --build /home/vyom/cognipilot/cranium/build/synapse_msgs -- -j8 -l8
[0.101s] -- Found ament_cmake: 1.3.9 (/opt/ros/humble/share/ament_cmake/cmake)
[0.351s] -- Override CMake install command with custom implementation using symlinks instead of copying resources
[0.372s] -- Found rosidl_default_generators: 1.2.0 (/opt/ros/humble/share/rosidl_default_generators/cmake)
[0.378s] -- Using all available rosidl_typesupport_c: rosidl_typesupport_fastrtps_c;rosidl_typesupport_introspection_c
[0.382s] -- Found rosidl_adapter: 3.1.5 (/opt/ros/humble/share/rosidl_adapter/cmake)
[0.431s] -- Using all available rosidl_typesupport_cpp: rosidl_typesupport_fastrtps_cpp;rosidl_typesupport_introspection_cpp
[0.501s] -- Found std_msgs: 4.2.4 (/opt/ros/humble/share/std_msgs/cmake)
[0.631s] -- Found geometry_msgs: 4.2.4 (/opt/ros/humble/share/geometry_msgs/cmake)
[1.025s] -- Found ament_cmake_cppcheck: 0.12.11 (/opt/ros/humble/share/ament_cmake_cppcheck/cmake)
[1.026s] -- Found ament_cmake_cpplint: 0.12.11 (/opt/ros/humble/share/ament_cmake_cpplint/cmake)
[1.027s] -- Found ament_cmake_uncrustify: 0.12.11 (/opt/ros/humble/share/ament_cmake_uncrustify/cmake)
[1.028s] -- Found ament_cmake_ros: 0.10.0 (/opt/ros/humble/share/ament_cmake_ros/cmake)
[1.284s] -- Using all available rosidl_typesupport_c: rosidl_typesupport_fastrtps_c;rosidl_typesupport_introspection_c
[1.624s] -- Using all available rosidl_typesupport_cpp: rosidl_typesupport_fastrtps_cpp;rosidl_typesupport_introspection_cpp
[1.655s] -- Found python_cmake_module: 0.10.0 (/opt/ros/humble/share/python_cmake_module/cmake)
[1.681s] -- Using PYTHON_EXECUTABLE: /usr/bin/python3
[1.682s] -- Using PYTHON_INCLUDE_DIRS: /usr/include/python3.10
[1.682s] -- Using PYTHON_LIBRARIES: /usr/lib/x86_64-linux-gnu/libpython3.10.so
[1.724s] -- Found ament_cmake_flake8: 0.12.11 (/opt/ros/humble/share/ament_cmake_flake8/cmake)
[1.726s] -- Found ament_cmake_pep257: 0.12.11 (/opt/ros/humble/share/ament_cmake_pep257/cmake)
[1.738s] -- Configuring done
[1.779s] -- Generating done
[1.782s] -- Build files have been written to: /home/vyom/cognipilot/cranium/build/synapse_msgs
[1.808s] [  1%] [34m[1mGenerating C code for ROS interfaces[0m
[1.819s] [  2%] [34m[1mGenerating C++ code for ROS interfaces[0m
[1.828s] [  2%] Built target ament_cmake_python_symlink_synapse_msgs
[2.130s] running egg_info
[2.131s] writing synapse_msgs.egg-info/PKG-INFO
[2.131s] writing dependency_links to synapse_msgs.egg-info/dependency_links.txt
[2.132s] writing top-level names to synapse_msgs.egg-info/top_level.txt
[2.135s] reading manifest file 'synapse_msgs.egg-info/SOURCES.txt'
[2.136s] writing manifest file 'synapse_msgs.egg-info/SOURCES.txt'
[2.170s] [  2%] Built target ament_cmake_python_build_synapse_msgs_egg
[2.553s] [  2%] Built target synapse_msgs__cpp
[2.570s] [  4%] [34m[1mGenerating C++ type support dispatch for ROS interfaces[0m
[2.580s] [  5%] [34m[1mGenerating C++ type support for eProsima Fast-RTPS[0m
[2.581s] [  7%] [34m[1mGenerating C++ introspection for ROS interfaces[0m
[2.603s] [35m[1mConsolidate compiler generated dependencies of target synapse_msgs__rosidl_generator_c[0m
[2.624s] [  8%] [32mBuilding C object CMakeFiles/synapse_msgs__rosidl_generator_c.dir/rosidl_generator_c/synapse_msgs/msg/detail/bezier_curve__functions.c.o[0m
[2.625s] [ 14%] [32mBuilding C object CMakeFiles/synapse_msgs__rosidl_generator_c.dir/rosidl_generator_c/synapse_msgs/msg/detail/bezier_trajectory__functions.c.o[0m
[2.625s] [ 14%] [32mBuilding C object CMakeFiles/synapse_msgs__rosidl_generator_c.dir/rosidl_generator_c/synapse_msgs/msg/detail/status__functions.c.o[0m
[2.625s] [ 14%] [32mBuilding C object CMakeFiles/synapse_msgs__rosidl_generator_c.dir/rosidl_generator_c/synapse_msgs/msg/detail/traffic_status__functions.c.o[0m
[2.626s] [ 14%] [32mBuilding C object CMakeFiles/synapse_msgs__rosidl_generator_c.dir/rosidl_generator_c/synapse_msgs/msg/detail/edge_vectors__functions.c.o[0m
[2.746s] [ 15%] [32mBuilding C object CMakeFiles/synapse_msgs__rosidl_generator_c.dir/rosidl_generator_c/synapse_msgs/msg/detail/pixy_vector__functions.c.o[0m
[2.801s] [ 16%] [32m[1mLinking C shared library libsynapse_msgs__rosidl_generator_c.so[0m
[2.856s] [ 16%] Built target synapse_msgs__rosidl_generator_c
[2.868s] [ 18%] [34m[1mGenerating C type support for eProsima Fast-RTPS[0m
[2.874s] [ 21%] [34m[1mGenerating C type support dispatch for ROS interfaces[0m
[2.874s] [ 21%] [34m[1mGenerating C introspection for ROS interfaces[0m
[3.388s] [35m[1mConsolidate compiler generated dependencies of target synapse_msgs__rosidl_typesupport_introspection_cpp[0m
[3.411s] [ 22%] [32mBuilding CXX object CMakeFiles/synapse_msgs__rosidl_typesupport_introspection_cpp.dir/rosidl_typesupport_introspection_cpp/synapse_msgs/msg/detail/bezier_curve__type_support.cpp.o[0m
[3.411s] [ 23%] [32mBuilding CXX object CMakeFiles/synapse_msgs__rosidl_typesupport_introspection_cpp.dir/rosidl_typesupport_introspection_cpp/synapse_msgs/msg/detail/status__type_support.cpp.o[0m
[3.413s] [ 25%] [32mBuilding CXX object CMakeFiles/synapse_msgs__rosidl_typesupport_introspection_cpp.dir/rosidl_typesupport_introspection_cpp/synapse_msgs/msg/detail/bezier_trajectory__type_support.cpp.o[0m
[3.587s] [35m[1mConsolidate compiler generated dependencies of target synapse_msgs__rosidl_typesupport_fastrtps_cpp[0m
[3.596s] [35m[1mConsolidate compiler generated dependencies of target synapse_msgs__rosidl_typesupport_cpp[0m
[3.615s] [ 26%] [32mBuilding CXX object CMakeFiles/synapse_msgs__rosidl_typesupport_fastrtps_cpp.dir/rosidl_typesupport_fastrtps_cpp/synapse_msgs/msg/detail/dds_fastrtps/bezier_curve__type_support.cpp.o[0m
[3.630s] [ 28%] [32mBuilding CXX object CMakeFiles/synapse_msgs__rosidl_typesupport_cpp.dir/rosidl_typesupport_cpp/synapse_msgs/msg/bezier_curve__type_support.cpp.o[0m
[4.075s] [35m[1mConsolidate compiler generated dependencies of target synapse_msgs__rosidl_typesupport_c[0m
[4.101s] [ 29%] [32mBuilding CXX object CMakeFiles/synapse_msgs__rosidl_typesupport_c.dir/rosidl_typesupport_c/synapse_msgs/msg/bezier_curve__type_support.cpp.o[0m
[4.173s] [ 30%] [32mBuilding CXX object CMakeFiles/synapse_msgs__rosidl_typesupport_c.dir/rosidl_typesupport_c/synapse_msgs/msg/bezier_trajectory__type_support.cpp.o[0m
[4.233s] [ 32%] [32mBuilding CXX object CMakeFiles/synapse_msgs__rosidl_typesupport_c.dir/rosidl_typesupport_c/synapse_msgs/msg/status__type_support.cpp.o[0m
[4.251s] [ 33%] [32mBuilding CXX object CMakeFiles/synapse_msgs__rosidl_typesupport_cpp.dir/rosidl_typesupport_cpp/synapse_msgs/msg/bezier_trajectory__type_support.cpp.o[0m
[4.284s] [ 35%] [32mBuilding CXX object CMakeFiles/synapse_msgs__rosidl_typesupport_fastrtps_cpp.dir/rosidl_typesupport_fastrtps_cpp/synapse_msgs/msg/detail/dds_fastrtps/bezier_trajectory__type_support.cpp.o[0m
[4.294s] [ 36%] [32mBuilding CXX object CMakeFiles/synapse_msgs__rosidl_typesupport_c.dir/rosidl_typesupport_c/synapse_msgs/msg/edge_vectors__type_support.cpp.o[0m
[4.355s] [ 38%] [32mBuilding CXX object CMakeFiles/synapse_msgs__rosidl_typesupport_c.dir/rosidl_typesupport_c/synapse_msgs/msg/traffic_status__type_support.cpp.o[0m
[4.373s] [35m[1mConsolidate compiler generated dependencies of target synapse_msgs__rosidl_typesupport_introspection_c[0m
[4.383s] [ 39%] [32mBuilding CXX object CMakeFiles/synapse_msgs__rosidl_typesupport_introspection_cpp.dir/rosidl_typesupport_introspection_cpp/synapse_msgs/msg/detail/edge_vectors__type_support.cpp.o[0m
[4.398s] [ 40%] [32mBuilding C object CMakeFiles/synapse_msgs__rosidl_typesupport_introspection_c.dir/rosidl_typesupport_introspection_c/synapse_msgs/msg/detail/bezier_curve__type_support.c.o[0m
[4.412s] [ 42%] [32mBuilding CXX object CMakeFiles/synapse_msgs__rosidl_typesupport_c.dir/rosidl_typesupport_c/synapse_msgs/msg/pixy_vector__type_support.cpp.o[0m
[4.446s] [35m[1mConsolidate compiler generated dependencies of target synapse_msgs__rosidl_typesupport_fastrtps_c[0m
[4.477s] [ 43%] [32m[1mLinking CXX shared library libsynapse_msgs__rosidl_typesupport_c.so[0m
[4.481s] [ 45%] [32mBuilding CXX object CMakeFiles/synapse_msgs__rosidl_typesupport_fastrtps_c.dir/rosidl_typesupport_fastrtps_c/synapse_msgs/msg/detail/bezier_curve__type_support_c.cpp.o[0m
[4.485s] [ 46%] [32mBuilding C object CMakeFiles/synapse_msgs__rosidl_typesupport_introspection_c.dir/rosidl_typesupport_introspection_c/synapse_msgs/msg/detail/bezier_trajectory__type_support.c.o[0m
[4.491s] [ 47%] [32mBuilding CXX object CMakeFiles/synapse_msgs__rosidl_typesupport_cpp.dir/rosidl_typesupport_cpp/synapse_msgs/msg/status__type_support.cpp.o[0m
[4.562s] [ 49%] [32mBuilding C object CMakeFiles/synapse_msgs__rosidl_typesupport_introspection_c.dir/rosidl_typesupport_introspection_c/synapse_msgs/msg/detail/status__type_support.c.o[0m
[4.565s] [ 49%] Built target synapse_msgs__rosidl_typesupport_c
[4.582s] [ 50%] [32mBuilding C object CMakeFiles/synapse_msgs__rosidl_typesupport_introspection_c.dir/rosidl_typesupport_introspection_c/synapse_msgs/msg/detail/edge_vectors__type_support.c.o[0m
[4.623s] [ 52%] [32mBuilding CXX object CMakeFiles/synapse_msgs__rosidl_typesupport_cpp.dir/rosidl_typesupport_cpp/synapse_msgs/msg/edge_vectors__type_support.cpp.o[0m
[4.628s] [ 53%] [32mBuilding CXX object CMakeFiles/synapse_msgs__rosidl_typesupport_cpp.dir/rosidl_typesupport_cpp/synapse_msgs/msg/traffic_status__type_support.cpp.o[0m
[4.663s] [ 54%] [32mBuilding C object CMakeFiles/synapse_msgs__rosidl_typesupport_introspection_c.dir/rosidl_typesupport_introspection_c/synapse_msgs/msg/detail/traffic_status__type_support.c.o[0m
[4.728s] [ 56%] [32mBuilding C object CMakeFiles/synapse_msgs__rosidl_typesupport_introspection_c.dir/rosidl_typesupport_introspection_c/synapse_msgs/msg/detail/pixy_vector__type_support.c.o[0m
[4.799s] [ 57%] [32m[1mLinking C shared library libsynapse_msgs__rosidl_typesupport_introspection_c.so[0m
[4.811s] [ 59%] [32mBuilding CXX object CMakeFiles/synapse_msgs__rosidl_typesupport_cpp.dir/rosidl_typesupport_cpp/synapse_msgs/msg/pixy_vector__type_support.cpp.o[0m
[4.865s] [ 59%] Built target synapse_msgs__rosidl_typesupport_introspection_c
[4.883s] [ 60%] [32mBuilding CXX object CMakeFiles/synapse_msgs__rosidl_typesupport_fastrtps_cpp.dir/rosidl_typesupport_fastrtps_cpp/synapse_msgs/msg/detail/dds_fastrtps/status__type_support.cpp.o[0m
[5.078s] [ 61%] [32mBuilding CXX object CMakeFiles/synapse_msgs__rosidl_typesupport_fastrtps_cpp.dir/rosidl_typesupport_fastrtps_cpp/synapse_msgs/msg/detail/dds_fastrtps/edge_vectors__type_support.cpp.o[0m
[5.198s] [ 63%] [32mBuilding CXX object CMakeFiles/synapse_msgs__rosidl_typesupport_fastrtps_cpp.dir/rosidl_typesupport_fastrtps_cpp/synapse_msgs/msg/detail/dds_fastrtps/traffic_status__type_support.cpp.o[0m
[5.209s] [ 64%] [32mBuilding CXX object CMakeFiles/synapse_msgs__rosidl_typesupport_fastrtps_cpp.dir/rosidl_typesupport_fastrtps_cpp/synapse_msgs/msg/detail/dds_fastrtps/pixy_vector__type_support.cpp.o[0m
[5.216s] [ 66%] [32mBuilding CXX object CMakeFiles/synapse_msgs__rosidl_typesupport_fastrtps_c.dir/rosidl_typesupport_fastrtps_c/synapse_msgs/msg/detail/bezier_trajectory__type_support_c.cpp.o[0m
[5.244s] [ 67%] [32mBuilding CXX object CMakeFiles/synapse_msgs__rosidl_typesupport_fastrtps_c.dir/rosidl_typesupport_fastrtps_c/synapse_msgs/msg/detail/status__type_support_c.cpp.o[0m
[5.275s] [ 69%] [32mBuilding CXX object CMakeFiles/synapse_msgs__rosidl_typesupport_introspection_cpp.dir/rosidl_typesupport_introspection_cpp/synapse_msgs/msg/detail/traffic_status__type_support.cpp.o[0m
[5.375s] [ 70%] [32m[1mLinking CXX shared library libsynapse_msgs__rosidl_typesupport_cpp.so[0m
[5.459s] [ 70%] Built target synapse_msgs__rosidl_typesupport_cpp
[5.477s] [ 71%] [32mBuilding CXX object CMakeFiles/synapse_msgs__rosidl_typesupport_introspection_cpp.dir/rosidl_typesupport_introspection_cpp/synapse_msgs/msg/detail/pixy_vector__type_support.cpp.o[0m
[5.762s] [ 73%] [32mBuilding CXX object CMakeFiles/synapse_msgs__rosidl_typesupport_fastrtps_c.dir/rosidl_typesupport_fastrtps_c/synapse_msgs/msg/detail/edge_vectors__type_support_c.cpp.o[0m
[5.943s] [ 74%] [32mBuilding CXX object CMakeFiles/synapse_msgs__rosidl_typesupport_fastrtps_c.dir/rosidl_typesupport_fastrtps_c/synapse_msgs/msg/detail/traffic_status__type_support_c.cpp.o[0m
[5.956s] [ 76%] [32mBuilding CXX object CMakeFiles/synapse_msgs__rosidl_typesupport_fastrtps_c.dir/rosidl_typesupport_fastrtps_c/synapse_msgs/msg/detail/pixy_vector__type_support_c.cpp.o[0m
[6.061s] [ 77%] [32m[1mLinking CXX shared library libsynapse_msgs__rosidl_typesupport_fastrtps_cpp.so[0m
[6.227s] [ 77%] Built target synapse_msgs__rosidl_typesupport_fastrtps_cpp
[6.229s] [ 78%] [32m[1mLinking CXX shared library libsynapse_msgs__rosidl_typesupport_introspection_cpp.so[0m
[6.336s] [ 78%] Built target synapse_msgs__rosidl_typesupport_introspection_cpp
[6.444s] [ 80%] [32m[1mLinking CXX shared library libsynapse_msgs__rosidl_typesupport_fastrtps_c.so[0m
[6.519s] [ 80%] Built target synapse_msgs__rosidl_typesupport_fastrtps_c
[6.543s] [ 80%] Built target synapse_msgs
[6.567s] [ 81%] [34m[1mGenerating Python code for ROS interfaces[0m
[7.562s] [ 81%] Built target synapse_msgs__py
[7.576s] [35m[1mConsolidate compiler generated dependencies of target synapse_msgs__rosidl_generator_py[0m
[7.595s] [ 84%] [32mBuilding C object CMakeFiles/synapse_msgs__rosidl_generator_py.dir/rosidl_generator_py/synapse_msgs/msg/_status_s.c.o[0m
[7.595s] [ 84%] [32mBuilding C object CMakeFiles/synapse_msgs__rosidl_generator_py.dir/rosidl_generator_py/synapse_msgs/msg/_edge_vectors_s.c.o[0m
[7.596s] [ 85%] [32mBuilding C object CMakeFiles/synapse_msgs__rosidl_generator_py.dir/rosidl_generator_py/synapse_msgs/msg/_bezier_trajectory_s.c.o[0m
[7.597s] [ 87%] [32mBuilding C object CMakeFiles/synapse_msgs__rosidl_generator_py.dir/rosidl_generator_py/synapse_msgs/msg/_bezier_curve_s.c.o[0m
[7.599s] [ 88%] [32mBuilding C object CMakeFiles/synapse_msgs__rosidl_generator_py.dir/rosidl_generator_py/synapse_msgs/msg/_pixy_vector_s.c.o[0m
[7.599s] [ 90%] [32mBuilding C object CMakeFiles/synapse_msgs__rosidl_generator_py.dir/rosidl_generator_py/synapse_msgs/msg/_traffic_status_s.c.o[0m
[7.795s] [ 91%] [32m[1mLinking C shared library rosidl_generator_py/synapse_msgs/libsynapse_msgs__rosidl_generator_py.so[0m
[7.847s] [ 91%] Built target synapse_msgs__rosidl_generator_py
[7.860s] [35m[1mConsolidate compiler generated dependencies of target synapse_msgs__rosidl_typesupport_c__pyext[0m
[7.860s] [35m[1mConsolidate compiler generated dependencies of target synapse_msgs__rosidl_typesupport_fastrtps_c__pyext[0m
[7.861s] [35m[1mConsolidate compiler generated dependencies of target synapse_msgs__rosidl_typesupport_introspection_c__pyext[0m
[7.875s] [ 95%] [32mBuilding C object CMakeFiles/synapse_msgs__rosidl_typesupport_fastrtps_c__pyext.dir/rosidl_generator_py/synapse_msgs/_synapse_msgs_s.ep.rosidl_typesupport_fastrtps_c.c.o[0m
[7.875s] [ 95%] [32mBuilding C object CMakeFiles/synapse_msgs__rosidl_typesupport_introspection_c__pyext.dir/rosidl_generator_py/synapse_msgs/_synapse_msgs_s.ep.rosidl_typesupport_introspection_c.c.o[0m
[7.876s] [ 95%] [32mBuilding C object CMakeFiles/synapse_msgs__rosidl_typesupport_c__pyext.dir/rosidl_generator_py/synapse_msgs/_synapse_msgs_s.ep.rosidl_typesupport_c.c.o[0m
[8.003s] [100%] [32m[1mLinking C shared library rosidl_generator_py/synapse_msgs/synapse_msgs_s__rosidl_typesupport_introspection_c.cpython-310-x86_64-linux-gnu.so[0m
[8.003s] [100%] [32m[1mLinking C shared library rosidl_generator_py/synapse_msgs/synapse_msgs_s__rosidl_typesupport_fastrtps_c.cpython-310-x86_64-linux-gnu.so[0m
[8.003s] [100%] [32m[1mLinking C shared library rosidl_generator_py/synapse_msgs/synapse_msgs_s__rosidl_typesupport_c.cpython-310-x86_64-linux-gnu.so[0m
[8.050s] [100%] Built target synapse_msgs__rosidl_typesupport_c__pyext
[8.050s] [100%] Built target synapse_msgs__rosidl_typesupport_fastrtps_c__pyext
[8.050s] [100%] Built target synapse_msgs__rosidl_typesupport_introspection_c__pyext
[8.065s] Invoked command in '/home/vyom/cognipilot/cranium/build/synapse_msgs' returned '0': CMAKE_PREFIX_PATH=${CMAKE_PREFIX_PATH}:/home/vyom/cognipilot/cranium/install/nxp_cup_vision:/home/vyom/cognipilot/cranium/install/b3rb_ros_line_follower:/opt/ros/humble /usr/bin/cmake --build /home/vyom/cognipilot/cranium/build/synapse_msgs -- -j8 -l8
[8.347s] Invoking command in '/home/vyom/cognipilot/cranium/build/synapse_msgs': CMAKE_PREFIX_PATH=${CMAKE_PREFIX_PATH}:/home/vyom/cognipilot/cranium/install/nxp_cup_vision:/home/vyom/cognipilot/cranium/install/b3rb_ros_line_follower:/opt/ros/humble /usr/bin/cmake --install /home/vyom/cognipilot/cranium/build/synapse_msgs
[8.356s] -- Install configuration: ""
[8.357s] -- Execute custom install script
[8.357s] -- Up-to-date symlink: /home/vyom/cognipilot/cranium/install/synapse_msgs/share/ament_index/resource_index/rosidl_interfaces/synapse_msgs
[8.358s] -- Up-to-date symlink: /home/vyom/cognipilot/cranium/install/synapse_msgs/include/synapse_msgs/synapse_msgs/msg/bezier_curve.h
[8.358s] -- Up-to-date symlink: /home/vyom/cognipilot/cranium/install/synapse_msgs/include/synapse_msgs/synapse_msgs/msg/bezier_trajectory.h
[8.358s] -- Up-to-date symlink: /home/vyom/cognipilot/cranium/install/synapse_msgs/include/synapse_msgs/synapse_msgs/msg/detail/bezier_curve__functions.h
[8.358s] -- Up-to-date symlink: /home/vyom/cognipilot/cranium/install/synapse_msgs/include/synapse_msgs/synapse_msgs/msg/detail/bezier_curve__struct.h
[8.359s] -- Up-to-date symlink: /home/vyom/cognipilot/cranium/install/synapse_msgs/include/synapse_msgs/synapse_msgs/msg/detail/bezier_curve__type_support.h
[8.359s] -- Up-to-date symlink: /home/vyom/cognipilot/cranium/install/synapse_msgs/include/synapse_msgs/synapse_msgs/msg/detail/bezier_trajectory__functions.h
[8.359s] -- Up-to-date symlink: /home/vyom/cognipilot/cranium/install/synapse_msgs/include/synapse_msgs/synapse_msgs/msg/detail/bezier_trajectory__struct.h
[8.359s] -- Up-to-date symlink: /home/vyom/cognipilot/cranium/install/synapse_msgs/include/synapse_msgs/synapse_msgs/msg/detail/bezier_trajectory__type_support.h
[8.359s] -- Up-to-date symlink: /home/vyom/cognipilot/cranium/install/synapse_msgs/include/synapse_msgs/synapse_msgs/msg/detail/edge_vectors__functions.h
[8.359s] -- Up-to-date symlink: /home/vyom/cognipilot/cranium/install/synapse_msgs/include/synapse_msgs/synapse_msgs/msg/detail/edge_vectors__struct.h
[8.359s] -- Up-to-date symlink: /home/vyom/cognipilot/cranium/install/synapse_msgs/include/synapse_msgs/synapse_msgs/msg/detail/edge_vectors__type_support.h
[8.359s] -- Up-to-date symlink: /home/vyom/cognipilot/cranium/install/synapse_msgs/include/synapse_msgs/synapse_msgs/msg/detail/pixy_vector__functions.h
[8.359s] -- Up-to-date symlink: /home/vyom/cognipilot/cranium/install/synapse_msgs/include/synapse_msgs/synapse_msgs/msg/detail/pixy_vector__struct.h
[8.360s] -- Up-to-date symlink: /home/vyom/cognipilot/cranium/install/synapse_msgs/include/synapse_msgs/synapse_msgs/msg/detail/pixy_vector__type_support.h
[8.360s] -- Up-to-date symlink: /home/vyom/cognipilot/cranium/install/synapse_msgs/include/synapse_msgs/synapse_msgs/msg/detail/status__functions.h
[8.360s] -- Up-to-date symlink: /home/vyom/cognipilot/cranium/install/synapse_msgs/include/synapse_msgs/synapse_msgs/msg/detail/status__struct.h
[8.360s] -- Up-to-date symlink: /home/vyom/cognipilot/cranium/install/synapse_msgs/include/synapse_msgs/synapse_msgs/msg/detail/status__type_support.h
[8.360s] -- Up-to-date symlink: /home/vyom/cognipilot/cranium/install/synapse_msgs/include/synapse_msgs/synapse_msgs/msg/detail/traffic_status__functions.h
[8.360s] -- Up-to-date symlink: /home/vyom/cognipilot/cranium/install/synapse_msgs/include/synapse_msgs/synapse_msgs/msg/detail/traffic_status__struct.h
[8.360s] -- Up-to-date symlink: /home/vyom/cognipilot/cranium/install/synapse_msgs/include/synapse_msgs/synapse_msgs/msg/detail/traffic_status__type_support.h
[8.360s] -- Up-to-date symlink: /home/vyom/cognipilot/cranium/install/synapse_msgs/include/synapse_msgs/synapse_msgs/msg/edge_vectors.h
[8.360s] -- Up-to-date symlink: /home/vyom/cognipilot/cranium/install/synapse_msgs/include/synapse_msgs/synapse_msgs/msg/pixy_vector.h
[8.361s] -- Up-to-date symlink: /home/vyom/cognipilot/cranium/install/synapse_msgs/include/synapse_msgs/synapse_msgs/msg/rosidl_generator_c__visibility_control.h
[8.361s] -- Up-to-date symlink: /home/vyom/cognipilot/cranium/install/synapse_msgs/include/synapse_msgs/synapse_msgs/msg/status.h
[8.361s] -- Up-to-date symlink: /home/vyom/cognipilot/cranium/install/synapse_msgs/include/synapse_msgs/synapse_msgs/msg/traffic_status.h
[8.361s] -- Up-to-date symlink: /home/vyom/cognipilot/cranium/install/synapse_msgs/share/synapse_msgs/environment/library_path.sh
[8.361s] -- Up-to-date symlink: /home/vyom/cognipilot/cranium/install/synapse_msgs/share/synapse_msgs/environment/library_path.dsv
[8.362s] -- Up-to-date symlink: /home/vyom/cognipilot/cranium/install/synapse_msgs/include/synapse_msgs/synapse_msgs/msg/detail/bezier_curve__rosidl_typesupport_fastrtps_c.h
[8.362s] -- Up-to-date symlink: /home/vyom/cognipilot/cranium/install/synapse_msgs/include/synapse_msgs/synapse_msgs/msg/detail/bezier_trajectory__rosidl_typesupport_fastrtps_c.h
[8.362s] -- Up-to-date symlink: /home/vyom/cognipilot/cranium/install/synapse_msgs/include/synapse_msgs/synapse_msgs/msg/detail/edge_vectors__rosidl_typesupport_fastrtps_c.h
[8.362s] -- Up-to-date symlink: /home/vyom/cognipilot/cranium/install/synapse_msgs/include/synapse_msgs/synapse_msgs/msg/detail/pixy_vector__rosidl_typesupport_fastrtps_c.h
[8.362s] -- Up-to-date symlink: /home/vyom/cognipilot/cranium/install/synapse_msgs/include/synapse_msgs/synapse_msgs/msg/detail/status__rosidl_typesupport_fastrtps_c.h
[8.362s] -- Up-to-date symlink: /home/vyom/cognipilot/cranium/install/synapse_msgs/include/synapse_msgs/synapse_msgs/msg/detail/traffic_status__rosidl_typesupport_fastrtps_c.h
[8.362s] -- Up-to-date symlink: /home/vyom/cognipilot/cranium/install/synapse_msgs/include/synapse_msgs/synapse_msgs/msg/rosidl_typesupport_fastrtps_c__visibility_control.h
[8.363s] -- Up-to-date symlink: /home/vyom/cognipilot/cranium/install/synapse_msgs/include/synapse_msgs/synapse_msgs/msg/detail/bezier_curve__rosidl_typesupport_introspection_c.h
[8.363s] -- Up-to-date symlink: /home/vyom/cognipilot/cranium/install/synapse_msgs/include/synapse_msgs/synapse_msgs/msg/detail/bezier_trajectory__rosidl_typesupport_introspection_c.h
[8.363s] -- Up-to-date symlink: /home/vyom/cognipilot/cranium/install/synapse_msgs/include/synapse_msgs/synapse_msgs/msg/detail/edge_vectors__rosidl_typesupport_introspection_c.h
[8.363s] -- Up-to-date symlink: /home/vyom/cognipilot/cranium/install/synapse_msgs/include/synapse_msgs/synapse_msgs/msg/detail/pixy_vector__rosidl_typesupport_introspection_c.h
[8.363s] -- Up-to-date symlink: /home/vyom/cognipilot/cranium/install/synapse_msgs/include/synapse_msgs/synapse_msgs/msg/detail/status__rosidl_typesupport_introspection_c.h
[8.363s] -- Up-to-date symlink: /home/vyom/cognipilot/cranium/install/synapse_msgs/include/synapse_msgs/synapse_msgs/msg/detail/traffic_status__rosidl_typesupport_introspection_c.h
[8.363s] -- Up-to-date symlink: /home/vyom/cognipilot/cranium/install/synapse_msgs/include/synapse_msgs/synapse_msgs/msg/rosidl_typesupport_introspection_c__visibility_control.h
[8.364s] -- Up-to-date symlink: /home/vyom/cognipilot/cranium/install/synapse_msgs/include/synapse_msgs/synapse_msgs/msg/bezier_curve.hpp
[8.364s] -- Up-to-date symlink: /home/vyom/cognipilot/cranium/install/synapse_msgs/include/synapse_msgs/synapse_msgs/msg/bezier_trajectory.hpp
[8.364s] -- Up-to-date symlink: /home/vyom/cognipilot/cranium/install/synapse_msgs/include/synapse_msgs/synapse_msgs/msg/detail/bezier_curve__builder.hpp
[8.364s] -- Up-to-date symlink: /home/vyom/cognipilot/cranium/install/synapse_msgs/include/synapse_msgs/synapse_msgs/msg/detail/bezier_curve__struct.hpp
[8.364s] -- Up-to-date symlink: /home/vyom/cognipilot/cranium/install/synapse_msgs/include/synapse_msgs/synapse_msgs/msg/detail/bezier_curve__traits.hpp
[8.364s] -- Up-to-date symlink: /home/vyom/cognipilot/cranium/install/synapse_msgs/include/synapse_msgs/synapse_msgs/msg/detail/bezier_trajectory__builder.hpp
[8.364s] -- Up-to-date symlink: /home/vyom/cognipilot/cranium/install/synapse_msgs/include/synapse_msgs/synapse_msgs/msg/detail/bezier_trajectory__struct.hpp
[8.365s] -- Up-to-date symlink: /home/vyom/cognipilot/cranium/install/synapse_msgs/include/synapse_msgs/synapse_msgs/msg/detail/bezier_trajectory__traits.hpp
[8.365s] -- Up-to-date symlink: /home/vyom/cognipilot/cranium/install/synapse_msgs/include/synapse_msgs/synapse_msgs/msg/detail/edge_vectors__builder.hpp
[8.365s] -- Up-to-date symlink: /home/vyom/cognipilot/cranium/install/synapse_msgs/include/synapse_msgs/synapse_msgs/msg/detail/edge_vectors__struct.hpp
[8.365s] -- Up-to-date symlink: /home/vyom/cognipilot/cranium/install/synapse_msgs/include/synapse_msgs/synapse_msgs/msg/detail/edge_vectors__traits.hpp
[8.365s] -- Up-to-date symlink: /home/vyom/cognipilot/cranium/install/synapse_msgs/include/synapse_msgs/synapse_msgs/msg/detail/pixy_vector__builder.hpp
[8.365s] -- Up-to-date symlink: /home/vyom/cognipilot/cranium/install/synapse_msgs/include/synapse_msgs/synapse_msgs/msg/detail/pixy_vector__struct.hpp
[8.365s] -- Up-to-date symlink: /home/vyom/cognipilot/cranium/install/synapse_msgs/include/synapse_msgs/synapse_msgs/msg/detail/pixy_vector__traits.hpp
[8.365s] -- Up-to-date symlink: /home/vyom/cognipilot/cranium/install/synapse_msgs/include/synapse_msgs/synapse_msgs/msg/detail/status__builder.hpp
[8.365s] -- Up-to-date symlink: /home/vyom/cognipilot/cranium/install/synapse_msgs/include/synapse_msgs/synapse_msgs/msg/detail/status__struct.hpp
[8.365s] -- Up-to-date symlink: /home/vyom/cognipilot/cranium/install/synapse_msgs/include/synapse_msgs/synapse_msgs/msg/detail/status__traits.hpp
[8.366s] -- Up-to-date symlink: /home/vyom/cognipilot/cranium/install/synapse_msgs/include/synapse_msgs/synapse_msgs/msg/detail/traffic_status__builder.hpp
[8.366s] -- Up-to-date symlink: /home/vyom/cognipilot/cranium/install/synapse_msgs/include/synapse_msgs/synapse_msgs/msg/detail/traffic_status__struct.hpp
[8.366s] -- Up-to-date symlink: /home/vyom/cognipilot/cranium/install/synapse_msgs/include/synapse_msgs/synapse_msgs/msg/detail/traffic_status__traits.hpp
[8.366s] -- Up-to-date symlink: /home/vyom/cognipilot/cranium/install/synapse_msgs/include/synapse_msgs/synapse_msgs/msg/edge_vectors.hpp
[8.366s] -- Up-to-date symlink: /home/vyom/cognipilot/cranium/install/synapse_msgs/include/synapse_msgs/synapse_msgs/msg/pixy_vector.hpp
[8.366s] -- Up-to-date symlink: /home/vyom/cognipilot/cranium/install/synapse_msgs/include/synapse_msgs/synapse_msgs/msg/status.hpp
[8.366s] -- Up-to-date symlink: /home/vyom/cognipilot/cranium/install/synapse_msgs/include/synapse_msgs/synapse_msgs/msg/traffic_status.hpp
[8.367s] -- Up-to-date symlink: /home/vyom/cognipilot/cranium/install/synapse_msgs/include/synapse_msgs/synapse_msgs/msg/detail/bezier_curve__rosidl_typesupport_fastrtps_cpp.hpp
[8.367s] -- Up-to-date symlink: /home/vyom/cognipilot/cranium/install/synapse_msgs/include/synapse_msgs/synapse_msgs/msg/detail/bezier_trajectory__rosidl_typesupport_fastrtps_cpp.hpp
[8.367s] -- Up-to-date symlink: /home/vyom/cognipilot/cranium/install/synapse_msgs/include/synapse_msgs/synapse_msgs/msg/detail/edge_vectors__rosidl_typesupport_fastrtps_cpp.hpp
[8.367s] -- Up-to-date symlink: /home/vyom/cognipilot/cranium/install/synapse_msgs/include/synapse_msgs/synapse_msgs/msg/detail/pixy_vector__rosidl_typesupport_fastrtps_cpp.hpp
[8.367s] -- Up-to-date symlink: /home/vyom/cognipilot/cranium/install/synapse_msgs/include/synapse_msgs/synapse_msgs/msg/detail/status__rosidl_typesupport_fastrtps_cpp.hpp
[8.367s] -- Up-to-date symlink: /home/vyom/cognipilot/cranium/install/synapse_msgs/include/synapse_msgs/synapse_msgs/msg/detail/traffic_status__rosidl_typesupport_fastrtps_cpp.hpp
[8.367s] -- Up-to-date symlink: /home/vyom/cognipilot/cranium/install/synapse_msgs/include/synapse_msgs/synapse_msgs/msg/rosidl_typesupport_fastrtps_cpp__visibility_control.h
[8.368s] -- Up-to-date symlink: /home/vyom/cognipilot/cranium/install/synapse_msgs/include/synapse_msgs/synapse_msgs/msg/detail/bezier_curve__rosidl_typesupport_introspection_cpp.hpp
[8.368s] -- Up-to-date symlink: /home/vyom/cognipilot/cranium/install/synapse_msgs/include/synapse_msgs/synapse_msgs/msg/detail/bezier_trajectory__rosidl_typesupport_introspection_cpp.hpp
[8.368s] -- Up-to-date symlink: /home/vyom/cognipilot/cranium/install/synapse_msgs/include/synapse_msgs/synapse_msgs/msg/detail/edge_vectors__rosidl_typesupport_introspection_cpp.hpp
[8.368s] -- Up-to-date symlink: /home/vyom/cognipilot/cranium/install/synapse_msgs/include/synapse_msgs/synapse_msgs/msg/detail/pixy_vector__rosidl_typesupport_introspection_cpp.hpp
[8.368s] -- Up-to-date symlink: /home/vyom/cognipilot/cranium/install/synapse_msgs/include/synapse_msgs/synapse_msgs/msg/detail/status__rosidl_typesupport_introspection_cpp.hpp
[8.369s] -- Up-to-date symlink: /home/vyom/cognipilot/cranium/install/synapse_msgs/include/synapse_msgs/synapse_msgs/msg/detail/traffic_status__rosidl_typesupport_introspection_cpp.hpp
[8.369s] -- Up-to-date symlink: /home/vyom/cognipilot/cranium/install/synapse_msgs/share/synapse_msgs/environment/pythonpath.sh
[8.369s] -- Up-to-date symlink: /home/vyom/cognipilot/cranium/install/synapse_msgs/share/synapse_msgs/environment/pythonpath.dsv
[8.369s] -- Up-to-date symlink: /home/vyom/cognipilot/cranium/install/synapse_msgs/local/lib/python3.10/dist-packages/synapse_msgs-0.0.1-py3.10.egg-info/PKG-INFO
[8.369s] -- Up-to-date symlink: /home/vyom/cognipilot/cranium/install/synapse_msgs/local/lib/python3.10/dist-packages/synapse_msgs-0.0.1-py3.10.egg-info/SOURCES.txt
[8.369s] -- Up-to-date symlink: /home/vyom/cognipilot/cranium/install/synapse_msgs/local/lib/python3.10/dist-packages/synapse_msgs-0.0.1-py3.10.egg-info/dependency_links.txt
[8.369s] -- Up-to-date symlink: /home/vyom/cognipilot/cranium/install/synapse_msgs/local/lib/python3.10/dist-packages/synapse_msgs-0.0.1-py3.10.egg-info/top_level.txt
[8.370s] -- Up-to-date symlink: /home/vyom/cognipilot/cranium/install/synapse_msgs/local/lib/python3.10/dist-packages/synapse_msgs/__init__.py
[8.370s] -- Up-to-date symlink: /home/vyom/cognipilot/cranium/install/synapse_msgs/local/lib/python3.10/dist-packages/synapse_msgs/_synapse_msgs_s.ep.rosidl_typesupport_c.c
[8.370s] -- Up-to-date symlink: /home/vyom/cognipilot/cranium/install/synapse_msgs/local/lib/python3.10/dist-packages/synapse_msgs/_synapse_msgs_s.ep.rosidl_typesupport_fastrtps_c.c
[8.370s] -- Up-to-date symlink: /home/vyom/cognipilot/cranium/install/synapse_msgs/local/lib/python3.10/dist-packages/synapse_msgs/_synapse_msgs_s.ep.rosidl_typesupport_introspection_c.c
[8.370s] -- Up-to-date symlink: /home/vyom/cognipilot/cranium/install/synapse_msgs/local/lib/python3.10/dist-packages/synapse_msgs/libsynapse_msgs__rosidl_generator_py.so
[8.371s] -- Up-to-date symlink: /home/vyom/cognipilot/cranium/install/synapse_msgs/local/lib/python3.10/dist-packages/synapse_msgs/msg/__init__.py
[8.371s] -- Up-to-date symlink: /home/vyom/cognipilot/cranium/install/synapse_msgs/local/lib/python3.10/dist-packages/synapse_msgs/msg/_bezier_curve.py
[8.371s] -- Up-to-date symlink: /home/vyom/cognipilot/cranium/install/synapse_msgs/local/lib/python3.10/dist-packages/synapse_msgs/msg/_bezier_curve_s.c
[8.371s] -- Up-to-date symlink: /home/vyom/cognipilot/cranium/install/synapse_msgs/local/lib/python3.10/dist-packages/synapse_msgs/msg/_bezier_trajectory.py
[8.371s] -- Up-to-date symlink: /home/vyom/cognipilot/cranium/install/synapse_msgs/local/lib/python3.10/dist-packages/synapse_msgs/msg/_bezier_trajectory_s.c
[8.371s] -- Up-to-date symlink: /home/vyom/cognipilot/cranium/install/synapse_msgs/local/lib/python3.10/dist-packages/synapse_msgs/msg/_edge_vectors.py
[8.371s] -- Up-to-date symlink: /home/vyom/cognipilot/cranium/install/synapse_msgs/local/lib/python3.10/dist-packages/synapse_msgs/msg/_edge_vectors_s.c
[8.371s] -- Up-to-date symlink: /home/vyom/cognipilot/cranium/install/synapse_msgs/local/lib/python3.10/dist-packages/synapse_msgs/msg/_pixy_vector.py
[8.371s] -- Up-to-date symlink: /home/vyom/cognipilot/cranium/install/synapse_msgs/local/lib/python3.10/dist-packages/synapse_msgs/msg/_pixy_vector_s.c
[8.371s] -- Up-to-date symlink: /home/vyom/cognipilot/cranium/install/synapse_msgs/local/lib/python3.10/dist-packages/synapse_msgs/msg/_status.py
[8.371s] -- Up-to-date symlink: /home/vyom/cognipilot/cranium/install/synapse_msgs/local/lib/python3.10/dist-packages/synapse_msgs/msg/_status_s.c
[8.371s] -- Up-to-date symlink: /home/vyom/cognipilot/cranium/install/synapse_msgs/local/lib/python3.10/dist-packages/synapse_msgs/msg/_traffic_status.py
[8.372s] -- Up-to-date symlink: /home/vyom/cognipilot/cranium/install/synapse_msgs/local/lib/python3.10/dist-packages/synapse_msgs/msg/_traffic_status_s.c
[8.372s] -- Up-to-date symlink: /home/vyom/cognipilot/cranium/install/synapse_msgs/local/lib/python3.10/dist-packages/synapse_msgs/synapse_msgs_s__rosidl_typesupport_c.cpython-310-x86_64-linux-gnu.so
[8.372s] -- Up-to-date symlink: /home/vyom/cognipilot/cranium/install/synapse_msgs/local/lib/python3.10/dist-packages/synapse_msgs/synapse_msgs_s__rosidl_typesupport_fastrtps_c.cpython-310-x86_64-linux-gnu.so
[8.372s] -- Up-to-date symlink: /home/vyom/cognipilot/cranium/install/synapse_msgs/local/lib/python3.10/dist-packages/synapse_msgs/synapse_msgs_s__rosidl_typesupport_introspection_c.cpython-310-x86_64-linux-gnu.so
[8.372s] -- Up-to-date symlink: /home/vyom/cognipilot/cranium/install/synapse_msgs/local/lib/python3.10/dist-packages/synapse_msgs/synapse_msgs_s__rosidl_typesupport_fastrtps_c.cpython-310-x86_64-linux-gnu.so
[8.372s] -- Up-to-date symlink: /home/vyom/cognipilot/cranium/install/synapse_msgs/local/lib/python3.10/dist-packages/synapse_msgs/synapse_msgs_s__rosidl_typesupport_introspection_c.cpython-310-x86_64-linux-gnu.so
[8.373s] -- Up-to-date symlink: /home/vyom/cognipilot/cranium/install/synapse_msgs/local/lib/python3.10/dist-packages/synapse_msgs/synapse_msgs_s__rosidl_typesupport_c.cpython-310-x86_64-linux-gnu.so
[8.373s] -- Up-to-date symlink: /home/vyom/cognipilot/cranium/install/synapse_msgs/share/synapse_msgs/msg/BezierCurve.idl
[8.373s] -- Up-to-date symlink: /home/vyom/cognipilot/cranium/install/synapse_msgs/share/synapse_msgs/msg/BezierTrajectory.idl
[8.373s] -- Up-to-date symlink: /home/vyom/cognipilot/cranium/install/synapse_msgs/share/synapse_msgs/msg/Status.idl
[8.373s] -- Up-to-date symlink: /home/vyom/cognipilot/cranium/install/synapse_msgs/share/synapse_msgs/msg/EdgeVectors.idl
[8.373s] -- Up-to-date symlink: /home/vyom/cognipilot/cranium/install/synapse_msgs/share/synapse_msgs/msg/TrafficStatus.idl
[8.373s] -- Up-to-date symlink: /home/vyom/cognipilot/cranium/install/synapse_msgs/share/synapse_msgs/msg/PixyVector.idl
[8.373s] -- Up-to-date symlink: /home/vyom/cognipilot/cranium/install/synapse_msgs/share/synapse_msgs/msg/BezierCurve.msg
[8.374s] -- Up-to-date symlink: /home/vyom/cognipilot/cranium/install/synapse_msgs/share/synapse_msgs/msg/BezierTrajectory.msg
[8.374s] -- Up-to-date symlink: /home/vyom/cognipilot/cranium/install/synapse_msgs/share/synapse_msgs/msg/Status.msg
[8.374s] -- Up-to-date symlink: /home/vyom/cognipilot/cranium/install/synapse_msgs/share/synapse_msgs/msg/EdgeVectors.msg
[8.374s] -- Up-to-date symlink: /home/vyom/cognipilot/cranium/install/synapse_msgs/share/synapse_msgs/msg/TrafficStatus.msg
[8.374s] -- Up-to-date symlink: /home/vyom/cognipilot/cranium/install/synapse_msgs/share/synapse_msgs/msg/PixyVector.msg
[8.374s] -- Up-to-date symlink: /home/vyom/cognipilot/cranium/install/synapse_msgs/share/ament_index/resource_index/package_run_dependencies/synapse_msgs
[8.374s] -- Up-to-date symlink: /home/vyom/cognipilot/cranium/install/synapse_msgs/share/ament_index/resource_index/parent_prefix_path/synapse_msgs
[8.374s] -- Up-to-date symlink: /home/vyom/cognipilot/cranium/install/synapse_msgs/share/synapse_msgs/environment/ament_prefix_path.sh
[8.375s] -- Up-to-date symlink: /home/vyom/cognipilot/cranium/install/synapse_msgs/share/synapse_msgs/environment/ament_prefix_path.dsv
[8.375s] -- Up-to-date symlink: /home/vyom/cognipilot/cranium/install/synapse_msgs/share/synapse_msgs/environment/path.sh
[8.375s] -- Up-to-date symlink: /home/vyom/cognipilot/cranium/install/synapse_msgs/share/synapse_msgs/environment/path.dsv
[8.375s] -- Up-to-date symlink: /home/vyom/cognipilot/cranium/install/synapse_msgs/share/synapse_msgs/local_setup.bash
[8.375s] -- Up-to-date symlink: /home/vyom/cognipilot/cranium/install/synapse_msgs/share/synapse_msgs/local_setup.sh
[8.375s] -- Up-to-date symlink: /home/vyom/cognipilot/cranium/install/synapse_msgs/share/synapse_msgs/local_setup.zsh
[8.375s] -- Up-to-date symlink: /home/vyom/cognipilot/cranium/install/synapse_msgs/share/synapse_msgs/local_setup.dsv
[8.375s] -- Symlinking: /home/vyom/cognipilot/cranium/install/synapse_msgs/share/synapse_msgs/package.dsv
[8.385s] -- Up-to-date symlink: /home/vyom/cognipilot/cranium/install/synapse_msgs/share/ament_index/resource_index/packages/synapse_msgs
[8.385s] -- Up-to-date symlink: /home/vyom/cognipilot/cranium/install/synapse_msgs/share/synapse_msgs/cmake/rosidl_cmake-extras.cmake
[8.385s] -- Up-to-date symlink: /home/vyom/cognipilot/cranium/install/synapse_msgs/share/synapse_msgs/cmake/ament_cmake_export_dependencies-extras.cmake
[8.385s] -- Up-to-date symlink: /home/vyom/cognipilot/cranium/install/synapse_msgs/share/synapse_msgs/cmake/ament_cmake_export_include_directories-extras.cmake
[8.385s] -- Up-to-date symlink: /home/vyom/cognipilot/cranium/install/synapse_msgs/share/synapse_msgs/cmake/ament_cmake_export_libraries-extras.cmake
[8.385s] -- Up-to-date symlink: /home/vyom/cognipilot/cranium/install/synapse_msgs/share/synapse_msgs/cmake/ament_cmake_export_targets-extras.cmake
[8.385s] -- Up-to-date symlink: /home/vyom/cognipilot/cranium/install/synapse_msgs/share/synapse_msgs/cmake/rosidl_cmake_export_typesupport_targets-extras.cmake
[8.385s] -- Up-to-date symlink: /home/vyom/cognipilot/cranium/install/synapse_msgs/share/synapse_msgs/cmake/rosidl_cmake_export_typesupport_libraries-extras.cmake
[8.385s] -- Up-to-date symlink: /home/vyom/cognipilot/cranium/install/synapse_msgs/share/synapse_msgs/cmake/synapse_msgsConfig.cmake
[8.386s] -- Up-to-date symlink: /home/vyom/cognipilot/cranium/install/synapse_msgs/share/synapse_msgs/cmake/synapse_msgsConfig-version.cmake
[8.386s] -- Up-to-date symlink: /home/vyom/cognipilot/cranium/install/synapse_msgs/share/synapse_msgs/package.xml
[8.386s] -- Installing: /home/vyom/cognipilot/cranium/install/synapse_msgs/lib/libsynapse_msgs__rosidl_generator_c.so
[8.386s] -- Set runtime path of "/home/vyom/cognipilot/cranium/install/synapse_msgs/lib/libsynapse_msgs__rosidl_generator_c.so" to ""
[8.386s] -- Installing: /home/vyom/cognipilot/cranium/install/synapse_msgs/lib/libsynapse_msgs__rosidl_typesupport_fastrtps_c.so
[8.387s] -- Set runtime path of "/home/vyom/cognipilot/cranium/install/synapse_msgs/lib/libsynapse_msgs__rosidl_typesupport_fastrtps_c.so" to ""
[8.387s] -- Installing: /home/vyom/cognipilot/cranium/install/synapse_msgs/lib/libsynapse_msgs__rosidl_typesupport_introspection_c.so
[8.387s] -- Set runtime path of "/home/vyom/cognipilot/cranium/install/synapse_msgs/lib/libsynapse_msgs__rosidl_typesupport_introspection_c.so" to ""
[8.387s] -- Installing: /home/vyom/cognipilot/cranium/install/synapse_msgs/lib/libsynapse_msgs__rosidl_typesupport_c.so
[8.388s] -- Set runtime path of "/home/vyom/cognipilot/cranium/install/synapse_msgs/lib/libsynapse_msgs__rosidl_typesupport_c.so" to ""
[8.388s] -- Installing: /home/vyom/cognipilot/cranium/install/synapse_msgs/lib/libsynapse_msgs__rosidl_typesupport_fastrtps_cpp.so
[8.388s] -- Set runtime path of "/home/vyom/cognipilot/cranium/install/synapse_msgs/lib/libsynapse_msgs__rosidl_typesupport_fastrtps_cpp.so" to ""
[8.388s] -- Installing: /home/vyom/cognipilot/cranium/install/synapse_msgs/lib/libsynapse_msgs__rosidl_typesupport_introspection_cpp.so
[8.389s] -- Set runtime path of "/home/vyom/cognipilot/cranium/install/synapse_msgs/lib/libsynapse_msgs__rosidl_typesupport_introspection_cpp.so" to ""
[8.389s] -- Installing: /home/vyom/cognipilot/cranium/install/synapse_msgs/lib/libsynapse_msgs__rosidl_typesupport_cpp.so
[8.389s] -- Set runtime path of "/home/vyom/cognipilot/cranium/install/synapse_msgs/lib/libsynapse_msgs__rosidl_typesupport_cpp.so" to ""
[8.428s] Listing '/home/vyom/cognipilot/cranium/install/synapse_msgs/local/lib/python3.10/dist-packages/synapse_msgs'...
[8.428s] Compiling '/home/vyom/cognipilot/cranium/install/synapse_msgs/local/lib/python3.10/dist-packages/synapse_msgs/__init__.py'...
[8.428s] Listing '/home/vyom/cognipilot/cranium/install/synapse_msgs/local/lib/python3.10/dist-packages/synapse_msgs/msg'...
[8.428s] Compiling '/home/vyom/cognipilot/cranium/install/synapse_msgs/local/lib/python3.10/dist-packages/synapse_msgs/msg/__init__.py'...
[8.428s] Compiling '/home/vyom/cognipilot/cranium/install/synapse_msgs/local/lib/python3.10/dist-packages/synapse_msgs/msg/_bezier_curve.py'...
[8.428s] Compiling '/home/vyom/cognipilot/cranium/install/synapse_msgs/local/lib/python3.10/dist-packages/synapse_msgs/msg/_bezier_trajectory.py'...
[8.428s] Compiling '/home/vyom/cognipilot/cranium/install/synapse_msgs/local/lib/python3.10/dist-packages/synapse_msgs/msg/_edge_vectors.py'...
[8.428s] Compiling '/home/vyom/cognipilot/cranium/install/synapse_msgs/local/lib/python3.10/dist-packages/synapse_msgs/msg/_pixy_vector.py'...
[8.428s] Compiling '/home/vyom/cognipilot/cranium/install/synapse_msgs/local/lib/python3.10/dist-packages/synapse_msgs/msg/_status.py'...
[8.428s] Compiling '/home/vyom/cognipilot/cranium/install/synapse_msgs/local/lib/python3.10/dist-packages/synapse_msgs/msg/_traffic_status.py'...
[8.432s] -- Installing: /home/vyom/cognipilot/cranium/install/synapse_msgs/lib/libsynapse_msgs__rosidl_generator_py.so
[8.432s] -- Set runtime path of "/home/vyom/cognipilot/cranium/install/synapse_msgs/lib/libsynapse_msgs__rosidl_generator_py.so" to ""
[8.433s] -- Up-to-date: /home/vyom/cognipilot/cranium/install/synapse_msgs/share/synapse_msgs/cmake/export_synapse_msgs__rosidl_generator_cExport.cmake
[8.433s] -- Up-to-date: /home/vyom/cognipilot/cranium/install/synapse_msgs/share/synapse_msgs/cmake/export_synapse_msgs__rosidl_generator_cExport-noconfig.cmake
[8.433s] -- Up-to-date: /home/vyom/cognipilot/cranium/install/synapse_msgs/share/synapse_msgs/cmake/export_synapse_msgs__rosidl_typesupport_fastrtps_cExport.cmake
[8.433s] -- Up-to-date: /home/vyom/cognipilot/cranium/install/synapse_msgs/share/synapse_msgs/cmake/export_synapse_msgs__rosidl_typesupport_fastrtps_cExport-noconfig.cmake
[8.433s] -- Up-to-date: /home/vyom/cognipilot/cranium/install/synapse_msgs/share/synapse_msgs/cmake/synapse_msgs__rosidl_typesupport_introspection_cExport.cmake
[8.433s] -- Up-to-date: /home/vyom/cognipilot/cranium/install/synapse_msgs/share/synapse_msgs/cmake/synapse_msgs__rosidl_typesupport_introspection_cExport-noconfig.cmake
[8.433s] -- Up-to-date: /home/vyom/cognipilot/cranium/install/synapse_msgs/share/synapse_msgs/cmake/synapse_msgs__rosidl_typesupport_cExport.cmake
[8.433s] -- Up-to-date: /home/vyom/cognipilot/cranium/install/synapse_msgs/share/synapse_msgs/cmake/synapse_msgs__rosidl_typesupport_cExport-noconfig.cmake
[8.433s] -- Up-to-date: /home/vyom/cognipilot/cranium/install/synapse_msgs/share/synapse_msgs/cmake/export_synapse_msgs__rosidl_generator_cppExport.cmake
[8.433s] -- Up-to-date: /home/vyom/cognipilot/cranium/install/synapse_msgs/share/synapse_msgs/cmake/export_synapse_msgs__rosidl_typesupport_fastrtps_cppExport.cmake
[8.434s] -- Up-to-date: /home/vyom/cognipilot/cranium/install/synapse_msgs/share/synapse_msgs/cmake/export_synapse_msgs__rosidl_typesupport_fastrtps_cppExport-noconfig.cmake
[8.434s] -- Up-to-date: /home/vyom/cognipilot/cranium/install/synapse_msgs/share/synapse_msgs/cmake/synapse_msgs__rosidl_typesupport_introspection_cppExport.cmake
[8.434s] -- Up-to-date: /home/vyom/cognipilot/cranium/install/synapse_msgs/share/synapse_msgs/cmake/synapse_msgs__rosidl_typesupport_introspection_cppExport-noconfig.cmake
[8.434s] -- Up-to-date: /home/vyom/cognipilot/cranium/install/synapse_msgs/share/synapse_msgs/cmake/synapse_msgs__rosidl_typesupport_cppExport.cmake
[8.434s] -- Up-to-date: /home/vyom/cognipilot/cranium/install/synapse_msgs/share/synapse_msgs/cmake/synapse_msgs__rosidl_typesupport_cppExport-noconfig.cmake
[8.434s] -- Up-to-date: /home/vyom/cognipilot/cranium/install/synapse_msgs/share/synapse_msgs/cmake/export_synapse_msgs__rosidl_generator_pyExport.cmake
[8.434s] -- Up-to-date: /home/vyom/cognipilot/cranium/install/synapse_msgs/share/synapse_msgs/cmake/export_synapse_msgs__rosidl_generator_pyExport-noconfig.cmake
[8.436s] Invoked command in '/home/vyom/cognipilot/cranium/build/synapse_msgs' returned '0': CMAKE_PREFIX_PATH=${CMAKE_PREFIX_PATH}:/home/vyom/cognipilot/cranium/install/nxp_cup_vision:/home/vyom/cognipilot/cranium/install/b3rb_ros_line_follower:/opt/ros/humble /usr/bin/cmake --install /home/vyom/cognipilot/cranium/build/synapse_msgs
