[0.444s] Invoking command in '/home/vyom/cognipilot/cranium/build/synapse_ros': CMAKE_PREFIX_PATH=/home/vyom/cognipilot/cranium/install/synapse_tinyframe:/home/vyom/cognipilot/cranium/install/synapse_protobuf:/home/vyom/cognipilot/cranium/install/synapse_msgs:/home/vyom/cognipilot/electrode/install/electrode:/home/vyom/cognipilot/cranium/install/synapse_ros:/home/vyom/cognipilot/cranium/install/synapse_gz:/home/vyom/cognipilot/cranium/install/corti:/home/vyom/cognipilot/cranium/install/dream_world:/home/vyom/cognipilot/cranium/install/cerebri_bringup:/home/vyom/cognipilot/cranium/install/b3rb_simulator:/home/vyom/cognipilot/cranium/install/b3rb_desktop:/home/vyom/cognipilot/cranium/install/b3rb_rviz:/home/vyom/cognipilot/cranium/install/b3rb_nav2:/home/vyom/cognipilot/cranium/install/b3rb_gz_resource:/home/vyom/cognipilot/cranium/install/b3rb_gz_bringup:/home/vyom/cognipilot/cranium/install/b3rb_description:/opt/ros/humble LD_LIBRARY_PATH=/home/vyom/cognipilot/cranium/install/synapse_msgs/lib:/home/vyom/cognipilot/cranium/install/synapse_tinyframe/lib:/home/vyom/cognipilot/cranium/install/synapse_protobuf/lib:/opt/ros/humble/opt/rviz_ogre_vendor/lib:/opt/ros/humble/lib/x86_64-linux-gnu:/opt/ros/humble/lib /usr/bin/cmake --build /home/vyom/cognipilot/cranium/build/synapse_ros -- -j8 -l8
[0.490s] -- Found ament_cmake: 1.3.9 (/opt/ros/humble/share/ament_cmake/cmake)
[0.678s] -- Override CMake install command with custom implementation using symlinks instead of copying resources
[0.688s] -- Found rclcpp: 16.0.9 (/opt/ros/humble/share/rclcpp/cmake)
[0.730s] -- Found rosidl_generator_c: 3.1.5 (/opt/ros/humble/share/rosidl_generator_c/cmake)
[0.733s] -- Found rosidl_adapter: 3.1.5 (/opt/ros/humble/share/rosidl_adapter/cmake)
[0.741s] -- Found rosidl_generator_cpp: 3.1.5 (/opt/ros/humble/share/rosidl_generator_cpp/cmake)
[0.756s] -- Using all available rosidl_typesupport_c: rosidl_typesupport_fastrtps_c;rosidl_typesupport_introspection_c
[0.779s] -- Using all available rosidl_typesupport_cpp: rosidl_typesupport_fastrtps_cpp;rosidl_typesupport_introspection_cpp
[0.865s] -- Found rmw_implementation_cmake: 6.1.2 (/opt/ros/humble/share/rmw_implementation_cmake/cmake)
[0.867s] -- Found rmw_cyclonedds_cpp: 1.3.4 (/opt/ros/humble/share/rmw_cyclonedds_cpp/cmake)
[0.907s] -- Using RMW implementation 'rmw_cyclonedds_cpp' as default
[1.141s] -- Found actuator_msgs: 0.0.1 (/opt/ros/humble/share/actuator_msgs/cmake)
[1.205s] -- Found nav_msgs: 4.2.4 (/opt/ros/humble/share/nav_msgs/cmake)
[1.373s] -- Found sensor_msgs: 4.2.4 (/opt/ros/humble/share/sensor_msgs/cmake)
[1.492s] -- Found synapse_protobuf: 0.0.0 (/home/vyom/cognipilot/cranium/install/synapse_protobuf/share/synapse_protobuf/cmake)
[1.504s] -- Found synapse_tinyframe: 0.0.0 (/home/vyom/cognipilot/cranium/install/synapse_tinyframe/share/synapse_tinyframe/cmake)
[1.506s] -- Found synapse_msgs: 0.0.1 (/home/vyom/cognipilot/cranium/install/synapse_msgs/share/synapse_msgs/cmake)
[1.585s] -- Found ament_lint_auto: 0.12.11 (/opt/ros/humble/share/ament_lint_auto/cmake)
[1.693s] -- Added test 'copyright' to check source files copyright and LICENSE
[1.700s] -- Added test 'cppcheck' to perform static code analysis on C / C++ code
[1.700s] -- Configured cppcheck include dirs: 
[1.700s] -- Configured cppcheck exclude dirs and/or files: 
[1.706s] -- Added test 'cpplint' to check C / C++ code against the Google style
[1.706s] -- Configured cpplint exclude dirs and/or files: 
[1.707s] -- Added test 'flake8' to check Python code syntax and style conventions
[1.709s] -- Added test 'lint_cmake' to check CMake code style
[1.711s] -- Added test 'pep257' to check Python code against some of the docstring style conventions in PEP 257
[1.716s] -- Added test 'uncrustify' to check C / C++ code style
[1.717s] -- Configured uncrustify additional arguments: 
[1.717s] -- Added test 'xmllint' to check XML markup files
[1.719s] -- Configuring done
[1.737s] -- Generating done
[1.739s] -- Build files have been written to: /home/vyom/cognipilot/cranium/build/synapse_ros
[1.791s] Consolidate compiler generated dependencies of target synapse_ros
[1.824s] [ 33%] Building CXX object CMakeFiles/synapse_ros.dir/src/proto/udp_link.cpp.o
[1.826s] [ 66%] Building CXX object CMakeFiles/synapse_ros.dir/src/synapse_ros.cpp.o
[43.722s] [100%] Linking CXX executable synapse_ros
[46.668s] [100%] Built target synapse_ros
[46.680s] Invoked command in '/home/vyom/cognipilot/cranium/build/synapse_ros' returned '0': CMAKE_PREFIX_PATH=/home/vyom/cognipilot/cranium/install/synapse_tinyframe:/home/vyom/cognipilot/cranium/install/synapse_protobuf:/home/vyom/cognipilot/cranium/install/synapse_msgs:/home/vyom/cognipilot/electrode/install/electrode:/home/vyom/cognipilot/cranium/install/synapse_ros:/home/vyom/cognipilot/cranium/install/synapse_gz:/home/vyom/cognipilot/cranium/install/corti:/home/vyom/cognipilot/cranium/install/dream_world:/home/vyom/cognipilot/cranium/install/cerebri_bringup:/home/vyom/cognipilot/cranium/install/b3rb_simulator:/home/vyom/cognipilot/cranium/install/b3rb_desktop:/home/vyom/cognipilot/cranium/install/b3rb_rviz:/home/vyom/cognipilot/cranium/install/b3rb_nav2:/home/vyom/cognipilot/cranium/install/b3rb_gz_resource:/home/vyom/cognipilot/cranium/install/b3rb_gz_bringup:/home/vyom/cognipilot/cranium/install/b3rb_description:/opt/ros/humble LD_LIBRARY_PATH=/home/vyom/cognipilot/cranium/install/synapse_msgs/lib:/home/vyom/cognipilot/cranium/install/synapse_tinyframe/lib:/home/vyom/cognipilot/cranium/install/synapse_protobuf/lib:/opt/ros/humble/opt/rviz_ogre_vendor/lib:/opt/ros/humble/lib/x86_64-linux-gnu:/opt/ros/humble/lib /usr/bin/cmake --build /home/vyom/cognipilot/cranium/build/synapse_ros -- -j8 -l8
[46.719s] Invoking command in '/home/vyom/cognipilot/cranium/build/synapse_ros': CMAKE_PREFIX_PATH=/home/vyom/cognipilot/cranium/install/synapse_tinyframe:/home/vyom/cognipilot/cranium/install/synapse_protobuf:/home/vyom/cognipilot/cranium/install/synapse_msgs:/home/vyom/cognipilot/electrode/install/electrode:/home/vyom/cognipilot/cranium/install/synapse_ros:/home/vyom/cognipilot/cranium/install/synapse_gz:/home/vyom/cognipilot/cranium/install/corti:/home/vyom/cognipilot/cranium/install/dream_world:/home/vyom/cognipilot/cranium/install/cerebri_bringup:/home/vyom/cognipilot/cranium/install/b3rb_simulator:/home/vyom/cognipilot/cranium/install/b3rb_desktop:/home/vyom/cognipilot/cranium/install/b3rb_rviz:/home/vyom/cognipilot/cranium/install/b3rb_nav2:/home/vyom/cognipilot/cranium/install/b3rb_gz_resource:/home/vyom/cognipilot/cranium/install/b3rb_gz_bringup:/home/vyom/cognipilot/cranium/install/b3rb_description:/opt/ros/humble LD_LIBRARY_PATH=/home/vyom/cognipilot/cranium/install/synapse_msgs/lib:/home/vyom/cognipilot/cranium/install/synapse_tinyframe/lib:/home/vyom/cognipilot/cranium/install/synapse_protobuf/lib:/opt/ros/humble/opt/rviz_ogre_vendor/lib:/opt/ros/humble/lib/x86_64-linux-gnu:/opt/ros/humble/lib /usr/bin/cmake --install /home/vyom/cognipilot/cranium/build/synapse_ros
[46.732s] -- Install configuration: ""
[46.732s] -- Execute custom install script
[46.733s] -- Up-to-date symlink: /home/vyom/cognipilot/cranium/install/synapse_ros/lib/synapse_ros/synapse_ros
[46.733s] -- Up-to-date symlink: /home/vyom/cognipilot/cranium/install/synapse_ros/share/synapse_ros/launch/synapse_ros.launch.py
[46.733s] -- Up-to-date symlink: /home/vyom/cognipilot/cranium/install/synapse_ros/share/ament_index/resource_index/package_run_dependencies/synapse_ros
[46.734s] -- Up-to-date symlink: /home/vyom/cognipilot/cranium/install/synapse_ros/share/ament_index/resource_index/parent_prefix_path/synapse_ros
[46.734s] -- Up-to-date symlink: /home/vyom/cognipilot/cranium/install/synapse_ros/share/synapse_ros/environment/ament_prefix_path.sh
[46.734s] -- Up-to-date symlink: /home/vyom/cognipilot/cranium/install/synapse_ros/share/synapse_ros/environment/ament_prefix_path.dsv
[46.734s] -- Up-to-date symlink: /home/vyom/cognipilot/cranium/install/synapse_ros/share/synapse_ros/environment/path.sh
[46.734s] -- Up-to-date symlink: /home/vyom/cognipilot/cranium/install/synapse_ros/share/synapse_ros/environment/path.dsv
[46.735s] -- Up-to-date symlink: /home/vyom/cognipilot/cranium/install/synapse_ros/share/synapse_ros/local_setup.bash
[46.735s] -- Up-to-date symlink: /home/vyom/cognipilot/cranium/install/synapse_ros/share/synapse_ros/local_setup.sh
[46.735s] -- Up-to-date symlink: /home/vyom/cognipilot/cranium/install/synapse_ros/share/synapse_ros/local_setup.zsh
[46.735s] -- Up-to-date symlink: /home/vyom/cognipilot/cranium/install/synapse_ros/share/synapse_ros/local_setup.dsv
[46.736s] -- Symlinking: /home/vyom/cognipilot/cranium/install/synapse_ros/share/synapse_ros/package.dsv
[46.746s] -- Up-to-date symlink: /home/vyom/cognipilot/cranium/install/synapse_ros/share/ament_index/resource_index/packages/synapse_ros
[46.746s] -- Up-to-date symlink: /home/vyom/cognipilot/cranium/install/synapse_ros/share/synapse_ros/cmake/synapse_rosConfig.cmake
[46.746s] -- Up-to-date symlink: /home/vyom/cognipilot/cranium/install/synapse_ros/share/synapse_ros/cmake/synapse_rosConfig-version.cmake
[46.746s] -- Up-to-date symlink: /home/vyom/cognipilot/cranium/install/synapse_ros/share/synapse_ros/package.xml
[46.749s] Invoked command in '/home/vyom/cognipilot/cranium/build/synapse_ros' returned '0': CMAKE_PREFIX_PATH=/home/vyom/cognipilot/cranium/install/synapse_tinyframe:/home/vyom/cognipilot/cranium/install/synapse_protobuf:/home/vyom/cognipilot/cranium/install/synapse_msgs:/home/vyom/cognipilot/electrode/install/electrode:/home/vyom/cognipilot/cranium/install/synapse_ros:/home/vyom/cognipilot/cranium/install/synapse_gz:/home/vyom/cognipilot/cranium/install/corti:/home/vyom/cognipilot/cranium/install/dream_world:/home/vyom/cognipilot/cranium/install/cerebri_bringup:/home/vyom/cognipilot/cranium/install/b3rb_simulator:/home/vyom/cognipilot/cranium/install/b3rb_desktop:/home/vyom/cognipilot/cranium/install/b3rb_rviz:/home/vyom/cognipilot/cranium/install/b3rb_nav2:/home/vyom/cognipilot/cranium/install/b3rb_gz_resource:/home/vyom/cognipilot/cranium/install/b3rb_gz_bringup:/home/vyom/cognipilot/cranium/install/b3rb_description:/opt/ros/humble LD_LIBRARY_PATH=/home/vyom/cognipilot/cranium/install/synapse_msgs/lib:/home/vyom/cognipilot/cranium/install/synapse_tinyframe/lib:/home/vyom/cognipilot/cranium/install/synapse_protobuf/lib:/opt/ros/humble/opt/rviz_ogre_vendor/lib:/opt/ros/humble/lib/x86_64-linux-gnu:/opt/ros/humble/lib /usr/bin/cmake --install /home/vyom/cognipilot/cranium/build/synapse_ros
