[0.171s] Invoking command in '/home/vyom/cognipilot/cranium/build/synapse_tinyframe': CMAKE_PREFIX_PATH=${CMAKE_PREFIX_PATH}:/home/vyom/cognipilot/cranium/install/nxp_cup_vision:/home/vyom/cognipilot/cranium/install/b3rb_ros_line_follower:/opt/ros/humble /usr/bin/cmake /home/vyom/cognipilot/cranium/src/synapse_tinyframe -DAMENT_CMAKE_SYMLINK_INSTALL=1 -DCMAKE_INSTALL_PREFIX=/home/vyom/cognipilot/cranium/install/synapse_tinyframe
[0.288s] -- Found ament_cmake: 1.3.9 (/opt/ros/humble/share/ament_cmake/cmake)
[1.016s] -- Override CMake install command with custom implementation using symlinks instead of copying resources
[1.070s] -- Found ament_lint_auto: 0.12.11 (/opt/ros/humble/share/ament_lint_auto/cmake)
[1.534s] -- Added test 'copyright' to check source files copyright and LICENSE
[1.575s] -- Added test 'cppcheck' to perform static code analysis on C / C++ code
[1.576s] -- Configured cppcheck include dirs: $<BUILD_INTERFACE:/home/vyom/cognipilot/cranium/src/synapse_tinyframe/include>;$<BUILD_INTERFACE:/home/vyom/cognipilot/cranium/src/synapse_tinyframe/include/synapse_tinyframe>
[1.576s] -- Configured cppcheck exclude dirs and/or files: 
[1.600s] -- Added test 'cpplint' to check C / C++ code against the Google style
[1.600s] -- Configured cpplint exclude dirs and/or files: 
[1.605s] -- Added test 'flake8' to check Python code syntax and style conventions
[1.608s] -- Added test 'lint_cmake' to check CMake code style
[1.617s] -- Added test 'pep257' to check Python code against some of the docstring style conventions in PEP 257
[1.627s] -- Added test 'uncrustify' to check C / C++ code style
[1.627s] -- Configured uncrustify additional arguments: 
[1.628s] -- Added test 'xmllint' to check XML markup files
[1.636s] -- Configuring done
[1.694s] -- Generating done
[1.694s] -- Build files have been written to: /home/vyom/cognipilot/cranium/build/synapse_tinyframe
[1.734s] Invoked command in '/home/vyom/cognipilot/cranium/build/synapse_tinyframe' returned '0': CMAKE_PREFIX_PATH=${CMAKE_PREFIX_PATH}:/home/vyom/cognipilot/cranium/install/nxp_cup_vision:/home/vyom/cognipilot/cranium/install/b3rb_ros_line_follower:/opt/ros/humble /usr/bin/cmake /home/vyom/cognipilot/cranium/src/synapse_tinyframe -DAMENT_CMAKE_SYMLINK_INSTALL=1 -DCMAKE_INSTALL_PREFIX=/home/vyom/cognipilot/cranium/install/synapse_tinyframe
[1.735s] Invoking command in '/home/vyom/cognipilot/cranium/build/synapse_tinyframe': CMAKE_PREFIX_PATH=${CMAKE_PREFIX_PATH}:/home/vyom/cognipilot/cranium/install/nxp_cup_vision:/home/vyom/cognipilot/cranium/install/b3rb_ros_line_follower:/opt/ros/humble /usr/bin/cmake --build /home/vyom/cognipilot/cranium/build/synapse_tinyframe -- -j8 -l8
[1.903s] [35m[1mConsolidate compiler generated dependencies of target synapse_tinyframe[0m
[2.044s] [100%] Built target synapse_tinyframe
[2.236s] Invoked command in '/home/vyom/cognipilot/cranium/build/synapse_tinyframe' returned '0': CMAKE_PREFIX_PATH=${CMAKE_PREFIX_PATH}:/home/vyom/cognipilot/cranium/install/nxp_cup_vision:/home/vyom/cognipilot/cranium/install/b3rb_ros_line_follower:/opt/ros/humble /usr/bin/cmake --build /home/vyom/cognipilot/cranium/build/synapse_tinyframe -- -j8 -l8
[2.530s] Invoking command in '/home/vyom/cognipilot/cranium/build/synapse_tinyframe': CMAKE_PREFIX_PATH=${CMAKE_PREFIX_PATH}:/home/vyom/cognipilot/cranium/install/nxp_cup_vision:/home/vyom/cognipilot/cranium/install/b3rb_ros_line_follower:/opt/ros/humble /usr/bin/cmake --install /home/vyom/cognipilot/cranium/build/synapse_tinyframe
[2.567s] -- Install configuration: ""
[2.567s] -- Execute custom install script
[2.567s] -- Up-to-date symlink: /home/vyom/cognipilot/cranium/install/synapse_tinyframe/share/synapse_tinyframe/environment/library_path.sh
[2.568s] -- Up-to-date symlink: /home/vyom/cognipilot/cranium/install/synapse_tinyframe/share/synapse_tinyframe/environment/library_path.dsv
[2.568s] -- Up-to-date symlink: /home/vyom/cognipilot/cranium/install/synapse_tinyframe/include/synapse_tinyframe/SynapseTopics.h
[2.568s] -- Up-to-date symlink: /home/vyom/cognipilot/cranium/install/synapse_tinyframe/include/synapse_tinyframe/TF_Config.h
[2.568s] -- Up-to-date symlink: /home/vyom/cognipilot/cranium/install/synapse_tinyframe/include/synapse_tinyframe/TinyFrame.h
[2.569s] -- Up-to-date symlink: /home/vyom/cognipilot/cranium/install/synapse_tinyframe/include/synapse_tinyframe/utils.h
[2.570s] -- Up-to-date symlink: /home/vyom/cognipilot/cranium/install/synapse_tinyframe/share/ament_index/resource_index/package_run_dependencies/synapse_tinyframe
[2.570s] -- Up-to-date symlink: /home/vyom/cognipilot/cranium/install/synapse_tinyframe/share/ament_index/resource_index/parent_prefix_path/synapse_tinyframe
[2.570s] -- Up-to-date symlink: /home/vyom/cognipilot/cranium/install/synapse_tinyframe/share/synapse_tinyframe/environment/ament_prefix_path.sh
[2.571s] -- Up-to-date symlink: /home/vyom/cognipilot/cranium/install/synapse_tinyframe/share/synapse_tinyframe/environment/ament_prefix_path.dsv
[2.571s] -- Up-to-date symlink: /home/vyom/cognipilot/cranium/install/synapse_tinyframe/share/synapse_tinyframe/environment/path.sh
[2.572s] -- Up-to-date symlink: /home/vyom/cognipilot/cranium/install/synapse_tinyframe/share/synapse_tinyframe/environment/path.dsv
[2.572s] -- Up-to-date symlink: /home/vyom/cognipilot/cranium/install/synapse_tinyframe/share/synapse_tinyframe/local_setup.bash
[2.574s] -- Up-to-date symlink: /home/vyom/cognipilot/cranium/install/synapse_tinyframe/share/synapse_tinyframe/local_setup.sh
[2.590s] -- Up-to-date symlink: /home/vyom/cognipilot/cranium/install/synapse_tinyframe/share/synapse_tinyframe/local_setup.zsh
[2.591s] -- Up-to-date symlink: /home/vyom/cognipilot/cranium/install/synapse_tinyframe/share/synapse_tinyframe/local_setup.dsv
[2.592s] -- Symlinking: /home/vyom/cognipilot/cranium/install/synapse_tinyframe/share/synapse_tinyframe/package.dsv
[2.637s] -- Up-to-date symlink: /home/vyom/cognipilot/cranium/install/synapse_tinyframe/share/ament_index/resource_index/packages/synapse_tinyframe
[2.639s] -- Up-to-date symlink: /home/vyom/cognipilot/cranium/install/synapse_tinyframe/share/synapse_tinyframe/cmake/ament_cmake_export_targets-extras.cmake
[2.640s] -- Up-to-date symlink: /home/vyom/cognipilot/cranium/install/synapse_tinyframe/share/synapse_tinyframe/cmake/synapse_tinyframeConfig.cmake
[2.641s] -- Up-to-date symlink: /home/vyom/cognipilot/cranium/install/synapse_tinyframe/share/synapse_tinyframe/cmake/synapse_tinyframeConfig-version.cmake
[2.641s] -- Up-to-date symlink: /home/vyom/cognipilot/cranium/install/synapse_tinyframe/share/synapse_tinyframe/package.xml
[2.641s] -- Up-to-date: /home/vyom/cognipilot/cranium/install/synapse_tinyframe/lib/libsynapse_tinyframe.a
[2.641s] -- Up-to-date: /home/vyom/cognipilot/cranium/install/synapse_tinyframe/share/synapse_tinyframe/cmake/synapse_tinyframeExport.cmake
[2.642s] -- Up-to-date: /home/vyom/cognipilot/cranium/install/synapse_tinyframe/share/synapse_tinyframe/cmake/synapse_tinyframeExport-noconfig.cmake
[2.703s] Invoked command in '/home/vyom/cognipilot/cranium/build/synapse_tinyframe' returned '0': CMAKE_PREFIX_PATH=${CMAKE_PREFIX_PATH}:/home/vyom/cognipilot/cranium/install/nxp_cup_vision:/home/vyom/cognipilot/cranium/install/b3rb_ros_line_follower:/opt/ros/humble /usr/bin/cmake --install /home/vyom/cognipilot/cranium/build/synapse_tinyframe
