[0.023s] Invoking command in '/home/vyom/cognipilot/cranium/build/synapse_tinyframe': CMAKE_PREFIX_PATH=/opt/ros/humble /usr/bin/cmake /home/vyom/cognipilot/cranium/src/synapse_tinyframe -DAMENT_CMAKE_SYMLINK_INSTALL=1 -DCMAKE_INSTALL_PREFIX=/home/vyom/cognipilot/cranium/install/synapse_tinyframe
[0.181s] -- The C compiler identification is GNU 11.4.0
[0.350s] -- The CXX compiler identification is GNU 11.4.0
[0.363s] -- Detecting C compiler ABI info
[0.499s] -- Detecting C compiler ABI info - done
[0.507s] -- Check for working C compiler: /usr/bin/cc - skipped
[0.507s] -- Detecting C compile features
[0.507s] -- Detecting C compile features - done
[0.513s] -- Detecting CXX compiler ABI info
[0.656s] -- Detecting CXX compiler ABI info - done
[0.673s] -- Check for working CXX compiler: /usr/bin/c++ - skipped
[0.673s] -- Detecting CXX compile features
[0.673s] -- Detecting CXX compile features - done
[0.681s] -- Found ament_cmake: 1.3.9 (/opt/ros/humble/share/ament_cmake/cmake)
[1.013s] -- Found Python3: /usr/bin/python3 (found version "3.10.12") found components: Interpreter 
[1.154s] -- Override CMake install command with custom implementation using symlinks instead of copying resources
[1.198s] -- Found ament_lint_auto: 0.12.11 (/opt/ros/humble/share/ament_lint_auto/cmake)
[1.350s] -- Added test 'copyright' to check source files copyright and LICENSE
[1.357s] -- Added test 'cppcheck' to perform static code analysis on C / C++ code
[1.358s] -- Configured cppcheck include dirs: $<BUILD_INTERFACE:/home/vyom/cognipilot/cranium/src/synapse_tinyframe/include>;$<BUILD_INTERFACE:/home/vyom/cognipilot/cranium/src/synapse_tinyframe/include/synapse_tinyframe>
[1.358s] -- Configured cppcheck exclude dirs and/or files: 
[1.365s] -- Added test 'cpplint' to check C / C++ code against the Google style
[1.365s] -- Configured cpplint exclude dirs and/or files: 
[1.365s] -- Added test 'flake8' to check Python code syntax and style conventions
[1.366s] -- Added test 'lint_cmake' to check CMake code style
[1.367s] -- Added test 'pep257' to check Python code against some of the docstring style conventions in PEP 257
[1.377s] -- Added test 'uncrustify' to check C / C++ code style
[1.377s] -- Configured uncrustify additional arguments: 
[1.377s] -- Added test 'xmllint' to check XML markup files
[1.377s] -- Configuring done
[1.384s] -- Generating done
[1.386s] -- Build files have been written to: /home/vyom/cognipilot/cranium/build/synapse_tinyframe
[1.395s] Invoked command in '/home/vyom/cognipilot/cranium/build/synapse_tinyframe' returned '0': CMAKE_PREFIX_PATH=/opt/ros/humble /usr/bin/cmake /home/vyom/cognipilot/cranium/src/synapse_tinyframe -DAMENT_CMAKE_SYMLINK_INSTALL=1 -DCMAKE_INSTALL_PREFIX=/home/vyom/cognipilot/cranium/install/synapse_tinyframe
[1.396s] Invoking command in '/home/vyom/cognipilot/cranium/build/synapse_tinyframe': CMAKE_PREFIX_PATH=/opt/ros/humble /usr/bin/cmake --build /home/vyom/cognipilot/cranium/build/synapse_tinyframe -- -j8 -l8
[1.468s] [ 66%] Building C object CMakeFiles/synapse_tinyframe.dir/src/TinyFrame.c.o
[1.469s] [ 66%] Building C object CMakeFiles/synapse_tinyframe.dir/src/utils.c.o
[1.616s] [100%] Linking C static library libsynapse_tinyframe.a
[1.849s] [100%] Built target synapse_tinyframe
[1.915s] Invoked command in '/home/vyom/cognipilot/cranium/build/synapse_tinyframe' returned '0': CMAKE_PREFIX_PATH=/opt/ros/humble /usr/bin/cmake --build /home/vyom/cognipilot/cranium/build/synapse_tinyframe -- -j8 -l8
[2.032s] Invoking command in '/home/vyom/cognipilot/cranium/build/synapse_tinyframe': CMAKE_PREFIX_PATH=/opt/ros/humble /usr/bin/cmake --install /home/vyom/cognipilot/cranium/build/synapse_tinyframe
[2.042s] -- Install configuration: ""
[2.044s] -- Execute custom install script
[2.045s] -- Symlinking: /home/vyom/cognipilot/cranium/install/synapse_tinyframe/share/synapse_tinyframe/environment/library_path.sh
[2.057s] -- Symlinking: /home/vyom/cognipilot/cranium/install/synapse_tinyframe/share/synapse_tinyframe/environment/library_path.dsv
[2.070s] -- Symlinking: /home/vyom/cognipilot/cranium/install/synapse_tinyframe/include/synapse_tinyframe/SynapseTopics.h
[2.083s] -- Symlinking: /home/vyom/cognipilot/cranium/install/synapse_tinyframe/include/synapse_tinyframe/TF_Config.h
[2.096s] -- Symlinking: /home/vyom/cognipilot/cranium/install/synapse_tinyframe/include/synapse_tinyframe/TinyFrame.h
[2.106s] -- Symlinking: /home/vyom/cognipilot/cranium/install/synapse_tinyframe/include/synapse_tinyframe/utils.h
[2.120s] -- Symlinking: /home/vyom/cognipilot/cranium/install/synapse_tinyframe/share/ament_index/resource_index/package_run_dependencies/synapse_tinyframe
[2.145s] -- Symlinking: /home/vyom/cognipilot/cranium/install/synapse_tinyframe/share/ament_index/resource_index/parent_prefix_path/synapse_tinyframe
[2.159s] -- Symlinking: /home/vyom/cognipilot/cranium/install/synapse_tinyframe/share/synapse_tinyframe/environment/ament_prefix_path.sh
[2.172s] -- Symlinking: /home/vyom/cognipilot/cranium/install/synapse_tinyframe/share/synapse_tinyframe/environment/ament_prefix_path.dsv
[2.202s] -- Symlinking: /home/vyom/cognipilot/cranium/install/synapse_tinyframe/share/synapse_tinyframe/environment/path.sh
[2.242s] -- Symlinking: /home/vyom/cognipilot/cranium/install/synapse_tinyframe/share/synapse_tinyframe/environment/path.dsv
[2.256s] -- Symlinking: /home/vyom/cognipilot/cranium/install/synapse_tinyframe/share/synapse_tinyframe/local_setup.bash
[2.278s] -- Symlinking: /home/vyom/cognipilot/cranium/install/synapse_tinyframe/share/synapse_tinyframe/local_setup.sh
[2.291s] -- Symlinking: /home/vyom/cognipilot/cranium/install/synapse_tinyframe/share/synapse_tinyframe/local_setup.zsh
[2.314s] -- Symlinking: /home/vyom/cognipilot/cranium/install/synapse_tinyframe/share/synapse_tinyframe/local_setup.dsv
[2.350s] -- Symlinking: /home/vyom/cognipilot/cranium/install/synapse_tinyframe/share/synapse_tinyframe/package.dsv
[2.364s] -- Symlinking: /home/vyom/cognipilot/cranium/install/synapse_tinyframe/share/ament_index/resource_index/packages/synapse_tinyframe
[2.388s] -- Symlinking: /home/vyom/cognipilot/cranium/install/synapse_tinyframe/share/synapse_tinyframe/cmake/ament_cmake_export_targets-extras.cmake
[2.431s] -- Symlinking: /home/vyom/cognipilot/cranium/install/synapse_tinyframe/share/synapse_tinyframe/cmake/synapse_tinyframeConfig.cmake
[2.447s] -- Symlinking: /home/vyom/cognipilot/cranium/install/synapse_tinyframe/share/synapse_tinyframe/cmake/synapse_tinyframeConfig-version.cmake
[2.473s] -- Symlinking: /home/vyom/cognipilot/cranium/install/synapse_tinyframe/share/synapse_tinyframe/package.xml
[2.491s] -- Installing: /home/vyom/cognipilot/cranium/install/synapse_tinyframe/lib/libsynapse_tinyframe.a
[2.491s] -- Installing: /home/vyom/cognipilot/cranium/install/synapse_tinyframe/share/synapse_tinyframe/cmake/synapse_tinyframeExport.cmake
[2.491s] -- Installing: /home/vyom/cognipilot/cranium/install/synapse_tinyframe/share/synapse_tinyframe/cmake/synapse_tinyframeExport-noconfig.cmake
[2.499s] Invoked command in '/home/vyom/cognipilot/cranium/build/synapse_tinyframe' returned '0': CMAKE_PREFIX_PATH=/opt/ros/humble /usr/bin/cmake --install /home/vyom/cognipilot/cranium/build/synapse_tinyframe
