[0.021s] Invoking command in '/home/vyom/cognipilot/cranium/build/b3rb_nav2': CMAKE_PREFIX_PATH=/opt/ros/humble /usr/bin/cmake /home/vyom/cognipilot/cranium/src/b3rb/b3rb_nav2 -DAMENT_CMAKE_SYMLINK_INSTALL=1 -DCMAKE_INSTALL_PREFIX=/home/vyom/cognipilot/cranium/install/b3rb_nav2
[0.168s] -- The C compiler identification is GNU 11.4.0
[0.338s] -- The CXX compiler identification is GNU 11.4.0
[0.350s] -- Detecting C compiler ABI info
[0.493s] -- Detecting C compiler ABI info - done
[0.496s] -- Check for working C compiler: /usr/bin/cc - skipped
[0.496s] -- Detecting C compile features
[0.497s] -- Detecting C compile features - done
[0.502s] -- Detecting CXX compiler ABI info
[0.644s] -- Detecting CXX compiler ABI info - done
[0.661s] -- Check for working CXX compiler: /usr/bin/c++ - skipped
[0.661s] -- Detecting CXX compile features
[0.661s] -- Detecting CXX compile features - done
[0.668s] -- Found ament_cmake: 1.3.9 (/opt/ros/humble/share/ament_cmake/cmake)
[1.001s] -- Found Python3: /usr/bin/python3 (found version "3.10.12") found components: Interpreter 
[1.141s] -- Override CMake install command with custom implementation using symlinks instead of copying resources
[1.184s] -- Found ament_lint_auto: 0.12.11 (/opt/ros/humble/share/ament_lint_auto/cmake)
[1.327s] -- Added test 'flake8' to check Python code syntax and style conventions
[1.328s] -- Added test 'lint_cmake' to check CMake code style
[1.329s] -- Added test 'pep257' to check Python code against some of the docstring style conventions in PEP 257
[1.331s] -- Added test 'xmllint' to check XML markup files
[1.333s] -- Configuring done
[1.338s] -- Generating done
[1.339s] -- Build files have been written to: /home/vyom/cognipilot/cranium/build/b3rb_nav2
[1.349s] Invoked command in '/home/vyom/cognipilot/cranium/build/b3rb_nav2' returned '0': CMAKE_PREFIX_PATH=/opt/ros/humble /usr/bin/cmake /home/vyom/cognipilot/cranium/src/b3rb/b3rb_nav2 -DAMENT_CMAKE_SYMLINK_INSTALL=1 -DCMAKE_INSTALL_PREFIX=/home/vyom/cognipilot/cranium/install/b3rb_nav2
[1.349s] Invoking command in '/home/vyom/cognipilot/cranium/build/b3rb_nav2': CMAKE_PREFIX_PATH=/opt/ros/humble /usr/bin/cmake --build /home/vyom/cognipilot/cranium/build/b3rb_nav2 -- -j8 -l8
[1.404s] Invoked command in '/home/vyom/cognipilot/cranium/build/b3rb_nav2' returned '0': CMAKE_PREFIX_PATH=/opt/ros/humble /usr/bin/cmake --build /home/vyom/cognipilot/cranium/build/b3rb_nav2 -- -j8 -l8
[1.451s] Invoking command in '/home/vyom/cognipilot/cranium/build/b3rb_nav2': CMAKE_PREFIX_PATH=/opt/ros/humble /usr/bin/cmake --install /home/vyom/cognipilot/cranium/build/b3rb_nav2
[1.468s] -- Install configuration: ""
[1.468s] -- Execute custom install script
[1.469s] -- Symlinking: /home/vyom/cognipilot/cranium/install/b3rb_nav2/share/b3rb_nav2/config/localization.yaml
[1.478s] -- Symlinking: /home/vyom/cognipilot/cranium/install/b3rb_nav2/share/b3rb_nav2/config/nav2.yaml
[1.499s] -- Symlinking: /home/vyom/cognipilot/cranium/install/b3rb_nav2/share/b3rb_nav2/config/nav_through_poses_bt.xml
[1.513s] -- Symlinking: /home/vyom/cognipilot/cranium/install/b3rb_nav2/share/b3rb_nav2/config/nav_to_pose_bt.xml
[1.526s] -- Symlinking: /home/vyom/cognipilot/cranium/install/b3rb_nav2/share/b3rb_nav2/config/slam.yaml
[1.540s] -- Symlinking: /home/vyom/cognipilot/cranium/install/b3rb_nav2/share/b3rb_nav2/maps/basic_map.pgm
[1.553s] -- Symlinking: /home/vyom/cognipilot/cranium/install/b3rb_nav2/share/b3rb_nav2/maps/basic_map.yaml
[1.567s] -- Symlinking: /home/vyom/cognipilot/cranium/install/b3rb_nav2/share/b3rb_nav2/maps/depot.pgm
[1.585s] -- Symlinking: /home/vyom/cognipilot/cranium/install/b3rb_nav2/share/b3rb_nav2/maps/depot.yaml
[1.603s] -- Symlinking: /home/vyom/cognipilot/cranium/install/b3rb_nav2/share/b3rb_nav2/launch/localization.launch.py
[1.611s] -- Symlinking: /home/vyom/cognipilot/cranium/install/b3rb_nav2/share/b3rb_nav2/launch/nav2.launch.py
[1.625s] -- Symlinking: /home/vyom/cognipilot/cranium/install/b3rb_nav2/share/b3rb_nav2/launch/slam.launch.py
[1.637s] -- Symlinking: /home/vyom/cognipilot/cranium/install/b3rb_nav2/share/ament_index/resource_index/package_run_dependencies/b3rb_nav2
[1.650s] -- Symlinking: /home/vyom/cognipilot/cranium/install/b3rb_nav2/share/ament_index/resource_index/parent_prefix_path/b3rb_nav2
[1.663s] -- Symlinking: /home/vyom/cognipilot/cranium/install/b3rb_nav2/share/b3rb_nav2/environment/ament_prefix_path.sh
[1.676s] -- Symlinking: /home/vyom/cognipilot/cranium/install/b3rb_nav2/share/b3rb_nav2/environment/ament_prefix_path.dsv
[1.688s] -- Symlinking: /home/vyom/cognipilot/cranium/install/b3rb_nav2/share/b3rb_nav2/environment/path.sh
[1.722s] -- Symlinking: /home/vyom/cognipilot/cranium/install/b3rb_nav2/share/b3rb_nav2/environment/path.dsv
[1.722s] -- Symlinking: /home/vyom/cognipilot/cranium/install/b3rb_nav2/share/b3rb_nav2/local_setup.bash
[1.736s] -- Symlinking: /home/vyom/cognipilot/cranium/install/b3rb_nav2/share/b3rb_nav2/local_setup.sh
[1.736s] -- Symlinking: /home/vyom/cognipilot/cranium/install/b3rb_nav2/share/b3rb_nav2/local_setup.zsh
[1.743s] -- Symlinking: /home/vyom/cognipilot/cranium/install/b3rb_nav2/share/b3rb_nav2/local_setup.dsv
[1.768s] -- Symlinking: /home/vyom/cognipilot/cranium/install/b3rb_nav2/share/b3rb_nav2/package.dsv
[1.797s] -- Symlinking: /home/vyom/cognipilot/cranium/install/b3rb_nav2/share/ament_index/resource_index/packages/b3rb_nav2
[1.797s] -- Symlinking: /home/vyom/cognipilot/cranium/install/b3rb_nav2/share/b3rb_nav2/cmake/b3rb_nav2Config.cmake
[1.814s] -- Symlinking: /home/vyom/cognipilot/cranium/install/b3rb_nav2/share/b3rb_nav2/cmake/b3rb_nav2Config-version.cmake
[1.829s] -- Symlinking: /home/vyom/cognipilot/cranium/install/b3rb_nav2/share/b3rb_nav2/package.xml
[1.853s] Invoked command in '/home/vyom/cognipilot/cranium/build/b3rb_nav2' returned '0': CMAKE_PREFIX_PATH=/opt/ros/humble /usr/bin/cmake --install /home/vyom/cognipilot/cranium/build/b3rb_nav2
