[0.048s] Invoking command in '/home/vyom/cognipilot/cranium/build/b3rb_rviz': CMAKE_PREFIX_PATH=${CMAKE_PREFIX_PATH}:/home/vyom/cognipilot/cranium/install/nxp_cup_vision:/home/vyom/cognipilot/cranium/install/b3rb_ros_line_follower:/opt/ros/humble /usr/bin/cmake --build /home/vyom/cognipilot/cranium/build/b3rb_rviz -- -j8 -l8
[0.130s] Invoked command in '/home/vyom/cognipilot/cranium/build/b3rb_rviz' returned '0': CMAKE_PREFIX_PATH=${CMAKE_PREFIX_PATH}:/home/vyom/cognipilot/cranium/install/nxp_cup_vision:/home/vyom/cognipilot/cranium/install/b3rb_ros_line_follower:/opt/ros/humble /usr/bin/cmake --build /home/vyom/cognipilot/cranium/build/b3rb_rviz -- -j8 -l8
[0.223s] Invoking command in '/home/vyom/cognipilot/cranium/build/b3rb_rviz': CMAKE_PREFIX_PATH=${CMAKE_PREFIX_PATH}:/home/vyom/cognipilot/cranium/install/nxp_cup_vision:/home/vyom/cognipilot/cranium/install/b3rb_ros_line_follower:/opt/ros/humble /usr/bin/cmake --install /home/vyom/cognipilot/cranium/build/b3rb_rviz
[0.238s] -- Install configuration: ""
[0.238s] -- Execute custom install script
[0.239s] -- Up-to-date symlink: /home/vyom/cognipilot/cranium/install/b3rb_rviz/share/b3rb_rviz/rviz/nav2/robot.rviz
[0.239s] -- Up-to-date symlink: /home/vyom/cognipilot/cranium/install/b3rb_rviz/share/b3rb_rviz/launch/view_robot.launch.py
[0.239s] -- Up-to-date symlink: /home/vyom/cognipilot/cranium/install/b3rb_rviz/share/ament_index/resource_index/package_run_dependencies/b3rb_rviz
[0.240s] -- Up-to-date symlink: /home/vyom/cognipilot/cranium/install/b3rb_rviz/share/ament_index/resource_index/parent_prefix_path/b3rb_rviz
[0.241s] -- Up-to-date symlink: /home/vyom/cognipilot/cranium/install/b3rb_rviz/share/b3rb_rviz/environment/ament_prefix_path.sh
[0.241s] -- Up-to-date symlink: /home/vyom/cognipilot/cranium/install/b3rb_rviz/share/b3rb_rviz/environment/ament_prefix_path.dsv
[0.241s] -- Up-to-date symlink: /home/vyom/cognipilot/cranium/install/b3rb_rviz/share/b3rb_rviz/environment/path.sh
[0.242s] -- Up-to-date symlink: /home/vyom/cognipilot/cranium/install/b3rb_rviz/share/b3rb_rviz/environment/path.dsv
[0.242s] -- Up-to-date symlink: /home/vyom/cognipilot/cranium/install/b3rb_rviz/share/b3rb_rviz/local_setup.bash
[0.242s] -- Up-to-date symlink: /home/vyom/cognipilot/cranium/install/b3rb_rviz/share/b3rb_rviz/local_setup.sh
[0.243s] -- Up-to-date symlink: /home/vyom/cognipilot/cranium/install/b3rb_rviz/share/b3rb_rviz/local_setup.zsh
[0.243s] -- Up-to-date symlink: /home/vyom/cognipilot/cranium/install/b3rb_rviz/share/b3rb_rviz/local_setup.dsv
[0.243s] -- Symlinking: /home/vyom/cognipilot/cranium/install/b3rb_rviz/share/b3rb_rviz/package.dsv
[0.263s] -- Up-to-date symlink: /home/vyom/cognipilot/cranium/install/b3rb_rviz/share/ament_index/resource_index/packages/b3rb_rviz
[0.263s] -- Up-to-date symlink: /home/vyom/cognipilot/cranium/install/b3rb_rviz/share/b3rb_rviz/cmake/b3rb_rvizConfig.cmake
[0.264s] -- Up-to-date symlink: /home/vyom/cognipilot/cranium/install/b3rb_rviz/share/b3rb_rviz/cmake/b3rb_rvizConfig-version.cmake
[0.264s] -- Up-to-date symlink: /home/vyom/cognipilot/cranium/install/b3rb_rviz/share/b3rb_rviz/package.xml
[0.298s] Invoked command in '/home/vyom/cognipilot/cranium/build/b3rb_rviz' returned '0': CMAKE_PREFIX_PATH=${CMAKE_PREFIX_PATH}:/home/vyom/cognipilot/cranium/install/nxp_cup_vision:/home/vyom/cognipilot/cranium/install/b3rb_ros_line_follower:/opt/ros/humble /usr/bin/cmake --install /home/vyom/cognipilot/cranium/build/b3rb_rviz
