[0.184s] Invoking command in '/home/vyom/cognipilot/cranium/build/synapse_protobuf': CMAKE_PREFIX_PATH=${CMAKE_PREFIX_PATH}:/home/vyom/cognipilot/cranium/install/nxp_cup_vision:/home/vyom/cognipilot/cranium/install/b3rb_ros_line_follower:/opt/ros/humble /usr/bin/cmake /home/vyom/cognipilot/cranium/src/synapse_protobuf -DAMENT_CMAKE_SYMLINK_INSTALL=1 -DCMAKE_INSTALL_PREFIX=/home/vyom/cognipilot/cranium/install/synapse_protobuf
[0.301s] -- Found ament_cmake: 1.3.9 (/opt/ros/humble/share/ament_cmake/cmake)
[0.990s] -- Override CMake install command with custom implementation using symlinks instead of copying resources
[1.144s] -- proto_src: /home/vyom/cognipilot/cranium/build/synapse_protobuf/proto/actuators.pb.cc;/home/vyom/cognipilot/cranium/build/synapse_protobuf/proto/altimeter.pb.cc;/home/vyom/cognipilot/cranium/build/synapse_protobuf/proto/battery_state.pb.cc;/home/vyom/cognipilot/cranium/build/synapse_protobuf/proto/bezier_curve.pb.cc;/home/vyom/cognipilot/cranium/build/synapse_protobuf/proto/bezier_trajectory.pb.cc;/home/vyom/cognipilot/cranium/build/synapse_protobuf/proto/can.pb.cc;/home/vyom/cognipilot/cranium/build/synapse_protobuf/proto/header.pb.cc;/home/vyom/cognipilot/cranium/build/synapse_protobuf/proto/imu.pb.cc;/home/vyom/cognipilot/cranium/build/synapse_protobuf/proto/joy.pb.cc;/home/vyom/cognipilot/cranium/build/synapse_protobuf/proto/led.pb.cc;/home/vyom/cognipilot/cranium/build/synapse_protobuf/proto/led_array.pb.cc;/home/vyom/cognipilot/cranium/build/synapse_protobuf/proto/magnetic_field.pb.cc;/home/vyom/cognipilot/cranium/build/synapse_protobuf/proto/nav_sat_fix.pb.cc;/home/vyom/cognipilot/cranium/build/synapse_protobuf/proto/nav_sat_status.pb.cc;/home/vyom/cognipilot/cranium/build/synapse_protobuf/proto/odometry.pb.cc;/home/vyom/cognipilot/cranium/build/synapse_protobuf/proto/pixy_vector.pb.cc;/home/vyom/cognipilot/cranium/build/synapse_protobuf/proto/point.pb.cc;/home/vyom/cognipilot/cranium/build/synapse_protobuf/proto/pose.pb.cc;/home/vyom/cognipilot/cranium/build/synapse_protobuf/proto/pose_with_covariance.pb.cc;/home/vyom/cognipilot/cranium/build/synapse_protobuf/proto/quaternion.pb.cc;/home/vyom/cognipilot/cranium/build/synapse_protobuf/proto/safety.pb.cc;/home/vyom/cognipilot/cranium/build/synapse_protobuf/proto/sim_clock.pb.cc;/home/vyom/cognipilot/cranium/build/synapse_protobuf/proto/status.pb.cc;/home/vyom/cognipilot/cranium/build/synapse_protobuf/proto/time.pb.cc;/home/vyom/cognipilot/cranium/build/synapse_protobuf/proto/twist.pb.cc;/home/vyom/cognipilot/cranium/build/synapse_protobuf/proto/twist_with_covariance.pb.cc;/home/vyom/cognipilot/cranium/build/synapse_protobuf/proto/vector3.pb.cc;/home/vyom/cognipilot/cranium/build/synapse_protobuf/proto/wheel_odometry.pb.cc
[1.145s] -- proto_hdrs: /home/vyom/cognipilot/cranium/build/synapse_protobuf/proto/actuators.pb.h;/home/vyom/cognipilot/cranium/build/synapse_protobuf/proto/altimeter.pb.h;/home/vyom/cognipilot/cranium/build/synapse_protobuf/proto/battery_state.pb.h;/home/vyom/cognipilot/cranium/build/synapse_protobuf/proto/bezier_curve.pb.h;/home/vyom/cognipilot/cranium/build/synapse_protobuf/proto/bezier_trajectory.pb.h;/home/vyom/cognipilot/cranium/build/synapse_protobuf/proto/can.pb.h;/home/vyom/cognipilot/cranium/build/synapse_protobuf/proto/header.pb.h;/home/vyom/cognipilot/cranium/build/synapse_protobuf/proto/imu.pb.h;/home/vyom/cognipilot/cranium/build/synapse_protobuf/proto/joy.pb.h;/home/vyom/cognipilot/cranium/build/synapse_protobuf/proto/led.pb.h;/home/vyom/cognipilot/cranium/build/synapse_protobuf/proto/led_array.pb.h;/home/vyom/cognipilot/cranium/build/synapse_protobuf/proto/magnetic_field.pb.h;/home/vyom/cognipilot/cranium/build/synapse_protobuf/proto/nav_sat_fix.pb.h;/home/vyom/cognipilot/cranium/build/synapse_protobuf/proto/nav_sat_status.pb.h;/home/vyom/cognipilot/cranium/build/synapse_protobuf/proto/odometry.pb.h;/home/vyom/cognipilot/cranium/build/synapse_protobuf/proto/pixy_vector.pb.h;/home/vyom/cognipilot/cranium/build/synapse_protobuf/proto/point.pb.h;/home/vyom/cognipilot/cranium/build/synapse_protobuf/proto/pose.pb.h;/home/vyom/cognipilot/cranium/build/synapse_protobuf/proto/pose_with_covariance.pb.h;/home/vyom/cognipilot/cranium/build/synapse_protobuf/proto/quaternion.pb.h;/home/vyom/cognipilot/cranium/build/synapse_protobuf/proto/safety.pb.h;/home/vyom/cognipilot/cranium/build/synapse_protobuf/proto/sim_clock.pb.h;/home/vyom/cognipilot/cranium/build/synapse_protobuf/proto/status.pb.h;/home/vyom/cognipilot/cranium/build/synapse_protobuf/proto/time.pb.h;/home/vyom/cognipilot/cranium/build/synapse_protobuf/proto/twist.pb.h;/home/vyom/cognipilot/cranium/build/synapse_protobuf/proto/twist_with_covariance.pb.h;/home/vyom/cognipilot/cranium/build/synapse_protobuf/proto/vector3.pb.h;/home/vyom/cognipilot/cranium/build/synapse_protobuf/proto/wheel_odometry.pb.h
[1.161s] -- Found ament_lint_auto: 0.12.11 (/opt/ros/humble/share/ament_lint_auto/cmake)
[1.527s] -- Added test 'copyright' to check source files copyright and LICENSE
[1.592s] -- Added test 'lint_cmake' to check CMake code style
[1.615s] -- Added test 'xmllint' to check XML markup files
[1.633s] -- Configuring done
[1.737s] -- Generating done
[1.737s] -- Build files have been written to: /home/vyom/cognipilot/cranium/build/synapse_protobuf
[1.770s] Invoked command in '/home/vyom/cognipilot/cranium/build/synapse_protobuf' returned '0': CMAKE_PREFIX_PATH=${CMAKE_PREFIX_PATH}:/home/vyom/cognipilot/cranium/install/nxp_cup_vision:/home/vyom/cognipilot/cranium/install/b3rb_ros_line_follower:/opt/ros/humble /usr/bin/cmake /home/vyom/cognipilot/cranium/src/synapse_protobuf -DAMENT_CMAKE_SYMLINK_INSTALL=1 -DCMAKE_INSTALL_PREFIX=/home/vyom/cognipilot/cranium/install/synapse_protobuf
[1.771s] Invoking command in '/home/vyom/cognipilot/cranium/build/synapse_protobuf': CMAKE_PREFIX_PATH=${CMAKE_PREFIX_PATH}:/home/vyom/cognipilot/cranium/install/nxp_cup_vision:/home/vyom/cognipilot/cranium/install/b3rb_ros_line_follower:/opt/ros/humble /usr/bin/cmake --build /home/vyom/cognipilot/cranium/build/synapse_protobuf -- -j8 -l8
[2.117s] [35m[1mConsolidate compiler generated dependencies of target synapse_protobuf[0m
[2.297s] [100%] Built target synapse_protobuf
[2.451s] Invoked command in '/home/vyom/cognipilot/cranium/build/synapse_protobuf' returned '0': CMAKE_PREFIX_PATH=${CMAKE_PREFIX_PATH}:/home/vyom/cognipilot/cranium/install/nxp_cup_vision:/home/vyom/cognipilot/cranium/install/b3rb_ros_line_follower:/opt/ros/humble /usr/bin/cmake --build /home/vyom/cognipilot/cranium/build/synapse_protobuf -- -j8 -l8
[2.610s] Invoking command in '/home/vyom/cognipilot/cranium/build/synapse_protobuf': CMAKE_PREFIX_PATH=${CMAKE_PREFIX_PATH}:/home/vyom/cognipilot/cranium/install/nxp_cup_vision:/home/vyom/cognipilot/cranium/install/b3rb_ros_line_follower:/opt/ros/humble /usr/bin/cmake --install /home/vyom/cognipilot/cranium/build/synapse_protobuf
[2.646s] -- Install configuration: ""
[2.647s] -- Execute custom install script
[2.648s] -- Up-to-date symlink: /home/vyom/cognipilot/cranium/install/synapse_protobuf/include/synapse_protobuf/actuators.pb.h
[2.649s] -- Up-to-date symlink: /home/vyom/cognipilot/cranium/install/synapse_protobuf/include/synapse_protobuf/altimeter.pb.h
[2.649s] -- Up-to-date symlink: /home/vyom/cognipilot/cranium/install/synapse_protobuf/include/synapse_protobuf/battery_state.pb.h
[2.650s] -- Up-to-date symlink: /home/vyom/cognipilot/cranium/install/synapse_protobuf/include/synapse_protobuf/bezier_curve.pb.h
[2.650s] -- Up-to-date symlink: /home/vyom/cognipilot/cranium/install/synapse_protobuf/include/synapse_protobuf/bezier_trajectory.pb.h
[2.651s] -- Up-to-date symlink: /home/vyom/cognipilot/cranium/install/synapse_protobuf/include/synapse_protobuf/can.pb.h
[2.651s] -- Up-to-date symlink: /home/vyom/cognipilot/cranium/install/synapse_protobuf/include/synapse_protobuf/header.pb.h
[2.652s] -- Up-to-date symlink: /home/vyom/cognipilot/cranium/install/synapse_protobuf/include/synapse_protobuf/imu.pb.h
[2.654s] -- Up-to-date symlink: /home/vyom/cognipilot/cranium/install/synapse_protobuf/include/synapse_protobuf/joy.pb.h
[2.654s] -- Up-to-date symlink: /home/vyom/cognipilot/cranium/install/synapse_protobuf/include/synapse_protobuf/led.pb.h
[2.657s] -- Up-to-date symlink: /home/vyom/cognipilot/cranium/install/synapse_protobuf/include/synapse_protobuf/led_array.pb.h
[2.661s] -- Up-to-date symlink: /home/vyom/cognipilot/cranium/install/synapse_protobuf/include/synapse_protobuf/magnetic_field.pb.h
[2.661s] -- Up-to-date symlink: /home/vyom/cognipilot/cranium/install/synapse_protobuf/include/synapse_protobuf/nav_sat_fix.pb.h
[2.662s] -- Up-to-date symlink: /home/vyom/cognipilot/cranium/install/synapse_protobuf/include/synapse_protobuf/nav_sat_status.pb.h
[2.703s] -- Up-to-date symlink: /home/vyom/cognipilot/cranium/install/synapse_protobuf/include/synapse_protobuf/odometry.pb.h
[2.703s] -- Up-to-date symlink: /home/vyom/cognipilot/cranium/install/synapse_protobuf/include/synapse_protobuf/pixy_vector.pb.h
[2.704s] -- Up-to-date symlink: /home/vyom/cognipilot/cranium/install/synapse_protobuf/include/synapse_protobuf/point.pb.h
[2.723s] -- Up-to-date symlink: /home/vyom/cognipilot/cranium/install/synapse_protobuf/include/synapse_protobuf/pose.pb.h
[2.724s] -- Up-to-date symlink: /home/vyom/cognipilot/cranium/install/synapse_protobuf/include/synapse_protobuf/pose_with_covariance.pb.h
[2.724s] -- Up-to-date symlink: /home/vyom/cognipilot/cranium/install/synapse_protobuf/include/synapse_protobuf/quaternion.pb.h
[2.725s] -- Up-to-date symlink: /home/vyom/cognipilot/cranium/install/synapse_protobuf/include/synapse_protobuf/safety.pb.h
[2.726s] -- Up-to-date symlink: /home/vyom/cognipilot/cranium/install/synapse_protobuf/include/synapse_protobuf/sim_clock.pb.h
[2.726s] -- Up-to-date symlink: /home/vyom/cognipilot/cranium/install/synapse_protobuf/include/synapse_protobuf/status.pb.h
[2.726s] -- Up-to-date symlink: /home/vyom/cognipilot/cranium/install/synapse_protobuf/include/synapse_protobuf/time.pb.h
[2.726s] -- Up-to-date symlink: /home/vyom/cognipilot/cranium/install/synapse_protobuf/include/synapse_protobuf/twist.pb.h
[2.727s] -- Up-to-date symlink: /home/vyom/cognipilot/cranium/install/synapse_protobuf/include/synapse_protobuf/twist_with_covariance.pb.h
[2.727s] -- Up-to-date symlink: /home/vyom/cognipilot/cranium/install/synapse_protobuf/include/synapse_protobuf/vector3.pb.h
[2.727s] -- Up-to-date symlink: /home/vyom/cognipilot/cranium/install/synapse_protobuf/include/synapse_protobuf/wheel_odometry.pb.h
[2.728s] -- Up-to-date symlink: /home/vyom/cognipilot/cranium/install/synapse_protobuf/share/synapse_protobuf/environment/library_path.sh
[2.728s] -- Up-to-date symlink: /home/vyom/cognipilot/cranium/install/synapse_protobuf/share/synapse_protobuf/environment/library_path.dsv
[2.728s] -- Up-to-date symlink: /home/vyom/cognipilot/cranium/install/synapse_protobuf/share/ament_index/resource_index/package_run_dependencies/synapse_protobuf
[2.728s] -- Up-to-date symlink: /home/vyom/cognipilot/cranium/install/synapse_protobuf/share/ament_index/resource_index/parent_prefix_path/synapse_protobuf
[2.729s] -- Up-to-date symlink: /home/vyom/cognipilot/cranium/install/synapse_protobuf/share/synapse_protobuf/environment/ament_prefix_path.sh
[2.729s] -- Up-to-date symlink: /home/vyom/cognipilot/cranium/install/synapse_protobuf/share/synapse_protobuf/environment/ament_prefix_path.dsv
[2.730s] -- Up-to-date symlink: /home/vyom/cognipilot/cranium/install/synapse_protobuf/share/synapse_protobuf/environment/path.sh
[2.730s] -- Up-to-date symlink: /home/vyom/cognipilot/cranium/install/synapse_protobuf/share/synapse_protobuf/environment/path.dsv
[2.730s] -- Up-to-date symlink: /home/vyom/cognipilot/cranium/install/synapse_protobuf/share/synapse_protobuf/local_setup.bash
[2.731s] -- Up-to-date symlink: /home/vyom/cognipilot/cranium/install/synapse_protobuf/share/synapse_protobuf/local_setup.sh
[2.732s] -- Up-to-date symlink: /home/vyom/cognipilot/cranium/install/synapse_protobuf/share/synapse_protobuf/local_setup.zsh
[2.732s] -- Up-to-date symlink: /home/vyom/cognipilot/cranium/install/synapse_protobuf/share/synapse_protobuf/local_setup.dsv
[2.732s] -- Symlinking: /home/vyom/cognipilot/cranium/install/synapse_protobuf/share/synapse_protobuf/package.dsv
[2.734s] -- Up-to-date symlink: /home/vyom/cognipilot/cranium/install/synapse_protobuf/share/ament_index/resource_index/packages/synapse_protobuf
[2.735s] -- Up-to-date symlink: /home/vyom/cognipilot/cranium/install/synapse_protobuf/share/synapse_protobuf/cmake/ament_cmake_export_targets-extras.cmake
[2.738s] -- Up-to-date symlink: /home/vyom/cognipilot/cranium/install/synapse_protobuf/share/synapse_protobuf/cmake/ament_cmake_export_dependencies-extras.cmake
[2.738s] -- Up-to-date symlink: /home/vyom/cognipilot/cranium/install/synapse_protobuf/share/synapse_protobuf/cmake/synapse_protobufConfig.cmake
[2.745s] -- Up-to-date symlink: /home/vyom/cognipilot/cranium/install/synapse_protobuf/share/synapse_protobuf/cmake/synapse_protobufConfig-version.cmake
[2.746s] -- Up-to-date symlink: /home/vyom/cognipilot/cranium/install/synapse_protobuf/share/synapse_protobuf/package.xml
[2.746s] -- Up-to-date: /home/vyom/cognipilot/cranium/install/synapse_protobuf/share/synapse_protobuf/cmake/synapse_protobufExport.cmake
[2.746s] -- Up-to-date: /home/vyom/cognipilot/cranium/install/synapse_protobuf/share/synapse_protobuf/cmake/synapse_protobufExport-noconfig.cmake
[2.746s] -- Up-to-date: /home/vyom/cognipilot/cranium/install/synapse_protobuf/lib/libsynapse_protobuf.a
[2.903s] Invoked command in '/home/vyom/cognipilot/cranium/build/synapse_protobuf' returned '0': CMAKE_PREFIX_PATH=${CMAKE_PREFIX_PATH}:/home/vyom/cognipilot/cranium/install/nxp_cup_vision:/home/vyom/cognipilot/cranium/install/b3rb_ros_line_follower:/opt/ros/humble /usr/bin/cmake --install /home/vyom/cognipilot/cranium/build/synapse_protobuf
