[0.155s] Invoking command in '/home/vyom/cognipilot/cranium/build/b3rb_rviz': CMAKE_PREFIX_PATH=${CMAKE_PREFIX_PATH}:/home/vyom/cognipilot/cranium/install/nxp_cup_vision:/home/vyom/cognipilot/cranium/install/b3rb_ros_line_follower:/opt/ros/humble /usr/bin/cmake /home/vyom/cognipilot/cranium/src/b3rb_desktop/b3rb_rviz -DAMENT_CMAKE_SYMLINK_INSTALL=1 -DCMAKE_INSTALL_PREFIX=/home/vyom/cognipilot/cranium/install/b3rb_rviz
[0.273s] -- Found ament_cmake: 1.3.9 (/opt/ros/humble/share/ament_cmake/cmake)
[0.884s] -- Override CMake install command with custom implementation using symlinks instead of copying resources
[0.959s] -- Found ament_lint_auto: 0.12.11 (/opt/ros/humble/share/ament_lint_auto/cmake)
[1.347s] -- Added test 'flake8' to check Python code syntax and style conventions
[1.351s] -- Added test 'lint_cmake' to check CMake code style
[1.355s] -- Added test 'pep257' to check Python code against some of the docstring style conventions in PEP 257
[1.357s] -- Added test 'xmllint' to check XML markup files
[1.364s] -- Configuring done
[1.388s] -- Generating done
[1.390s] -- Build files have been written to: /home/vyom/cognipilot/cranium/build/b3rb_rviz
[1.424s] Invoked command in '/home/vyom/cognipilot/cranium/build/b3rb_rviz' returned '0': CMAKE_PREFIX_PATH=${CMAKE_PREFIX_PATH}:/home/vyom/cognipilot/cranium/install/nxp_cup_vision:/home/vyom/cognipilot/cranium/install/b3rb_ros_line_follower:/opt/ros/humble /usr/bin/cmake /home/vyom/cognipilot/cranium/src/b3rb_desktop/b3rb_rviz -DAMENT_CMAKE_SYMLINK_INSTALL=1 -DCMAKE_INSTALL_PREFIX=/home/vyom/cognipilot/cranium/install/b3rb_rviz
[1.435s] Invoking command in '/home/vyom/cognipilot/cranium/build/b3rb_rviz': CMAKE_PREFIX_PATH=${CMAKE_PREFIX_PATH}:/home/vyom/cognipilot/cranium/install/nxp_cup_vision:/home/vyom/cognipilot/cranium/install/b3rb_ros_line_follower:/opt/ros/humble /usr/bin/cmake --build /home/vyom/cognipilot/cranium/build/b3rb_rviz -- -j8 -l8
[1.624s] Invoked command in '/home/vyom/cognipilot/cranium/build/b3rb_rviz' returned '0': CMAKE_PREFIX_PATH=${CMAKE_PREFIX_PATH}:/home/vyom/cognipilot/cranium/install/nxp_cup_vision:/home/vyom/cognipilot/cranium/install/b3rb_ros_line_follower:/opt/ros/humble /usr/bin/cmake --build /home/vyom/cognipilot/cranium/build/b3rb_rviz -- -j8 -l8
[1.832s] Invoking command in '/home/vyom/cognipilot/cranium/build/b3rb_rviz': CMAKE_PREFIX_PATH=${CMAKE_PREFIX_PATH}:/home/vyom/cognipilot/cranium/install/nxp_cup_vision:/home/vyom/cognipilot/cranium/install/b3rb_ros_line_follower:/opt/ros/humble /usr/bin/cmake --install /home/vyom/cognipilot/cranium/build/b3rb_rviz
[1.876s] -- Install configuration: ""
[1.876s] -- Execute custom install script
[1.876s] -- Up-to-date symlink: /home/vyom/cognipilot/cranium/install/b3rb_rviz/share/b3rb_rviz/rviz/nav2/robot.rviz
[1.876s] -- Up-to-date symlink: /home/vyom/cognipilot/cranium/install/b3rb_rviz/share/b3rb_rviz/launch/view_robot.launch.py
[1.878s] -- Up-to-date symlink: /home/vyom/cognipilot/cranium/install/b3rb_rviz/share/ament_index/resource_index/package_run_dependencies/b3rb_rviz
[1.878s] -- Up-to-date symlink: /home/vyom/cognipilot/cranium/install/b3rb_rviz/share/ament_index/resource_index/parent_prefix_path/b3rb_rviz
[1.880s] -- Up-to-date symlink: /home/vyom/cognipilot/cranium/install/b3rb_rviz/share/b3rb_rviz/environment/ament_prefix_path.sh
[1.881s] -- Up-to-date symlink: /home/vyom/cognipilot/cranium/install/b3rb_rviz/share/b3rb_rviz/environment/ament_prefix_path.dsv
[1.884s] -- Up-to-date symlink: /home/vyom/cognipilot/cranium/install/b3rb_rviz/share/b3rb_rviz/environment/path.sh
[1.888s] -- Up-to-date symlink: /home/vyom/cognipilot/cranium/install/b3rb_rviz/share/b3rb_rviz/environment/path.dsv
[1.891s] -- Up-to-date symlink: /home/vyom/cognipilot/cranium/install/b3rb_rviz/share/b3rb_rviz/local_setup.bash
[1.896s] -- Up-to-date symlink: /home/vyom/cognipilot/cranium/install/b3rb_rviz/share/b3rb_rviz/local_setup.sh
[1.896s] -- Up-to-date symlink: /home/vyom/cognipilot/cranium/install/b3rb_rviz/share/b3rb_rviz/local_setup.zsh
[1.896s] -- Up-to-date symlink: /home/vyom/cognipilot/cranium/install/b3rb_rviz/share/b3rb_rviz/local_setup.dsv
[1.896s] -- Symlinking: /home/vyom/cognipilot/cranium/install/b3rb_rviz/share/b3rb_rviz/package.dsv
[1.964s] -- Up-to-date symlink: /home/vyom/cognipilot/cranium/install/b3rb_rviz/share/ament_index/resource_index/packages/b3rb_rviz
[1.965s] -- Up-to-date symlink: /home/vyom/cognipilot/cranium/install/b3rb_rviz/share/b3rb_rviz/cmake/b3rb_rvizConfig.cmake
[1.965s] -- Up-to-date symlink: /home/vyom/cognipilot/cranium/install/b3rb_rviz/share/b3rb_rviz/cmake/b3rb_rvizConfig-version.cmake
[1.965s] -- Up-to-date symlink: /home/vyom/cognipilot/cranium/install/b3rb_rviz/share/b3rb_rviz/package.xml
[2.127s] Invoked command in '/home/vyom/cognipilot/cranium/build/b3rb_rviz' returned '0': CMAKE_PREFIX_PATH=${CMAKE_PREFIX_PATH}:/home/vyom/cognipilot/cranium/install/nxp_cup_vision:/home/vyom/cognipilot/cranium/install/b3rb_ros_line_follower:/opt/ros/humble /usr/bin/cmake --install /home/vyom/cognipilot/cranium/build/b3rb_rviz
