[0.275s] Invoking command in '/home/vyom/cognipilot/cranium/build/corti': CMAKE_PREFIX_PATH=/home/vyom/cognipilot/cranium/install/synapse_msgs:/home/vyom/cognipilot/cranium/install/synapse_ros:/home/vyom/cognipilot/cranium/install/synapse_gz:/home/vyom/cognipilot/cranium/install/synapse_tinyframe:/home/vyom/cognipilot/cranium/install/synapse_protobuf:/home/vyom/cognipilot/cranium/install/corti:/home/vyom/cognipilot/cranium/install/dream_world:/home/vyom/cognipilot/cranium/install/cerebri_bringup:/home/vyom/cognipilot/cranium/install/b3rb_simulator:/home/vyom/cognipilot/cranium/install/b3rb_desktop:/home/vyom/cognipilot/cranium/install/b3rb_rviz:/home/vyom/cognipilot/cranium/install/b3rb_nav2:/home/vyom/cognipilot/cranium/install/b3rb_gz_resource:/home/vyom/cognipilot/cranium/install/b3rb_gz_bringup:/home/vyom/cognipilot/cranium/install/b3rb_description:/home/vyom/cognipilot/electrode/install/electrode:/home/vyom/cognipilot/cranium/install/nxp_cup_vision:/home/vyom/cognipilot/cranium/install/b3rb_ros_line_follower:/opt/ros/humble LD_LIBRARY_PATH=/home/vyom/cognipilot/cranium/install/synapse_msgs/lib:/home/vyom/cognipilot/cranium/install/synapse_tinyframe/lib:/home/vyom/cognipilot/cranium/install/synapse_protobuf/lib:/opt/ros/humble/opt/rviz_ogre_vendor/lib:/opt/ros/humble/lib/x86_64-linux-gnu:/opt/ros/humble/lib /usr/bin/cmake --build /home/vyom/cognipilot/cranium/build/corti -- -j8 -l8
[0.568s] -- Found ament_cmake: 1.3.9 (/opt/ros/humble/share/ament_cmake/cmake)
[0.568s] -- Override CMake install command with custom implementation using symlinks instead of copying resources
[0.568s] -- Found geometry_msgs: 4.2.4 (/opt/ros/humble/share/geometry_msgs/cmake)
[0.568s] -- Found rosidl_generator_c: 3.1.5 (/opt/ros/humble/share/rosidl_generator_c/cmake)
[0.569s] -- Found rosidl_adapter: 3.1.5 (/opt/ros/humble/share/rosidl_adapter/cmake)
[0.569s] -- Found rosidl_generator_cpp: 3.1.5 (/opt/ros/humble/share/rosidl_generator_cpp/cmake)
[0.569s] -- Using all available rosidl_typesupport_c: rosidl_typesupport_fastrtps_c;rosidl_typesupport_introspection_c
[0.570s] -- Using all available rosidl_typesupport_cpp: rosidl_typesupport_fastrtps_cpp;rosidl_typesupport_introspection_cpp
[0.642s] -- Found nav_msgs: 4.2.4 (/opt/ros/humble/share/nav_msgs/cmake)
[0.759s] -- Found rclcpp: 16.0.9 (/opt/ros/humble/share/rclcpp/cmake)
[0.826s] -- Found rmw_implementation_cmake: 6.1.2 (/opt/ros/humble/share/rmw_implementation_cmake/cmake)
[0.829s] -- Found rmw_cyclonedds_cpp: 1.3.4 (/opt/ros/humble/share/rmw_cyclonedds_cpp/cmake)
[0.876s] -- Using RMW implementation 'rmw_cyclonedds_cpp' as default
[1.055s] -- Found rclpy: 3.3.13 (/opt/ros/humble/share/rclpy/cmake)
[1.056s] -- Found synapse_msgs: 0.0.1 (/home/vyom/cognipilot/cranium/install/synapse_msgs/share/synapse_msgs/cmake)
[1.151s] -- Found tf2: 0.25.7 (/opt/ros/humble/share/tf2/cmake)
[1.164s] -- Found tf2_ros: 0.25.7 (/opt/ros/humble/share/tf2_ros/cmake)
[1.600s] -- Found ament_lint_auto: 0.12.11 (/opt/ros/humble/share/ament_lint_auto/cmake)
[1.694s] -- Added test 'cppcheck' to perform static code analysis on C / C++ code
[1.694s] -- Configured cppcheck include dirs: 
[1.694s] -- Configured cppcheck exclude dirs and/or files: 
[1.695s] -- Added test 'flake8' to check Python code syntax and style conventions
[1.696s] -- Added test 'lint_cmake' to check CMake code style
[1.697s] -- Added test 'pep257' to check Python code against some of the docstring style conventions in PEP 257
[1.701s] -- Added test 'uncrustify' to check C / C++ code style
[1.701s] -- Configured uncrustify additional arguments: 
[1.701s] -- Added test 'xmllint' to check XML markup files
[1.703s] -- Configuring done
[1.732s] -- Generating done
[1.734s] -- Build files have been written to: /home/vyom/cognipilot/cranium/build/corti
[1.766s] [35m[1mConsolidate compiler generated dependencies of target bezier6[0m
[1.767s] [35m[1mConsolidate compiler generated dependencies of target odom_to_tf[0m
[1.768s] [35m[1mConsolidate compiler generated dependencies of target tf_to_odom[0m
[1.780s] [ 25%] Built target bezier6
[1.786s] [ 25%] Built target ament_cmake_python_symlink_corti
[1.794s] [35m[1mConsolidate compiler generated dependencies of target rover_planner[0m
[1.796s] [ 50%] Built target odom_to_tf
[1.799s] [ 75%] Built target tf_to_odom
[1.814s] [ 87%] [32mBuilding CXX object CMakeFiles/rover_planner.dir/src/rover_planner.cpp.o[0m
[2.117s] running egg_info
[2.118s] writing corti.egg-info/PKG-INFO
[2.118s] writing dependency_links to corti.egg-info/dependency_links.txt
[2.118s] writing top-level names to corti.egg-info/top_level.txt
[2.121s] reading manifest file 'corti.egg-info/SOURCES.txt'
[2.122s] writing manifest file 'corti.egg-info/SOURCES.txt'
[2.157s] [ 87%] Built target ament_cmake_python_build_corti_egg
[12.991s] [100%] [32m[1mLinking CXX executable rover_planner[0m
[13.608s] [100%] Built target rover_planner
[13.620s] Invoked command in '/home/vyom/cognipilot/cranium/build/corti' returned '0': CMAKE_PREFIX_PATH=/home/vyom/cognipilot/cranium/install/synapse_msgs:/home/vyom/cognipilot/cranium/install/synapse_ros:/home/vyom/cognipilot/cranium/install/synapse_gz:/home/vyom/cognipilot/cranium/install/synapse_tinyframe:/home/vyom/cognipilot/cranium/install/synapse_protobuf:/home/vyom/cognipilot/cranium/install/corti:/home/vyom/cognipilot/cranium/install/dream_world:/home/vyom/cognipilot/cranium/install/cerebri_bringup:/home/vyom/cognipilot/cranium/install/b3rb_simulator:/home/vyom/cognipilot/cranium/install/b3rb_desktop:/home/vyom/cognipilot/cranium/install/b3rb_rviz:/home/vyom/cognipilot/cranium/install/b3rb_nav2:/home/vyom/cognipilot/cranium/install/b3rb_gz_resource:/home/vyom/cognipilot/cranium/install/b3rb_gz_bringup:/home/vyom/cognipilot/cranium/install/b3rb_description:/home/vyom/cognipilot/electrode/install/electrode:/home/vyom/cognipilot/cranium/install/nxp_cup_vision:/home/vyom/cognipilot/cranium/install/b3rb_ros_line_follower:/opt/ros/humble LD_LIBRARY_PATH=/home/vyom/cognipilot/cranium/install/synapse_msgs/lib:/home/vyom/cognipilot/cranium/install/synapse_tinyframe/lib:/home/vyom/cognipilot/cranium/install/synapse_protobuf/lib:/opt/ros/humble/opt/rviz_ogre_vendor/lib:/opt/ros/humble/lib/x86_64-linux-gnu:/opt/ros/humble/lib /usr/bin/cmake --build /home/vyom/cognipilot/cranium/build/corti -- -j8 -l8
[13.667s] Invoking command in '/home/vyom/cognipilot/cranium/build/corti': CMAKE_PREFIX_PATH=/home/vyom/cognipilot/cranium/install/synapse_msgs:/home/vyom/cognipilot/cranium/install/synapse_ros:/home/vyom/cognipilot/cranium/install/synapse_gz:/home/vyom/cognipilot/cranium/install/synapse_tinyframe:/home/vyom/cognipilot/cranium/install/synapse_protobuf:/home/vyom/cognipilot/cranium/install/corti:/home/vyom/cognipilot/cranium/install/dream_world:/home/vyom/cognipilot/cranium/install/cerebri_bringup:/home/vyom/cognipilot/cranium/install/b3rb_simulator:/home/vyom/cognipilot/cranium/install/b3rb_desktop:/home/vyom/cognipilot/cranium/install/b3rb_rviz:/home/vyom/cognipilot/cranium/install/b3rb_nav2:/home/vyom/cognipilot/cranium/install/b3rb_gz_resource:/home/vyom/cognipilot/cranium/install/b3rb_gz_bringup:/home/vyom/cognipilot/cranium/install/b3rb_description:/home/vyom/cognipilot/electrode/install/electrode:/home/vyom/cognipilot/cranium/install/nxp_cup_vision:/home/vyom/cognipilot/cranium/install/b3rb_ros_line_follower:/opt/ros/humble LD_LIBRARY_PATH=/home/vyom/cognipilot/cranium/install/synapse_msgs/lib:/home/vyom/cognipilot/cranium/install/synapse_tinyframe/lib:/home/vyom/cognipilot/cranium/install/synapse_protobuf/lib:/opt/ros/humble/opt/rviz_ogre_vendor/lib:/opt/ros/humble/lib/x86_64-linux-gnu:/opt/ros/humble/lib /usr/bin/cmake --install /home/vyom/cognipilot/cranium/build/corti
[13.675s] -- Install configuration: ""
[13.676s] -- Execute custom install script
[13.676s] -- Up-to-date symlink: /home/vyom/cognipilot/cranium/install/corti/share/corti/environment/pythonpath.sh
[13.676s] -- Up-to-date symlink: /home/vyom/cognipilot/cranium/install/corti/share/corti/environment/pythonpath.dsv
[13.676s] -- Up-to-date symlink: /home/vyom/cognipilot/cranium/install/corti/local/lib/python3.10/dist-packages/corti-0.0.0-py3.10.egg-info/PKG-INFO
[13.677s] -- Up-to-date symlink: /home/vyom/cognipilot/cranium/install/corti/local/lib/python3.10/dist-packages/corti-0.0.0-py3.10.egg-info/SOURCES.txt
[13.677s] -- Up-to-date symlink: /home/vyom/cognipilot/cranium/install/corti/local/lib/python3.10/dist-packages/corti-0.0.0-py3.10.egg-info/dependency_links.txt
[13.677s] -- Up-to-date symlink: /home/vyom/cognipilot/cranium/install/corti/local/lib/python3.10/dist-packages/corti-0.0.0-py3.10.egg-info/top_level.txt
[13.677s] -- Up-to-date symlink: /home/vyom/cognipilot/cranium/install/corti/local/lib/python3.10/dist-packages/corti/SE2Lie.py
[13.678s] -- Up-to-date symlink: /home/vyom/cognipilot/cranium/install/corti/local/lib/python3.10/dist-packages/corti/TimeOptBez.py
[13.678s] -- Up-to-date symlink: /home/vyom/cognipilot/cranium/install/corti/local/lib/python3.10/dist-packages/corti/__init__.py
[13.678s] -- Up-to-date symlink: /home/vyom/cognipilot/cranium/install/corti/local/lib/python3.10/dist-packages/corti/bezier_rover_planning.py
[13.678s] -- Up-to-date symlink: /home/vyom/cognipilot/cranium/install/corti/local/lib/python3.10/dist-packages/corti/rover_control.py
[13.678s] -- Up-to-date symlink: /home/vyom/cognipilot/cranium/install/corti/local/lib/python3.10/dist-packages/corti/rover_planning.py
[13.678s] -- Up-to-date symlink: /home/vyom/cognipilot/cranium/install/corti/lib/corti/rover_planner
[13.678s] -- Up-to-date symlink: /home/vyom/cognipilot/cranium/install/corti/lib/corti/odom_to_tf
[13.679s] -- Up-to-date symlink: /home/vyom/cognipilot/cranium/install/corti/lib/corti/tf_to_odom
[13.679s] -- Up-to-date symlink: /home/vyom/cognipilot/cranium/install/corti/share/corti/launch/corti.launch.py
[13.679s] -- Up-to-date symlink: /home/vyom/cognipilot/cranium/install/corti/share/corti/launch/virtual_joy.launch.py
[13.680s] -- Up-to-date symlink: /home/vyom/cognipilot/cranium/install/corti/lib/corti/virtual_joy.py
[13.680s] -- Up-to-date symlink: /home/vyom/cognipilot/cranium/install/corti/lib/corti/rover_fixed_trajectory.py
[13.680s] -- Up-to-date symlink: /home/vyom/cognipilot/cranium/install/corti/share/ament_index/resource_index/package_run_dependencies/corti
[13.680s] -- Up-to-date symlink: /home/vyom/cognipilot/cranium/install/corti/share/ament_index/resource_index/parent_prefix_path/corti
[13.680s] -- Up-to-date symlink: /home/vyom/cognipilot/cranium/install/corti/share/corti/environment/ament_prefix_path.sh
[13.680s] -- Up-to-date symlink: /home/vyom/cognipilot/cranium/install/corti/share/corti/environment/ament_prefix_path.dsv
[13.680s] -- Up-to-date symlink: /home/vyom/cognipilot/cranium/install/corti/share/corti/environment/path.sh
[13.681s] -- Up-to-date symlink: /home/vyom/cognipilot/cranium/install/corti/share/corti/environment/path.dsv
[13.681s] -- Up-to-date symlink: /home/vyom/cognipilot/cranium/install/corti/share/corti/local_setup.bash
[13.681s] -- Up-to-date symlink: /home/vyom/cognipilot/cranium/install/corti/share/corti/local_setup.sh
[13.681s] -- Up-to-date symlink: /home/vyom/cognipilot/cranium/install/corti/share/corti/local_setup.zsh
[13.681s] -- Up-to-date symlink: /home/vyom/cognipilot/cranium/install/corti/share/corti/local_setup.dsv
[13.681s] -- Symlinking: /home/vyom/cognipilot/cranium/install/corti/share/corti/package.dsv
[13.691s] -- Up-to-date symlink: /home/vyom/cognipilot/cranium/install/corti/share/ament_index/resource_index/packages/corti
[13.692s] -- Up-to-date symlink: /home/vyom/cognipilot/cranium/install/corti/share/corti/cmake/cortiConfig.cmake
[13.692s] -- Up-to-date symlink: /home/vyom/cognipilot/cranium/install/corti/share/corti/cmake/cortiConfig-version.cmake
[13.692s] -- Up-to-date symlink: /home/vyom/cognipilot/cranium/install/corti/share/corti/package.xml
[13.727s] Listing '/home/vyom/cognipilot/cranium/install/corti/local/lib/python3.10/dist-packages/corti'...
[13.735s] Invoked command in '/home/vyom/cognipilot/cranium/build/corti' returned '0': CMAKE_PREFIX_PATH=/home/vyom/cognipilot/cranium/install/synapse_msgs:/home/vyom/cognipilot/cranium/install/synapse_ros:/home/vyom/cognipilot/cranium/install/synapse_gz:/home/vyom/cognipilot/cranium/install/synapse_tinyframe:/home/vyom/cognipilot/cranium/install/synapse_protobuf:/home/vyom/cognipilot/cranium/install/corti:/home/vyom/cognipilot/cranium/install/dream_world:/home/vyom/cognipilot/cranium/install/cerebri_bringup:/home/vyom/cognipilot/cranium/install/b3rb_simulator:/home/vyom/cognipilot/cranium/install/b3rb_desktop:/home/vyom/cognipilot/cranium/install/b3rb_rviz:/home/vyom/cognipilot/cranium/install/b3rb_nav2:/home/vyom/cognipilot/cranium/install/b3rb_gz_resource:/home/vyom/cognipilot/cranium/install/b3rb_gz_bringup:/home/vyom/cognipilot/cranium/install/b3rb_description:/home/vyom/cognipilot/electrode/install/electrode:/home/vyom/cognipilot/cranium/install/nxp_cup_vision:/home/vyom/cognipilot/cranium/install/b3rb_ros_line_follower:/opt/ros/humble LD_LIBRARY_PATH=/home/vyom/cognipilot/cranium/install/synapse_msgs/lib:/home/vyom/cognipilot/cranium/install/synapse_tinyframe/lib:/home/vyom/cognipilot/cranium/install/synapse_protobuf/lib:/opt/ros/humble/opt/rviz_ogre_vendor/lib:/opt/ros/humble/lib/x86_64-linux-gnu:/opt/ros/humble/lib /usr/bin/cmake --install /home/vyom/cognipilot/cranium/build/corti
