[0.051s] Invoking command in '/home/vyom/cognipilot/cranium/build/b3rb_desktop': AMENT_PREFIX_PATH=/home/vyom/cognipilot/cranium/install/b3rb_rviz:${AMENT_PREFIX_PATH} CMAKE_PREFIX_PATH=/home/vyom/cognipilot/cranium/install/b3rb_rviz:/opt/ros/humble /usr/bin/cmake --build /home/vyom/cognipilot/cranium/build/b3rb_desktop -- -j8 -l8
[0.118s] Invoked command in '/home/vyom/cognipilot/cranium/build/b3rb_desktop' returned '0': AMENT_PREFIX_PATH=/home/vyom/cognipilot/cranium/install/b3rb_rviz:${AMENT_PREFIX_PATH} CMAKE_PREFIX_PATH=/home/vyom/cognipilot/cranium/install/b3rb_rviz:/opt/ros/humble /usr/bin/cmake --build /home/vyom/cognipilot/cranium/build/b3rb_desktop -- -j8 -l8
[0.161s] Invoking command in '/home/vyom/cognipilot/cranium/build/b3rb_desktop': AMENT_PREFIX_PATH=/home/vyom/cognipilot/cranium/install/b3rb_rviz:${AMENT_PREFIX_PATH} CMAKE_PREFIX_PATH=/home/vyom/cognipilot/cranium/install/b3rb_rviz:/opt/ros/humble /usr/bin/cmake --install /home/vyom/cognipilot/cranium/build/b3rb_desktop
[0.178s] -- Install configuration: ""
[0.180s] -- Execute custom install script
[0.180s] -- Up-to-date symlink: /home/vyom/cognipilot/cranium/install/b3rb_desktop/share/ament_index/resource_index/package_run_dependencies/b3rb_desktop
[0.180s] -- Up-to-date symlink: /home/vyom/cognipilot/cranium/install/b3rb_desktop/share/ament_index/resource_index/parent_prefix_path/b3rb_desktop
[0.180s] -- Up-to-date symlink: /home/vyom/cognipilot/cranium/install/b3rb_desktop/share/b3rb_desktop/environment/ament_prefix_path.sh
[0.180s] -- Up-to-date symlink: /home/vyom/cognipilot/cranium/install/b3rb_desktop/share/b3rb_desktop/environment/ament_prefix_path.dsv
[0.195s] -- Up-to-date symlink: /home/vyom/cognipilot/cranium/install/b3rb_desktop/share/b3rb_desktop/environment/path.sh
[0.214s] -- Up-to-date symlink: /home/vyom/cognipilot/cranium/install/b3rb_desktop/share/b3rb_desktop/environment/path.dsv
[0.214s] -- Up-to-date symlink: /home/vyom/cognipilot/cranium/install/b3rb_desktop/share/b3rb_desktop/local_setup.bash
[0.214s] -- Up-to-date symlink: /home/vyom/cognipilot/cranium/install/b3rb_desktop/share/b3rb_desktop/local_setup.sh
[0.214s] -- Up-to-date symlink: /home/vyom/cognipilot/cranium/install/b3rb_desktop/share/b3rb_desktop/local_setup.zsh
[0.214s] -- Up-to-date symlink: /home/vyom/cognipilot/cranium/install/b3rb_desktop/share/b3rb_desktop/local_setup.dsv
[0.214s] -- Symlinking: /home/vyom/cognipilot/cranium/install/b3rb_desktop/share/b3rb_desktop/package.dsv
[0.223s] -- Up-to-date symlink: /home/vyom/cognipilot/cranium/install/b3rb_desktop/share/ament_index/resource_index/packages/b3rb_desktop
[0.223s] -- Up-to-date symlink: /home/vyom/cognipilot/cranium/install/b3rb_desktop/share/b3rb_desktop/cmake/b3rb_desktopConfig.cmake
[0.224s] -- Up-to-date symlink: /home/vyom/cognipilot/cranium/install/b3rb_desktop/share/b3rb_desktop/cmake/b3rb_desktopConfig-version.cmake
[0.224s] -- Up-to-date symlink: /home/vyom/cognipilot/cranium/install/b3rb_desktop/share/b3rb_desktop/package.xml
[0.225s] Invoked command in '/home/vyom/cognipilot/cranium/build/b3rb_desktop' returned '0': AMENT_PREFIX_PATH=/home/vyom/cognipilot/cranium/install/b3rb_rviz:${AMENT_PREFIX_PATH} CMAKE_PREFIX_PATH=/home/vyom/cognipilot/cranium/install/b3rb_rviz:/opt/ros/humble /usr/bin/cmake --install /home/vyom/cognipilot/cranium/build/b3rb_desktop
