[0.041s] Invoking command in '/home/vyom/cognipilot/cranium/build/synapse_tinyframe': CMAKE_PREFIX_PATH=${CMAKE_PREFIX_PATH}:/home/vyom/cognipilot/cranium/install/nxp_cup_vision:/opt/ros/humble /usr/bin/cmake /home/vyom/cognipilot/cranium/src/synapse_tinyframe -DCMAKE_INSTALL_PREFIX=/home/vyom/cognipilot/cranium/install/synapse_tinyframe
[0.077s] -- Found ament_cmake: 1.3.9 (/opt/ros/humble/share/ament_cmake/cmake)
[0.392s] -- Override CMake install command with custom implementation using symlinks instead of copying resources
[0.415s] -- Found ament_lint_auto: 0.12.11 (/opt/ros/humble/share/ament_lint_auto/cmake)
[0.578s] -- Added test 'copyright' to check source files copyright and LICENSE
[0.591s] -- Added test 'cppcheck' to perform static code analysis on C / C++ code
[0.591s] -- Configured cppcheck include dirs: $<BUILD_INTERFACE:/home/vyom/cognipilot/cranium/src/synapse_tinyframe/include>;$<BUILD_INTERFACE:/home/vyom/cognipilot/cranium/src/synapse_tinyframe/include/synapse_tinyframe>
[0.592s] -- Configured cppcheck exclude dirs and/or files: 
[0.628s] -- Added test 'cpplint' to check C / C++ code against the Google style
[0.629s] -- Configured cpplint exclude dirs and/or files: 
[0.629s] -- Added test 'flake8' to check Python code syntax and style conventions
[0.629s] -- Added test 'lint_cmake' to check CMake code style
[0.630s] -- Added test 'pep257' to check Python code against some of the docstring style conventions in PEP 257
[0.630s] -- Added test 'uncrustify' to check C / C++ code style
[0.632s] -- Configured uncrustify additional arguments: 
[0.632s] -- Added test 'xmllint' to check XML markup files
[0.632s] -- Configuring done
[0.632s] -- Generating done
[0.632s] -- Build files have been written to: /home/vyom/cognipilot/cranium/build/synapse_tinyframe
[0.642s] Invoked command in '/home/vyom/cognipilot/cranium/build/synapse_tinyframe' returned '0': CMAKE_PREFIX_PATH=${CMAKE_PREFIX_PATH}:/home/vyom/cognipilot/cranium/install/nxp_cup_vision:/opt/ros/humble /usr/bin/cmake /home/vyom/cognipilot/cranium/src/synapse_tinyframe -DCMAKE_INSTALL_PREFIX=/home/vyom/cognipilot/cranium/install/synapse_tinyframe
[0.643s] Invoking command in '/home/vyom/cognipilot/cranium/build/synapse_tinyframe': CMAKE_PREFIX_PATH=${CMAKE_PREFIX_PATH}:/home/vyom/cognipilot/cranium/install/nxp_cup_vision:/opt/ros/humble /usr/bin/cmake --build /home/vyom/cognipilot/cranium/build/synapse_tinyframe -- -j8 -l8
[0.712s] Consolidate compiler generated dependencies of target synapse_tinyframe
[0.747s] [100%] Built target synapse_tinyframe
[0.748s] Invoked command in '/home/vyom/cognipilot/cranium/build/synapse_tinyframe' returned '0': CMAKE_PREFIX_PATH=${CMAKE_PREFIX_PATH}:/home/vyom/cognipilot/cranium/install/nxp_cup_vision:/opt/ros/humble /usr/bin/cmake --build /home/vyom/cognipilot/cranium/build/synapse_tinyframe -- -j8 -l8
[0.846s] Invoking command in '/home/vyom/cognipilot/cranium/build/synapse_tinyframe': CMAKE_PREFIX_PATH=${CMAKE_PREFIX_PATH}:/home/vyom/cognipilot/cranium/install/nxp_cup_vision:/opt/ros/humble /usr/bin/cmake --install /home/vyom/cognipilot/cranium/build/synapse_tinyframe
[0.880s] -- Install configuration: ""
[0.880s] -- Execute custom install script
[0.880s] -- Up-to-date symlink: /home/vyom/cognipilot/cranium/install/synapse_tinyframe/share/synapse_tinyframe/environment/library_path.sh
[0.880s] -- Up-to-date symlink: /home/vyom/cognipilot/cranium/install/synapse_tinyframe/share/synapse_tinyframe/environment/library_path.dsv
[0.880s] -- Up-to-date symlink: /home/vyom/cognipilot/cranium/install/synapse_tinyframe/include/synapse_tinyframe/SynapseTopics.h
[0.880s] -- Up-to-date symlink: /home/vyom/cognipilot/cranium/install/synapse_tinyframe/include/synapse_tinyframe/TF_Config.h
[0.882s] -- Up-to-date symlink: /home/vyom/cognipilot/cranium/install/synapse_tinyframe/include/synapse_tinyframe/TinyFrame.h
[0.883s] -- Up-to-date symlink: /home/vyom/cognipilot/cranium/install/synapse_tinyframe/include/synapse_tinyframe/utils.h
[0.883s] -- Up-to-date symlink: /home/vyom/cognipilot/cranium/install/synapse_tinyframe/share/ament_index/resource_index/package_run_dependencies/synapse_tinyframe
[0.883s] -- Up-to-date symlink: /home/vyom/cognipilot/cranium/install/synapse_tinyframe/share/ament_index/resource_index/parent_prefix_path/synapse_tinyframe
[0.883s] -- Up-to-date symlink: /home/vyom/cognipilot/cranium/install/synapse_tinyframe/share/synapse_tinyframe/environment/ament_prefix_path.sh
[0.884s] -- Up-to-date symlink: /home/vyom/cognipilot/cranium/install/synapse_tinyframe/share/synapse_tinyframe/environment/ament_prefix_path.dsv
[0.884s] -- Up-to-date symlink: /home/vyom/cognipilot/cranium/install/synapse_tinyframe/share/synapse_tinyframe/environment/path.sh
[0.884s] -- Up-to-date symlink: /home/vyom/cognipilot/cranium/install/synapse_tinyframe/share/synapse_tinyframe/environment/path.dsv
[0.884s] -- Up-to-date symlink: /home/vyom/cognipilot/cranium/install/synapse_tinyframe/share/synapse_tinyframe/local_setup.bash
[0.884s] -- Up-to-date symlink: /home/vyom/cognipilot/cranium/install/synapse_tinyframe/share/synapse_tinyframe/local_setup.sh
[0.884s] -- Up-to-date symlink: /home/vyom/cognipilot/cranium/install/synapse_tinyframe/share/synapse_tinyframe/local_setup.zsh
[0.885s] -- Up-to-date symlink: /home/vyom/cognipilot/cranium/install/synapse_tinyframe/share/synapse_tinyframe/local_setup.dsv
[0.885s] -- Symlinking: /home/vyom/cognipilot/cranium/install/synapse_tinyframe/share/synapse_tinyframe/package.dsv
[0.901s] -- Up-to-date symlink: /home/vyom/cognipilot/cranium/install/synapse_tinyframe/share/ament_index/resource_index/packages/synapse_tinyframe
[0.901s] -- Up-to-date symlink: /home/vyom/cognipilot/cranium/install/synapse_tinyframe/share/synapse_tinyframe/cmake/ament_cmake_export_targets-extras.cmake
[0.901s] -- Up-to-date symlink: /home/vyom/cognipilot/cranium/install/synapse_tinyframe/share/synapse_tinyframe/cmake/synapse_tinyframeConfig.cmake
[0.902s] -- Up-to-date symlink: /home/vyom/cognipilot/cranium/install/synapse_tinyframe/share/synapse_tinyframe/cmake/synapse_tinyframeConfig-version.cmake
[0.902s] -- Up-to-date symlink: /home/vyom/cognipilot/cranium/install/synapse_tinyframe/share/synapse_tinyframe/package.xml
[0.902s] -- Up-to-date: /home/vyom/cognipilot/cranium/install/synapse_tinyframe/lib/libsynapse_tinyframe.a
[0.902s] -- Up-to-date: /home/vyom/cognipilot/cranium/install/synapse_tinyframe/share/synapse_tinyframe/cmake/synapse_tinyframeExport.cmake
[0.902s] -- Up-to-date: /home/vyom/cognipilot/cranium/install/synapse_tinyframe/share/synapse_tinyframe/cmake/synapse_tinyframeExport-noconfig.cmake
[0.928s] Invoked command in '/home/vyom/cognipilot/cranium/build/synapse_tinyframe' returned '0': CMAKE_PREFIX_PATH=${CMAKE_PREFIX_PATH}:/home/vyom/cognipilot/cranium/install/nxp_cup_vision:/opt/ros/humble /usr/bin/cmake --install /home/vyom/cognipilot/cranium/build/synapse_tinyframe
